  **** HLS Build v2024.2 5238294
INFO: [HLS 200-2005] Using work_dir C:/Users/steve/thesis-monte-carlo/GBM/gbm/GBM 
INFO: [HLS 200-1505] Using default flow_target 'vivado'
Resolution: For help on HLS 200-1505 see docs.xilinx.com/access/sources/dita/topic?Doc_Version=2024.2%20English&url=ug1448-hls-guidance&resourceid=200-1505.html
INFO: [HLS 200-1465] Applying ini 'syn.file=C:/Users/steve/thesis-monte-carlo/test.c' from C:/Users/steve/thesis-monte-carlo/GBM/gbm/hls_config.cfg(8)
INFO: [HLS 200-10] Adding design file 'C:/Users/steve/thesis-monte-carlo/test.c' to the project
INFO: [HLS 200-1465] Applying ini 'tb.file=C:/Users/steve/thesis-monte-carlo/in.dat' from C:/Users/steve/thesis-monte-carlo/GBM/gbm/hls_config.cfg(9)
INFO: [HLS 200-10] Adding test bench file 'C:/Users/steve/thesis-monte-carlo/in.dat' to the project
INFO: [HLS 200-1465] Applying ini 'tb.file=C:/Users/steve/thesis-monte-carlo/out.golden.dat' from C:/Users/steve/thesis-monte-carlo/GBM/gbm/hls_config.cfg(10)
INFO: [HLS 200-10] Adding test bench file 'C:/Users/steve/thesis-monte-carlo/out.golden.dat' to the project
INFO: [HLS 200-1465] Applying ini 'tb.file=C:/Users/steve/thesis-monte-carlo/test_func.c' from C:/Users/steve/thesis-monte-carlo/GBM/gbm/hls_config.cfg(11)
INFO: [HLS 200-10] Adding test bench file 'C:/Users/steve/thesis-monte-carlo/test_func.c' to the project
INFO: [HLS 200-1465] Applying ini 'syn.top=GBM' from C:/Users/steve/thesis-monte-carlo/GBM/gbm/hls_config.cfg(7)
INFO: [HLS 200-1465] Applying ini 'flow_target=vitis' from C:/Users/steve/thesis-monte-carlo/GBM/gbm/hls_config.cfg(4)
INFO: [HLS 200-1505] Using flow_target 'vitis'
Resolution: For help on HLS 200-1505 see docs.xilinx.com/access/sources/dita/topic?Doc_Version=2024.2%20English&url=ug1448-hls-guidance&resourceid=200-1505.html
INFO: [HLS 200-435] Setting 'open_solution -flow_target vitis' configuration: config_interface -m_axi_latency=64
INFO: [HLS 200-435] Setting 'open_solution -flow_target vitis' configuration: config_interface -m_axi_alignment_byte_size=64
INFO: [HLS 200-435] Setting 'open_solution -flow_target vitis' configuration: config_interface -m_axi_max_widen_bitwidth=512
INFO: [HLS 200-435] Setting 'open_solution -flow_target vitis' configuration: config_rtl -register_reset_num=3
INFO: [HLS 200-1465] Applying ini 'part=xc7s15cpga196-2' from C:/Users/steve/thesis-monte-carlo/GBM/gbm/hls_config.cfg(1)
INFO: [HLS 200-1611] Setting target device to 'xc7s15-cpga196-2'
INFO: [HLS 200-1465] Applying ini 'clock=8ns' from C:/Users/steve/thesis-monte-carlo/GBM/gbm/hls_config.cfg(12)
INFO: [SYN 201-201] Setting up clock 'default' with a period of 8ns.
INFO: [HLS 200-1465] Applying ini 'clock_uncertainty=12%' from C:/Users/steve/thesis-monte-carlo/GBM/gbm/hls_config.cfg(13)
INFO: [SYN 201-201] Setting up clock 'default' with an uncertainty of 0.96ns.
INFO: [HLS 200-1465] Applying ini 'csim.code_analyzer=1' from C:/Users/steve/thesis-monte-carlo/GBM/gbm/hls_config.cfg(16)
INFO: [HLS 200-1465] Applying ini 'package.output.file=C:\Users\steve\thesis-monte-carlo\GBM\output.xo' from C:/Users/steve/thesis-monte-carlo/GBM/gbm/hls_config.cfg(15)
INFO: [HLS 200-1465] Applying ini 'package.output.format=xo' from C:/Users/steve/thesis-monte-carlo/GBM/gbm/hls_config.cfg(5)
INFO: [HLS 200-1465] Applying ini 'syn.unroll.tripcount_threshold=5' from C:/Users/steve/thesis-monte-carlo/GBM/gbm/hls_config.cfg(14)
INFO: [XFORM 203-502] Automatic unrolling enabled: cut-off trip count is 5.
INFO: [SIM 211-200] Executing Code Analyzer instead of classic HLS C simulation
INFO: [HLS 211-200] Compiling source code C:/Users/steve/thesis-monte-carlo/test.c as hardware code with instrumentation
INFO: [HLS 211-200] Compiling source code C:/Users/steve/thesis-monte-carlo/test_func.c as test bench code with instrumentation
INFO: [HLS 211-200] Compiling source code C:/Users/steve/thesis-monte-carlo/test.c as test bench code with instrumentation
INFO: [HLS 211-200] Linking hardware code
INFO: [HLS 211-200] Transforming hardware bitcode
INFO: [HLS 211-200] Linking executable
INFO: [HLS 211-200] Computing HLS IR Information
INFO: [HLS 211-200] Determining source code dependencies
INFO: [SIM 211-200] Running executable
Test passed!
INFO: [SIM 211-200] Analyzing trace data
INFO: [SIM 211-208] Running Code Analyzer
INFO: [SIM 211-210] Code Analyzer finished
INFO: [HLS 200-112] Total CPU user time: 4 seconds. Total CPU system time: 2 seconds. Total elapsed time: 15.811 seconds; peak allocated memory: 619.734 MB.
INFO: [vitis-run 60-791] Total elapsed time: 0h 0m 21s
