01/09/25 03:45:41: Running xcd server. This server was built by gradle.
01/09/25 03:45:41: Server was asked to start on port: '60480'
01/09/25 03:45:41: Server is using token UUID: '99450076-6396-4ab1-8c0c-97e61227f9a5'
01/09/25 03:45:41: SESSION_MGR: creating session with session uuid: '6d04a3e9-ade5-4ab9-8d63-1f78fcd2ec76' and name 'default'
01/09/25 03:45:41: Attempting to start server on port '60480'
01/09/25 03:45:41: Running Dispatch Server
01/09/25 03:45:41: Version 2.2.0
01/09/25 03:45:43: Dispatch Server: Accepted socket connection from client
01/09/25 03:45:43: Starting Socket connection
01/09/25 03:45:43: EXCHANGE_TOKEN received, server token: 99450076-6396-4ab1-8c0c-97e61227f9a5, passed token: 99450076-6396-4ab1-8c0c-97e61227f9a5
01/09/25 03:45:43: DISPATCH_HANDLER: Adding handler from function makeHandler in library xv_system_diagram
01/09/25 03:45:43: SESSION_MGR: creating session with session uuid: 'b37ea22f-72f4-45f3-8179-c5c37596125a' and name 'vitis-run_compile_GBM'
01/09/25 03:45:43: KERNEL_SVC: creating session with uuid: 'b37ea22f-72f4-45f3-8179-c5c37596125a' and name 'vitis-run_compile_GBM'
01/09/25 03:45:43: GUIDANCE_SMGR: creating guidance session with uuid: 'b37ea22f-72f4-45f3-8179-c5c37596125a' and name 'vitis-run_compile_GBM'
01/09/25 03:45:43: SYSTEM_DIAGRAM: creating session with uuid: 'b37ea22f-72f4-45f3-8179-c5c37596125a' and name 'vitis-run_compile_GBM'
01/09/25 03:45:51: Dispatch Server: Accepted socket connection from client
01/09/25 03:45:51: Starting Socket connection
01/09/25 03:46:02: SESSION_MGR: closing session for UUID 'b37ea22f-72f4-45f3-8179-c5c37596125a' with name 'vitis-run_compile_GBM'
01/09/25 03:46:02: KERNEL_SVC: closing session for UUID 'b37ea22f-72f4-45f3-8179-c5c37596125a' with name 'vitis-run_compile_GBM'
01/09/25 03:46:02: GUIDANCE_SMGR: closing session for UUID 'b37ea22f-72f4-45f3-8179-c5c37596125a' with name 'vitis-run_compile_GBM'
01/09/25 03:46:02: SYSTEM_DIAGRAM: closing session for UUID 'b37ea22f-72f4-45f3-8179-c5c37596125a' with name 'vitis-run_compile_GBM'
01/09/25 03:46:02: STOP_SERVER received, server token: 99450076-6396-4ab1-8c0c-97e61227f9a5, passed token: 99450076-6396-4ab1-8c0c-97e61227f9a5
01/09/25 03:46:02: Socket received request to stop server.
01/09/25 03:46:02: Dispatch Server: do_await_stop
01/09/25 03:46:02: SERVER: destructor for server bound to port 60480
01/09/25 03:46:41: Running xcd server. This server was built by gradle.
01/09/25 03:46:41: Server was asked to start on port: '60489'
01/09/25 03:46:41: Server is using token UUID: 'a6cd9c60-1fbe-4b3e-963e-20b5fbc54945'
01/09/25 03:46:41: SESSION_MGR: creating session with session uuid: '6d04a3e9-ade5-4ab9-8d63-1f78fcd2ec76' and name 'default'
01/09/25 03:46:41: Attempting to start server on port '60489'
01/09/25 03:46:41: Running Dispatch Server
01/09/25 03:46:41: Version 2.2.0
01/09/25 03:46:42: Dispatch Server: Accepted socket connection from client
01/09/25 03:46:42: Starting Socket connection
01/09/25 03:46:42: EXCHANGE_TOKEN received, server token: a6cd9c60-1fbe-4b3e-963e-20b5fbc54945, passed token: a6cd9c60-1fbe-4b3e-963e-20b5fbc54945
01/09/25 03:46:43: DISPATCH_HANDLER: Adding handler from function makeHandler in library xv_system_diagram
01/09/25 03:46:43: SESSION_MGR: creating session with session uuid: '18450662-6aaa-489c-9a67-6ce01c087eef' and name 'v++_compile_GBM'
01/09/25 03:46:43: KERNEL_SVC: creating session with uuid: '18450662-6aaa-489c-9a67-6ce01c087eef' and name 'v++_compile_GBM'
01/09/25 03:46:43: GUIDANCE_SMGR: creating guidance session with uuid: '18450662-6aaa-489c-9a67-6ce01c087eef' and name 'v++_compile_GBM'
01/09/25 03:46:43: SYSTEM_DIAGRAM: creating session with uuid: '18450662-6aaa-489c-9a67-6ce01c087eef' and name 'v++_compile_GBM'
01/09/25 03:46:50: Dispatch Server: Accepted socket connection from client
01/09/25 03:46:50: Starting Socket connection
01/09/25 03:47:55: SESSION_MGR: closing session for UUID '18450662-6aaa-489c-9a67-6ce01c087eef' with name 'v++_compile_GBM'
01/09/25 03:47:55: KERNEL_SVC: closing session for UUID '18450662-6aaa-489c-9a67-6ce01c087eef' with name 'v++_compile_GBM'
01/09/25 03:47:55: GUIDANCE_SMGR: closing session for UUID '18450662-6aaa-489c-9a67-6ce01c087eef' with name 'v++_compile_GBM'
01/09/25 03:47:55: SYSTEM_DIAGRAM: closing session for UUID '18450662-6aaa-489c-9a67-6ce01c087eef' with name 'v++_compile_GBM'
01/09/25 03:47:55: STOP_SERVER received, server token: a6cd9c60-1fbe-4b3e-963e-20b5fbc54945, passed token: a6cd9c60-1fbe-4b3e-963e-20b5fbc54945
01/09/25 03:47:55: Socket received request to stop server.
01/09/25 03:47:55: Dispatch Server: do_await_stop
01/09/25 03:47:55: SERVER: destructor for server bound to port 60489
01/09/25 03:48:41: Running xcd server. This server was built by gradle.
01/09/25 03:48:41: Server was asked to start on port: '64250'
01/09/25 03:48:41: Server is using token UUID: '6bbb6753-146f-479d-8e60-dbad2c63200b'
01/09/25 03:48:41: SESSION_MGR: creating session with session uuid: '6d04a3e9-ade5-4ab9-8d63-1f78fcd2ec76' and name 'default'
01/09/25 03:48:41: Attempting to start server on port '64250'
01/09/25 03:48:41: Running Dispatch Server
01/09/25 03:48:41: Version 2.2.0
01/09/25 03:48:42: Dispatch Server: Accepted socket connection from client
01/09/25 03:48:42: Starting Socket connection
01/09/25 03:48:42: EXCHANGE_TOKEN received, server token: 6bbb6753-146f-479d-8e60-dbad2c63200b, passed token: 6bbb6753-146f-479d-8e60-dbad2c63200b
01/09/25 03:48:42: DISPATCH_HANDLER: Adding handler from function makeHandler in library xv_system_diagram
01/09/25 03:48:42: SESSION_MGR: creating session with session uuid: '7ed53014-6394-4ffc-bedc-0b27964bfaf9' and name 'v++_compile_GBM'
01/09/25 03:48:42: KERNEL_SVC: creating session with uuid: '7ed53014-6394-4ffc-bedc-0b27964bfaf9' and name 'v++_compile_GBM'
01/09/25 03:48:42: GUIDANCE_SMGR: creating guidance session with uuid: '7ed53014-6394-4ffc-bedc-0b27964bfaf9' and name 'v++_compile_GBM'
01/09/25 03:48:42: SYSTEM_DIAGRAM: creating session with uuid: '7ed53014-6394-4ffc-bedc-0b27964bfaf9' and name 'v++_compile_GBM'
01/09/25 03:48:51: Dispatch Server: Accepted socket connection from client
01/09/25 03:48:51: Starting Socket connection
01/09/25 03:49:57: SESSION_MGR: closing session for UUID '7ed53014-6394-4ffc-bedc-0b27964bfaf9' with name 'v++_compile_GBM'
01/09/25 03:49:57: KERNEL_SVC: closing session for UUID '7ed53014-6394-4ffc-bedc-0b27964bfaf9' with name 'v++_compile_GBM'
01/09/25 03:49:57: GUIDANCE_SMGR: closing session for UUID '7ed53014-6394-4ffc-bedc-0b27964bfaf9' with name 'v++_compile_GBM'
01/09/25 03:49:57: SYSTEM_DIAGRAM: closing session for UUID '7ed53014-6394-4ffc-bedc-0b27964bfaf9' with name 'v++_compile_GBM'
01/09/25 03:49:57: STOP_SERVER received, server token: 6bbb6753-146f-479d-8e60-dbad2c63200b, passed token: 6bbb6753-146f-479d-8e60-dbad2c63200b
01/09/25 03:49:57: Socket received request to stop server.
01/09/25 03:49:57: Dispatch Server: do_await_stop
01/09/25 03:49:57: SERVER: destructor for server bound to port 64250
01/09/25 03:50:03: Running xcd server. This server was built by gradle.
01/09/25 03:50:03: Server was asked to start on port: '56366'
01/09/25 03:50:03: Server is using token UUID: 'f86cbbab-2e36-42d2-a8b6-5afc92ae4c78'
01/09/25 03:50:03: SESSION_MGR: creating session with session uuid: '6d04a3e9-ade5-4ab9-8d63-1f78fcd2ec76' and name 'default'
01/09/25 03:50:03: Attempting to start server on port '56366'
01/09/25 03:50:03: Running Dispatch Server
01/09/25 03:50:03: Version 2.2.0
01/09/25 03:50:05: Dispatch Server: Accepted socket connection from client
01/09/25 03:50:05: Starting Socket connection
01/09/25 03:50:05: EXCHANGE_TOKEN received, server token: f86cbbab-2e36-42d2-a8b6-5afc92ae4c78, passed token: f86cbbab-2e36-42d2-a8b6-5afc92ae4c78
01/09/25 03:50:05: DISPATCH_HANDLER: Adding handler from function makeHandler in library xv_system_diagram
01/09/25 03:50:05: SESSION_MGR: creating session with session uuid: '70d0073b-e9ec-4ab1-b1cc-08f518453604' and name 'vitis-run_compile_GBM'
01/09/25 03:50:05: KERNEL_SVC: creating session with uuid: '70d0073b-e9ec-4ab1-b1cc-08f518453604' and name 'vitis-run_compile_GBM'
01/09/25 03:50:05: GUIDANCE_SMGR: creating guidance session with uuid: '70d0073b-e9ec-4ab1-b1cc-08f518453604' and name 'vitis-run_compile_GBM'
01/09/25 03:50:05: SYSTEM_DIAGRAM: creating session with uuid: '70d0073b-e9ec-4ab1-b1cc-08f518453604' and name 'vitis-run_compile_GBM'
01/09/25 03:50:14: Dispatch Server: Accepted socket connection from client
01/09/25 03:50:14: Starting Socket connection
01/09/25 03:53:42: SESSION_MGR: closing session for UUID '70d0073b-e9ec-4ab1-b1cc-08f518453604' with name 'vitis-run_compile_GBM'
01/09/25 03:53:42: KERNEL_SVC: closing session for UUID '70d0073b-e9ec-4ab1-b1cc-08f518453604' with name 'vitis-run_compile_GBM'
01/09/25 03:53:42: GUIDANCE_SMGR: closing session for UUID '70d0073b-e9ec-4ab1-b1cc-08f518453604' with name 'vitis-run_compile_GBM'
01/09/25 03:53:42: SYSTEM_DIAGRAM: closing session for UUID '70d0073b-e9ec-4ab1-b1cc-08f518453604' with name 'vitis-run_compile_GBM'
01/09/25 03:53:42: STOP_SERVER received, server token: f86cbbab-2e36-42d2-a8b6-5afc92ae4c78, passed token: f86cbbab-2e36-42d2-a8b6-5afc92ae4c78
01/09/25 03:53:42: Socket received request to stop server.
01/09/25 03:53:42: Dispatch Server: do_await_stop
01/09/25 03:53:42: SERVER: destructor for server bound to port 56366
01/09/25 03:53:53: Running xcd server. This server was built by gradle.
01/09/25 03:53:53: Server was asked to start on port: '56374'
01/09/25 03:53:53: Server is using token UUID: '06e271eb-4814-4c48-9890-7c8021bb9bf5'
01/09/25 03:53:53: SESSION_MGR: creating session with session uuid: '6d04a3e9-ade5-4ab9-8d63-1f78fcd2ec76' and name 'default'
01/09/25 03:53:53: Attempting to start server on port '56374'
01/09/25 03:53:53: Running Dispatch Server
01/09/25 03:53:53: Version 2.2.0
01/09/25 03:53:55: Dispatch Server: Accepted socket connection from client
01/09/25 03:53:55: Starting Socket connection
01/09/25 03:53:55: EXCHANGE_TOKEN received, server token: 06e271eb-4814-4c48-9890-7c8021bb9bf5, passed token: 06e271eb-4814-4c48-9890-7c8021bb9bf5
01/09/25 03:53:55: DISPATCH_HANDLER: Adding handler from function makeHandler in library xv_system_diagram
01/09/25 03:53:55: SESSION_MGR: creating session with session uuid: '8b3b4aa9-c159-408a-bdb5-5d3a08e1f6e5' and name 'vitis-run_compile_GBM'
01/09/25 03:53:55: KERNEL_SVC: creating session with uuid: '8b3b4aa9-c159-408a-bdb5-5d3a08e1f6e5' and name 'vitis-run_compile_GBM'
01/09/25 03:53:55: GUIDANCE_SMGR: creating guidance session with uuid: '8b3b4aa9-c159-408a-bdb5-5d3a08e1f6e5' and name 'vitis-run_compile_GBM'
01/09/25 03:53:55: SYSTEM_DIAGRAM: creating session with uuid: '8b3b4aa9-c159-408a-bdb5-5d3a08e1f6e5' and name 'vitis-run_compile_GBM'
01/09/25 03:54:04: Dispatch Server: Accepted socket connection from client
01/09/25 03:54:04: Starting Socket connection
01/09/25 03:54:48: SESSION_MGR: closing session for UUID '8b3b4aa9-c159-408a-bdb5-5d3a08e1f6e5' with name 'vitis-run_compile_GBM'
01/09/25 03:54:48: KERNEL_SVC: closing session for UUID '8b3b4aa9-c159-408a-bdb5-5d3a08e1f6e5' with name 'vitis-run_compile_GBM'
01/09/25 03:54:48: GUIDANCE_SMGR: closing session for UUID '8b3b4aa9-c159-408a-bdb5-5d3a08e1f6e5' with name 'vitis-run_compile_GBM'
01/09/25 03:54:48: SYSTEM_DIAGRAM: closing session for UUID '8b3b4aa9-c159-408a-bdb5-5d3a08e1f6e5' with name 'vitis-run_compile_GBM'
01/09/25 03:54:48: STOP_SERVER received, server token: 06e271eb-4814-4c48-9890-7c8021bb9bf5, passed token: 06e271eb-4814-4c48-9890-7c8021bb9bf5
01/09/25 03:54:48: Socket received request to stop server.
01/09/25 03:54:48: Dispatch Server: do_await_stop
01/09/25 03:54:48: SERVER: destructor for server bound to port 56374
01/09/25 03:54:59: Running xcd server. This server was built by gradle.
01/09/25 03:54:59: Server was asked to start on port: '56377'
01/09/25 03:54:59: Server is using token UUID: '60af4764-6ca9-4fea-8fa0-240f2c5665c2'
01/09/25 03:54:59: SESSION_MGR: creating session with session uuid: '6d04a3e9-ade5-4ab9-8d63-1f78fcd2ec76' and name 'default'
01/09/25 03:54:59: Attempting to start server on port '56377'
01/09/25 03:54:59: Running Dispatch Server
01/09/25 03:54:59: Version 2.2.0
01/09/25 03:55:00: Dispatch Server: Accepted socket connection from client
01/09/25 03:55:00: Starting Socket connection
01/09/25 03:55:00: EXCHANGE_TOKEN received, server token: 60af4764-6ca9-4fea-8fa0-240f2c5665c2, passed token: 60af4764-6ca9-4fea-8fa0-240f2c5665c2
01/09/25 03:55:01: DISPATCH_HANDLER: Adding handler from function makeHandler in library xv_system_diagram
01/09/25 03:55:01: SESSION_MGR: creating session with session uuid: '9c55c5eb-d987-46cf-b461-8be84e9044cb' and name 'vitis-run_compile_GBM'
01/09/25 03:55:01: KERNEL_SVC: creating session with uuid: '9c55c5eb-d987-46cf-b461-8be84e9044cb' and name 'vitis-run_compile_GBM'
01/09/25 03:55:01: GUIDANCE_SMGR: creating guidance session with uuid: '9c55c5eb-d987-46cf-b461-8be84e9044cb' and name 'vitis-run_compile_GBM'
01/09/25 03:55:01: SYSTEM_DIAGRAM: creating session with uuid: '9c55c5eb-d987-46cf-b461-8be84e9044cb' and name 'vitis-run_compile_GBM'
01/09/25 03:55:09: Dispatch Server: Accepted socket connection from client
01/09/25 03:55:09: Starting Socket connection
01/09/25 03:56:32: Dispatch Server: Accepted socket connection from client
01/09/25 03:56:32: Starting Socket connection
01/09/25 04:06:07: Dispatch Server: Accepted socket connection from client
01/09/25 04:06:07: Starting Socket connection
01/09/25 04:08:40: Dispatch Server: Accepted socket connection from client
01/09/25 04:08:40: Starting Socket connection
01/09/25 04:10:03: SESSION_MGR: closing session for UUID '9c55c5eb-d987-46cf-b461-8be84e9044cb' with name 'vitis-run_compile_GBM'
01/09/25 04:10:03: KERNEL_SVC: closing session for UUID '9c55c5eb-d987-46cf-b461-8be84e9044cb' with name 'vitis-run_compile_GBM'
01/09/25 04:10:03: GUIDANCE_SMGR: closing session for UUID '9c55c5eb-d987-46cf-b461-8be84e9044cb' with name 'vitis-run_compile_GBM'
01/09/25 04:10:03: SYSTEM_DIAGRAM: closing session for UUID '9c55c5eb-d987-46cf-b461-8be84e9044cb' with name 'vitis-run_compile_GBM'
01/09/25 04:10:03: STOP_SERVER received, server token: 60af4764-6ca9-4fea-8fa0-240f2c5665c2, passed token: 60af4764-6ca9-4fea-8fa0-240f2c5665c2
01/09/25 04:10:03: Socket received request to stop server.
01/09/25 04:10:03: Dispatch Server: do_await_stop
01/09/25 04:10:03: SERVER: destructor for server bound to port 56377
