#-----------------------------------------------------------
# Vivado v2024.2 (64-bit)
# SW Build 5239630 on Fri Nov 08 22:35:27 MST 2024
# IP Build 5239520 on Sun Nov 10 16:12:51 MST 2024
# SharedData Build 5239561 on Fri Nov 08 14:39:27 MST 2024
# Start of session at: Thu Jan  9 03:55:54 2025
# Process ID         : 28900
# Current directory  : C:/Users/steve/thesis-monte-carlo/GBM/gbm/GBM/hls/impl/verilog
# Command line       : vivado.exe -mode batch -source run_vivado.tcl
# Log file           : C:/Users/steve/thesis-monte-carlo/GBM/gbm/GBM/hls/impl/verilog/vivado.log
# Journal file       : C:/Users/steve/thesis-monte-carlo/GBM/gbm/GBM/hls/impl/verilog\vivado.jou
# Running On         : Steven
# Platform           : Windows Server 2016 or Windows 10
# Operating System   : 26100
# Processor Detail   : Intel(R) Core(TM) Ultra 7 155H
# CPU Frequency      : 2995 MHz
# CPU Physical cores : 16
# CPU Logical cores  : 22
# Host memory        : 33775 MB
# Swap memory        : 5368 MB
# Total Virtual      : 39144 MB
# Available Virtual  : 14957 MB
#-----------------------------------------------------------
source run_vivado.tcl
# source ./settings.tcl
## set top_module GBM
## set language verilog
## set family spartan7
## set device xc7s15
## set package -cpga196
## set speed -2
## set clock ap_clk
## set fsm_ext "off"
## set add_io_buffers false 
# source -notrace ./extraction.tcl
# set vivado_proj_name project
# set vivado_proj_dir .
# set target_device "${device}${package}${speed}"
# set target_clk_period_ns "8.000"
# set target_clk_freq_hz [expr {floor(1000 / $target_clk_period_ns) * 1000000}]
# set other_clks_freq_hz {}
# set ip_vlnv xilinx.com:hls:GBM:1.0
# set ip_repo_path ../ip
# set bd_design_name bd_0
# set bd_inst_name hls_inst
# set bd_props {}
# set has_synth true
# set synth_design_args {-directive sdx_optimization_effort_high}
# set synth_dcp ""
# set synth_props {}
# set has_impl 1
# set impl_props {}
# set report_options [dict create]
# dict set report_options report_level 2
# dict set report_options report_max_paths 10
# dict set report_options stdout_hls_reports 1
# dict set report_options stdout_vivado_reports 0
# dict set report_options hls_project GBM
# dict set report_options hls_solution hls
# dict set report_options has_synth $has_synth
# dict set report_options has_impl $has_impl
# dict set report_options vivado_reportbasename $top_module
# dict set report_options vivado_reportdir ./report
# dict set report_options hls_impl_dir ..
# dict set report_options hls_reportdir ../report/$language
# dict set report_options target_clk_period $target_clk_period_ns
# dict set report_options target_device $target_device
# dict set report_options language $language
# dict set report_options clock_name $clock
# dict set report_options error_if_impl_timing_fails false
# dict set report_options topmodule "GBM"
# dict set report_options funcmodules {GBM_GBM_Pipeline_VITIS_LOOP_11_1 GBM_GBM_Pipeline_VITIS_LOOP_15_2}
# dict set report_options bindmodules {GBM_flow_control_loop_pipe_sequential_init GBM_dadd_64ns_64ns_64_6_full_dsp_1 GBM_dmul_64ns_64ns_64_6_max_dsp_1 GBM_dexp_64ns_64ns_64_18_full_dsp_1 GBM_dadddsub_64ns_64ns_64_6_full_dsp_1 GBM_ddiv_64ns_64ns_64_31_no_dsp_1 GBM_dsqrt_64ns_64ns_64_57_no_dsp_1 GBM_gmem_m_axi GBM_control_s_axi}
# dict set report_options max_module_depth 6
# create_project $vivado_proj_name $vivado_proj_dir -part $target_device -force
create_project: Time (s): cpu = 00:00:10 ; elapsed = 00:00:11 . Memory (MB): peak = 617.762 ; gain = 189.090
# set_property target_language $language [current_project]
# if { ![file exists $ip_repo_path] } {
#   error "Cannot find packaged HLS IP"
# }
# set_property ip_repo_paths [file normalize $ip_repo_path] [current_project]
# update_ip_catalog
INFO: [IP_Flow 19-234] Refreshing IP repositories
INFO: [IP_Flow 19-1700] Loaded user IP repository 'c:/Users/steve/thesis-monte-carlo/GBM/gbm/GBM/hls/impl/ip'.
INFO: [IP_Flow 19-2313] Loaded Vivado IP repository 'C:/Xilinx/Vivado/2024.2/data/ip'.
# create_bd_design bd_0
Wrote  : <C:\Users\steve\thesis-monte-carlo\GBM\gbm\GBM\hls\impl\verilog\project.srcs\sources_1\bd\bd_0\bd_0.bd> 
# set cell_inst [create_bd_cell -type ip -vlnv $ip_vlnv $bd_inst_name]
# if { [llength $bd_props] } { 
#   set_property -dict $bd_props $cell_inst 
# }
# make_bd_pins_external $cell_inst
# make_bd_intf_pins_external $cell_inst
# set bd_clk_ports [get_bd_ports -filter {TYPE==clk}]
# if { $target_clk_freq_hz ne "" } { 
#   foreach bd_clk_port $bd_clk_ports {
#     # Remove "_0" suffix from BD ports & interfaces so they match IP ports 
#     set clk_name [regsub {_0$} [get_property name $bd_clk_port] {}]
#     set port_freq_hz $target_clk_freq_hz
#     if { [dict exists $other_clks_freq_hz $clk_name] } {
#         set port_freq_hz [dict get $other_clks_freq_hz $clk_name]
#     }
#     set_property CONFIG.FREQ_HZ $port_freq_hz $bd_clk_port
#   }
# }
# foreach bd_port [get_bd_intf_ports] {
#   set_property name [regsub {_0$} [get_property name $bd_port] {}] $bd_port
# }
# foreach bd_port [get_bd_ports -filter {INTF!=TRUE}] {
#   set_property name [regsub {_0$} [get_property name $bd_port] {}] $bd_port
# }
# set s_axi_addr_width_min 32
# foreach bd_port [get_bd_intf_ports -filter {MODE == "Slave" && VLNV =~ "xilinx.com:interface:aximm_rtl:*"}] {
#   set bd_port_addr_width [get_property CONFIG.ADDR_WIDTH $bd_port]
#   if { $bd_port_addr_width < $s_axi_addr_width_min } {
#     puts "INFO: Updating $bd_port CONFIG.ADDR_WIDTH to $s_axi_addr_width_min"
#     set_property CONFIG.ADDR_WIDTH $s_axi_addr_width_min $bd_port
#   }
# }
INFO: Updating /s_axi_control CONFIG.ADDR_WIDTH to 32
# set_msg_config -id {[BD 41-1265]} -severity {CRITICAL WARNING} -new_severity {INFO}
# assign_bd_address
INFO: [BD 41-3093] Triggering Legacy Auto Assign Algorithm
Slave segment '/hls_inst/s_axi_control/Reg' is being assigned into address space '/s_axi_control' at <0x0000_0000 [ 64K ]>.
Slave segment '/m_axi_gmem/Reg' is being assigned into address space '/hls_inst/Data_m_axi_gmem' at <0x44A0_0000 [ 64K ]>.
Wrote  : <C:\Users\steve\thesis-monte-carlo\GBM\gbm\GBM\hls\impl\verilog\project.srcs\sources_1\bd\bd_0\bd_0.bd> 
Verilog Output written to : C:/Users/steve/thesis-monte-carlo/GBM/gbm/GBM/hls/impl/verilog/project.gen/sources_1/bd/bd_0/synth/bd_0.v
Verilog Output written to : C:/Users/steve/thesis-monte-carlo/GBM/gbm/GBM/hls/impl/verilog/project.gen/sources_1/bd/bd_0/sim/bd_0.v
Verilog Output written to : C:/Users/steve/thesis-monte-carlo/GBM/gbm/GBM/hls/impl/verilog/project.gen/sources_1/bd/bd_0/hdl/bd_0_wrapper.v
# set toprtl [make_wrapper -files [get_files ${bd_design_name}.bd] -top]
# add_files -norecurse $toprtl
# set top_inst_name [file root [file tail $toprtl]]
# puts "Using BD top: $top_inst_name"
Using BD top: bd_0_wrapper
# set xdc_files [glob -nocomplain ./*.xdc]
# if { [llength $xdc_files] } {
#     add_files -fileset constrs_1 -norecurse $xdc_files
# }
# launch_runs synth_1 -scripts_only
INFO: [BD 41-1662] The design 'bd_0.bd' is already validated. Therefore parameter propagation will not be re-run.
Verilog Output written to : C:/Users/steve/thesis-monte-carlo/GBM/gbm/GBM/hls/impl/verilog/project.gen/sources_1/bd/bd_0/synth/bd_0.v
Verilog Output written to : C:/Users/steve/thesis-monte-carlo/GBM/gbm/GBM/hls/impl/verilog/project.gen/sources_1/bd/bd_0/sim/bd_0.v
Verilog Output written to : C:/Users/steve/thesis-monte-carlo/GBM/gbm/GBM/hls/impl/verilog/project.gen/sources_1/bd/bd_0/hdl/bd_0_wrapper.v
INFO: [BD 41-1029] Generation completed for the IP Integrator block hls_inst .
Exporting to file C:/Users/steve/thesis-monte-carlo/GBM/gbm/GBM/hls/impl/verilog/project.gen/sources_1/bd/bd_0/hw_handoff/bd_0.hwh
Generated Hardware Definition File C:/Users/steve/thesis-monte-carlo/GBM/gbm/GBM/hls/impl/verilog/project.gen/sources_1/bd/bd_0/synth/bd_0.hwdef
INFO: [IP_Flow 19-6924] IPCACHE: Running cache check for IP inst: bd_0_hls_inst_0
WARNING: [Vivado 12-7122] Auto Incremental Compile:: No reference checkpoint was found in run synth_1. Auto-incremental flow will not be run, the standard flow will be run instead.
launch_runs: Time (s): cpu = 00:00:00 ; elapsed = 00:00:05 . Memory (MB): peak = 680.215 ; gain = 0.000
# foreach run [get_runs -filter {IS_SYNTHESIS == 1}] {
#   reset_run [get_runs $run]
# }
# set_property XPM_LIBRARIES {XPM_MEMORY XPM_FIFO} [current_project]
# hls_vivado_reports_setup $report_options
TIMESTAMP: HLS-REPORT: initialize report directories: 2025-01-09 03:56:19 -0500
# if { $has_synth || $has_impl } {
#   # synth properties setting
#   set_property -name {STEPS.SYNTH_DESIGN.ARGS.MORE OPTIONS} -value {-mode out_of_context} -objects [get_runs synth_1]
#   set ip_inst [get_ips -quiet ${bd_design_name}*${bd_inst_name}*]
#   if { ![llength $ip_inst] } {
#       error "Cannot find HLS IP instance: ${bd_design_name}*${bd_inst_name}*"
#   }
#   set synth_run [get_runs -filter {IS_SYNTHESIS == 1} ${ip_inst}*]
#   if { ![llength $synth_run] } {
#       error "Cannot find synth run for HLS IP: ${ip_inst}*"
#   }
# 
#   if { [llength $synth_design_args] } {
#       set_property -name {STEPS.SYNTH_DESIGN.ARGS.MORE OPTIONS} -value $synth_design_args -objects $synth_run
#   }
# 
#   if { [llength $synth_props] } {
#     set_property -dict $synth_props $synth_run
#   }
# 
#   # launch run synth
#   launch_runs synth_1
#   wait_on_run synth_1
#   # synth reports
#   hls_vivado_reports_synth synth_1 $report_options
#   if { $synth_dcp ne "" } {
#     file mkdir [file dirname $synth_dcp]
#     set run_dcp [glob -nocomplain [get_property DIRECTORY $synth_run]/*.dcp]
#     if { [llength $run_dcp] != 1 } { error "Cannot find single dcp file for run $synth_run" }
#     file copy -force $run_dcp $synth_dcp
#   }
# }
INFO: [IP_Flow 19-6924] IPCACHE: Running cache check for IP inst: bd_0_hls_inst_0
WARNING: [Vivado 12-7122] Auto Incremental Compile:: No reference checkpoint was found in run synth_1. Auto-incremental flow will not be run, the standard flow will be run instead.
[Thu Jan  9 03:56:19 2025] Launched bd_0_hls_inst_0_synth_1...
Run output will be captured here: C:/Users/steve/thesis-monte-carlo/GBM/gbm/GBM/hls/impl/verilog/project.runs/bd_0_hls_inst_0_synth_1/runme.log
[Thu Jan  9 03:56:19 2025] Launched synth_1...
Run output will be captured here: C:/Users/steve/thesis-monte-carlo/GBM/gbm/GBM/hls/impl/verilog/project.runs/synth_1/runme.log
[Thu Jan  9 03:56:19 2025] Waiting for synth_1 to finish...

*** Running vivado
    with args -log bd_0_wrapper.vds -m64 -product Vivado -mode batch -messageDb vivado.pb -notrace -source bd_0_wrapper.tcl


WARNING: C:/Xilinx/Vivado/2024.2/tps/win64/jre11.0.16_1 does not exist.

****** Vivado v2024.2 (64-bit)
  **** SW Build 5239630 on Fri Nov 08 22:35:27 MST 2024
  **** IP Build 5239520 on Sun Nov 10 16:12:51 MST 2024
  **** SharedData Build 5239561 on Fri Nov 08 14:39:27 MST 2024
  **** Start of session at: Thu Jan  9 04:06:01 2025
    ** Copyright 1986-2022 Xilinx, Inc. All Rights Reserved.
    ** Copyright 2022-2024 Advanced Micro Devices, Inc. All Rights Reserved.

source bd_0_wrapper.tcl -notrace
INFO: Dispatch client connection id - 56377
create_project: Time (s): cpu = 00:00:08 ; elapsed = 00:00:10 . Memory (MB): peak = 620.426 ; gain = 191.789
INFO: [IP_Flow 19-234] Refreshing IP repositories
INFO: [IP_Flow 19-1700] Loaded user IP repository 'c:/Users/steve/thesis-monte-carlo/GBM/gbm/GBM/hls/impl/ip'.
INFO: [IP_Flow 19-2313] Loaded Vivado IP repository 'C:/Xilinx/Vivado/2024.2/data/ip'.
Command: synth_design -top bd_0_wrapper -part xc7s15cpga196-2 -mode out_of_context
Starting synth_design
Attempting to get a license for feature 'Synthesis' and/or device 'xc7s15'
INFO: [Common 17-349] Got license for feature 'Synthesis' and/or device 'xc7s15'
INFO: [Device 21-403] Loading part xc7s15cpga196-2
INFO: [Synth 8-7079] Multithreading enabled for synth_design using a maximum of 2 processes.
INFO: [Synth 8-7078] Launching helper process for spawning children vivado processes
INFO: [Synth 8-7075] Helper process launched with PID 28992
---------------------------------------------------------------------------------
Starting RTL Elaboration : Time (s): cpu = 00:00:05 ; elapsed = 00:00:06 . Memory (MB): peak = 1246.066 ; gain = 463.395
---------------------------------------------------------------------------------
INFO: [Synth 8-6157] synthesizing module 'bd_0_wrapper' [c:/Users/steve/thesis-monte-carlo/GBM/gbm/GBM/hls/impl/verilog/project.gen/sources_1/bd/bd_0/hdl/bd_0_wrapper.v:13]
INFO: [Synth 8-6157] synthesizing module 'bd_0' [c:/Users/steve/thesis-monte-carlo/GBM/gbm/GBM/hls/impl/verilog/project.gen/sources_1/bd/bd_0/synth/bd_0.v:13]
INFO: [Synth 8-6157] synthesizing module 'bd_0_hls_inst_0' [C:/Users/steve/thesis-monte-carlo/GBM/gbm/GBM/hls/impl/verilog/project.runs/synth_1/.Xil/Vivado-11628-Steven/realtime/bd_0_hls_inst_0_stub.v:6]
INFO: [Synth 8-6155] done synthesizing module 'bd_0_hls_inst_0' (0#1) [C:/Users/steve/thesis-monte-carlo/GBM/gbm/GBM/hls/impl/verilog/project.runs/synth_1/.Xil/Vivado-11628-Steven/realtime/bd_0_hls_inst_0_stub.v:6]
INFO: [Synth 8-6155] done synthesizing module 'bd_0' (0#1) [c:/Users/steve/thesis-monte-carlo/GBM/gbm/GBM/hls/impl/verilog/project.gen/sources_1/bd/bd_0/synth/bd_0.v:13]
INFO: [Synth 8-6155] done synthesizing module 'bd_0_wrapper' (0#1) [c:/Users/steve/thesis-monte-carlo/GBM/gbm/GBM/hls/impl/verilog/project.gen/sources_1/bd/bd_0/hdl/bd_0_wrapper.v:13]
---------------------------------------------------------------------------------
Finished RTL Elaboration : Time (s): cpu = 00:00:07 ; elapsed = 00:00:08 . Memory (MB): peak = 1357.973 ; gain = 575.301
---------------------------------------------------------------------------------
---------------------------------------------------------------------------------
Start Handling Custom Attributes
---------------------------------------------------------------------------------
---------------------------------------------------------------------------------
Finished Handling Custom Attributes : Time (s): cpu = 00:00:07 ; elapsed = 00:00:08 . Memory (MB): peak = 1357.973 ; gain = 575.301
---------------------------------------------------------------------------------
---------------------------------------------------------------------------------
Finished RTL Optimization Phase 1 : Time (s): cpu = 00:00:07 ; elapsed = 00:00:08 . Memory (MB): peak = 1357.973 ; gain = 575.301
---------------------------------------------------------------------------------
Netlist sorting complete. Time (s): cpu = 00:00:00 ; elapsed = 00:00:00.008 . Memory (MB): peak = 1357.973 ; gain = 0.000
INFO: [Project 1-570] Preparing netlist for logic optimization

Processing XDC Constraints
Initializing timing engine
Parsing XDC File [c:/Users/steve/thesis-monte-carlo/GBM/gbm/GBM/hls/impl/verilog/project.gen/sources_1/bd/bd_0/ip/bd_0_hls_inst_0/bd_0_hls_inst_0/bd_0_hls_inst_0_in_context.xdc] for cell 'bd_0_i/hls_inst'
Finished Parsing XDC File [c:/Users/steve/thesis-monte-carlo/GBM/gbm/GBM/hls/impl/verilog/project.gen/sources_1/bd/bd_0/ip/bd_0_hls_inst_0/bd_0_hls_inst_0/bd_0_hls_inst_0_in_context.xdc] for cell 'bd_0_i/hls_inst'
Parsing XDC File [C:/Users/steve/thesis-monte-carlo/GBM/gbm/GBM/hls/impl/verilog/GBM.xdc]
Finished Parsing XDC File [C:/Users/steve/thesis-monte-carlo/GBM/gbm/GBM/hls/impl/verilog/GBM.xdc]
Parsing XDC File [C:/Users/steve/thesis-monte-carlo/GBM/gbm/GBM/hls/impl/verilog/project.runs/synth_1/dont_touch.xdc]
Finished Parsing XDC File [C:/Users/steve/thesis-monte-carlo/GBM/gbm/GBM/hls/impl/verilog/project.runs/synth_1/dont_touch.xdc]
Completed Processing XDC Constraints

Netlist sorting complete. Time (s): cpu = 00:00:00 ; elapsed = 00:00:00 . Memory (MB): peak = 1357.973 ; gain = 0.000
INFO: [Project 1-111] Unisim Transformation Summary:
No Unisim elements were transformed.

Constraint Validation Runtime : Time (s): cpu = 00:00:00 ; elapsed = 00:00:00.031 . Memory (MB): peak = 1357.973 ; gain = 0.000
---------------------------------------------------------------------------------
Finished Constraint Validation : Time (s): cpu = 00:00:16 ; elapsed = 00:00:18 . Memory (MB): peak = 1357.973 ; gain = 575.301
---------------------------------------------------------------------------------
---------------------------------------------------------------------------------
Start Loading Part and Timing Information
---------------------------------------------------------------------------------
Loading part: xc7s15cpga196-2
---------------------------------------------------------------------------------
Finished Loading Part and Timing Information : Time (s): cpu = 00:00:16 ; elapsed = 00:00:18 . Memory (MB): peak = 1357.973 ; gain = 575.301
---------------------------------------------------------------------------------
---------------------------------------------------------------------------------
Start Applying 'set_property' XDC Constraints
---------------------------------------------------------------------------------
Applied set_property KEEP_HIERARCHY = SOFT for bd_0_i. (constraint file  auto generated constraint).
Applied set_property KEEP_HIERARCHY = SOFT for bd_0_i/hls_inst. (constraint file  auto generated constraint).
---------------------------------------------------------------------------------
Finished applying 'set_property' XDC Constraints : Time (s): cpu = 00:00:16 ; elapsed = 00:00:18 . Memory (MB): peak = 1357.973 ; gain = 575.301
---------------------------------------------------------------------------------
---------------------------------------------------------------------------------
Finished RTL Optimization Phase 2 : Time (s): cpu = 00:00:16 ; elapsed = 00:00:18 . Memory (MB): peak = 1357.973 ; gain = 575.301
---------------------------------------------------------------------------------
---------------------------------------------------------------------------------
Start RTL Component Statistics 
---------------------------------------------------------------------------------
Detailed RTL Component Info : 
---------------------------------------------------------------------------------
Finished RTL Component Statistics 
---------------------------------------------------------------------------------
---------------------------------------------------------------------------------
Start Part Resource Summary
---------------------------------------------------------------------------------
Part Resources:
DSPs: 20 (col length:20)
BRAMs: 20 (col length: RAMB18 20 RAMB36 10)
---------------------------------------------------------------------------------
Finished Part Resource Summary
---------------------------------------------------------------------------------
---------------------------------------------------------------------------------
Start Cross Boundary and Area Optimization
---------------------------------------------------------------------------------
WARNING: [Synth 8-7080] Parallel synthesis criteria is not met
---------------------------------------------------------------------------------
Finished Cross Boundary and Area Optimization : Time (s): cpu = 00:00:18 ; elapsed = 00:00:19 . Memory (MB): peak = 1359.684 ; gain = 577.012
---------------------------------------------------------------------------------
---------------------------------------------------------------------------------
Start Applying XDC Timing Constraints
---------------------------------------------------------------------------------
---------------------------------------------------------------------------------
Finished Applying XDC Timing Constraints : Time (s): cpu = 00:00:23 ; elapsed = 00:00:26 . Memory (MB): peak = 1525.184 ; gain = 742.512
---------------------------------------------------------------------------------
---------------------------------------------------------------------------------
Start Timing Optimization
---------------------------------------------------------------------------------
---------------------------------------------------------------------------------
Finished Timing Optimization : Time (s): cpu = 00:00:23 ; elapsed = 00:00:26 . Memory (MB): peak = 1525.609 ; gain = 742.938
---------------------------------------------------------------------------------
---------------------------------------------------------------------------------
Start Technology Mapping
---------------------------------------------------------------------------------
---------------------------------------------------------------------------------
Finished Technology Mapping : Time (s): cpu = 00:00:23 ; elapsed = 00:00:26 . Memory (MB): peak = 1535.676 ; gain = 753.004
---------------------------------------------------------------------------------
---------------------------------------------------------------------------------
Start IO Insertion
---------------------------------------------------------------------------------
---------------------------------------------------------------------------------
Start Flattening Before IO Insertion
---------------------------------------------------------------------------------
---------------------------------------------------------------------------------
Finished Flattening Before IO Insertion
---------------------------------------------------------------------------------
---------------------------------------------------------------------------------
Start Final Netlist Cleanup
---------------------------------------------------------------------------------
---------------------------------------------------------------------------------
Finished Final Netlist Cleanup
---------------------------------------------------------------------------------
---------------------------------------------------------------------------------
Finished IO Insertion : Time (s): cpu = 00:00:27 ; elapsed = 00:00:29 . Memory (MB): peak = 1751.848 ; gain = 969.176
---------------------------------------------------------------------------------
---------------------------------------------------------------------------------
Start Renaming Generated Instances
---------------------------------------------------------------------------------
---------------------------------------------------------------------------------
Finished Renaming Generated Instances : Time (s): cpu = 00:00:27 ; elapsed = 00:00:29 . Memory (MB): peak = 1751.848 ; gain = 969.176
---------------------------------------------------------------------------------
---------------------------------------------------------------------------------
Start Rebuilding User Hierarchy
---------------------------------------------------------------------------------
---------------------------------------------------------------------------------
Finished Rebuilding User Hierarchy : Time (s): cpu = 00:00:27 ; elapsed = 00:00:29 . Memory (MB): peak = 1751.848 ; gain = 969.176
---------------------------------------------------------------------------------
---------------------------------------------------------------------------------
Start Renaming Generated Ports
---------------------------------------------------------------------------------
---------------------------------------------------------------------------------
Finished Renaming Generated Ports : Time (s): cpu = 00:00:27 ; elapsed = 00:00:29 . Memory (MB): peak = 1751.848 ; gain = 969.176
---------------------------------------------------------------------------------
---------------------------------------------------------------------------------
Start Handling Custom Attributes
---------------------------------------------------------------------------------
---------------------------------------------------------------------------------
Finished Handling Custom Attributes : Time (s): cpu = 00:00:27 ; elapsed = 00:00:29 . Memory (MB): peak = 1751.848 ; gain = 969.176
---------------------------------------------------------------------------------
---------------------------------------------------------------------------------
Start Renaming Generated Nets
---------------------------------------------------------------------------------
---------------------------------------------------------------------------------
Finished Renaming Generated Nets : Time (s): cpu = 00:00:27 ; elapsed = 00:00:29 . Memory (MB): peak = 1751.848 ; gain = 969.176
---------------------------------------------------------------------------------
---------------------------------------------------------------------------------
Start Writing Synthesis Report
---------------------------------------------------------------------------------

Report BlackBoxes: 
+------+----------------+----------+
|      |BlackBox name   |Instances |
+------+----------------+----------+
|1     |bd_0_hls_inst_0 |         1|
+------+----------------+----------+

Report Cell Usage: 
+------+--------------+------+
|      |Cell          |Count |
+------+--------------+------+
|1     |bd_0_hls_inst |     1|
+------+--------------+------+
---------------------------------------------------------------------------------
Finished Writing Synthesis Report : Time (s): cpu = 00:00:27 ; elapsed = 00:00:29 . Memory (MB): peak = 1751.848 ; gain = 969.176
---------------------------------------------------------------------------------
Synthesis finished with 0 errors, 0 critical warnings and 1 warnings.
Synthesis Optimization Runtime : Time (s): cpu = 00:00:18 ; elapsed = 00:00:28 . Memory (MB): peak = 1751.848 ; gain = 969.176
Synthesis Optimization Complete : Time (s): cpu = 00:00:27 ; elapsed = 00:00:30 . Memory (MB): peak = 1751.848 ; gain = 969.176
INFO: [Project 1-571] Translating synthesized netlist
Netlist sorting complete. Time (s): cpu = 00:00:00 ; elapsed = 00:00:00.006 . Memory (MB): peak = 1751.848 ; gain = 0.000
INFO: [Project 1-570] Preparing netlist for logic optimization
INFO: [Opt 31-138] Pushed 0 inverter(s) to 0 load pin(s).
Netlist sorting complete. Time (s): cpu = 00:00:00 ; elapsed = 00:00:00 . Memory (MB): peak = 1751.848 ; gain = 0.000
INFO: [Project 1-111] Unisim Transformation Summary:
No Unisim elements were transformed.

Synth Design complete | Checksum: ce82d36
INFO: [Common 17-83] Releasing license: Synthesis
21 Infos, 1 Warnings, 0 Critical Warnings and 0 Errors encountered.
synth_design completed successfully
synth_design: Time (s): cpu = 00:00:30 ; elapsed = 00:00:36 . Memory (MB): peak = 1751.848 ; gain = 1122.785
INFO: [Common 17-1381] The checkpoint 'C:/Users/steve/thesis-monte-carlo/GBM/gbm/GBM/hls/impl/verilog/project.runs/synth_1/bd_0_wrapper.dcp' has been generated.
INFO: [Vivado 12-24828] Executing command : report_utilization -file bd_0_wrapper_utilization_synth.rpt -pb bd_0_wrapper_utilization_synth.pb
INFO: [Common 17-206] Exiting Vivado at Thu Jan  9 04:06:54 2025...
[Thu Jan  9 04:06:58 2025] synth_1 finished
wait_on_runs: Time (s): cpu = 00:00:01 ; elapsed = 00:10:38 . Memory (MB): peak = 680.215 ; gain = 0.000
TIMESTAMP: HLS-REPORT: synthesis open_run: 2025-01-09 04:06:58 -0500
INFO: HLS-REPORT: Opening synthesis design database: open_run synth_1
Design is defaulting to impl run constrset: constrs_1
Design is defaulting to synth run part: xc7s15cpga196-2
INFO: [Device 21-403] Loading part xc7s15cpga196-2
INFO: [Project 1-454] Reading design checkpoint 'c:/Users/steve/thesis-monte-carlo/GBM/gbm/GBM/hls/impl/verilog/project.gen/sources_1/bd/bd_0/ip/bd_0_hls_inst_0/bd_0_hls_inst_0.dcp' for cell 'bd_0_i/hls_inst'
Netlist sorting complete. Time (s): cpu = 00:00:01 ; elapsed = 00:00:00.929 . Memory (MB): peak = 974.656 ; gain = 0.000
INFO: [Netlist 29-17] Analyzing 3471 Unisim elements for replacement
INFO: [Netlist 29-28] Unisim Transformation completed in 0 CPU seconds
INFO: [Project 1-479] Netlist was created with Vivado 2024.2
INFO: [Project 1-570] Preparing netlist for logic optimization
Parsing XDC File [C:/Users/steve/thesis-monte-carlo/GBM/gbm/GBM/hls/impl/verilog/GBM.xdc]
Finished Parsing XDC File [C:/Users/steve/thesis-monte-carlo/GBM/gbm/GBM/hls/impl/verilog/GBM.xdc]
INFO: [Opt 31-138] Pushed 0 inverter(s) to 0 load pin(s).
Netlist sorting complete. Time (s): cpu = 00:00:00 ; elapsed = 00:00:00.022 . Memory (MB): peak = 1138.109 ; gain = 0.000
INFO: [Project 1-111] Unisim Transformation Summary:
No Unisim elements were transformed.

open_run: Time (s): cpu = 00:00:17 ; elapsed = 00:00:19 . Memory (MB): peak = 1138.109 ; gain = 457.895
TIMESTAMP: HLS-REPORT: synthesis generate_reports_vivado: 2025-01-09 04:07:17 -0500
INFO: HLS-REPORT: Running report: report_utilization -file ./report/GBM_utilization_synth.rpt
INFO: HLS-REPORT: Running report: report_utilization -hierarchical -hierarchical_depth 6 -file ./report/GBM_utilization_hierarchical_synth.rpt
INFO: HLS-REPORT: Running report: report_timing_summary -file ./report/GBM_timing_synth.rpt
INFO: [Timing 38-35] Done setting XDC timing constraints.
INFO: [Timing 38-91] UpdateTimingParams: Speed grade: -2, Delay Type: min_max.
INFO: [Timing 38-191] Multithreading enabled for timing update using a maximum of 2 CPUs
WARNING: [Timing 38-242] The property HD.CLK_SRC of clock port "ap_clk" is not set. In out-of-context mode, this prevents timing estimation for clock delay/skew
Resolution: Set the HD.CLK_SRC property of the out-of-context port to the location of the clock buffer instance in the top-level design
report_timing_summary: Time (s): cpu = 00:00:20 ; elapsed = 00:00:16 . Memory (MB): peak = 1762.277 ; gain = 624.168
INFO: HLS-REPORT: Running report: report_power -file ./report/GBM_power_synth.rpt -xpe ./GBM_power.xpe
Command: report_power -file ./report/GBM_power_synth.rpt -xpe ./GBM_power.xpe
Running Vector-less Activity Propagation...

Finished Running Vector-less Activity Propagation
12 Infos, 2 Warnings, 0 Critical Warnings and 0 Errors encountered.
report_power completed successfully
report_power: Time (s): cpu = 00:00:16 ; elapsed = 00:00:12 . Memory (MB): peak = 1861.023 ; gain = 98.746
INFO: HLS-REPORT: Running report: report_timing -max_paths 10 -file ./report/GBM_timing_paths_synth.rpt
INFO: [Timing 38-91] UpdateTimingParams: Speed grade: -2, Delay Type: max.
INFO: [Timing 38-191] Multithreading enabled for timing update using a maximum of 2 CPUs
INFO: [Timing 38-78] ReportTimingParams: -max_paths 10 -nworst 1 -delay_type max -sort_by slack.
INFO: HLS-REPORT: Running report: report_design_analysis -file ./report/GBM_design_analysis_synth.rpt
INFO: [Implflow 30-839]  
INFO: HLS-REPORT: Running report: ::tclapp::xilinx::designutils::report_failfast -detailed_report synth -file ./report/GBM_failfast_synth.rpt
 -I- design metrics completed in 4 seconds
 -I- DONT_TOUCH metric completed in 1 seconds
 -I- MARK_DEBUG metric completed in 0 seconds
 -I- utilization metrics completed in 2 seconds
 -I- control set metrics completed in 0 seconds
 -I- methodology check metrics completed in 5 seconds
 -I- average fanout metrics completed in 7 seconds (0 modules)
 -I- non-FD high fanout nets completed in 6 seconds
 -I- path budgeting metrics completed in 5 seconds
#  +------------------------------------------------------------------------------------------+
#  | Design Summary                                                                           |
#  | design_1                                                                                 |
#  | xc7s15cpga196-2                                                                          |
#  +-----------------------------------------------------------+-----------+---------+--------+
#  | Criteria                                                  | Guideline | Actual  | Status |
#  +-----------------------------------------------------------+-----------+---------+--------+
#  | LUT                                                       | 70%       | 382.99% | REVIEW |
#  | FD                                                        | 50%       | 212.76% | REVIEW |
#  | LUTRAM+SRL                                                | 25%       | 53.46%  | REVIEW |
#  | MUXF7                                                     | 15%       | 17.63%  | REVIEW |
#  | LUT Combining                                             | 20%       | 20.09%  | REVIEW |
#  | DSP                                                       | 80%       | 355.00% | REVIEW |
#  | RAMB/FIFO                                                 | 80%       | 80.00%  | OK     |
#  | DSP+RAMB+URAM (Avg)                                       | 70%       | 217.50% | REVIEW |
#  | BUFGCE* + BUFGCTRL                                        | 24        | 0       | OK     |
#  | DONT_TOUCH (cells/nets)                                   | 0         | 0       | OK     |
#  | MARK_DEBUG (nets)                                         | 0         | 0       | OK     |
#  | Control Sets                                              | 150       | 248     | REVIEW |
#  | Average Fanout for modules > 100k cells                   | 4         | 2.87    | OK     |
#  | Max Average Fanout for modules > 100k cells               | 4         | 0       | OK     |
#  | Non-FD high fanout nets > 10k loads                       | 0         | 0       | OK     |
#  +-----------------------------------------------------------+-----------+---------+--------+
#  | TIMING-6 (No common primary clock between related clocks) | 0         | 0       | OK     |
#  | TIMING-7 (No common node between related clocks)          | 0         | 0       | OK     |
#  | TIMING-8 (No common period between related clocks)        | 0         | 0       | OK     |
#  | TIMING-14 (LUT on the clock tree)                         | 0         | 0       | OK     |
#  | TIMING-35 (No common node in paths with the same clock)   | 0         | 0       | OK     |
#  +-----------------------------------------------------------+-----------+---------+--------+
#  | Number of paths above max LUT budgeting (0.500ns)         | 0         | 0       | OK     |
#  | Number of paths above max Net budgeting (0.350ns)         | 0         | 0       | OK     |
#  +-----------------------------------------------------------+-----------+---------+--------+
 -I- Generated file C:/Users/steve/thesis-monte-carlo/GBM/gbm/GBM/hls/impl/verilog/report/GBM_failfast_synth.rpt
 -I- Number of criteria to review: 8
 -I- This report should be run before placing the design and uses conservative guidelines beyond which runtime and timing closure will likely be more challenging
 -I- report_failfast completed in 30 seconds
TIMESTAMP: HLS-REPORT: synthesis gen_data_dict_vivado: 2025-01-09 04:08:17 -0500
TIMESTAMP: HLS-REPORT: synth extract_util_hier: 2025-01-09 04:08:17 -0500
TIMESTAMP: HLS-REPORT: synth get_cell_hier_data: 2025-01-09 04:08:17 -0500
TIMESTAMP: HLS-REPORT: synth get_timing_paths: 2025-01-09 04:08:17 -0500
TIMESTAMP: HLS-REPORT: synth process timing paths: 2025-01-09 04:08:17 -0500
TIMESTAMP: HLS-REPORT: synth get_all_vv_rpt_files: 2025-01-09 04:08:17 -0500
TIMESTAMP: HLS-REPORT: synthesis write_reports_vivado: 2025-01-09 04:08:17 -0500
HLS EXTRACTION: synth area_totals:  0 8000 16000 20 20 0 0
HLS EXTRACTION: synth area_current: 0 30639 34041 71 16 0 1283 0 0 0
HLS EXTRACTION: synth resources_dict: AVAIL_LUT 8000 LUT 30639 AVAIL_FF 16000 FF 34041 AVAIL_DSP 20 DSP 71 AVAIL_BRAM 20 BRAM 16 AVAIL_URAM 0 URAM 0 LATCH 0 SRL 1283 AVAIL_CLB 0 CLB 0
INFO: HLS-REPORT: generated C:/Users/steve/thesis-monte-carlo/GBM/gbm/GBM/hls/impl/verilog/report/vivado_syn.xml
INFO: HLS-REPORT: generated C:/Users/steve/thesis-monte-carlo/GBM/gbm/GBM/hls/impl/report/verilog/GBM_export.rpt


Implementation tool: Xilinx Vivado v.2024.2
Project:             GBM
Solution:            hls
Device target:       xc7s15-cpga196-2
Report date:         Thu Jan 09 04:08:18 -0500 2025

#=== Post-Synthesis Resource usage ===
SLICE:            0
LUT:          30639
FF:           34041
DSP:             71
BRAM:            16
URAM:             0
LATCH:            0
SRL:           1283
CLB:              0

#=== Final timing ===
CP required:                     8.000
CP achieved post-synthesis:      7.194
Timing met

TIMESTAMP: HLS-REPORT: synthesis end: 2025-01-09 04:08:18 -0500
# if { $has_impl } {
#   # launch run impl
#   if { [llength $impl_props] } {
#     set_property -dict $impl_props [get_runs impl_1]
#   }
#   launch_runs impl_1
#   wait_on_run impl_1
#   # impl reports
#   hls_vivado_reports_impl impl_1 $report_options
# }
INFO: [Timing 38-480] Writing timing data to binary archive.
Write ShapeDB Complete: Time (s): cpu = 00:00:00 ; elapsed = 00:00:00.128 . Memory (MB): peak = 2482.516 ; gain = 0.000
WARNING: [Common 17-210] 'write_hwdef' is deprecated.
[Thu Jan  9 04:08:24 2025] Launched impl_1...
Run output will be captured here: C:/Users/steve/thesis-monte-carlo/GBM/gbm/GBM/hls/impl/verilog/project.runs/impl_1/runme.log
launch_runs: Time (s): cpu = 00:00:07 ; elapsed = 00:00:06 . Memory (MB): peak = 2482.516 ; gain = 0.000
[Thu Jan  9 04:08:24 2025] Waiting for impl_1 to finish...

*** Running vivado
    with args -log bd_0_wrapper.vdi -applog -m64 -product Vivado -messageDb vivado.pb -mode batch -source bd_0_wrapper.tcl -notrace


WARNING: C:/Xilinx/Vivado/2024.2/tps/win64/jre11.0.16_1 does not exist.

****** Vivado v2024.2 (64-bit)
  **** SW Build 5239630 on Fri Nov 08 22:35:27 MST 2024
  **** IP Build 5239520 on Sun Nov 10 16:12:51 MST 2024
  **** SharedData Build 5239561 on Fri Nov 08 14:39:27 MST 2024
  **** Start of session at: Thu Jan  9 04:08:34 2025
    ** Copyright 1986-2022 Xilinx, Inc. All Rights Reserved.
    ** Copyright 2022-2024 Advanced Micro Devices, Inc. All Rights Reserved.

source bd_0_wrapper.tcl -notrace
INFO: Dispatch client connection id - 56377
Command: open_checkpoint C:/Users/steve/thesis-monte-carlo/GBM/gbm/GBM/hls/impl/verilog/project.runs/impl_1/bd_0_wrapper.dcp
INFO: [Device 21-403] Loading part xc7s15cpga196-2
Netlist sorting complete. Time (s): cpu = 00:00:01 ; elapsed = 00:00:01 . Memory (MB): peak = 882.242 ; gain = 0.000
INFO: [Netlist 29-17] Analyzing 3471 Unisim elements for replacement
INFO: [Netlist 29-28] Unisim Transformation completed in 0 CPU seconds
INFO: [Project 1-479] Netlist was created with Vivado 2024.2
INFO: [Project 1-570] Preparing netlist for logic optimization
Read ShapeDB Complete: Time (s): cpu = 00:00:00 ; elapsed = 00:00:00.186 . Memory (MB): peak = 1058.129 ; gain = 11.238
INFO: [Timing 38-478] Restoring timing data from binary archive.
INFO: [Timing 38-479] Binary timing data restore complete.
INFO: [Project 1-856] Restoring constraints from binary archive.
INFO: [Project 1-853] Binary constraint restore complete.
Netlist sorting complete. Time (s): cpu = 00:00:00 ; elapsed = 00:00:00.020 . Memory (MB): peak = 1658.902 ; gain = 0.000
INFO: [Project 1-111] Unisim Transformation Summary:
No Unisim elements were transformed.

INFO: [Project 1-604] Checkpoint was created with Vivado v2024.2 (64-bit) build 5239630
open_checkpoint: Time (s): cpu = 00:00:28 ; elapsed = 00:00:32 . Memory (MB): peak = 1658.902 ; gain = 1229.938
INFO: [IP_Flow 19-234] Refreshing IP repositories
INFO: [IP_Flow 19-1700] Loaded user IP repository 'c:/Users/steve/thesis-monte-carlo/GBM/gbm/GBM/hls/impl/ip'.
INFO: [IP_Flow 19-2313] Loaded Vivado IP repository 'C:/Xilinx/Vivado/2024.2/data/ip'.
Command: opt_design
Attempting to get a license for feature 'Implementation' and/or device 'xc7s15'
INFO: [Common 17-349] Got license for feature 'Implementation' and/or device 'xc7s15'
Running DRC as a precondition to command opt_design

Starting DRC Task
INFO: [DRC 23-27] Running DRC with 2 threads
WARNING: [DRC 23-814] Not all possible (connectivity based) DRCs may have been run because this design is seen as Out of Context.
INFO: [Project 1-461] DRC finished with 0 Errors
INFO: [Project 1-462] Please refer to the DRC report (report_drc) for more information.

Time (s): cpu = 00:00:01 ; elapsed = 00:00:00.868 . Memory (MB): peak = 1658.902 ; gain = 0.000

Starting Cache Timing Information Task
Ending Cache Timing Information Task | Checksum: 178e03606

Time (s): cpu = 00:00:00 ; elapsed = 00:00:00.051 . Memory (MB): peak = 1658.902 ; gain = 0.000

Starting Logic Optimization Task

Phase 1 Initialization

Phase 1.1 Core Generation And Design Setup
Phase 1.1 Core Generation And Design Setup | Checksum: 178e03606

Time (s): cpu = 00:00:00 ; elapsed = 00:00:00.101 . Memory (MB): peak = 2022.793 ; gain = 0.000

Phase 1.2 Setup Constraints And Sort Netlist
Phase 1.2 Setup Constraints And Sort Netlist | Checksum: 178e03606

Time (s): cpu = 00:00:00 ; elapsed = 00:00:00.151 . Memory (MB): peak = 2022.793 ; gain = 0.000
Phase 1 Initialization | Checksum: 178e03606

Time (s): cpu = 00:00:00 ; elapsed = 00:00:00.156 . Memory (MB): peak = 2022.793 ; gain = 0.000

Phase 2 Timer Update And Timing Data Collection

Phase 2.1 Timer Update
Phase 2.1 Timer Update | Checksum: 178e03606

Time (s): cpu = 00:00:02 ; elapsed = 00:00:02 . Memory (MB): peak = 2022.793 ; gain = 0.000

Phase 2.2 Timing Data Collection
Phase 2.2 Timing Data Collection | Checksum: 178e03606

Time (s): cpu = 00:00:03 ; elapsed = 00:00:02 . Memory (MB): peak = 2022.793 ; gain = 0.000
Phase 2 Timer Update And Timing Data Collection | Checksum: 178e03606

Time (s): cpu = 00:00:03 ; elapsed = 00:00:02 . Memory (MB): peak = 2022.793 ; gain = 0.000

Phase 3 Retarget
INFO: [Opt 31-1851] Number of loadless carry chains removed were: 0
INFO: [Opt 31-1834] Total Chains To Be Transformed Were: 0 AND Number of Transformed insts Created are: 0
INFO: [Opt 31-138] Pushed 5 inverter(s) to 14 load pin(s).
INFO: [Opt 31-49] Retargeted 0 cell(s).
Phase 3 Retarget | Checksum: 1eec707ac

Time (s): cpu = 00:00:03 ; elapsed = 00:00:03 . Memory (MB): peak = 2022.793 ; gain = 0.000
Retarget | Checksum: 1eec707ac
INFO: [Opt 31-389] Phase Retarget created 22 cells and removed 31 cells

Phase 4 Constant propagation
INFO: [Opt 31-138] Pushed 0 inverter(s) to 0 load pin(s).
Phase 4 Constant propagation | Checksum: 146dbd7bc

Time (s): cpu = 00:00:04 ; elapsed = 00:00:03 . Memory (MB): peak = 2022.793 ; gain = 0.000
Constant propagation | Checksum: 146dbd7bc
INFO: [Opt 31-389] Phase Constant propagation created 73 cells and removed 628 cells

Phase 5 Sweep
INFO: [Constraints 18-11670] Building netlist checker database with flags, 0x8
Done building netlist checker database: Time (s): cpu = 00:00:00 ; elapsed = 00:00:00.045 . Memory (MB): peak = 2022.793 ; gain = 0.000
INFO: [Constraints 18-11670] Building netlist checker database with flags, 0x8
Done building netlist checker database: Time (s): cpu = 00:00:00 ; elapsed = 00:00:00.035 . Memory (MB): peak = 2022.793 ; gain = 0.000
Phase 5 Sweep | Checksum: 14f5953fe

Time (s): cpu = 00:00:06 ; elapsed = 00:00:05 . Memory (MB): peak = 2022.793 ; gain = 0.000
Sweep | Checksum: 14f5953fe
INFO: [Opt 31-389] Phase Sweep created 0 cells and removed 183 cells

Phase 6 BUFG optimization
Phase 6 BUFG optimization | Checksum: 14f5953fe

Time (s): cpu = 00:00:06 ; elapsed = 00:00:05 . Memory (MB): peak = 2022.793 ; gain = 0.000
BUFG optimization | Checksum: 14f5953fe
INFO: [Opt 31-662] Phase BUFG optimization created 0 cells of which 0 are BUFGs and removed 0 cells.

Phase 7 Shift Register Optimization
INFO: [Opt 31-1064] SRL Remap converted 0 SRLs to 0 registers and converted 0 registers of register chains to 0 SRLs
Phase 7 Shift Register Optimization | Checksum: 14f5953fe

Time (s): cpu = 00:00:06 ; elapsed = 00:00:05 . Memory (MB): peak = 2022.793 ; gain = 0.000
Shift Register Optimization | Checksum: 14f5953fe
INFO: [Opt 31-389] Phase Shift Register Optimization created 0 cells and removed 0 cells

Phase 8 Post Processing Netlist
Phase 8 Post Processing Netlist | Checksum: 14f5953fe

Time (s): cpu = 00:00:06 ; elapsed = 00:00:06 . Memory (MB): peak = 2022.793 ; gain = 0.000
Post Processing Netlist | Checksum: 14f5953fe
INFO: [Opt 31-389] Phase Post Processing Netlist created 0 cells and removed 0 cells

Phase 9 Finalization

Phase 9.1 Finalizing Design Cores and Updating Shapes
Phase 9.1 Finalizing Design Cores and Updating Shapes | Checksum: 193dcf281

Time (s): cpu = 00:00:08 ; elapsed = 00:00:08 . Memory (MB): peak = 2022.793 ; gain = 0.000

Phase 9.2 Verifying Netlist Connectivity

Starting Connectivity Check Task

Time (s): cpu = 00:00:00 ; elapsed = 00:00:00.089 . Memory (MB): peak = 2022.793 ; gain = 0.000
Phase 9.2 Verifying Netlist Connectivity | Checksum: 193dcf281

Time (s): cpu = 00:00:08 ; elapsed = 00:00:08 . Memory (MB): peak = 2022.793 ; gain = 0.000
Phase 9 Finalization | Checksum: 193dcf281

Time (s): cpu = 00:00:08 ; elapsed = 00:00:08 . Memory (MB): peak = 2022.793 ; gain = 0.000
Opt_design Change Summary
=========================


-------------------------------------------------------------------------------------------------------------------------
|  Phase                        |  #Cells created  |  #Cells Removed  |  #Constrained objects preventing optimizations  |
-------------------------------------------------------------------------------------------------------------------------
|  Retarget                     |              22  |              31  |                                              0  |
|  Constant propagation         |              73  |             628  |                                              0  |
|  Sweep                        |               0  |             183  |                                              0  |
|  BUFG optimization            |               0  |               0  |                                              0  |
|  Shift Register Optimization  |               0  |               0  |                                              0  |
|  Post Processing Netlist      |               0  |               0  |                                              0  |
-------------------------------------------------------------------------------------------------------------------------


Ending Logic Optimization Task | Checksum: 193dcf281

Time (s): cpu = 00:00:08 ; elapsed = 00:00:08 . Memory (MB): peak = 2022.793 ; gain = 0.000

Starting Power Optimization Task
INFO: [Pwropt 34-132] Skipping clock gating for clocks with a period < 2.00 ns.
INFO: [Pwropt 34-9] Applying IDT optimizations ...
INFO: [Pwropt 34-10] Applying ODC optimizations ...
INFO: [Timing 38-35] Done setting XDC timing constraints.
Running Vector-less Activity Propagation...

Finished Running Vector-less Activity Propagation


Starting PowerOpt Patch Enables Task
INFO: [Pwropt 34-162] WRITE_MODE attribute of 0 BRAM(s) out of a total of 8 has been updated to save power. Run report_power_opt to get a complete listing of the BRAMs updated.
INFO: [Pwropt 34-201] Structural ODC has moved 0 WE to EN ports
Number of BRAM Ports augmented: 4 newly gated: 4 Total Ports: 16
Ending PowerOpt Patch Enables Task | Checksum: 174f6a605

Time (s): cpu = 00:00:00 ; elapsed = 00:00:00.179 . Memory (MB): peak = 2295.855 ; gain = 0.000
Ending Power Optimization Task | Checksum: 174f6a605

Time (s): cpu = 00:00:15 ; elapsed = 00:00:09 . Memory (MB): peak = 2295.855 ; gain = 273.062

Starting Final Cleanup Task

Starting Logic Optimization Task
INFO: [Timing 38-35] Done setting XDC timing constraints.
Ending Logic Optimization Task | Checksum: 175996af5

Time (s): cpu = 00:00:06 ; elapsed = 00:00:05 . Memory (MB): peak = 2295.855 ; gain = 0.000
Ending Final Cleanup Task | Checksum: 175996af5

Time (s): cpu = 00:00:11 ; elapsed = 00:00:09 . Memory (MB): peak = 2295.855 ; gain = 0.000

Starting Netlist Obfuscation Task
Netlist sorting complete. Time (s): cpu = 00:00:00 ; elapsed = 00:00:00.024 . Memory (MB): peak = 2295.855 ; gain = 0.000
Ending Netlist Obfuscation Task | Checksum: 175996af5

Time (s): cpu = 00:00:00 ; elapsed = 00:00:00.029 . Memory (MB): peak = 2295.855 ; gain = 0.000
INFO: [Common 17-83] Releasing license: Implementation
40 Infos, 1 Warnings, 0 Critical Warnings and 0 Errors encountered.
opt_design completed successfully
opt_design: Time (s): cpu = 00:00:39 ; elapsed = 00:00:30 . Memory (MB): peak = 2295.855 ; gain = 636.953
INFO: [Vivado 12-24828] Executing command : report_drc -file bd_0_wrapper_drc_opted.rpt -pb bd_0_wrapper_drc_opted.pb -rpx bd_0_wrapper_drc_opted.rpx
Command: report_drc -file bd_0_wrapper_drc_opted.rpt -pb bd_0_wrapper_drc_opted.pb -rpx bd_0_wrapper_drc_opted.rpx
INFO: [IP_Flow 19-1839] IP Catalog is up to date.
INFO: [DRC 23-27] Running DRC with 2 threads
WARNING: [DRC 23-814] Not all possible (connectivity based) DRCs may have been run because this design is seen as Out of Context.
INFO: [Vivado_Tcl 2-168] The results of DRC are in file C:/Users/steve/thesis-monte-carlo/GBM/gbm/GBM/hls/impl/verilog/project.runs/impl_1/bd_0_wrapper_drc_opted.rpt.
report_drc completed successfully
INFO: [Timing 38-35] Done setting XDC timing constraints.
INFO: [Timing 38-480] Writing timing data to binary archive.
Write ShapeDB Complete: Time (s): cpu = 00:00:01 ; elapsed = 00:00:00.118 . Memory (MB): peak = 2295.855 ; gain = 0.000
INFO: [Common 17-1381] The checkpoint 'C:/Users/steve/thesis-monte-carlo/GBM/gbm/GBM/hls/impl/verilog/project.runs/impl_1/bd_0_wrapper_opt.dcp' has been generated.
write_checkpoint: Time (s): cpu = 00:00:09 ; elapsed = 00:00:07 . Memory (MB): peak = 2295.855 ; gain = 0.000
Command: place_design
Attempting to get a license for feature 'Implementation' and/or device 'xc7s15'
INFO: [Common 17-349] Got license for feature 'Implementation' and/or device 'xc7s15'
INFO: [Common 17-83] Releasing license: Implementation
INFO: [DRC 23-27] Running DRC with 2 threads
WARNING: [DRC 23-814] Not all possible (connectivity based) DRCs may have been run because this design is seen as Out of Context.
INFO: [Vivado_Tcl 4-198] DRC finished with 0 Errors
INFO: [Vivado_Tcl 4-199] Please refer to the DRC report (report_drc) for more information.
Running DRC as a precondition to command place_design
INFO: [DRC 23-27] Running DRC with 2 threads
WARNING: [DRC 23-814] Not all possible (connectivity based) DRCs may have been run because this design is seen as Out of Context.
ERROR: [DRC UTLZ-1] Resource utilization: CARRY4 over-utilized in Top Level Design (This design requires more CARRY4 cells than are available in the target device. This design requires 2676 of such cell types but only 2000 compatible sites are available in the target device. Please analyze your synthesis results and constraints to ensure the design is mapped to Xilinx primitives as expected. If so, please consider targeting a larger device.)
ERROR: [DRC UTLZ-1] Resource utilization: DSP48E1 over-utilized in Top Level Design (This design requires more DSP48E1 cells than are available in the target device. This design requires 71 of such cell types but only 20 compatible sites are available in the target device. Please analyze your synthesis results and constraints to ensure the design is mapped to Xilinx primitives as expected. If so, please consider targeting a larger device.)
ERROR: [DRC UTLZ-1] Resource utilization: DSPs over-utilized in Top Level Design (This design requires more DSPs cells than are available in the target device. This design requires 71 of such cell types but only 20 compatible sites are available in the target device. Please analyze your synthesis results and constraints to ensure the design is mapped to Xilinx primitives as expected. If so, please consider targeting a larger device.)
ERROR: [DRC UTLZ-1] Resource utilization: FDRE over-utilized in Top Level Design (This design requires more FDRE cells than are available in the target device. This design requires 33767 of such cell types but only 16300 compatible sites are available in the target device. Please analyze your synthesis results and constraints to ensure the design is mapped to Xilinx primitives as expected. If so, please consider targeting a larger device.)
ERROR: [DRC UTLZ-1] Resource utilization: LUT as Logic over-utilized in Top Level Design (This design requires more LUT as Logic cells than are available in the target device. This design requires 29148 of such cell types but only 8000 compatible sites are available in the target device. Please analyze your synthesis results and constraints to ensure the design is mapped to Xilinx primitives as expected. If so, please consider targeting a larger device. Please set tcl parameter "drc.disableLUTOverUtilError" to 1 to change this error to warning.)
ERROR: [DRC UTLZ-1] Resource utilization: LUT6 over-utilized in Top Level Design (This design requires more LUT6 cells than are available in the target device. This design requires 12003 of such cell types but only 8000 compatible sites are available in the target device. Please analyze your synthesis results and constraints to ensure the design is mapped to Xilinx primitives as expected. If so, please consider targeting a larger device.)
ERROR: [DRC UTLZ-1] Resource utilization: Register as Flip Flop over-utilized in Top Level Design (This design requires more Register as Flip Flop cells than are available in the target device. This design requires 33784 of such cell types but only 16000 compatible sites are available in the target device. Please analyze your synthesis results and constraints to ensure the design is mapped to Xilinx primitives as expected. If so, please consider targeting a larger device.)
ERROR: [DRC UTLZ-1] Resource utilization: Slice Registers over-utilized in Top Level Design (This design requires more Slice Registers cells than are available in the target device. This design requires 33784 of such cell types but only 16000 compatible sites are available in the target device. Please analyze your synthesis results and constraints to ensure the design is mapped to Xilinx primitives as expected. If so, please consider targeting a larger device.)
INFO: [Vivado_Tcl 4-198] DRC finished with 8 Errors
INFO: [Vivado_Tcl 4-199] Please refer to the DRC report (report_drc) for more information.
ERROR: [Vivado_Tcl 4-23] Error(s) found during DRC. Placer not run.
55 Infos, 4 Warnings, 0 Critical Warnings and 9 Errors encountered.
place_design failed
ERROR: [Common 17-39] 'place_design' failed due to earlier errors.

INFO: [Common 17-206] Exiting Vivado at Thu Jan  9 04:09:55 2025...
[Thu Jan  9 04:10:00 2025] impl_1 finished
ERROR: [Vivado 12-13638] Failed runs(s) : 'impl_1'
wait_on_runs: Time (s): cpu = 00:00:01 ; elapsed = 00:01:37 . Memory (MB): peak = 2482.516 ; gain = 0.000
ERROR: [Common 17-39] 'wait_on_runs' failed due to earlier errors.

    while executing
"wait_on_run impl_1"
    invoked from within
"if { $has_impl } {
  # launch run impl
  if { [llength $impl_props] } {
    set_property -dict $impl_props [get_runs impl_1]
  }
  launch_runs impl_1
..."
    (file "run_vivado.tcl" line 175)
INFO: [Common 17-206] Exiting Vivado at Thu Jan  9 04:10:01 2025...
