20:34:30 INFO  : updated workspace path: C:\Users\steve\thesis-monte-carlo\SABR\sabr
20:34:30 INFO  : Marking the target connection as default Local
20:34:30 INFO  : Marking the target connection as default Linux Agent
20:34:30 INFO  : Marking the target connection as default XRTServer
20:34:30 INFO  : Marking the target connection as default LinuxEmulation
20:34:30 INFO  : Marking the target connection as default QEMU
20:34:30 INFO  : created .gitignore file for the project C:\Users\steve\thesis-monte-carlo\SABR\sabr
20:34:31 INFO  : created .gitignore file for the project C:\Users\steve\thesis-monte-carlo\SABR\sabr\sabr
20:34:32 INFO  : Successfully created repository data at C:\Users\steve\AppData\Local\Temp\rigel_lopper_steve12709290648677149628
20:34:32 INFO  : cmd.exe, /C, C:\Xilinx\Vitis\2024.2\tps\win64\lopper-1.1.0\env\Scripts\activate.bat && python C:\Xilinx\Vitis\2024.2\data\embeddedsw\scripts\pyesw\\get_template_data.py -d C:\Users\steve\AppData\Local\Temp\rigel_lopper_steve5722432314588843912 -r C:\Users\steve\AppData\Local\Temp\rigel_lopper_steve12709290648677149628\.repo.yaml && C:\Xilinx\Vitis\2024.2\tps\win64\lopper-1.1.0\env\Scripts\deactivate.bat
20:34:32 INFO  : Embedded Template List generated successfully
20:34:32 INFO  : cmd.exe, /C, C:\Xilinx\Vitis\2024.2\tps\win64\lopper-1.1.0\env\Scripts\activate.bat && python C:\Xilinx\Vitis\2024.2\data\embeddedsw\scripts\pyesw\\repo.py -st   C:\Xilinx\Vitis\2024.2\data\embeddedsw && C:\Xilinx\Vitis\2024.2\tps\win64\lopper-1.1.0\env\Scripts\deactivate.bat
20:34:34 INFO  : Successfully created repository data at C:\Users\steve\thesis-monte-carlo\SABR\sabr/_ide\.wsdata
20:34:34 INFO  : cmd.exe, /C, C:\Xilinx\Vitis\2024.2\tps\win64\lopper-1.1.0\env\Scripts\activate.bat && python C:\Xilinx\Vitis\2024.2\data\embeddedsw\scripts\pyesw\\get_template_data.py -d C:\Users\steve\AppData\Local\Temp\rigel_lopper_steve18388482860912894730 -r C:\Users\steve\thesis-monte-carlo\SABR\sabr\_ide\.wsdata\.repo.yaml && C:\Xilinx\Vitis\2024.2\tps\win64\lopper-1.1.0\env\Scripts\deactivate.bat
20:34:34 INFO  : Embedded Template List generated successfully
22:14:20 INFO  : connection terminated
22:14:20 INFO  : connection terminated
22:14:20 INFO  : scheduling shutdown timer for 2 seconds ...
22:14:22 INFO  : Terminating Vitis C++ Server
22:14:23 INFO  : Vitis C++ Server terminated
