================================================================
== Design Size Report
================================================================

* Total Instructions per Compilation Phase
+---------------+-----------------------------+--------------+----------------------------------------------------------------------------------------+
| Phase         | Step                        | Instructions | Description                                                                            |
+---------------+-----------------------------+--------------+----------------------------------------------------------------------------------------+
| Compile/Link  |                             |  26,918      | After all functions are compiled and linked into a single design                       |
|               |                             |              |                                                                                        |
| Unroll/Inline |                             |              | After user unroll and inline pragmas are applied                                       |
|               | (1) unroll                  | 238,713 *    | user unroll pragmas are applied                                                        |
|               | (2) simplification          |  95,609      | simplification of applied user unroll pragmas                                          |
|               | (3) inline                  |  94,534      | user inline pragmas are applied                                                        |
|               | (4) simplification          |  71,634      | simplification of applied user inline pragmas                                          |
|               |                             |              |                                                                                        |
| Array/Struct  |                             |              | After user array partition and struct aggregate/disaggregate pragmas are applied       |
|               | (1) array partition         |  93,122      | user array partition pragmas are applied                                               |
|               | (2) simplification          |  72,827      | simplification of applied user array partition & struct aggregate/disaggregate pragmas |
|               | (3) aggregate/disaggregate  |  72,827      | user struct aggregate/disaggregate pragmas are applied                                 |
|               | (4) array reshape           |  72,827      | apply array reshape pragmas                                                            |
|               | (5) access patterns         |  72,828      | array access pattern optmizations                                                      |
|               |                             |              |                                                                                        |
| Performance   |                             |              | After transformations are applied to meet performance pragma targets                   |
|               | (1) loop simplification     |  68,128      | loop and instruction simplification                                                    |
|               | (2) parallelization         |  67,928      | loops are unrolled or pipelined to meet performance targets                            |
|               | (3) array partition         |  67,928      | arrays are partitioned to meet performance targets                                     |
|               | (4) simplification          |  67,928      | simplification of design after performance transformations                             |
|               |                             |              |                                                                                        |
| HW Transforms |                             |              | After hardware transfomations                                                          |
|               | (1) lowering                |  68,739      | initial conversion to HW specific instructions                                         |
|               | (2) optimizations           |  69,340      | high level synthesis optimizations                                                     |
+---------------+-----------------------------+--------------+----------------------------------------------------------------------------------------+
    * - Exceeded design size warning message threshold

* Instructions per Function for each Compilation Phase
+---------------------------------------+--------------------+-----------------+--------------------+--------------------+--------------------+--------------------+
| Function                              | Location           | Compile/Link    | Unroll/Inline      | Array/Struct       | Performance        | HW Transforms      |
+---------------------------------------+--------------------+-----------------+--------------------+--------------------+--------------------+--------------------+
| + SABR                                | test_optimized.c:4 | 26,918          | 71,634             | 72,828             | 67,928             | 69,340             |
|  + pow                                | powdouble.cpp:6    | 26,829          | 68,200 (100 calls) | 68,000 (100 calls) | 63,600 (100 calls) | 63,100 (100 calls) |
|   + pow_generic<double>               | hls_pow.h:291      | 26,827          | 68,000 (100 calls) | 67,800 (100 calls) | 63,400 (100 calls) | 62,900 (100 calls) |
|      fp_struct                        | x_hls_utils.h:456  |   638 (2 calls) |                    |                    |                    |                    |
|      fp_struct                        | x_hls_utils.h:454  |     4           |                    |                    |                    |                    |
|      expv                             | x_hls_utils.h:485  |   218 (2 calls) |                    |                    |                    |                    |
|    + generic_isinf<double>            | hls_isinf.h:16     |   778 (2 calls) |                    |                    |                    |                    |
|       fp_struct                       | x_hls_utils.h:456  |   638 (2 calls) |                    |                    |                    |                    |
|    + generic_isnan<double>            | hls_isnan.h:16     |   780 (2 calls) |                    |                    |                    |                    |
|       fp_struct                       | x_hls_utils.h:456  |   638 (2 calls) |                    |                    |                    |                    |
|    + to_ieee                          | x_hls_utils.h:509  | 2,727 (9 calls) | 8,100 (900 calls)  | 8,100 (900 calls)  | 5,400 (900 calls)  | 5,400 (900 calls)  |
|     + to_double                       | x_hls_utils.h:494  | 2,709 (9 calls) |                    |                    |                    |                    |
|        data                           | x_hls_utils.h:475  | 2,511 (9 calls) |                    |                    |                    |                    |
|    + log_range_reduction<71>          | hls_pow.h:186      | 10,185          | 22,400 (100 calls) | 22,400 (100 calls) | 22,400 (100 calls) | 22,400 (100 calls) |
|       log_range_reduce<ap_fixed<12... | hls_pow.h:30       | 1,256           |                    |                    |                    |                    |
|       log_range_reduce<ap_fixed<12... | hls_pow.h:30       | 1,228           |                    |                    |                    |                    |
|       log_range_reduce<ap_fixed<12... | hls_pow.h:30       | 1,233           |                    |                    |                    |                    |
|       log_range_reduce<ap_fixed<12... | hls_pow.h:30       | 1,237           |                    |                    |                    |                    |
|       log_range_reduce<ap_fixed<12... | hls_pow.h:30       | 1,237           |                    |                    |                    |                    |
|       log_range_reduce<ap_fixed<12... | hls_pow.h:30       | 1,237           |                    |                    |                    |                    |
|       log_range_reduce<ap_fixed<12... | hls_pow.h:30       | 1,237           |                    |                    |                    |                    |
|      exp_Z1P_m_1                      | hls_pow.h:224      | 2,725           |                    |                    |                    |                    |
+---------------------------------------+--------------------+-----------------+--------------------+--------------------+--------------------+--------------------+

* Design Size Message Settings
+---------------------------------------------+--------+------------------------------------------------------------------+
| Message Setting                             | Value  | Description                                                      |
+---------------------------------------------+--------+------------------------------------------------------------------+
| config_compile -design_size_maximum_warning | 100000 | Show a warning when total design instructions exceeds this value |
+---------------------------------------------+--------+------------------------------------------------------------------+


