

================================================================
== Vitis HLS Report for 'pow_generic_double_s'
================================================================
* Date:           Mon Jan 13 02:33:40 2025

* Version:        2024.2 (Build 5238294 on Nov  8 2024)
* Project:        SABR
* Solution:       hls (Vitis Kernel Flow Target)
* Product family: kintexuplus
* Target device:  xcku5p-ffva676-3-e


================================================================
== Performance Estimates
================================================================
+ Timing: 
    * Summary: 
    +--------+---------+----------+------------+
    |  Clock |  Target | Estimated| Uncertainty|
    +--------+---------+----------+------------+
    |ap_clk  |  8.00 ns|  7.033 ns|     0.96 ns|
    +--------+---------+----------+------------+

+ Latency: 
    * Summary: 
    +---------+---------+----------+----------+-----+-----+---------+
    |  Latency (cycles) |  Latency (absolute) |  Interval | Pipeline|
    |   min   |   max   |    min   |    max   | min | max |   Type  |
    +---------+---------+----------+----------+-----+-----+---------+
    |       19|       19|  0.152 us|  0.152 us|    1|    1|      yes|
    +---------+---------+----------+----------+-----+-----+---------+

    + Detail: 
        * Instance: 
        N/A

        * Loop: 
        N/A



================================================================
== Utilization Estimates
================================================================
* Summary: 
+-----------------+---------+------+--------+--------+-----+
|       Name      | BRAM_18K|  DSP |   FF   |   LUT  | URAM|
+-----------------+---------+------+--------+--------+-----+
|DSP              |        -|     1|       -|       -|    -|
|Expression       |        -|     -|       0|    8088|    -|
|FIFO             |        -|     -|       -|       -|    -|
|Instance         |        -|    77|       0|    1088|    -|
|Memory           |       30|     -|       6|       6|    -|
|Multiplexer      |        -|     -|       -|       -|    -|
|Register         |        -|     -|    3424|     736|    -|
+-----------------+---------+------+--------+--------+-----+
|Total            |       30|    78|    3430|    9918|    0|
+-----------------+---------+------+--------+--------+-----+
|Available        |      960|  1824|  433920|  216960|   64|
+-----------------+---------+------+--------+--------+-----+
|Utilization (%)  |        3|     4|      ~0|       4|    0|
+-----------------+---------+------+--------+--------+-----+

+ Detail: 
    * Instance: 
    +----------------------------------+------------------------------+---------+----+---+-----+-----+
    |             Instance             |            Module            | BRAM_18K| DSP| FF| LUT | URAM|
    +----------------------------------+------------------------------+---------+----+---+-----+-----+
    |bitselect_1ns_52ns_32s_1_1_1_U17  |bitselect_1ns_52ns_32s_1_1_1  |        0|   0|  0|   17|    0|
    |mul_12s_80ns_90_1_1_U1            |mul_12s_80ns_90_1_1           |        0|   5|  0|   89|    0|
    |mul_13s_71s_71_1_1_U2             |mul_13s_71s_71_1_1            |        0|   4|  0|   62|    0|
    |mul_40ns_40ns_79_1_1_U3           |mul_40ns_40ns_79_1_1          |        0|   5|  0|   28|    0|
    |mul_43ns_36ns_79_1_1_U4           |mul_43ns_36ns_79_1_1          |        0|   4|  0|   19|    0|
    |mul_49ns_44ns_93_1_1_U5           |mul_49ns_44ns_93_1_1          |        0|   6|  0|   17|    0|
    |mul_50ns_50ns_99_1_1_U6           |mul_50ns_50ns_99_1_1          |        0|   9|  0|   21|    0|
    |mul_54s_6ns_54_1_1_U7             |mul_54s_6ns_54_1_1            |        0|   3|  0|   25|    0|
    |mul_71ns_4ns_75_1_1_U15           |mul_71ns_4ns_75_1_1           |        0|   0|  0|   62|    0|
    |mul_73ns_6ns_79_1_1_U8            |mul_73ns_6ns_79_1_1           |        0|   4|  0|   68|    0|
    |mul_77ns_6ns_82_1_1_U9            |mul_77ns_6ns_82_1_1           |        0|   4|  0|   80|    0|
    |mul_78s_54s_131_1_1_U10           |mul_78s_54s_131_1_1           |        0|  13|  0|   83|    0|
    |mul_82ns_6ns_87_1_1_U11           |mul_82ns_6ns_87_1_1           |        0|   5|  0|   97|    0|
    |mul_83ns_6ns_89_1_1_U12           |mul_83ns_6ns_89_1_1           |        0|   5|  0|  101|    0|
    |mul_87ns_6ns_92_1_1_U13           |mul_87ns_6ns_92_1_1           |        0|   5|  0|  118|    0|
    |mul_92ns_6ns_97_1_1_U14           |mul_92ns_6ns_97_1_1           |        0|   5|  0|  140|    0|
    |sparsemux_19_8_64_1_1_U19         |sparsemux_19_8_64_1_1         |        0|   0|  0|   43|    0|
    |sparsemux_7_2_1_1_1_U16           |sparsemux_7_2_1_1_1           |        0|   0|  0|    9|    0|
    |sparsemux_7_2_1_1_1_U18           |sparsemux_7_2_1_1_1           |        0|   0|  0|    9|    0|
    +----------------------------------+------------------------------+---------+----+---+-----+-----+
    |Total                             |                              |        0|  77|  0| 1088|    0|
    +----------------------------------+------------------------------+---------+----+---+-----+-----+

    * DSP: 
    +------------------------------------+--------------------------------+--------------+
    |              Instance              |             Module             |  Expression  |
    +------------------------------------+--------------------------------+--------------+
    |mac_muladd_16s_15ns_19s_31_4_1_U20  |mac_muladd_16s_15ns_19s_31_4_1  |  i0 + i1 * i2|
    +------------------------------------+--------------------------------+--------------+

    * Memory: 
    +-------------------------------------------------------------------------+----------------------------------------------------------------------------------+---------+---+----+-----+------+-----+------+-------------+
    |                                  Memory                                 |                                      Module                                      | BRAM_18K| FF| LUT| URAM| Words| Bits| Banks| W*Bits*Banks|
    +-------------------------------------------------------------------------+----------------------------------------------------------------------------------+---------+---+----+-----+------+-----+------+-------------+
    |pow_reduce_anonymous_namespace_log0_lut_table_array_U                    |pow_generic_double_s_pow_reduce_anonymous_namespace_log0_lut_table_array_ROM_cud  |        4|  0|   0|    0|    64|  109|     1|         6976|
    |pow_reduce_anonymous_namespace_log_inverse_lut_table_pow_0_5_64_array_U  |pow_generic_double_s_pow_reduce_anonymous_namespace_log_inverse_lut_table_powbkb  |        0|  6|   6|    0|    64|    6|     1|          384|
    |pow_reduce_anonymous_namespace_log_lut_table_ap_fixed_12_6_64_array_U    |pow_generic_double_s_pow_reduce_anonymous_namespace_log_lut_table_ap_fixed_12fYi  |        3|  0|   0|    0|    64|   97|     1|         6208|
    |pow_reduce_anonymous_namespace_log_lut_table_ap_fixed_17_6_64_array_U    |pow_generic_double_s_pow_reduce_anonymous_namespace_log_lut_table_ap_fixed_17g8j  |        3|  0|   0|    0|    64|   92|     1|         5888|
    |pow_reduce_anonymous_namespace_log_lut_table_ap_fixed_22_6_64_array_U    |pow_generic_double_s_pow_reduce_anonymous_namespace_log_lut_table_ap_fixed_22hbi  |        3|  0|   0|    0|    64|   87|     1|         5568|
    |pow_reduce_anonymous_namespace_log_lut_table_ap_fixed_27_6_64_array_U    |pow_generic_double_s_pow_reduce_anonymous_namespace_log_lut_table_ap_fixed_27ibs  |        3|  0|   0|    0|    64|   82|     1|         5248|
    |pow_reduce_anonymous_namespace_log_lut_table_ap_fixed_32_6_64_array_U    |pow_generic_double_s_pow_reduce_anonymous_namespace_log_lut_table_ap_fixed_32jbC  |        3|  0|   0|    0|    64|   77|     1|         4928|
    |pow_reduce_anonymous_namespace_log_lut_table_ap_fixed_4_4_16_array_U     |pow_generic_double_s_pow_reduce_anonymous_namespace_log_lut_table_ap_fixed_4_dEe  |        3|  0|   0|    0|    16|  105|     1|         1680|
    |pow_reduce_anonymous_namespace_log_lut_table_ap_fixed_7_6_64_array_U     |pow_generic_double_s_pow_reduce_anonymous_namespace_log_lut_table_ap_fixed_7_eOg  |        3|  0|   0|    0|    64|  102|     1|         6528|
    |pow_reduce_anonymous_namespace_table_exp_Z1_ap_ufixed_array_U            |pow_generic_double_s_pow_reduce_anonymous_namespace_table_exp_Z1_ap_ufixed_arkbM  |        2|  0|   0|    0|   256|   58|     1|        14848|
    |pow_reduce_anonymous_namespace_table_f_Z2_ap_ufixed_array_U              |pow_generic_double_s_pow_reduce_anonymous_namespace_table_f_Z2_ap_ufixed_arramb6  |        2|  0|   0|    0|   256|   42|     1|        10752|
    |pow_reduce_anonymous_namespace_table_f_Z3_ap_ufixed_array_U              |pow_generic_double_s_pow_reduce_anonymous_namespace_table_f_Z3_ap_ufixed_arralbW  |        1|  0|   0|    0|   256|   26|     1|         6656|
    +-------------------------------------------------------------------------+----------------------------------------------------------------------------------+---------+---+----+-----+------+-----+------+-------------+
    |Total                                                                    |                                                                                  |       30|  6|   6|    0|  1296|  883|    12|        75664|
    +-------------------------------------------------------------------------+----------------------------------------------------------------------------------+---------+---+----+-----+------+-----+------+-------------+

    * FIFO: 
    N/A

    * Expression: 
    +------------------------------+----------+----+---+-----+------------+------------+
    |         Variable Name        | Operation| DSP| FF| LUT | Bitwidth P0| Bitwidth P1|
    +------------------------------+----------+----+---+-----+------------+------------+
    |add_ln209_1_fu_1518_p2        |         +|   0|  0|  110|         103|         103|
    |add_ln209_2_fu_1528_p2        |         +|   0|  0|  109|         109|         109|
    |add_ln209_3_fu_1534_p2        |         +|   0|  0|   93|          93|          93|
    |add_ln209_4_fu_1540_p2        |         +|   0|  0|   90|          83|          83|
    |add_ln209_5_fu_1550_p2        |         +|   0|  0|   93|          93|          93|
    |add_ln209_fu_1512_p2          |         +|   0|  0|  116|         109|         109|
    |add_ln261_fu_2493_p2          |         +|   0|  0|   43|          36|          36|
    |add_ln280_fu_2577_p2          |         +|   0|  0|   51|          44|          44|
    |add_ln373_fu_1781_p2          |         +|   0|  0|   13|           6|           1|
    |add_ln44_1_fu_915_p2          |         +|   0|  0|   82|          82|          82|
    |add_ln44_2_fu_995_p2          |         +|   0|  0|  102|         102|         102|
    |add_ln44_3_fu_1084_p2         |         +|   0|  0|  121|         121|         121|
    |add_ln44_4_fu_1172_p2         |         +|   0|  0|  126|         126|         126|
    |add_ln44_5_fu_1260_p2         |         +|   0|  0|  131|         131|         131|
    |add_ln44_6_fu_1372_p2         |         +|   0|  0|  136|         136|         136|
    |add_ln44_fu_834_p2            |         +|   0|  0|   76|          76|          76|
    |add_ln525_1_fu_1634_p2        |         +|   0|  0|  121|         121|         121|
    |add_ln525_fu_1624_p2          |         +|   0|  0|  121|         121|         121|
    |add_ln563_1_fu_2342_p2        |         +|   0|  0|   20|          13|           1|
    |add_ln616_1_fu_2640_p2        |         +|   0|  0|  114|         107|         107|
    |add_ln616_fu_2613_p2          |         +|   0|  0|   65|          58|           5|
    |b_exp_1_fu_1466_p2            |         +|   0|  0|   19|          12|          11|
    |b_exp_fu_1431_p2              |         +|   0|  0|   19|          12|          11|
    |exp_Z1P_m_1_l_fu_2587_p2      |         +|   0|  0|   59|          52|          52|
    |exp_Z2P_m_1_fu_2513_p2        |         +|   0|  0|   51|          44|          44|
    |exp_Z4_m_1_fu_2454_p2         |         +|   0|  0|   43|          36|          36|
    |log_sum_1_fu_1560_p2          |         +|   0|  0|  109|         109|         109|
    |m_exp_fu_1677_p2              |         +|   0|  0|   19|          12|          11|
    |out_exp_fu_2772_p2            |         +|   0|  0|   18|          11|          10|
    |r_exp_1_fu_2654_p2            |         +|   0|  0|   20|          13|           2|
    |e_frac_1_fu_2030_p2           |         -|   0|  0|   61|           1|          54|
    |sub_ln422_fu_1920_p2          |         -|   0|  0|   19|          11|          12|
    |sub_ln44_1_fu_941_p2          |         -|   0|  0|   82|          82|          82|
    |sub_ln44_2_fu_1022_p2         |         -|   0|  0|  102|         102|         102|
    |sub_ln44_3_fu_1110_p2         |         -|   0|  0|  121|         121|         121|
    |sub_ln44_4_fu_1198_p2         |         -|   0|  0|  126|         126|         126|
    |sub_ln44_5_fu_1286_p2         |         -|   0|  0|  131|         131|         131|
    |sub_ln44_6_fu_1398_p2         |         -|   0|  0|  136|         136|         136|
    |sub_ln44_fu_853_p2            |         -|   0|  0|   76|          76|          76|
    |sub_ln522_fu_1592_p2          |         -|   0|  0|  124|         117|         117|
    |sub_ln545_fu_2126_p2          |         -|   0|  0|   18|          10|          11|
    |sub_ln574_fu_2378_p2          |         -|   0|  0|   66|          59|          59|
    |and_ln342_1_fu_2819_p2        |       and|   0|  0|    2|           1|           1|
    |and_ln342_fu_2799_p2          |       and|   0|  0|    2|           1|           1|
    |and_ln373_1_fu_1797_p2        |       and|   0|  0|   52|          52|          52|
    |and_ln378_fu_1849_p2          |       and|   0|  0|    2|           1|           1|
    |and_ln386_1_fu_2809_p2        |       and|   0|  0|    2|           1|           1|
    |and_ln386_fu_1879_p2          |       and|   0|  0|    2|           1|           1|
    |and_ln422_1_fu_2088_p2        |       and|   0|  0|    2|           1|           1|
    |and_ln422_fu_2082_p2          |       and|   0|  0|    2|           1|           1|
    |and_ln431_1_fu_1944_p2        |       and|   0|  0|    2|           1|           1|
    |and_ln431_2_fu_1949_p2        |       and|   0|  0|    2|           1|           1|
    |and_ln431_3_fu_1955_p2        |       and|   0|  0|    2|           1|           1|
    |and_ln431_4_fu_2825_p2        |       and|   0|  0|    2|           1|           1|
    |and_ln431_5_fu_2830_p2        |       and|   0|  0|    2|           1|           1|
    |and_ln431_fu_1938_p2          |       and|   0|  0|    2|           1|           1|
    |and_ln438_1_fu_1983_p2        |       and|   0|  0|    2|           1|           1|
    |and_ln438_2_fu_1989_p2        |       and|   0|  0|    2|           1|           1|
    |and_ln438_3_fu_1994_p2        |       and|   0|  0|    2|           1|           1|
    |and_ln438_4_fu_2836_p2        |       and|   0|  0|    2|           1|           1|
    |and_ln438_5_fu_2841_p2        |       and|   0|  0|    2|           1|           1|
    |and_ln438_fu_1978_p2          |       and|   0|  0|    2|           1|           1|
    |and_ln628_1_fu_2847_p2        |       and|   0|  0|    2|           1|           1|
    |and_ln628_fu_2763_p2          |       and|   0|  0|    2|           1|           1|
    |and_ln629_1_fu_2863_p2        |       and|   0|  0|    2|           1|           1|
    |and_ln629_fu_2853_p2          |       and|   0|  0|    2|           1|           1|
    |and_ln645_1_fu_2880_p2        |       and|   0|  0|    2|           1|           1|
    |and_ln645_fu_2875_p2          |       and|   0|  0|    2|           1|           1|
    |r_sign_fu_2121_p2             |       and|   0|  0|    2|           1|           1|
    |x_is_1_fu_1443_p2             |       and|   0|  0|    2|           1|           1|
    |x_is_NaN_fu_1733_p2           |       and|   0|  0|    2|           1|           1|
    |x_is_inf_fu_1737_p2           |       and|   0|  0|    2|           1|           1|
    |x_is_n1_fu_1699_p2            |       and|   0|  0|    2|           1|           1|
    |x_is_neg_fu_1752_p2           |       and|   0|  0|    2|           1|           1|
    |x_is_p1_fu_1694_p2            |       and|   0|  0|    2|           1|           1|
    |y_is_NaN_fu_1727_p2           |       and|   0|  0|    2|           1|           1|
    |y_is_inf_fu_1715_p2           |       and|   0|  0|    2|           1|           1|
    |y_is_ninf_fu_1909_p2          |       and|   0|  0|    2|           1|           1|
    |y_is_pinf_fu_1903_p2          |       and|   0|  0|    2|           1|           1|
    |ashr_ln545_fu_2149_p2         |      ashr|   0|  0|  435|         131|         131|
    |ashr_ln546_fu_2184_p2         |      ashr|   0|  0|  431|         130|         130|
    |ashr_ln553_fu_2237_p2         |      ashr|   0|  0|  435|         131|         131|
    |icmp_ln18_1_fu_1709_p2        |      icmp|   0|  0|   59|          52|           1|
    |icmp_ln18_2_fu_1721_p2        |      icmp|   0|  0|   59|          52|           1|
    |icmp_ln18_3_fu_1448_p2        |      icmp|   0|  0|   18|          11|           2|
    |icmp_ln18_4_fu_714_p2         |      icmp|   0|  0|   59|          52|           1|
    |icmp_ln18_fu_1703_p2          |      icmp|   0|  0|   18|          11|           2|
    |icmp_ln340_1_fu_709_p2        |      icmp|   0|  0|   59|          52|           1|
    |icmp_ln340_fu_1437_p2         |      icmp|   0|  0|   19|          12|           1|
    |icmp_ln372_fu_1757_p2         |      icmp|   0|  0|   19|          12|           6|
    |icmp_ln421_fu_2061_p2         |      icmp|   0|  0|   19|          12|           1|
    |icmp_ln422_1_fu_2071_p2       |      icmp|   0|  0|   19|          12|           6|
    |icmp_ln422_fu_2066_p2         |      icmp|   0|  0|   19|          12|           1|
    |icmp_ln563_fu_2336_p2         |      icmp|   0|  0|   25|          18|           1|
    |icmp_ln628_1_fu_2676_p2       |      icmp|   0|  0|   10|           3|           1|
    |icmp_ln628_fu_2301_p2         |      icmp|   0|  0|  138|         131|         131|
    |icmp_ln645_fu_2682_p2         |      icmp|   0|  0|   20|          13|          11|
    |x_is_0_fu_1453_p2             |      icmp|   0|  0|   18|          11|           1|
    |y_is_0_fu_1683_p2             |      icmp|   0|  0|   18|          11|           1|
    |y_is_int_fu_1829_p4           |      icmp|   0|  0|   59|          52|           1|
    |lshr_ln373_fu_1791_p2         |      lshr|   0|  0|  155|           2|          52|
    |or_ln357_fu_1741_p2           |        or|   0|  0|    2|           1|           1|
    |or_ln373_fu_1809_p2           |        or|   0|  0|    2|           1|           1|
    |or_ln378_1_fu_1861_p2         |        or|   0|  0|    2|           1|           1|
    |or_ln378_fu_1855_p2           |        or|   0|  0|    2|           1|           1|
    |or_ln386_1_fu_1885_p2         |        or|   0|  0|    2|           1|           1|
    |or_ln386_2_fu_1891_p2         |        or|   0|  0|    2|           1|           1|
    |or_ln386_3_fu_2789_p2         |        or|   0|  0|    2|           1|           1|
    |or_ln386_fu_1867_p2           |        or|   0|  0|    2|           1|           1|
    |or_ln431_1_fu_1966_p2         |        or|   0|  0|    2|           1|           1|
    |or_ln431_2_fu_1972_p2         |        or|   0|  0|    2|           1|           1|
    |or_ln431_fu_1960_p2           |        or|   0|  0|    2|           1|           1|
    |or_ln438_1_fu_2006_p2         |        or|   0|  0|    2|           1|           1|
    |or_ln438_2_fu_2012_p2         |        or|   0|  0|    2|           1|           1|
    |or_ln438_fu_2000_p2           |        or|   0|  0|    2|           1|           1|
    |or_ln628_fu_2767_p2           |        or|   0|  0|    2|           1|           1|
    |b_exp_2_fu_1472_p3            |    select|   0|  0|   12|           1|          12|
    |e_frac_2_fu_2036_p3           |    select|   0|  0|   48|           1|          54|
    |m_fix_0_in_in_v_v_fu_2250_p3  |    select|   0|  0|  106|           1|         131|
    |m_fix_back_fu_2190_p3         |    select|   0|  0|  105|           1|         130|
    |m_fix_l_fu_2167_p3            |    select|   0|  0|  105|           1|         130|
    |mul_ln516_fu_630_p0           |    select|   0|  0|   48|           1|          54|
    |out_sig_fu_2708_p3            |    select|   0|  0|   47|           1|          52|
    |r_exp_2_fu_2659_p3            |    select|   0|  0|   13|           1|          13|
    |r_exp_fu_2356_p3              |    select|   0|  0|   13|           1|          13|
    |select_ln42_fu_816_p3         |    select|   0|  0|   65|           1|          76|
    |select_ln545_fu_2135_p3       |    select|   0|  0|   12|           1|          12|
    |select_ln553_1_fu_2242_p3     |    select|   0|  0|  106|           1|         131|
    |select_ln553_fu_2217_p3       |    select|   0|  0|   12|           1|          12|
    |select_ln563_fu_2348_p3       |    select|   0|  0|   13|           1|          13|
    |shl_ln545_fu_2154_p2          |       shl|   0|  0|  435|         131|         131|
    |shl_ln546_fu_2178_p2          |       shl|   0|  0|  431|         130|         130|
    |shl_ln552_fu_2204_p2          |       shl|   0|  0|  435|         131|         131|
    |shl_ln553_fu_2232_p2          |       shl|   0|  0|  435|         131|         131|
    |ap_enable_pp0                 |       xor|   0|  0|    2|           1|           2|
    |x_abs_greater_1_fu_1915_p2    |       xor|   0|  0|    2|           1|           2|
    |xor_ln341_fu_1689_p2          |       xor|   0|  0|    2|           1|           2|
    |xor_ln342_fu_2814_p2          |       xor|   0|  0|    2|           1|           2|
    |xor_ln357_fu_1746_p2          |       xor|   0|  0|    2|           1|           2|
    |xor_ln373_fu_1815_p2          |       xor|   0|  0|    2|           1|           2|
    |xor_ln386_1_fu_2793_p2        |       xor|   0|  0|    2|           1|           2|
    |xor_ln386_2_fu_2804_p2        |       xor|   0|  0|    2|           1|           2|
    |xor_ln386_fu_1873_p2          |       xor|   0|  0|    2|           1|           2|
    |xor_ln421_fu_2076_p2          |       xor|   0|  0|    2|           1|           2|
    |xor_ln431_fu_2731_p2          |       xor|   0|  0|    2|           1|           2|
    |xor_ln438_fu_2736_p2          |       xor|   0|  0|    2|           1|           2|
    |xor_ln628_fu_2869_p2          |       xor|   0|  0|    2|           1|           2|
    |xor_ln629_fu_2858_p2          |       xor|   0|  0|    2|           1|           2|
    |y_is_pos_fu_1897_p2           |       xor|   0|  0|    2|           1|           2|
    +------------------------------+----------+----+---+-----+------------+------------+
    |Total                         |          |   0|  0| 8088|        4721|        5216|
    +------------------------------+----------+----+---+-----+------------+------------+

    * Multiplexer: 
    N/A

    * Register: 
    +-----------------------------------+-----+----+-----+-----------+
    |                Name               |  FF | LUT| Bits| Const Bits|
    +-----------------------------------+-----+----+-----+-----------+
    |Z2_reg_3348                        |    8|   0|    8|          0|
    |Z2_reg_3348_pp0_iter16_reg         |    8|   0|    8|          0|
    |Z3_reg_3355                        |    8|   0|    8|          0|
    |Z4_reg_3360                        |   35|   0|   35|          0|
    |a_1_reg_3042                       |    6|   0|    6|          0|
    |a_2_reg_3058                       |    6|   0|    6|          0|
    |a_reg_3020                         |    4|   0|    4|          0|
    |add_ln261_reg_3380                 |   36|   0|   36|          0|
    |ap_CS_fsm                          |    1|   0|    1|          0|
    |ap_enable_reg_pp0_iter1            |    1|   0|    1|          0|
    |ap_enable_reg_pp0_iter10           |    1|   0|    1|          0|
    |ap_enable_reg_pp0_iter11           |    1|   0|    1|          0|
    |ap_enable_reg_pp0_iter12           |    1|   0|    1|          0|
    |ap_enable_reg_pp0_iter13           |    1|   0|    1|          0|
    |ap_enable_reg_pp0_iter14           |    1|   0|    1|          0|
    |ap_enable_reg_pp0_iter15           |    1|   0|    1|          0|
    |ap_enable_reg_pp0_iter16           |    1|   0|    1|          0|
    |ap_enable_reg_pp0_iter17           |    1|   0|    1|          0|
    |ap_enable_reg_pp0_iter18           |    1|   0|    1|          0|
    |ap_enable_reg_pp0_iter19           |    1|   0|    1|          0|
    |ap_enable_reg_pp0_iter2            |    1|   0|    1|          0|
    |ap_enable_reg_pp0_iter3            |    1|   0|    1|          0|
    |ap_enable_reg_pp0_iter4            |    1|   0|    1|          0|
    |ap_enable_reg_pp0_iter5            |    1|   0|    1|          0|
    |ap_enable_reg_pp0_iter6            |    1|   0|    1|          0|
    |ap_enable_reg_pp0_iter7            |    1|   0|    1|          0|
    |ap_enable_reg_pp0_iter8            |    1|   0|    1|          0|
    |ap_enable_reg_pp0_iter9            |    1|   0|    1|          0|
    |bs_exp_reg_2965                    |   11|   0|   11|          0|
    |bs_sig_reg_2972                    |   52|   0|   52|          0|
    |es_exp_reg_3218                    |   11|   0|   11|          0|
    |exp_Z1P_m_1_reg_3395               |   50|   0|   50|          0|
    |exp_Z3_m_1_reg_3375                |   34|   0|   43|          9|
    |exp_read_reg_2960                  |   64|   0|   64|          0|
    |icmp_ln18_3_reg_3193               |    1|   0|    1|          0|
    |icmp_ln18_4_reg_3009               |    1|   0|    1|          0|
    |icmp_ln340_1_reg_3003              |    1|   0|    1|          0|
    |icmp_ln422_reg_3298                |    1|   0|    1|          0|
    |icmp_ln628_1_reg_3400              |    1|   0|    1|          0|
    |icmp_ln628_reg_3326                |    1|   0|    1|          0|
    |icmp_ln645_reg_3405                |    1|   0|    1|          0|
    |log_base_reg_3213                  |   78|   0|   78|          0|
    |m_diff_hi_reg_3343                 |    8|   0|    8|          0|
    |m_diff_hi_reg_3343_pp0_iter16_reg  |    8|   0|    8|          0|
    |m_exp_reg_3223                     |   12|   0|   12|          0|
    |m_fix_reg_3311                     |   59|   0|   59|          0|
    |m_frac_l_reg_3282                  |  131|   0|  131|          0|
    |mul_ln516_reg_3014                 |   54|   0|   54|          0|
    |or_ln378_1_reg_3252                |    1|   0|    1|          0|
    |or_ln386_2_reg_3259                |    1|   0|    1|          0|
    |or_ln431_2_reg_3270                |    1|   0|    1|          0|
    |or_ln438_2_reg_3276                |    1|   0|    1|          0|
    |out_sig_reg_3410                   |   52|   0|   52|          0|
    |r_exp_reg_3336                     |   13|   0|   13|          0|
    |r_sign_reg_3303                    |    1|   0|    1|          0|
    |sub_ln44_1_reg_3053                |   82|   0|   82|          0|
    |tmp_10_reg_3086                    |   87|   0|   87|          0|
    |tmp_11_reg_3092                    |   81|   0|   81|          0|
    |tmp_13_reg_3097                    |    6|   0|    6|          0|
    |tmp_14_reg_3103                    |   82|   0|   82|          0|
    |tmp_15_reg_3109                    |   76|   0|   76|          0|
    |tmp_16_reg_3114                    |    6|   0|    6|          0|
    |tmp_16_reg_3114_pp0_iter7_reg      |    6|   0|    6|          0|
    |tmp_17_reg_3120                    |   77|   0|   77|          0|
    |tmp_18_reg_3126                    |   71|   0|   71|          0|
    |tmp_19_reg_3131                    |    6|   0|    6|          0|
    |tmp_1_reg_3244                     |    1|   0|    1|          0|
    |tmp_20_reg_3177                    |   72|   0|   72|          0|
    |tmp_21_reg_3182                    |   40|   0|   40|          0|
    |tmp_23_reg_3316                    |    1|   0|    1|          0|
    |tmp_23_reg_3316_pp0_iter12_reg     |    1|   0|    1|          0|
    |tmp_2_reg_3206                     |    1|   0|    1|          0|
    |tmp_30_reg_3292                    |    1|   0|    1|          0|
    |tmp_5_reg_2987                     |    1|   0|    1|          0|
    |tmp_6_reg_3031                     |    1|   0|    1|          0|
    |tmp_7_reg_3048                     |   67|   0|   67|          0|
    |tmp_8_reg_3075                     |   86|   0|   86|          0|
    |tmp_9_reg_3080                     |    6|   0|    6|          0|
    |tmp_reg_2980                       |    1|   0|    1|          0|
    |trunc_ln39_1_reg_3064              |   76|   0|   76|          0|
    |trunc_ln39_reg_3026                |   50|   0|   50|          0|
    |trunc_ln657_reg_3415               |   11|   0|   11|          0|
    |x_is_0_reg_3199                    |    1|   0|    1|          0|
    |x_is_1_reg_3187                    |    1|   0|    1|          0|
    |x_is_n1_reg_3233                   |    1|   0|    1|          0|
    |x_is_neg_reg_3239                  |    1|   0|    1|          0|
    |y_is_odd_reg_3265                  |    1|   0|    1|          0|
    |z2_reg_3036                        |   73|   0|   73|          0|
    |z4_reg_3069                        |   92|   0|   92|          0|
    |zext_ln502_reg_2993                |    6|   0|   64|         58|
    |a_1_reg_3042                       |   64|  32|    6|          0|
    |a_2_reg_3058                       |   64|  32|    6|          0|
    |a_reg_3020                         |   64|  32|    4|          0|
    |bs_exp_reg_2965                    |   64|  32|   11|          0|
    |exp_read_reg_2960                  |   64|  32|   64|          0|
    |icmp_ln18_4_reg_3009               |   64|  32|    1|          0|
    |icmp_ln340_1_reg_3003              |   64|  32|    1|          0|
    |icmp_ln422_reg_3298                |   64|  32|    1|          0|
    |icmp_ln628_reg_3326                |   64|  32|    1|          0|
    |m_fix_reg_3311                     |   64|  32|   59|          0|
    |or_ln378_1_reg_3252                |   64|  32|    1|          0|
    |or_ln386_2_reg_3259                |   64|  32|    1|          0|
    |or_ln431_2_reg_3270                |   64|  32|    1|          0|
    |or_ln438_2_reg_3276                |   64|  32|    1|          0|
    |r_exp_reg_3336                     |   64|  32|   13|          0|
    |r_sign_reg_3303                    |   64|  32|    1|          0|
    |tmp_13_reg_3097                    |   64|  32|    6|          0|
    |tmp_30_reg_3292                    |   64|  32|    1|          0|
    |tmp_5_reg_2987                     |   64|  32|    1|          0|
    |tmp_9_reg_3080                     |   64|  32|    6|          0|
    |tmp_reg_2980                       |   64|  32|    1|          0|
    |x_is_n1_reg_3233                   |   64|  32|    1|          0|
    |zext_ln502_reg_2993                |   64|  32|   64|         58|
    +-----------------------------------+-----+----+-----+-----------+
    |Total                              | 3424| 736| 2271|        125|
    +-----------------------------------+-----+----+-----+-----------+



================================================================
== Interface
================================================================
* Summary: 
+-----------+-----+-----+------------+---------------------+--------------+
| RTL Ports | Dir | Bits|  Protocol  |    Source Object    |    C Type    |
+-----------+-----+-----+------------+---------------------+--------------+
|ap_clk     |   in|    1|  ap_ctrl_hs|  pow_generic<double>|  return value|
|ap_rst     |   in|    1|  ap_ctrl_hs|  pow_generic<double>|  return value|
|ap_start   |   in|    1|  ap_ctrl_hs|  pow_generic<double>|  return value|
|ap_done    |  out|    1|  ap_ctrl_hs|  pow_generic<double>|  return value|
|ap_idle    |  out|    1|  ap_ctrl_hs|  pow_generic<double>|  return value|
|ap_ready   |  out|    1|  ap_ctrl_hs|  pow_generic<double>|  return value|
|ap_ce      |   in|    1|  ap_ctrl_hs|  pow_generic<double>|  return value|
|ap_return  |  out|   64|  ap_ctrl_hs|  pow_generic<double>|  return value|
|base_r     |   in|   64|     ap_none|               base_r|        scalar|
|exp        |   in|   64|     ap_none|                  exp|        scalar|
+-----------+-----+-----+------------+---------------------+--------------+

