01/12/25 21:03:59: Running xcd server. This server was built by gradle.
01/12/25 21:03:59: Server was asked to start on port: '59827'
01/12/25 21:03:59: Server is using token UUID: '2a321359-62e1-49f2-9b00-43571207824e'
01/12/25 21:03:59: SESSION_MGR: creating session with session uuid: '6d04a3e9-ade5-4ab9-8d63-1f78fcd2ec76' and name 'default'
01/12/25 21:03:59: Attempting to start server on port '59827'
01/12/25 21:03:59: Running Dispatch Server
01/12/25 21:03:59: Version 2.2.0
01/12/25 21:04:01: Dispatch Server: Accepted socket connection from client
01/12/25 21:04:01: Starting Socket connection
01/12/25 21:04:01: EXCHANGE_TOKEN received, server token: 2a321359-62e1-49f2-9b00-43571207824e, passed token: 2a321359-62e1-49f2-9b00-43571207824e
01/12/25 21:04:01: DISPATCH_HANDLER: Adding handler from function makeHandler in library xv_system_diagram
01/12/25 21:04:01: SESSION_MGR: creating session with session uuid: '41f4431d-2779-42ec-9705-aeb7553af5fd' and name 'vitis-run_compile_GBM'
01/12/25 21:04:01: KERNEL_SVC: creating session with uuid: '41f4431d-2779-42ec-9705-aeb7553af5fd' and name 'vitis-run_compile_GBM'
01/12/25 21:04:01: GUIDANCE_SMGR: creating guidance session with uuid: '41f4431d-2779-42ec-9705-aeb7553af5fd' and name 'vitis-run_compile_GBM'
01/12/25 21:04:01: SYSTEM_DIAGRAM: creating session with uuid: '41f4431d-2779-42ec-9705-aeb7553af5fd' and name 'vitis-run_compile_GBM'
01/12/25 21:04:06: Dispatch Server: Accepted socket connection from client
01/12/25 21:04:06: Starting Socket connection
01/12/25 21:04:13: SESSION_MGR: closing session for UUID '41f4431d-2779-42ec-9705-aeb7553af5fd' with name 'vitis-run_compile_GBM'
01/12/25 21:04:13: KERNEL_SVC: closing session for UUID '41f4431d-2779-42ec-9705-aeb7553af5fd' with name 'vitis-run_compile_GBM'
01/12/25 21:04:13: GUIDANCE_SMGR: closing session for UUID '41f4431d-2779-42ec-9705-aeb7553af5fd' with name 'vitis-run_compile_GBM'
01/12/25 21:04:13: SYSTEM_DIAGRAM: closing session for UUID '41f4431d-2779-42ec-9705-aeb7553af5fd' with name 'vitis-run_compile_GBM'
01/12/25 21:04:13: STOP_SERVER received, server token: 2a321359-62e1-49f2-9b00-43571207824e, passed token: 2a321359-62e1-49f2-9b00-43571207824e
01/12/25 21:04:13: Socket received request to stop server.
01/12/25 21:04:13: Dispatch Server: do_await_stop
01/12/25 21:04:13: SERVER: destructor for server bound to port 59827
01/12/25 21:04:22: Running xcd server. This server was built by gradle.
01/12/25 21:04:22: Server was asked to start on port: '59838'
01/12/25 21:04:22: Server is using token UUID: '77825c56-60ec-45f2-8bae-1d256a529667'
01/12/25 21:04:22: SESSION_MGR: creating session with session uuid: '6d04a3e9-ade5-4ab9-8d63-1f78fcd2ec76' and name 'default'
01/12/25 21:04:22: Attempting to start server on port '59838'
01/12/25 21:04:22: Running Dispatch Server
01/12/25 21:04:22: Version 2.2.0
01/12/25 21:04:24: Dispatch Server: Accepted socket connection from client
01/12/25 21:04:24: Starting Socket connection
01/12/25 21:04:24: EXCHANGE_TOKEN received, server token: 77825c56-60ec-45f2-8bae-1d256a529667, passed token: 77825c56-60ec-45f2-8bae-1d256a529667
01/12/25 21:04:24: DISPATCH_HANDLER: Adding handler from function makeHandler in library xv_system_diagram
01/12/25 21:04:24: SESSION_MGR: creating session with session uuid: '2f884d57-fe8a-4ab5-a405-5124357c13d1' and name 'v++_compile_GBM'
01/12/25 21:04:24: KERNEL_SVC: creating session with uuid: '2f884d57-fe8a-4ab5-a405-5124357c13d1' and name 'v++_compile_GBM'
01/12/25 21:04:24: GUIDANCE_SMGR: creating guidance session with uuid: '2f884d57-fe8a-4ab5-a405-5124357c13d1' and name 'v++_compile_GBM'
01/12/25 21:04:24: SYSTEM_DIAGRAM: creating session with uuid: '2f884d57-fe8a-4ab5-a405-5124357c13d1' and name 'v++_compile_GBM'
01/12/25 21:04:29: Dispatch Server: Accepted socket connection from client
01/12/25 21:04:29: Starting Socket connection
01/12/25 21:14:03: SESSION_MGR: closing session for UUID '2f884d57-fe8a-4ab5-a405-5124357c13d1' with name 'v++_compile_GBM'
01/12/25 21:14:03: KERNEL_SVC: closing session for UUID '2f884d57-fe8a-4ab5-a405-5124357c13d1' with name 'v++_compile_GBM'
01/12/25 21:14:03: GUIDANCE_SMGR: closing session for UUID '2f884d57-fe8a-4ab5-a405-5124357c13d1' with name 'v++_compile_GBM'
01/12/25 21:14:03: SYSTEM_DIAGRAM: closing session for UUID '2f884d57-fe8a-4ab5-a405-5124357c13d1' with name 'v++_compile_GBM'
01/12/25 21:14:03: STOP_SERVER received, server token: 77825c56-60ec-45f2-8bae-1d256a529667, passed token: 77825c56-60ec-45f2-8bae-1d256a529667
01/12/25 21:14:03: Socket received request to stop server.
01/12/25 21:14:03: Dispatch Server: do_await_stop
01/12/25 21:14:03: SERVER: destructor for server bound to port 59838
01/12/25 21:14:14: Running xcd server. This server was built by gradle.
01/12/25 21:14:14: Server was asked to start on port: '59830'
01/12/25 21:14:14: Server is using token UUID: 'e0539537-294f-4610-9dc9-a898e6b5fe22'
01/12/25 21:14:14: SESSION_MGR: creating session with session uuid: '6d04a3e9-ade5-4ab9-8d63-1f78fcd2ec76' and name 'default'
01/12/25 21:14:14: Attempting to start server on port '59830'
01/12/25 21:14:14: Running Dispatch Server
01/12/25 21:14:14: Version 2.2.0
01/12/25 21:14:16: Dispatch Server: Accepted socket connection from client
01/12/25 21:14:16: Starting Socket connection
01/12/25 21:14:16: EXCHANGE_TOKEN received, server token: e0539537-294f-4610-9dc9-a898e6b5fe22, passed token: e0539537-294f-4610-9dc9-a898e6b5fe22
01/12/25 21:14:17: DISPATCH_HANDLER: Adding handler from function makeHandler in library xv_system_diagram
01/12/25 21:14:17: SESSION_MGR: creating session with session uuid: '603473fc-45a8-43ca-80d2-f2cb81863d17' and name 'vitis-run_compile_GBM'
01/12/25 21:14:17: KERNEL_SVC: creating session with uuid: '603473fc-45a8-43ca-80d2-f2cb81863d17' and name 'vitis-run_compile_GBM'
01/12/25 21:14:17: GUIDANCE_SMGR: creating guidance session with uuid: '603473fc-45a8-43ca-80d2-f2cb81863d17' and name 'vitis-run_compile_GBM'
01/12/25 21:14:17: SYSTEM_DIAGRAM: creating session with uuid: '603473fc-45a8-43ca-80d2-f2cb81863d17' and name 'vitis-run_compile_GBM'
01/12/25 21:14:23: Dispatch Server: Accepted socket connection from client
01/12/25 21:14:23: Starting Socket connection
01/12/25 21:37:33: SESSION_MGR: closing session for UUID '603473fc-45a8-43ca-80d2-f2cb81863d17' with name 'vitis-run_compile_GBM'
01/12/25 21:37:33: KERNEL_SVC: closing session for UUID '603473fc-45a8-43ca-80d2-f2cb81863d17' with name 'vitis-run_compile_GBM'
01/12/25 21:37:33: GUIDANCE_SMGR: closing session for UUID '603473fc-45a8-43ca-80d2-f2cb81863d17' with name 'vitis-run_compile_GBM'
01/12/25 21:37:33: SYSTEM_DIAGRAM: closing session for UUID '603473fc-45a8-43ca-80d2-f2cb81863d17' with name 'vitis-run_compile_GBM'
01/12/25 21:37:33: STOP_SERVER received, server token: e0539537-294f-4610-9dc9-a898e6b5fe22, passed token: e0539537-294f-4610-9dc9-a898e6b5fe22
01/12/25 21:37:33: Socket received request to stop server.
01/12/25 21:37:33: Dispatch Server: do_await_stop
01/12/25 21:37:33: SERVER: destructor for server bound to port 59830
01/12/25 21:37:44: Running xcd server. This server was built by gradle.
01/12/25 21:37:44: Server was asked to start on port: '61628'
01/12/25 21:37:44: Server is using token UUID: '05064a5d-07ed-4532-919c-599006c2450d'
01/12/25 21:37:44: SESSION_MGR: creating session with session uuid: '6d04a3e9-ade5-4ab9-8d63-1f78fcd2ec76' and name 'default'
01/12/25 21:37:44: Attempting to start server on port '61628'
01/12/25 21:37:44: Running Dispatch Server
01/12/25 21:37:44: Version 2.2.0
01/12/25 21:37:46: Dispatch Server: Accepted socket connection from client
01/12/25 21:37:46: Starting Socket connection
01/12/25 21:37:46: EXCHANGE_TOKEN received, server token: 05064a5d-07ed-4532-919c-599006c2450d, passed token: 05064a5d-07ed-4532-919c-599006c2450d
01/12/25 21:37:46: DISPATCH_HANDLER: Adding handler from function makeHandler in library xv_system_diagram
01/12/25 21:37:46: SESSION_MGR: creating session with session uuid: 'ec999fae-fa5b-406c-8f25-3d7f94eb1806' and name 'vitis-run_compile_GBM'
01/12/25 21:37:46: KERNEL_SVC: creating session with uuid: 'ec999fae-fa5b-406c-8f25-3d7f94eb1806' and name 'vitis-run_compile_GBM'
01/12/25 21:37:46: GUIDANCE_SMGR: creating guidance session with uuid: 'ec999fae-fa5b-406c-8f25-3d7f94eb1806' and name 'vitis-run_compile_GBM'
01/12/25 21:37:46: SYSTEM_DIAGRAM: creating session with uuid: 'ec999fae-fa5b-406c-8f25-3d7f94eb1806' and name 'vitis-run_compile_GBM'
01/12/25 21:37:52: Dispatch Server: Accepted socket connection from client
01/12/25 21:37:52: Starting Socket connection
01/12/25 21:38:56: Running xcd server. This server was built by gradle.
01/12/25 21:38:56: Server was asked to start on port: '61634'
01/12/25 21:38:56: Server is using token UUID: 'bbd2b212-dc50-4499-a742-f73f683f7593'
01/12/25 21:38:56: SESSION_MGR: creating session with session uuid: '6d04a3e9-ade5-4ab9-8d63-1f78fcd2ec76' and name 'default'
01/12/25 21:38:56: Attempting to start server on port '61634'
01/12/25 21:38:56: Running Dispatch Server
01/12/25 21:38:56: Version 2.2.0
01/12/25 21:38:58: Dispatch Server: Accepted socket connection from client
01/12/25 21:38:58: Starting Socket connection
01/12/25 21:38:58: EXCHANGE_TOKEN received, server token: bbd2b212-dc50-4499-a742-f73f683f7593, passed token: bbd2b212-dc50-4499-a742-f73f683f7593
01/12/25 21:38:58: DISPATCH_HANDLER: Adding handler from function makeHandler in library xv_system_diagram
01/12/25 21:38:58: SESSION_MGR: creating session with session uuid: 'd29b4802-bab7-4918-8a22-280afeaa601a' and name 'vitis-run_compile_GBM'
01/12/25 21:38:58: KERNEL_SVC: creating session with uuid: 'd29b4802-bab7-4918-8a22-280afeaa601a' and name 'vitis-run_compile_GBM'
01/12/25 21:38:58: GUIDANCE_SMGR: creating guidance session with uuid: 'd29b4802-bab7-4918-8a22-280afeaa601a' and name 'vitis-run_compile_GBM'
01/12/25 21:38:58: SYSTEM_DIAGRAM: creating session with uuid: 'd29b4802-bab7-4918-8a22-280afeaa601a' and name 'vitis-run_compile_GBM'
01/12/25 21:39:04: Dispatch Server: Accepted socket connection from client
01/12/25 21:39:04: Starting Socket connection
01/12/25 21:54:02: SESSION_MGR: closing session for UUID 'd29b4802-bab7-4918-8a22-280afeaa601a' with name 'vitis-run_compile_GBM'
01/12/25 21:54:02: KERNEL_SVC: closing session for UUID 'd29b4802-bab7-4918-8a22-280afeaa601a' with name 'vitis-run_compile_GBM'
01/12/25 21:54:02: GUIDANCE_SMGR: closing session for UUID 'd29b4802-bab7-4918-8a22-280afeaa601a' with name 'vitis-run_compile_GBM'
01/12/25 21:54:02: SYSTEM_DIAGRAM: closing session for UUID 'd29b4802-bab7-4918-8a22-280afeaa601a' with name 'vitis-run_compile_GBM'
01/12/25 21:54:02: STOP_SERVER received, server token: bbd2b212-dc50-4499-a742-f73f683f7593, passed token: bbd2b212-dc50-4499-a742-f73f683f7593
01/12/25 21:54:02: Socket received request to stop server.
01/12/25 21:54:02: Dispatch Server: do_await_stop
01/12/25 21:54:02: SERVER: destructor for server bound to port 61634
