01/13/25 02:25:42: Running xcd server. This server was built by gradle.
01/13/25 02:25:42: Server was asked to start on port: '61826'
01/13/25 02:25:42: Server is using token UUID: 'fbb96963-fd80-4b7c-872f-bce5b4ee8b4c'
01/13/25 02:25:42: SESSION_MGR: creating session with session uuid: '6d04a3e9-ade5-4ab9-8d63-1f78fcd2ec76' and name 'default'
01/13/25 02:25:42: Attempting to start server on port '61826'
01/13/25 02:25:42: Running Dispatch Server
01/13/25 02:25:42: Version 2.2.0
01/13/25 02:25:44: Dispatch Server: Accepted socket connection from client
01/13/25 02:25:44: Starting Socket connection
01/13/25 02:25:44: EXCHANGE_TOKEN received, server token: fbb96963-fd80-4b7c-872f-bce5b4ee8b4c, passed token: fbb96963-fd80-4b7c-872f-bce5b4ee8b4c
01/13/25 02:25:44: DISPATCH_HANDLER: Adding handler from function makeHandler in library xv_system_diagram
01/13/25 02:25:44: SESSION_MGR: creating session with session uuid: '4cc484c1-f8cf-40c1-9c7b-b0d5d54f19e6' and name 'vitis-run_compile_SABR'
01/13/25 02:25:44: KERNEL_SVC: creating session with uuid: '4cc484c1-f8cf-40c1-9c7b-b0d5d54f19e6' and name 'vitis-run_compile_SABR'
01/13/25 02:25:44: GUIDANCE_SMGR: creating guidance session with uuid: '4cc484c1-f8cf-40c1-9c7b-b0d5d54f19e6' and name 'vitis-run_compile_SABR'
01/13/25 02:25:44: SYSTEM_DIAGRAM: creating session with uuid: '4cc484c1-f8cf-40c1-9c7b-b0d5d54f19e6' and name 'vitis-run_compile_SABR'
01/13/25 02:25:46: SESSION_MGR: closing session for UUID '4cc484c1-f8cf-40c1-9c7b-b0d5d54f19e6' with name 'vitis-run_compile_SABR'
01/13/25 02:25:46: KERNEL_SVC: closing session for UUID '4cc484c1-f8cf-40c1-9c7b-b0d5d54f19e6' with name 'vitis-run_compile_SABR'
01/13/25 02:25:46: GUIDANCE_SMGR: closing session for UUID '4cc484c1-f8cf-40c1-9c7b-b0d5d54f19e6' with name 'vitis-run_compile_SABR'
01/13/25 02:25:46: SYSTEM_DIAGRAM: closing session for UUID '4cc484c1-f8cf-40c1-9c7b-b0d5d54f19e6' with name 'vitis-run_compile_SABR'
01/13/25 02:25:46: STOP_SERVER received, server token: fbb96963-fd80-4b7c-872f-bce5b4ee8b4c, passed token: fbb96963-fd80-4b7c-872f-bce5b4ee8b4c
01/13/25 02:25:46: Socket received request to stop server.
01/13/25 02:25:46: Dispatch Server: do_await_stop
01/13/25 02:25:46: SERVER: destructor for server bound to port 61826
01/13/25 02:25:52: Running xcd server. This server was built by gradle.
01/13/25 02:25:52: Server was asked to start on port: '61828'
01/13/25 02:25:52: Server is using token UUID: '9a422cbc-8fba-43cc-8a19-97e596def631'
01/13/25 02:25:52: SESSION_MGR: creating session with session uuid: '6d04a3e9-ade5-4ab9-8d63-1f78fcd2ec76' and name 'default'
01/13/25 02:25:52: Attempting to start server on port '61828'
01/13/25 02:25:52: Running Dispatch Server
01/13/25 02:25:52: Version 2.2.0
01/13/25 02:25:54: Dispatch Server: Accepted socket connection from client
01/13/25 02:25:54: Starting Socket connection
01/13/25 02:25:54: EXCHANGE_TOKEN received, server token: 9a422cbc-8fba-43cc-8a19-97e596def631, passed token: 9a422cbc-8fba-43cc-8a19-97e596def631
01/13/25 02:25:55: DISPATCH_HANDLER: Adding handler from function makeHandler in library xv_system_diagram
01/13/25 02:25:55: SESSION_MGR: creating session with session uuid: '8e570a74-889e-420e-85eb-fa3d616c6e95' and name 'vitis-run_compile_SABR'
01/13/25 02:25:55: KERNEL_SVC: creating session with uuid: '8e570a74-889e-420e-85eb-fa3d616c6e95' and name 'vitis-run_compile_SABR'
01/13/25 02:25:55: GUIDANCE_SMGR: creating guidance session with uuid: '8e570a74-889e-420e-85eb-fa3d616c6e95' and name 'vitis-run_compile_SABR'
01/13/25 02:25:55: SYSTEM_DIAGRAM: creating session with uuid: '8e570a74-889e-420e-85eb-fa3d616c6e95' and name 'vitis-run_compile_SABR'
01/13/25 02:26:00: Dispatch Server: Accepted socket connection from client
01/13/25 02:26:00: Starting Socket connection
01/13/25 02:26:07: SESSION_MGR: closing session for UUID '8e570a74-889e-420e-85eb-fa3d616c6e95' with name 'vitis-run_compile_SABR'
01/13/25 02:26:07: KERNEL_SVC: closing session for UUID '8e570a74-889e-420e-85eb-fa3d616c6e95' with name 'vitis-run_compile_SABR'
01/13/25 02:26:07: GUIDANCE_SMGR: closing session for UUID '8e570a74-889e-420e-85eb-fa3d616c6e95' with name 'vitis-run_compile_SABR'
01/13/25 02:26:07: SYSTEM_DIAGRAM: closing session for UUID '8e570a74-889e-420e-85eb-fa3d616c6e95' with name 'vitis-run_compile_SABR'
01/13/25 02:26:07: STOP_SERVER received, server token: 9a422cbc-8fba-43cc-8a19-97e596def631, passed token: 9a422cbc-8fba-43cc-8a19-97e596def631
01/13/25 02:26:07: Socket received request to stop server.
01/13/25 02:26:07: Dispatch Server: do_await_stop
01/13/25 02:26:07: SERVER: destructor for server bound to port 61828
01/13/25 02:26:12: Running xcd server. This server was built by gradle.
01/13/25 02:26:12: Server was asked to start on port: '61839'
01/13/25 02:26:12: Server is using token UUID: '2fac0ebe-1ed0-432b-a594-02d6595aff4c'
01/13/25 02:26:12: SESSION_MGR: creating session with session uuid: '6d04a3e9-ade5-4ab9-8d63-1f78fcd2ec76' and name 'default'
01/13/25 02:26:12: Attempting to start server on port '61839'
01/13/25 02:26:12: Running Dispatch Server
01/13/25 02:26:12: Version 2.2.0
01/13/25 02:26:14: Dispatch Server: Accepted socket connection from client
01/13/25 02:26:14: Starting Socket connection
01/13/25 02:26:14: EXCHANGE_TOKEN received, server token: 2fac0ebe-1ed0-432b-a594-02d6595aff4c, passed token: 2fac0ebe-1ed0-432b-a594-02d6595aff4c
01/13/25 02:26:14: DISPATCH_HANDLER: Adding handler from function makeHandler in library xv_system_diagram
01/13/25 02:26:14: SESSION_MGR: creating session with session uuid: '75387b07-e1d0-4b7a-9d27-ec209bbfa882' and name 'v++_compile_SABR'
01/13/25 02:26:14: KERNEL_SVC: creating session with uuid: '75387b07-e1d0-4b7a-9d27-ec209bbfa882' and name 'v++_compile_SABR'
01/13/25 02:26:14: GUIDANCE_SMGR: creating guidance session with uuid: '75387b07-e1d0-4b7a-9d27-ec209bbfa882' and name 'v++_compile_SABR'
01/13/25 02:26:14: SYSTEM_DIAGRAM: creating session with uuid: '75387b07-e1d0-4b7a-9d27-ec209bbfa882' and name 'v++_compile_SABR'
01/13/25 02:26:19: Dispatch Server: Accepted socket connection from client
01/13/25 02:26:19: Starting Socket connection
01/13/25 03:09:59: SESSION_MGR: closing session for UUID '75387b07-e1d0-4b7a-9d27-ec209bbfa882' with name 'v++_compile_SABR'
01/13/25 03:09:59: KERNEL_SVC: closing session for UUID '75387b07-e1d0-4b7a-9d27-ec209bbfa882' with name 'v++_compile_SABR'
01/13/25 03:09:59: GUIDANCE_SMGR: closing session for UUID '75387b07-e1d0-4b7a-9d27-ec209bbfa882' with name 'v++_compile_SABR'
01/13/25 03:09:59: SYSTEM_DIAGRAM: closing session for UUID '75387b07-e1d0-4b7a-9d27-ec209bbfa882' with name 'v++_compile_SABR'
01/13/25 03:09:59: STOP_SERVER received, server token: 2fac0ebe-1ed0-432b-a594-02d6595aff4c, passed token: 2fac0ebe-1ed0-432b-a594-02d6595aff4c
01/13/25 03:09:59: Socket received request to stop server.
01/13/25 03:09:59: Dispatch Server: do_await_stop
01/13/25 03:09:59: SERVER: destructor for server bound to port 61839
01/13/25 03:17:28: Running xcd server. This server was built by gradle.
01/13/25 03:17:28: Server was asked to start on port: '64624'
01/13/25 03:17:28: Server is using token UUID: '52e21a29-7dfa-40a1-8434-e5c28cfc92cd'
01/13/25 03:17:28: SESSION_MGR: creating session with session uuid: '6d04a3e9-ade5-4ab9-8d63-1f78fcd2ec76' and name 'default'
01/13/25 03:17:28: Attempting to start server on port '64624'
01/13/25 03:17:28: Running Dispatch Server
01/13/25 03:17:28: Version 2.2.0
01/13/25 03:17:30: Dispatch Server: Accepted socket connection from client
01/13/25 03:17:30: Starting Socket connection
01/13/25 03:17:30: EXCHANGE_TOKEN received, server token: 52e21a29-7dfa-40a1-8434-e5c28cfc92cd, passed token: 52e21a29-7dfa-40a1-8434-e5c28cfc92cd
01/13/25 03:17:30: DISPATCH_HANDLER: Adding handler from function makeHandler in library xv_system_diagram
01/13/25 03:17:30: SESSION_MGR: creating session with session uuid: 'ba92c4d6-9431-4f68-9bcd-4abc7b009fc3' and name 'vitis-run_compile_SABR'
01/13/25 03:17:30: KERNEL_SVC: creating session with uuid: 'ba92c4d6-9431-4f68-9bcd-4abc7b009fc3' and name 'vitis-run_compile_SABR'
01/13/25 03:17:30: GUIDANCE_SMGR: creating guidance session with uuid: 'ba92c4d6-9431-4f68-9bcd-4abc7b009fc3' and name 'vitis-run_compile_SABR'
01/13/25 03:17:30: SYSTEM_DIAGRAM: creating session with uuid: 'ba92c4d6-9431-4f68-9bcd-4abc7b009fc3' and name 'vitis-run_compile_SABR'
01/13/25 03:17:36: Dispatch Server: Accepted socket connection from client
01/13/25 03:17:36: Starting Socket connection
01/13/25 03:47:43: SESSION_MGR: closing session for UUID 'ba92c4d6-9431-4f68-9bcd-4abc7b009fc3' with name 'vitis-run_compile_SABR'
01/13/25 03:47:43: KERNEL_SVC: closing session for UUID 'ba92c4d6-9431-4f68-9bcd-4abc7b009fc3' with name 'vitis-run_compile_SABR'
01/13/25 03:47:43: GUIDANCE_SMGR: closing session for UUID 'ba92c4d6-9431-4f68-9bcd-4abc7b009fc3' with name 'vitis-run_compile_SABR'
01/13/25 03:47:43: SYSTEM_DIAGRAM: closing session for UUID 'ba92c4d6-9431-4f68-9bcd-4abc7b009fc3' with name 'vitis-run_compile_SABR'
01/13/25 03:47:43: STOP_SERVER received, server token: 52e21a29-7dfa-40a1-8434-e5c28cfc92cd, passed token: 52e21a29-7dfa-40a1-8434-e5c28cfc92cd
01/13/25 03:47:43: Socket received request to stop server.
01/13/25 03:47:43: Dispatch Server: do_await_stop
01/13/25 03:47:43: SERVER: destructor for server bound to port 64624
01/13/25 03:52:09: Running xcd server. This server was built by gradle.
01/13/25 03:52:09: Server was asked to start on port: '64688'
01/13/25 03:52:09: Server is using token UUID: '05ca2d5e-5010-4790-bb2b-7cb37006538f'
01/13/25 03:52:09: SESSION_MGR: creating session with session uuid: '6d04a3e9-ade5-4ab9-8d63-1f78fcd2ec76' and name 'default'
01/13/25 03:52:09: Attempting to start server on port '64688'
01/13/25 03:52:09: Running Dispatch Server
01/13/25 03:52:09: Version 2.2.0
01/13/25 03:52:11: Dispatch Server: Accepted socket connection from client
01/13/25 03:52:11: Starting Socket connection
01/13/25 03:52:11: EXCHANGE_TOKEN received, server token: 05ca2d5e-5010-4790-bb2b-7cb37006538f, passed token: 05ca2d5e-5010-4790-bb2b-7cb37006538f
01/13/25 03:52:11: DISPATCH_HANDLER: Adding handler from function makeHandler in library xv_system_diagram
01/13/25 03:52:11: SESSION_MGR: creating session with session uuid: '78d4fa7a-4495-4d02-b55f-179b4d921502' and name 'vitis-run_compile_SABR'
01/13/25 03:52:11: KERNEL_SVC: creating session with uuid: '78d4fa7a-4495-4d02-b55f-179b4d921502' and name 'vitis-run_compile_SABR'
01/13/25 03:52:11: GUIDANCE_SMGR: creating guidance session with uuid: '78d4fa7a-4495-4d02-b55f-179b4d921502' and name 'vitis-run_compile_SABR'
01/13/25 03:52:11: SYSTEM_DIAGRAM: creating session with uuid: '78d4fa7a-4495-4d02-b55f-179b4d921502' and name 'vitis-run_compile_SABR'
01/13/25 03:52:17: Dispatch Server: Accepted socket connection from client
01/13/25 03:52:17: Starting Socket connection
01/13/25 04:19:27: SESSION_MGR: closing session for UUID '78d4fa7a-4495-4d02-b55f-179b4d921502' with name 'vitis-run_compile_SABR'
01/13/25 04:19:27: KERNEL_SVC: closing session for UUID '78d4fa7a-4495-4d02-b55f-179b4d921502' with name 'vitis-run_compile_SABR'
01/13/25 04:19:27: GUIDANCE_SMGR: closing session for UUID '78d4fa7a-4495-4d02-b55f-179b4d921502' with name 'vitis-run_compile_SABR'
01/13/25 04:19:27: SYSTEM_DIAGRAM: closing session for UUID '78d4fa7a-4495-4d02-b55f-179b4d921502' with name 'vitis-run_compile_SABR'
01/13/25 04:19:27: STOP_SERVER received, server token: 05ca2d5e-5010-4790-bb2b-7cb37006538f, passed token: 05ca2d5e-5010-4790-bb2b-7cb37006538f
01/13/25 04:19:27: Socket received request to stop server.
01/13/25 04:19:27: Dispatch Server: do_await_stop
01/13/25 04:19:27: SERVER: destructor for server bound to port 64688
