dfgPass::INFOR: DFG Pass going to run on Module: C:\Users\steve\thesis-monte-carlo\GBM\gbm\GBM\hls\csim\code_analyzer\.internal\instrument\app_0\project.symbols.bc
dfgPass::INFOR:     Parsing the provided input trace files...
dfgPass::INFOR:     Initializing InstructionCounter...
dfgPass::VERBO:     +0 is not a loop
dfgPass::VERBO:       - BEFORE BREAK
dfgPass::VERBO:       - for.cond6
dfgPass::VERBO:         - memlocal of :m:0
dfgPass::VERBO:         - LCV conditional branch 6:48
dfgPass::VERBO:       - AFTER BREAK
dfgPass::VERBO:       - for.body8
dfgPass::VERBO:         - memlocal of :fp:0
dfgPass::VERBO:         - memlocal of :S:0
dfgPass::VERBO:         - memlocal of :m:0
dfgPass::VERBO:         - invalid TR:4:0
dfgPass::VERBO:       - BEFORE BREAK
dfgPass::VERBO:       - for.cond
dfgPass::VERBO:         - memlocal of :i:0
dfgPass::VERBO:         - LCV conditional branch 6:48
dfgPass::VERBO:       - AFTER BREAK
dfgPass::VERBO:       - for.body
dfgPass::VERBO:         - memlocal of :fp:0
dfgPass::VERBO:         - memlocal of :random_increments:0
dfgPass::VERBO:         - memlocal of :i:0
dfgPass::VERBO:         - invalid TR:4:0
dfgPass::VERBO:     +0 is not a loop
dfgPass::VERBO:     +0 is not a loop
dfgPass::VERBO:     +0 is not a loop
dfgPass::VERBO:     +0 is not a loop
dfgPass::VERBO:     +1 is not an innermost loop
dfgPass::VERBO:       - BEFORE BREAK
dfgPass::VERBO:       - for.cond5
dfgPass::VERBO:         - memlocal of :j:0
dfgPass::VERBO:         - LCV conditional branch 6:48
dfgPass::VERBO:       - AFTER BREAK
dfgPass::VERBO:       - for.body7
dfgPass::VERBO:         - memlocal of :r:0
dfgPass::VERBO:         - memlocal of :sigma:0
dfgPass::VERBO:         - memlocal of :sigma:0
dfgPass::VERBO:         - memlocal of :deltat:0
dfgPass::VERBO:         - memlocal of :sigma:0
dfgPass::VERBO:         - memlocal of :random_increments:0
dfgPass::VERBO:         - memlocal of :m:0
dfgPass::VERBO:         - memlocal of :j:0
dfgPass::VERBO:         - memlocal of :deltat:0
dfgPass::VERBO:         - invalid TR:4:0
dfgPass::VERBO:       - BEFORE BREAK
dfgPass::VERBO:       - for.cond
dfgPass::VERBO:         - memlocal of :m:0
dfgPass::VERBO:         - LCV conditional branch 6:48
dfgPass::VERBO:       - AFTER BREAK
dfgPass::VERBO:       - for.body
dfgPass::VERBO:         - memlocal of :S0:0
dfgPass::VERBO:         - memlocal of :S:0
dfgPass::VERBO:         - memlocal of :m:0
dfgPass::VERBO:       - AFTER BREAK
dfgPass::VERBO:       - for.inc
dfgPass::VERBO:         - memlocal of :m:0
dfgPass::VERBO:         - memlocal of :m:1
dfgPass::VERBO:       - AFTER BREAK
dfgPass::INFOR:     Parsing trace...
dfgPass::INFOR:     End of the trace parse
