

================================================================
== Vitis HLS Report for 'SABR_Pipeline_VITIS_LOOP_12_1'
================================================================
* Date:           Thu Jan  9 21:42:34 2025

* Version:        2024.2 (Build 5238294 on Nov  8 2024)
* Project:        SABR
* Solution:       hls (Vitis Kernel Flow Target)
* Product family: spartan7
* Target device:  xc7s15-cpga196-2


================================================================
== Performance Estimates
================================================================
+ Timing: 
    * Summary: 
    +--------+---------+----------+------------+
    |  Clock |  Target | Estimated| Uncertainty|
    +--------+---------+----------+------------+
    |ap_clk  |  8.00 ns|  7.040 ns|     0.96 ns|
    +--------+---------+----------+------------+

+ Latency: 
    * Summary: 
    +---------+---------+----------+----------+-----+-----+------------------------------------------------+
    |  Latency (cycles) |  Latency (absolute) |  Interval |                    Pipeline                    |
    |   min   |   max   |    min   |    max   | min | max |                      Type                      |
    +---------+---------+----------+----------+-----+-----+------------------------------------------------+
    |      271|      271|  2.168 us|  2.168 us|  202|  202|  loop auto-rewind stp (delay=0 clock cycles(s))|
    +---------+---------+----------+----------+-----+-----+------------------------------------------------+

    + Detail: 
        * Instance: 
        N/A

        * Loop: 
        +-------------------+---------+---------+----------+-----------+-----------+------+----------+
        |                   |  Latency (cycles) | Iteration|  Initiation Interval  | Trip |          |
        |     Loop Name     |   min   |   max   |  Latency |  achieved |   target  | Count| Pipelined|
        +-------------------+---------+---------+----------+-----------+-----------+------+----------+
        |- VITIS_LOOP_12_1  |      269|      269|        72|          2|          1|   100|       yes|
        +-------------------+---------+---------+----------+-----------+-----------+------+----------+

============================================================
+ Verbose Summary: Synthesis Manager
============================================================
InlineROM: 1
ExposeGlobal: 0
============================================================
+ Verbose Summary: CDFG Model
============================================================
IsTopModel: 0
ResetActiveHigh: 1
IsCombinational: 0
IsDatapathOnly: 0
HasWiredReturn: 1
HasMFsm: 2
HasVarLatency: 1
IsPipeline: 0
IsRtlPipelined: 0
IsInstanceOverlapped: 0
IsDontTouch: 0
HasImplIP: 0
IsGatedGlobalClock: 0

+ Individual pipeline summary: 
  * Pipeline-0: initiation interval (II) = 2, depth = 72


============================================================
+ Verbose Summary: Schedule
============================================================
* Number of FSM states : 72
* Pipeline : 1
  Pipeline-0 : II = 2, D = 72, States = { 1 2 3 4 5 6 7 8 9 10 11 12 13 14 15 16 17 18 19 20 21 22 23 24 25 26 27 28 29 30 31 32 33 34 35 36 37 38 39 40 41 42 43 44 45 46 47 48 49 50 51 52 53 54 55 56 57 58 59 60 61 62 63 64 65 66 67 68 69 70 71 72 }
* Dataflow Pipeline: 0

* FSM state transitions: 
1 --> 2 
2 --> 3 
3 --> 4 
4 --> 5 
5 --> 6 
6 --> 7 
7 --> 8 
8 --> 9 
9 --> 10 
10 --> 11 
11 --> 12 
12 --> 13 
13 --> 14 
14 --> 15 
15 --> 16 
16 --> 17 
17 --> 18 
18 --> 19 
19 --> 20 
20 --> 21 
21 --> 22 
22 --> 23 
23 --> 24 
24 --> 25 
25 --> 26 
26 --> 27 
27 --> 28 
28 --> 29 
29 --> 30 
30 --> 31 
31 --> 32 
32 --> 33 
33 --> 34 
34 --> 35 
35 --> 36 
36 --> 37 
37 --> 38 
38 --> 39 
39 --> 40 
40 --> 41 
41 --> 42 
42 --> 43 
43 --> 44 
44 --> 45 
45 --> 46 
46 --> 47 
47 --> 48 
48 --> 49 
49 --> 50 
50 --> 51 
51 --> 52 
52 --> 53 
53 --> 54 
54 --> 55 
55 --> 56 
56 --> 57 
57 --> 58 
58 --> 59 
59 --> 60 
60 --> 61 
61 --> 62 
62 --> 63 
63 --> 64 
64 --> 65 
65 --> 66 
66 --> 67 
67 --> 68 
68 --> 69 
69 --> 70 
70 --> 71 
71 --> 72 
72 --> 

* FSM state operations: 

State 1 <SV = 0> <Delay = 4.20>
ST_1 : Operation 75 [1/1] (0.00ns)   --->   "%phi_ln14 = alloca i32 1"   --->   Operation 75 'alloca' 'phi_ln14' <Predicate = true> <Delay = 0.00>
ST_1 : Operation 76 [1/1] (0.00ns)   --->   "%phi_ln13 = alloca i32 1"   --->   Operation 76 'alloca' 'phi_ln13' <Predicate = true> <Delay = 0.00>
ST_1 : Operation 77 [1/1] (0.00ns)   --->   "%m = alloca i32 1" [C:/Users/steve/thesis-monte-carlo/SABR/test.c:12]   --->   Operation 77 'alloca' 'm' <Predicate = true> <Delay = 0.00>
ST_1 : Operation 78 [1/1] (0.00ns)   --->   "%trunc_ln12_1_cast_read = read i59 @_ssdm_op_Read.ap_auto.i59, i59 %trunc_ln12_1_cast"   --->   Operation 78 'read' 'trunc_ln12_1_cast_read' <Predicate = true> <Delay = 0.00>
ST_1 : Operation 79 [1/1] (0.00ns)   --->   "%sext_ln12_read = read i59 @_ssdm_op_Read.ap_auto.i59, i59 %sext_ln12"   --->   Operation 79 'read' 'sext_ln12_read' <Predicate = true> <Delay = 0.00>
ST_1 : Operation 80 [1/1] (0.00ns)   --->   "%tmp = read i64 @_ssdm_op_Read.ap_auto.i64, i64 %empty"   --->   Operation 80 'read' 'tmp' <Predicate = true> <Delay = 0.00>
ST_1 : Operation 81 [1/1] (0.00ns)   --->   "%tmp_31 = read i64 @_ssdm_op_Read.ap_auto.i64, i64 %empty_75"   --->   Operation 81 'read' 'tmp_31' <Predicate = true> <Delay = 0.00>
ST_1 : Operation 82 [1/1] (0.00ns)   --->   "%trunc_ln12_1_cast_cast = sext i59 %trunc_ln12_1_cast_read"   --->   Operation 82 'sext' 'trunc_ln12_1_cast_cast' <Predicate = true> <Delay = 0.00>
ST_1 : Operation 83 [1/1] (0.00ns)   --->   "%sext_ln12_cast = sext i59 %sext_ln12_read"   --->   Operation 83 'sext' 'sext_ln12_cast' <Predicate = true> <Delay = 0.00>
ST_1 : Operation 84 [1/1] (0.00ns)   --->   "%specinterface_ln0 = specinterface void @_ssdm_op_SpecInterface, i256 %gmem, void @empty_19, i32 0, i32 0, void @empty_20, i32 64, i32 0, void @empty, void @empty_0, void @empty_20, i32 16, i32 16, i32 16, i32 16, void @empty_20, void @empty_20, i32 4294967295, i32 0, i32 0"   --->   Operation 84 'specinterface' 'specinterface_ln0' <Predicate = true> <Delay = 0.00>
ST_1 : Operation 85 [1/1] (1.29ns)   --->   "%store_ln12 = store i7 0, i7 %m" [C:/Users/steve/thesis-monte-carlo/SABR/test.c:12]   --->   Operation 85 'store' 'store_ln12' <Predicate = true> <Delay = 1.29>
ST_1 : Operation 86 [1/1] (1.29ns)   --->   "%store_ln0 = store i192 0, i192 %phi_ln13"   --->   Operation 86 'store' 'store_ln0' <Predicate = true> <Delay = 1.29>
ST_1 : Operation 87 [1/1] (1.29ns)   --->   "%store_ln0 = store i192 0, i192 %phi_ln14"   --->   Operation 87 'store' 'store_ln0' <Predicate = true> <Delay = 1.29>
ST_1 : Operation 88 [1/1] (0.00ns)   --->   "%br_ln0 = br void %for.inc"   --->   Operation 88 'br' 'br_ln0' <Predicate = true> <Delay = 0.00>
ST_1 : Operation 89 [1/1] (0.00ns)   --->   "%m_2 = load i7 %m" [C:/Users/steve/thesis-monte-carlo/SABR/test.c:12]   --->   Operation 89 'load' 'm_2' <Predicate = true> <Delay = 0.00>
ST_1 : Operation 90 [1/1] (0.00ns)   --->   "%specbitsmap_ln0 = specbitsmap void @_ssdm_op_SpecBitsMap, i256 %gmem"   --->   Operation 90 'specbitsmap' 'specbitsmap_ln0' <Predicate = true> <Delay = 0.00>
ST_1 : Operation 91 [1/1] (1.61ns)   --->   "%icmp_ln12 = icmp_eq  i7 %m_2, i7 100" [C:/Users/steve/thesis-monte-carlo/SABR/test.c:12]   --->   Operation 91 'icmp' 'icmp_ln12' <Predicate = true> <Delay = 1.61> <CoreInst = "Cmp">   --->   Core 9 'Cmp' <Latency = 0> <II = 1> <Delay = 1.61> <FuncUnit> <Opcode : 'seteq' 'setne' 'setle' 'setge' 'setlt' 'setgt'> <InPorts = 2> <OutPorts = 1>
ST_1 : Operation 92 [1/1] (1.61ns)   --->   "%add_ln12 = add i7 %m_2, i7 1" [C:/Users/steve/thesis-monte-carlo/SABR/test.c:12]   --->   Operation 92 'add' 'add_ln12' <Predicate = true> <Delay = 1.61> <CoreInst = "Adder">   --->   Core 1 'Adder' <Latency = 0> <II = 1> <Delay = 1.61> <FuncUnit> <Opcode : 'add' 'sub'> <InPorts = 2> <OutPorts = 1>
ST_1 : Operation 93 [1/1] (0.00ns)   --->   "%br_ln12 = br i1 %icmp_ln12, void %for.inc.split, void %VITIS_LOOP_17_2.exitStub" [C:/Users/steve/thesis-monte-carlo/SABR/test.c:12]   --->   Operation 93 'br' 'br_ln12' <Predicate = true> <Delay = 0.00>
ST_1 : Operation 94 [1/1] (0.00ns)   --->   "%trunc_ln12 = trunc i7 %m_2" [C:/Users/steve/thesis-monte-carlo/SABR/test.c:12]   --->   Operation 94 'trunc' 'trunc_ln12' <Predicate = (!icmp_ln12)> <Delay = 0.00>
ST_1 : Operation 95 [1/1] (0.00ns)   --->   "%lshr_ln = partselect i5 @_ssdm_op_PartSelect.i5.i7.i32.i32, i7 %m_2, i32 2, i32 6" [C:/Users/steve/thesis-monte-carlo/SABR/test.c:13]   --->   Operation 95 'partselect' 'lshr_ln' <Predicate = (!icmp_ln12)> <Delay = 0.00>
ST_1 : Operation 96 [1/1] (0.00ns)   --->   "%zext_ln13 = zext i5 %lshr_ln" [C:/Users/steve/thesis-monte-carlo/SABR/test.c:13]   --->   Operation 96 'zext' 'zext_ln13' <Predicate = (!icmp_ln12)> <Delay = 0.00>
ST_1 : Operation 97 [1/1] (1.34ns)   --->   "%icmp_ln13 = icmp_eq  i2 %trunc_ln12, i2 3" [C:/Users/steve/thesis-monte-carlo/SABR/test.c:13]   --->   Operation 97 'icmp' 'icmp_ln13' <Predicate = (!icmp_ln12)> <Delay = 1.34> <CoreInst = "Cmp">   --->   Core 9 'Cmp' <Latency = 0> <II = 1> <Delay = 1.34> <FuncUnit> <Opcode : 'seteq' 'setne' 'setle' 'setge' 'setlt' 'setgt'> <InPorts = 2> <OutPorts = 1>
ST_1 : Operation 98 [1/1] (0.00ns)   --->   "%br_ln13 = br i1 %icmp_ln13, void %for.inc.split._crit_edge, void" [C:/Users/steve/thesis-monte-carlo/SABR/test.c:13]   --->   Operation 98 'br' 'br_ln13' <Predicate = (!icmp_ln12)> <Delay = 0.00>
ST_1 : Operation 99 [1/1] (2.79ns)   --->   "%add_ln13 = add i60 %zext_ln13, i60 %sext_ln12_cast" [C:/Users/steve/thesis-monte-carlo/SABR/test.c:13]   --->   Operation 99 'add' 'add_ln13' <Predicate = (!icmp_ln12 & icmp_ln13)> <Delay = 2.79> <CoreInst = "Adder">   --->   Core 1 'Adder' <Latency = 0> <II = 1> <Delay = 2.79> <FuncUnit> <Opcode : 'add' 'sub'> <InPorts = 2> <OutPorts = 1>
ST_1 : Operation 100 [1/1] (2.79ns)   --->   "%add_ln14 = add i60 %zext_ln13, i60 %trunc_ln12_1_cast_cast" [C:/Users/steve/thesis-monte-carlo/SABR/test.c:14]   --->   Operation 100 'add' 'add_ln14' <Predicate = (!icmp_ln12 & icmp_ln13)> <Delay = 2.79> <CoreInst = "Adder">   --->   Core 1 'Adder' <Latency = 0> <II = 1> <Delay = 2.79> <FuncUnit> <Opcode : 'add' 'sub'> <InPorts = 2> <OutPorts = 1>
ST_1 : Operation 101 [1/1] (1.29ns)   --->   "%store_ln12 = store i7 %add_ln12, i7 %m" [C:/Users/steve/thesis-monte-carlo/SABR/test.c:12]   --->   Operation 101 'store' 'store_ln12' <Predicate = (!icmp_ln12)> <Delay = 1.29>

State 2 <SV = 1> <Delay = 7.04>
ST_2 : Operation 102 [1/1] (0.00ns)   --->   "%sext_ln13 = sext i60 %add_ln13" [C:/Users/steve/thesis-monte-carlo/SABR/test.c:13]   --->   Operation 102 'sext' 'sext_ln13' <Predicate = (!icmp_ln12 & icmp_ln13)> <Delay = 0.00>
ST_2 : Operation 103 [1/1] (0.00ns)   --->   "%gmem_addr = getelementptr i256 %gmem, i64 %sext_ln13" [C:/Users/steve/thesis-monte-carlo/SABR/test.c:13]   --->   Operation 103 'getelementptr' 'gmem_addr' <Predicate = (!icmp_ln12 & icmp_ln13)> <Delay = 0.00>
ST_2 : Operation 104 [1/1] (7.04ns)   --->   "%gmem_addr_req = writereq i1 @_ssdm_op_WriteReq.m_axi.i256P1A, i256 %gmem_addr, i64 1" [C:/Users/steve/thesis-monte-carlo/SABR/test.c:13]   --->   Operation 104 'writereq' 'gmem_addr_req' <Predicate = (!icmp_ln12 & icmp_ln13)> <Delay = 7.04> <CoreInst = "m_axi">   --->   Core 111 'm_axi' <Latency = 9> <II = 1> <Delay = 1.00> <Adapter> <Opcode : 'read' 'write' 'readreq' 'writereq' 'writeresp'>

State 3 <SV = 2> <Delay = 7.04>
ST_3 : Operation 105 [1/1] (0.00ns)   --->   "%phi_ln13_load = load i192 %phi_ln13" [C:/Users/steve/thesis-monte-carlo/SABR/test.c:13]   --->   Operation 105 'load' 'phi_ln13_load' <Predicate = true> <Delay = 0.00>
ST_3 : Operation 106 [1/1] (0.00ns)   --->   "%or_ln = bitconcatenate i256 @_ssdm_op_BitConcatenate.i256.i64.i192, i64 %tmp, i192 %phi_ln13_load" [C:/Users/steve/thesis-monte-carlo/SABR/test.c:13]   --->   Operation 106 'bitconcatenate' 'or_ln' <Predicate = true> <Delay = 0.00>
ST_3 : Operation 107 [1/1] (1.35ns)   --->   "%select_ln13 = select i1 %icmp_ln13, i256 0, i256 %or_ln" [C:/Users/steve/thesis-monte-carlo/SABR/test.c:13]   --->   Operation 107 'select' 'select_ln13' <Predicate = true> <Delay = 1.35> <CoreInst = "Sel">   --->   Core 73 'Sel' <Latency = 0> <II = 1> <Delay = 1.35> <FuncUnit> <Opcode : 'select'> <InPorts = 3> <OutPorts = 1>
ST_3 : Operation 108 [1/1] (7.04ns)   --->   "%write_ln13 = write void @_ssdm_op_Write.m_axi.i256P1A, i256 %gmem_addr, i256 %or_ln, i32 4294967295" [C:/Users/steve/thesis-monte-carlo/SABR/test.c:13]   --->   Operation 108 'write' 'write_ln13' <Predicate = (icmp_ln13)> <Delay = 7.04> <CoreInst = "m_axi">   --->   Core 111 'm_axi' <Latency = 5> <II = 1> <Delay = 1.00> <Adapter> <Opcode : 'read' 'write' 'readreq' 'writereq' 'writeresp'>
ST_3 : Operation 109 [1/1] (0.00ns)   --->   "%sext_ln14 = sext i60 %add_ln14" [C:/Users/steve/thesis-monte-carlo/SABR/test.c:14]   --->   Operation 109 'sext' 'sext_ln14' <Predicate = (icmp_ln13)> <Delay = 0.00>
ST_3 : Operation 110 [1/1] (0.00ns)   --->   "%gmem_addr_1 = getelementptr i256 %gmem, i64 %sext_ln14" [C:/Users/steve/thesis-monte-carlo/SABR/test.c:14]   --->   Operation 110 'getelementptr' 'gmem_addr_1' <Predicate = (icmp_ln13)> <Delay = 0.00>
ST_3 : Operation 111 [1/1] (7.04ns)   --->   "%gmem_addr_1_req = writereq i1 @_ssdm_op_WriteReq.m_axi.i256P1A, i256 %gmem_addr_1, i64 1" [C:/Users/steve/thesis-monte-carlo/SABR/test.c:14]   --->   Operation 111 'writereq' 'gmem_addr_1_req' <Predicate = (icmp_ln13)> <Delay = 7.04> <CoreInst = "m_axi">   --->   Core 111 'm_axi' <Latency = 9> <II = 1> <Delay = 1.00> <Adapter> <Opcode : 'read' 'write' 'readreq' 'writereq' 'writeresp'>
ST_3 : Operation 112 [1/1] (0.00ns)   --->   "%trunc_ln12_3 = partselect i192 @_ssdm_op_PartSelect.i192.i256.i32.i32, i256 %select_ln13, i32 64, i32 255" [C:/Users/steve/thesis-monte-carlo/SABR/test.c:12]   --->   Operation 112 'partselect' 'trunc_ln12_3' <Predicate = true> <Delay = 0.00>
ST_3 : Operation 113 [1/1] (1.29ns)   --->   "%store_ln12 = store i192 %trunc_ln12_3, i192 %phi_ln13" [C:/Users/steve/thesis-monte-carlo/SABR/test.c:12]   --->   Operation 113 'store' 'store_ln12' <Predicate = true> <Delay = 1.29>

State 4 <SV = 3> <Delay = 7.04>
ST_4 : Operation 114 [1/1] (0.00ns)   --->   "%phi_ln14_load_1 = load i192 %phi_ln14" [C:/Users/steve/thesis-monte-carlo/SABR/test.c:14]   --->   Operation 114 'load' 'phi_ln14_load_1' <Predicate = true> <Delay = 0.00>
ST_4 : Operation 115 [1/1] (0.00ns)   --->   "%specpipeline_ln12 = specpipeline void @_ssdm_op_SpecPipeline, i32 4294967295, i32 0, i32 0, i32 0, void @empty_20" [C:/Users/steve/thesis-monte-carlo/SABR/test.c:12]   --->   Operation 115 'specpipeline' 'specpipeline_ln12' <Predicate = true> <Delay = 0.00>
ST_4 : Operation 116 [1/1] (0.00ns)   --->   "%speclooptripcount_ln12 = speclooptripcount void @_ssdm_op_SpecLoopTripCount, i64 100, i64 100, i64 100" [C:/Users/steve/thesis-monte-carlo/SABR/test.c:12]   --->   Operation 116 'speclooptripcount' 'speclooptripcount_ln12' <Predicate = true> <Delay = 0.00>
ST_4 : Operation 117 [1/1] (0.00ns)   --->   "%specloopname_ln12 = specloopname void @_ssdm_op_SpecLoopName, void @empty_7" [C:/Users/steve/thesis-monte-carlo/SABR/test.c:12]   --->   Operation 117 'specloopname' 'specloopname_ln12' <Predicate = true> <Delay = 0.00>
ST_4 : Operation 118 [1/1] (0.00ns)   --->   "%or_ln1 = bitconcatenate i256 @_ssdm_op_BitConcatenate.i256.i64.i192, i64 %tmp_31, i192 %phi_ln14_load_1" [C:/Users/steve/thesis-monte-carlo/SABR/test.c:14]   --->   Operation 118 'bitconcatenate' 'or_ln1' <Predicate = true> <Delay = 0.00>
ST_4 : Operation 119 [68/68] (7.04ns)   --->   "%gmem_addr_resp = writeresp i1 @_ssdm_op_WriteResp.m_axi.i256P1A, i256 %gmem_addr" [C:/Users/steve/thesis-monte-carlo/SABR/test.c:13]   --->   Operation 119 'writeresp' 'gmem_addr_resp' <Predicate = (icmp_ln13)> <Delay = 7.04> <CoreInst = "m_axi">   --->   Core 111 'm_axi' <Latency = 3> <II = 1> <Delay = 1.00> <Adapter> <Opcode : 'read' 'write' 'readreq' 'writereq' 'writeresp'>
ST_4 : Operation 120 [1/1] (7.04ns)   --->   "%write_ln14 = write void @_ssdm_op_Write.m_axi.i256P1A, i256 %gmem_addr_1, i256 %or_ln1, i32 4294967295" [C:/Users/steve/thesis-monte-carlo/SABR/test.c:14]   --->   Operation 120 'write' 'write_ln14' <Predicate = (icmp_ln13)> <Delay = 7.04> <CoreInst = "m_axi">   --->   Core 111 'm_axi' <Latency = 5> <II = 1> <Delay = 1.00> <Adapter> <Opcode : 'read' 'write' 'readreq' 'writereq' 'writeresp'>

State 5 <SV = 4> <Delay = 7.04>
ST_5 : Operation 121 [67/68] (7.04ns)   --->   "%gmem_addr_resp = writeresp i1 @_ssdm_op_WriteResp.m_axi.i256P1A, i256 %gmem_addr" [C:/Users/steve/thesis-monte-carlo/SABR/test.c:13]   --->   Operation 121 'writeresp' 'gmem_addr_resp' <Predicate = (icmp_ln13)> <Delay = 7.04> <CoreInst = "m_axi">   --->   Core 111 'm_axi' <Latency = 3> <II = 1> <Delay = 1.00> <Adapter> <Opcode : 'read' 'write' 'readreq' 'writereq' 'writeresp'>
ST_5 : Operation 122 [68/68] (7.04ns)   --->   "%gmem_addr_1_resp = writeresp i1 @_ssdm_op_WriteResp.m_axi.i256P1A, i256 %gmem_addr_1" [C:/Users/steve/thesis-monte-carlo/SABR/test.c:14]   --->   Operation 122 'writeresp' 'gmem_addr_1_resp' <Predicate = (icmp_ln13)> <Delay = 7.04> <CoreInst = "m_axi">   --->   Core 111 'm_axi' <Latency = 3> <II = 1> <Delay = 1.00> <Adapter> <Opcode : 'read' 'write' 'readreq' 'writereq' 'writeresp'>
ST_5 : Operation 123 [1/1] (0.00ns)   --->   "%phi_ln14_load = load i192 %phi_ln14" [C:/Users/steve/thesis-monte-carlo/SABR/test.c:12]   --->   Operation 123 'load' 'phi_ln14_load' <Predicate = (!icmp_ln13)> <Delay = 0.00>
ST_5 : Operation 124 [1/1] (0.00ns)   --->   "%tmp_110 = partselect i128 @_ssdm_op_PartSelect.i128.i192.i32.i32, i192 %phi_ln14_load, i32 64, i32 191" [C:/Users/steve/thesis-monte-carlo/SABR/test.c:12]   --->   Operation 124 'partselect' 'tmp_110' <Predicate = (!icmp_ln13)> <Delay = 0.00>
ST_5 : Operation 125 [1/1] (0.00ns)   --->   "%tmp_s = bitconcatenate i192 @_ssdm_op_BitConcatenate.i192.i64.i128, i64 %tmp_31, i128 %tmp_110" [C:/Users/steve/thesis-monte-carlo/SABR/test.c:12]   --->   Operation 125 'bitconcatenate' 'tmp_s' <Predicate = (!icmp_ln13)> <Delay = 0.00>
ST_5 : Operation 126 [1/1] (1.18ns)   --->   "%select_ln14 = select i1 %icmp_ln13, i192 0, i192 %tmp_s" [C:/Users/steve/thesis-monte-carlo/SABR/test.c:14]   --->   Operation 126 'select' 'select_ln14' <Predicate = true> <Delay = 1.18> <CoreInst = "Sel">   --->   Core 73 'Sel' <Latency = 0> <II = 1> <Delay = 1.18> <FuncUnit> <Opcode : 'select'> <InPorts = 3> <OutPorts = 1>
ST_5 : Operation 127 [1/1] (1.29ns)   --->   "%store_ln14 = store i192 %select_ln14, i192 %phi_ln14" [C:/Users/steve/thesis-monte-carlo/SABR/test.c:14]   --->   Operation 127 'store' 'store_ln14' <Predicate = true> <Delay = 1.29>
ST_5 : Operation 128 [1/1] (0.00ns)   --->   "%br_ln12 = br void %for.inc" [C:/Users/steve/thesis-monte-carlo/SABR/test.c:12]   --->   Operation 128 'br' 'br_ln12' <Predicate = true> <Delay = 0.00>

State 6 <SV = 5> <Delay = 7.04>
ST_6 : Operation 129 [66/68] (7.04ns)   --->   "%gmem_addr_resp = writeresp i1 @_ssdm_op_WriteResp.m_axi.i256P1A, i256 %gmem_addr" [C:/Users/steve/thesis-monte-carlo/SABR/test.c:13]   --->   Operation 129 'writeresp' 'gmem_addr_resp' <Predicate = (icmp_ln13)> <Delay = 7.04> <CoreInst = "m_axi">   --->   Core 111 'm_axi' <Latency = 3> <II = 1> <Delay = 1.00> <Adapter> <Opcode : 'read' 'write' 'readreq' 'writereq' 'writeresp'>
ST_6 : Operation 130 [67/68] (7.04ns)   --->   "%gmem_addr_1_resp = writeresp i1 @_ssdm_op_WriteResp.m_axi.i256P1A, i256 %gmem_addr_1" [C:/Users/steve/thesis-monte-carlo/SABR/test.c:14]   --->   Operation 130 'writeresp' 'gmem_addr_1_resp' <Predicate = (icmp_ln13)> <Delay = 7.04> <CoreInst = "m_axi">   --->   Core 111 'm_axi' <Latency = 3> <II = 1> <Delay = 1.00> <Adapter> <Opcode : 'read' 'write' 'readreq' 'writereq' 'writeresp'>

State 7 <SV = 6> <Delay = 7.04>
ST_7 : Operation 131 [65/68] (7.04ns)   --->   "%gmem_addr_resp = writeresp i1 @_ssdm_op_WriteResp.m_axi.i256P1A, i256 %gmem_addr" [C:/Users/steve/thesis-monte-carlo/SABR/test.c:13]   --->   Operation 131 'writeresp' 'gmem_addr_resp' <Predicate = (icmp_ln13)> <Delay = 7.04> <CoreInst = "m_axi">   --->   Core 111 'm_axi' <Latency = 3> <II = 1> <Delay = 1.00> <Adapter> <Opcode : 'read' 'write' 'readreq' 'writereq' 'writeresp'>
ST_7 : Operation 132 [66/68] (7.04ns)   --->   "%gmem_addr_1_resp = writeresp i1 @_ssdm_op_WriteResp.m_axi.i256P1A, i256 %gmem_addr_1" [C:/Users/steve/thesis-monte-carlo/SABR/test.c:14]   --->   Operation 132 'writeresp' 'gmem_addr_1_resp' <Predicate = (icmp_ln13)> <Delay = 7.04> <CoreInst = "m_axi">   --->   Core 111 'm_axi' <Latency = 3> <II = 1> <Delay = 1.00> <Adapter> <Opcode : 'read' 'write' 'readreq' 'writereq' 'writeresp'>

State 8 <SV = 7> <Delay = 7.04>
ST_8 : Operation 133 [64/68] (7.04ns)   --->   "%gmem_addr_resp = writeresp i1 @_ssdm_op_WriteResp.m_axi.i256P1A, i256 %gmem_addr" [C:/Users/steve/thesis-monte-carlo/SABR/test.c:13]   --->   Operation 133 'writeresp' 'gmem_addr_resp' <Predicate = (icmp_ln13)> <Delay = 7.04> <CoreInst = "m_axi">   --->   Core 111 'm_axi' <Latency = 3> <II = 1> <Delay = 1.00> <Adapter> <Opcode : 'read' 'write' 'readreq' 'writereq' 'writeresp'>
ST_8 : Operation 134 [65/68] (7.04ns)   --->   "%gmem_addr_1_resp = writeresp i1 @_ssdm_op_WriteResp.m_axi.i256P1A, i256 %gmem_addr_1" [C:/Users/steve/thesis-monte-carlo/SABR/test.c:14]   --->   Operation 134 'writeresp' 'gmem_addr_1_resp' <Predicate = (icmp_ln13)> <Delay = 7.04> <CoreInst = "m_axi">   --->   Core 111 'm_axi' <Latency = 3> <II = 1> <Delay = 1.00> <Adapter> <Opcode : 'read' 'write' 'readreq' 'writereq' 'writeresp'>

State 9 <SV = 8> <Delay = 7.04>
ST_9 : Operation 135 [63/68] (7.04ns)   --->   "%gmem_addr_resp = writeresp i1 @_ssdm_op_WriteResp.m_axi.i256P1A, i256 %gmem_addr" [C:/Users/steve/thesis-monte-carlo/SABR/test.c:13]   --->   Operation 135 'writeresp' 'gmem_addr_resp' <Predicate = (icmp_ln13)> <Delay = 7.04> <CoreInst = "m_axi">   --->   Core 111 'm_axi' <Latency = 3> <II = 1> <Delay = 1.00> <Adapter> <Opcode : 'read' 'write' 'readreq' 'writereq' 'writeresp'>
ST_9 : Operation 136 [64/68] (7.04ns)   --->   "%gmem_addr_1_resp = writeresp i1 @_ssdm_op_WriteResp.m_axi.i256P1A, i256 %gmem_addr_1" [C:/Users/steve/thesis-monte-carlo/SABR/test.c:14]   --->   Operation 136 'writeresp' 'gmem_addr_1_resp' <Predicate = (icmp_ln13)> <Delay = 7.04> <CoreInst = "m_axi">   --->   Core 111 'm_axi' <Latency = 3> <II = 1> <Delay = 1.00> <Adapter> <Opcode : 'read' 'write' 'readreq' 'writereq' 'writeresp'>

State 10 <SV = 9> <Delay = 7.04>
ST_10 : Operation 137 [62/68] (7.04ns)   --->   "%gmem_addr_resp = writeresp i1 @_ssdm_op_WriteResp.m_axi.i256P1A, i256 %gmem_addr" [C:/Users/steve/thesis-monte-carlo/SABR/test.c:13]   --->   Operation 137 'writeresp' 'gmem_addr_resp' <Predicate = (icmp_ln13)> <Delay = 7.04> <CoreInst = "m_axi">   --->   Core 111 'm_axi' <Latency = 3> <II = 1> <Delay = 1.00> <Adapter> <Opcode : 'read' 'write' 'readreq' 'writereq' 'writeresp'>
ST_10 : Operation 138 [63/68] (7.04ns)   --->   "%gmem_addr_1_resp = writeresp i1 @_ssdm_op_WriteResp.m_axi.i256P1A, i256 %gmem_addr_1" [C:/Users/steve/thesis-monte-carlo/SABR/test.c:14]   --->   Operation 138 'writeresp' 'gmem_addr_1_resp' <Predicate = (icmp_ln13)> <Delay = 7.04> <CoreInst = "m_axi">   --->   Core 111 'm_axi' <Latency = 3> <II = 1> <Delay = 1.00> <Adapter> <Opcode : 'read' 'write' 'readreq' 'writereq' 'writeresp'>

State 11 <SV = 10> <Delay = 7.04>
ST_11 : Operation 139 [61/68] (7.04ns)   --->   "%gmem_addr_resp = writeresp i1 @_ssdm_op_WriteResp.m_axi.i256P1A, i256 %gmem_addr" [C:/Users/steve/thesis-monte-carlo/SABR/test.c:13]   --->   Operation 139 'writeresp' 'gmem_addr_resp' <Predicate = (icmp_ln13)> <Delay = 7.04> <CoreInst = "m_axi">   --->   Core 111 'm_axi' <Latency = 3> <II = 1> <Delay = 1.00> <Adapter> <Opcode : 'read' 'write' 'readreq' 'writereq' 'writeresp'>
ST_11 : Operation 140 [62/68] (7.04ns)   --->   "%gmem_addr_1_resp = writeresp i1 @_ssdm_op_WriteResp.m_axi.i256P1A, i256 %gmem_addr_1" [C:/Users/steve/thesis-monte-carlo/SABR/test.c:14]   --->   Operation 140 'writeresp' 'gmem_addr_1_resp' <Predicate = (icmp_ln13)> <Delay = 7.04> <CoreInst = "m_axi">   --->   Core 111 'm_axi' <Latency = 3> <II = 1> <Delay = 1.00> <Adapter> <Opcode : 'read' 'write' 'readreq' 'writereq' 'writeresp'>

State 12 <SV = 11> <Delay = 7.04>
ST_12 : Operation 141 [60/68] (7.04ns)   --->   "%gmem_addr_resp = writeresp i1 @_ssdm_op_WriteResp.m_axi.i256P1A, i256 %gmem_addr" [C:/Users/steve/thesis-monte-carlo/SABR/test.c:13]   --->   Operation 141 'writeresp' 'gmem_addr_resp' <Predicate = (icmp_ln13)> <Delay = 7.04> <CoreInst = "m_axi">   --->   Core 111 'm_axi' <Latency = 3> <II = 1> <Delay = 1.00> <Adapter> <Opcode : 'read' 'write' 'readreq' 'writereq' 'writeresp'>
ST_12 : Operation 142 [61/68] (7.04ns)   --->   "%gmem_addr_1_resp = writeresp i1 @_ssdm_op_WriteResp.m_axi.i256P1A, i256 %gmem_addr_1" [C:/Users/steve/thesis-monte-carlo/SABR/test.c:14]   --->   Operation 142 'writeresp' 'gmem_addr_1_resp' <Predicate = (icmp_ln13)> <Delay = 7.04> <CoreInst = "m_axi">   --->   Core 111 'm_axi' <Latency = 3> <II = 1> <Delay = 1.00> <Adapter> <Opcode : 'read' 'write' 'readreq' 'writereq' 'writeresp'>

State 13 <SV = 12> <Delay = 7.04>
ST_13 : Operation 143 [59/68] (7.04ns)   --->   "%gmem_addr_resp = writeresp i1 @_ssdm_op_WriteResp.m_axi.i256P1A, i256 %gmem_addr" [C:/Users/steve/thesis-monte-carlo/SABR/test.c:13]   --->   Operation 143 'writeresp' 'gmem_addr_resp' <Predicate = (icmp_ln13)> <Delay = 7.04> <CoreInst = "m_axi">   --->   Core 111 'm_axi' <Latency = 3> <II = 1> <Delay = 1.00> <Adapter> <Opcode : 'read' 'write' 'readreq' 'writereq' 'writeresp'>
ST_13 : Operation 144 [60/68] (7.04ns)   --->   "%gmem_addr_1_resp = writeresp i1 @_ssdm_op_WriteResp.m_axi.i256P1A, i256 %gmem_addr_1" [C:/Users/steve/thesis-monte-carlo/SABR/test.c:14]   --->   Operation 144 'writeresp' 'gmem_addr_1_resp' <Predicate = (icmp_ln13)> <Delay = 7.04> <CoreInst = "m_axi">   --->   Core 111 'm_axi' <Latency = 3> <II = 1> <Delay = 1.00> <Adapter> <Opcode : 'read' 'write' 'readreq' 'writereq' 'writeresp'>

State 14 <SV = 13> <Delay = 7.04>
ST_14 : Operation 145 [58/68] (7.04ns)   --->   "%gmem_addr_resp = writeresp i1 @_ssdm_op_WriteResp.m_axi.i256P1A, i256 %gmem_addr" [C:/Users/steve/thesis-monte-carlo/SABR/test.c:13]   --->   Operation 145 'writeresp' 'gmem_addr_resp' <Predicate = (icmp_ln13)> <Delay = 7.04> <CoreInst = "m_axi">   --->   Core 111 'm_axi' <Latency = 3> <II = 1> <Delay = 1.00> <Adapter> <Opcode : 'read' 'write' 'readreq' 'writereq' 'writeresp'>
ST_14 : Operation 146 [59/68] (7.04ns)   --->   "%gmem_addr_1_resp = writeresp i1 @_ssdm_op_WriteResp.m_axi.i256P1A, i256 %gmem_addr_1" [C:/Users/steve/thesis-monte-carlo/SABR/test.c:14]   --->   Operation 146 'writeresp' 'gmem_addr_1_resp' <Predicate = (icmp_ln13)> <Delay = 7.04> <CoreInst = "m_axi">   --->   Core 111 'm_axi' <Latency = 3> <II = 1> <Delay = 1.00> <Adapter> <Opcode : 'read' 'write' 'readreq' 'writereq' 'writeresp'>

State 15 <SV = 14> <Delay = 7.04>
ST_15 : Operation 147 [57/68] (7.04ns)   --->   "%gmem_addr_resp = writeresp i1 @_ssdm_op_WriteResp.m_axi.i256P1A, i256 %gmem_addr" [C:/Users/steve/thesis-monte-carlo/SABR/test.c:13]   --->   Operation 147 'writeresp' 'gmem_addr_resp' <Predicate = (icmp_ln13)> <Delay = 7.04> <CoreInst = "m_axi">   --->   Core 111 'm_axi' <Latency = 3> <II = 1> <Delay = 1.00> <Adapter> <Opcode : 'read' 'write' 'readreq' 'writereq' 'writeresp'>
ST_15 : Operation 148 [58/68] (7.04ns)   --->   "%gmem_addr_1_resp = writeresp i1 @_ssdm_op_WriteResp.m_axi.i256P1A, i256 %gmem_addr_1" [C:/Users/steve/thesis-monte-carlo/SABR/test.c:14]   --->   Operation 148 'writeresp' 'gmem_addr_1_resp' <Predicate = (icmp_ln13)> <Delay = 7.04> <CoreInst = "m_axi">   --->   Core 111 'm_axi' <Latency = 3> <II = 1> <Delay = 1.00> <Adapter> <Opcode : 'read' 'write' 'readreq' 'writereq' 'writeresp'>

State 16 <SV = 15> <Delay = 7.04>
ST_16 : Operation 149 [56/68] (7.04ns)   --->   "%gmem_addr_resp = writeresp i1 @_ssdm_op_WriteResp.m_axi.i256P1A, i256 %gmem_addr" [C:/Users/steve/thesis-monte-carlo/SABR/test.c:13]   --->   Operation 149 'writeresp' 'gmem_addr_resp' <Predicate = (icmp_ln13)> <Delay = 7.04> <CoreInst = "m_axi">   --->   Core 111 'm_axi' <Latency = 3> <II = 1> <Delay = 1.00> <Adapter> <Opcode : 'read' 'write' 'readreq' 'writereq' 'writeresp'>
ST_16 : Operation 150 [57/68] (7.04ns)   --->   "%gmem_addr_1_resp = writeresp i1 @_ssdm_op_WriteResp.m_axi.i256P1A, i256 %gmem_addr_1" [C:/Users/steve/thesis-monte-carlo/SABR/test.c:14]   --->   Operation 150 'writeresp' 'gmem_addr_1_resp' <Predicate = (icmp_ln13)> <Delay = 7.04> <CoreInst = "m_axi">   --->   Core 111 'm_axi' <Latency = 3> <II = 1> <Delay = 1.00> <Adapter> <Opcode : 'read' 'write' 'readreq' 'writereq' 'writeresp'>

State 17 <SV = 16> <Delay = 7.04>
ST_17 : Operation 151 [55/68] (7.04ns)   --->   "%gmem_addr_resp = writeresp i1 @_ssdm_op_WriteResp.m_axi.i256P1A, i256 %gmem_addr" [C:/Users/steve/thesis-monte-carlo/SABR/test.c:13]   --->   Operation 151 'writeresp' 'gmem_addr_resp' <Predicate = (icmp_ln13)> <Delay = 7.04> <CoreInst = "m_axi">   --->   Core 111 'm_axi' <Latency = 3> <II = 1> <Delay = 1.00> <Adapter> <Opcode : 'read' 'write' 'readreq' 'writereq' 'writeresp'>
ST_17 : Operation 152 [56/68] (7.04ns)   --->   "%gmem_addr_1_resp = writeresp i1 @_ssdm_op_WriteResp.m_axi.i256P1A, i256 %gmem_addr_1" [C:/Users/steve/thesis-monte-carlo/SABR/test.c:14]   --->   Operation 152 'writeresp' 'gmem_addr_1_resp' <Predicate = (icmp_ln13)> <Delay = 7.04> <CoreInst = "m_axi">   --->   Core 111 'm_axi' <Latency = 3> <II = 1> <Delay = 1.00> <Adapter> <Opcode : 'read' 'write' 'readreq' 'writereq' 'writeresp'>

State 18 <SV = 17> <Delay = 7.04>
ST_18 : Operation 153 [54/68] (7.04ns)   --->   "%gmem_addr_resp = writeresp i1 @_ssdm_op_WriteResp.m_axi.i256P1A, i256 %gmem_addr" [C:/Users/steve/thesis-monte-carlo/SABR/test.c:13]   --->   Operation 153 'writeresp' 'gmem_addr_resp' <Predicate = (icmp_ln13)> <Delay = 7.04> <CoreInst = "m_axi">   --->   Core 111 'm_axi' <Latency = 3> <II = 1> <Delay = 1.00> <Adapter> <Opcode : 'read' 'write' 'readreq' 'writereq' 'writeresp'>
ST_18 : Operation 154 [55/68] (7.04ns)   --->   "%gmem_addr_1_resp = writeresp i1 @_ssdm_op_WriteResp.m_axi.i256P1A, i256 %gmem_addr_1" [C:/Users/steve/thesis-monte-carlo/SABR/test.c:14]   --->   Operation 154 'writeresp' 'gmem_addr_1_resp' <Predicate = (icmp_ln13)> <Delay = 7.04> <CoreInst = "m_axi">   --->   Core 111 'm_axi' <Latency = 3> <II = 1> <Delay = 1.00> <Adapter> <Opcode : 'read' 'write' 'readreq' 'writereq' 'writeresp'>

State 19 <SV = 18> <Delay = 7.04>
ST_19 : Operation 155 [53/68] (7.04ns)   --->   "%gmem_addr_resp = writeresp i1 @_ssdm_op_WriteResp.m_axi.i256P1A, i256 %gmem_addr" [C:/Users/steve/thesis-monte-carlo/SABR/test.c:13]   --->   Operation 155 'writeresp' 'gmem_addr_resp' <Predicate = (icmp_ln13)> <Delay = 7.04> <CoreInst = "m_axi">   --->   Core 111 'm_axi' <Latency = 3> <II = 1> <Delay = 1.00> <Adapter> <Opcode : 'read' 'write' 'readreq' 'writereq' 'writeresp'>
ST_19 : Operation 156 [54/68] (7.04ns)   --->   "%gmem_addr_1_resp = writeresp i1 @_ssdm_op_WriteResp.m_axi.i256P1A, i256 %gmem_addr_1" [C:/Users/steve/thesis-monte-carlo/SABR/test.c:14]   --->   Operation 156 'writeresp' 'gmem_addr_1_resp' <Predicate = (icmp_ln13)> <Delay = 7.04> <CoreInst = "m_axi">   --->   Core 111 'm_axi' <Latency = 3> <II = 1> <Delay = 1.00> <Adapter> <Opcode : 'read' 'write' 'readreq' 'writereq' 'writeresp'>

State 20 <SV = 19> <Delay = 7.04>
ST_20 : Operation 157 [52/68] (7.04ns)   --->   "%gmem_addr_resp = writeresp i1 @_ssdm_op_WriteResp.m_axi.i256P1A, i256 %gmem_addr" [C:/Users/steve/thesis-monte-carlo/SABR/test.c:13]   --->   Operation 157 'writeresp' 'gmem_addr_resp' <Predicate = (icmp_ln13)> <Delay = 7.04> <CoreInst = "m_axi">   --->   Core 111 'm_axi' <Latency = 3> <II = 1> <Delay = 1.00> <Adapter> <Opcode : 'read' 'write' 'readreq' 'writereq' 'writeresp'>
ST_20 : Operation 158 [53/68] (7.04ns)   --->   "%gmem_addr_1_resp = writeresp i1 @_ssdm_op_WriteResp.m_axi.i256P1A, i256 %gmem_addr_1" [C:/Users/steve/thesis-monte-carlo/SABR/test.c:14]   --->   Operation 158 'writeresp' 'gmem_addr_1_resp' <Predicate = (icmp_ln13)> <Delay = 7.04> <CoreInst = "m_axi">   --->   Core 111 'm_axi' <Latency = 3> <II = 1> <Delay = 1.00> <Adapter> <Opcode : 'read' 'write' 'readreq' 'writereq' 'writeresp'>

State 21 <SV = 20> <Delay = 7.04>
ST_21 : Operation 159 [51/68] (7.04ns)   --->   "%gmem_addr_resp = writeresp i1 @_ssdm_op_WriteResp.m_axi.i256P1A, i256 %gmem_addr" [C:/Users/steve/thesis-monte-carlo/SABR/test.c:13]   --->   Operation 159 'writeresp' 'gmem_addr_resp' <Predicate = (icmp_ln13)> <Delay = 7.04> <CoreInst = "m_axi">   --->   Core 111 'm_axi' <Latency = 3> <II = 1> <Delay = 1.00> <Adapter> <Opcode : 'read' 'write' 'readreq' 'writereq' 'writeresp'>
ST_21 : Operation 160 [52/68] (7.04ns)   --->   "%gmem_addr_1_resp = writeresp i1 @_ssdm_op_WriteResp.m_axi.i256P1A, i256 %gmem_addr_1" [C:/Users/steve/thesis-monte-carlo/SABR/test.c:14]   --->   Operation 160 'writeresp' 'gmem_addr_1_resp' <Predicate = (icmp_ln13)> <Delay = 7.04> <CoreInst = "m_axi">   --->   Core 111 'm_axi' <Latency = 3> <II = 1> <Delay = 1.00> <Adapter> <Opcode : 'read' 'write' 'readreq' 'writereq' 'writeresp'>

State 22 <SV = 21> <Delay = 7.04>
ST_22 : Operation 161 [50/68] (7.04ns)   --->   "%gmem_addr_resp = writeresp i1 @_ssdm_op_WriteResp.m_axi.i256P1A, i256 %gmem_addr" [C:/Users/steve/thesis-monte-carlo/SABR/test.c:13]   --->   Operation 161 'writeresp' 'gmem_addr_resp' <Predicate = (icmp_ln13)> <Delay = 7.04> <CoreInst = "m_axi">   --->   Core 111 'm_axi' <Latency = 3> <II = 1> <Delay = 1.00> <Adapter> <Opcode : 'read' 'write' 'readreq' 'writereq' 'writeresp'>
ST_22 : Operation 162 [51/68] (7.04ns)   --->   "%gmem_addr_1_resp = writeresp i1 @_ssdm_op_WriteResp.m_axi.i256P1A, i256 %gmem_addr_1" [C:/Users/steve/thesis-monte-carlo/SABR/test.c:14]   --->   Operation 162 'writeresp' 'gmem_addr_1_resp' <Predicate = (icmp_ln13)> <Delay = 7.04> <CoreInst = "m_axi">   --->   Core 111 'm_axi' <Latency = 3> <II = 1> <Delay = 1.00> <Adapter> <Opcode : 'read' 'write' 'readreq' 'writereq' 'writeresp'>

State 23 <SV = 22> <Delay = 7.04>
ST_23 : Operation 163 [49/68] (7.04ns)   --->   "%gmem_addr_resp = writeresp i1 @_ssdm_op_WriteResp.m_axi.i256P1A, i256 %gmem_addr" [C:/Users/steve/thesis-monte-carlo/SABR/test.c:13]   --->   Operation 163 'writeresp' 'gmem_addr_resp' <Predicate = (icmp_ln13)> <Delay = 7.04> <CoreInst = "m_axi">   --->   Core 111 'm_axi' <Latency = 3> <II = 1> <Delay = 1.00> <Adapter> <Opcode : 'read' 'write' 'readreq' 'writereq' 'writeresp'>
ST_23 : Operation 164 [50/68] (7.04ns)   --->   "%gmem_addr_1_resp = writeresp i1 @_ssdm_op_WriteResp.m_axi.i256P1A, i256 %gmem_addr_1" [C:/Users/steve/thesis-monte-carlo/SABR/test.c:14]   --->   Operation 164 'writeresp' 'gmem_addr_1_resp' <Predicate = (icmp_ln13)> <Delay = 7.04> <CoreInst = "m_axi">   --->   Core 111 'm_axi' <Latency = 3> <II = 1> <Delay = 1.00> <Adapter> <Opcode : 'read' 'write' 'readreq' 'writereq' 'writeresp'>

State 24 <SV = 23> <Delay = 7.04>
ST_24 : Operation 165 [48/68] (7.04ns)   --->   "%gmem_addr_resp = writeresp i1 @_ssdm_op_WriteResp.m_axi.i256P1A, i256 %gmem_addr" [C:/Users/steve/thesis-monte-carlo/SABR/test.c:13]   --->   Operation 165 'writeresp' 'gmem_addr_resp' <Predicate = (icmp_ln13)> <Delay = 7.04> <CoreInst = "m_axi">   --->   Core 111 'm_axi' <Latency = 3> <II = 1> <Delay = 1.00> <Adapter> <Opcode : 'read' 'write' 'readreq' 'writereq' 'writeresp'>
ST_24 : Operation 166 [49/68] (7.04ns)   --->   "%gmem_addr_1_resp = writeresp i1 @_ssdm_op_WriteResp.m_axi.i256P1A, i256 %gmem_addr_1" [C:/Users/steve/thesis-monte-carlo/SABR/test.c:14]   --->   Operation 166 'writeresp' 'gmem_addr_1_resp' <Predicate = (icmp_ln13)> <Delay = 7.04> <CoreInst = "m_axi">   --->   Core 111 'm_axi' <Latency = 3> <II = 1> <Delay = 1.00> <Adapter> <Opcode : 'read' 'write' 'readreq' 'writereq' 'writeresp'>

State 25 <SV = 24> <Delay = 7.04>
ST_25 : Operation 167 [47/68] (7.04ns)   --->   "%gmem_addr_resp = writeresp i1 @_ssdm_op_WriteResp.m_axi.i256P1A, i256 %gmem_addr" [C:/Users/steve/thesis-monte-carlo/SABR/test.c:13]   --->   Operation 167 'writeresp' 'gmem_addr_resp' <Predicate = (icmp_ln13)> <Delay = 7.04> <CoreInst = "m_axi">   --->   Core 111 'm_axi' <Latency = 3> <II = 1> <Delay = 1.00> <Adapter> <Opcode : 'read' 'write' 'readreq' 'writereq' 'writeresp'>
ST_25 : Operation 168 [48/68] (7.04ns)   --->   "%gmem_addr_1_resp = writeresp i1 @_ssdm_op_WriteResp.m_axi.i256P1A, i256 %gmem_addr_1" [C:/Users/steve/thesis-monte-carlo/SABR/test.c:14]   --->   Operation 168 'writeresp' 'gmem_addr_1_resp' <Predicate = (icmp_ln13)> <Delay = 7.04> <CoreInst = "m_axi">   --->   Core 111 'm_axi' <Latency = 3> <II = 1> <Delay = 1.00> <Adapter> <Opcode : 'read' 'write' 'readreq' 'writereq' 'writeresp'>

State 26 <SV = 25> <Delay = 7.04>
ST_26 : Operation 169 [46/68] (7.04ns)   --->   "%gmem_addr_resp = writeresp i1 @_ssdm_op_WriteResp.m_axi.i256P1A, i256 %gmem_addr" [C:/Users/steve/thesis-monte-carlo/SABR/test.c:13]   --->   Operation 169 'writeresp' 'gmem_addr_resp' <Predicate = (icmp_ln13)> <Delay = 7.04> <CoreInst = "m_axi">   --->   Core 111 'm_axi' <Latency = 3> <II = 1> <Delay = 1.00> <Adapter> <Opcode : 'read' 'write' 'readreq' 'writereq' 'writeresp'>
ST_26 : Operation 170 [47/68] (7.04ns)   --->   "%gmem_addr_1_resp = writeresp i1 @_ssdm_op_WriteResp.m_axi.i256P1A, i256 %gmem_addr_1" [C:/Users/steve/thesis-monte-carlo/SABR/test.c:14]   --->   Operation 170 'writeresp' 'gmem_addr_1_resp' <Predicate = (icmp_ln13)> <Delay = 7.04> <CoreInst = "m_axi">   --->   Core 111 'm_axi' <Latency = 3> <II = 1> <Delay = 1.00> <Adapter> <Opcode : 'read' 'write' 'readreq' 'writereq' 'writeresp'>

State 27 <SV = 26> <Delay = 7.04>
ST_27 : Operation 171 [45/68] (7.04ns)   --->   "%gmem_addr_resp = writeresp i1 @_ssdm_op_WriteResp.m_axi.i256P1A, i256 %gmem_addr" [C:/Users/steve/thesis-monte-carlo/SABR/test.c:13]   --->   Operation 171 'writeresp' 'gmem_addr_resp' <Predicate = (icmp_ln13)> <Delay = 7.04> <CoreInst = "m_axi">   --->   Core 111 'm_axi' <Latency = 3> <II = 1> <Delay = 1.00> <Adapter> <Opcode : 'read' 'write' 'readreq' 'writereq' 'writeresp'>
ST_27 : Operation 172 [46/68] (7.04ns)   --->   "%gmem_addr_1_resp = writeresp i1 @_ssdm_op_WriteResp.m_axi.i256P1A, i256 %gmem_addr_1" [C:/Users/steve/thesis-monte-carlo/SABR/test.c:14]   --->   Operation 172 'writeresp' 'gmem_addr_1_resp' <Predicate = (icmp_ln13)> <Delay = 7.04> <CoreInst = "m_axi">   --->   Core 111 'm_axi' <Latency = 3> <II = 1> <Delay = 1.00> <Adapter> <Opcode : 'read' 'write' 'readreq' 'writereq' 'writeresp'>

State 28 <SV = 27> <Delay = 7.04>
ST_28 : Operation 173 [44/68] (7.04ns)   --->   "%gmem_addr_resp = writeresp i1 @_ssdm_op_WriteResp.m_axi.i256P1A, i256 %gmem_addr" [C:/Users/steve/thesis-monte-carlo/SABR/test.c:13]   --->   Operation 173 'writeresp' 'gmem_addr_resp' <Predicate = (icmp_ln13)> <Delay = 7.04> <CoreInst = "m_axi">   --->   Core 111 'm_axi' <Latency = 3> <II = 1> <Delay = 1.00> <Adapter> <Opcode : 'read' 'write' 'readreq' 'writereq' 'writeresp'>
ST_28 : Operation 174 [45/68] (7.04ns)   --->   "%gmem_addr_1_resp = writeresp i1 @_ssdm_op_WriteResp.m_axi.i256P1A, i256 %gmem_addr_1" [C:/Users/steve/thesis-monte-carlo/SABR/test.c:14]   --->   Operation 174 'writeresp' 'gmem_addr_1_resp' <Predicate = (icmp_ln13)> <Delay = 7.04> <CoreInst = "m_axi">   --->   Core 111 'm_axi' <Latency = 3> <II = 1> <Delay = 1.00> <Adapter> <Opcode : 'read' 'write' 'readreq' 'writereq' 'writeresp'>

State 29 <SV = 28> <Delay = 7.04>
ST_29 : Operation 175 [43/68] (7.04ns)   --->   "%gmem_addr_resp = writeresp i1 @_ssdm_op_WriteResp.m_axi.i256P1A, i256 %gmem_addr" [C:/Users/steve/thesis-monte-carlo/SABR/test.c:13]   --->   Operation 175 'writeresp' 'gmem_addr_resp' <Predicate = (icmp_ln13)> <Delay = 7.04> <CoreInst = "m_axi">   --->   Core 111 'm_axi' <Latency = 3> <II = 1> <Delay = 1.00> <Adapter> <Opcode : 'read' 'write' 'readreq' 'writereq' 'writeresp'>
ST_29 : Operation 176 [44/68] (7.04ns)   --->   "%gmem_addr_1_resp = writeresp i1 @_ssdm_op_WriteResp.m_axi.i256P1A, i256 %gmem_addr_1" [C:/Users/steve/thesis-monte-carlo/SABR/test.c:14]   --->   Operation 176 'writeresp' 'gmem_addr_1_resp' <Predicate = (icmp_ln13)> <Delay = 7.04> <CoreInst = "m_axi">   --->   Core 111 'm_axi' <Latency = 3> <II = 1> <Delay = 1.00> <Adapter> <Opcode : 'read' 'write' 'readreq' 'writereq' 'writeresp'>

State 30 <SV = 29> <Delay = 7.04>
ST_30 : Operation 177 [42/68] (7.04ns)   --->   "%gmem_addr_resp = writeresp i1 @_ssdm_op_WriteResp.m_axi.i256P1A, i256 %gmem_addr" [C:/Users/steve/thesis-monte-carlo/SABR/test.c:13]   --->   Operation 177 'writeresp' 'gmem_addr_resp' <Predicate = (icmp_ln13)> <Delay = 7.04> <CoreInst = "m_axi">   --->   Core 111 'm_axi' <Latency = 3> <II = 1> <Delay = 1.00> <Adapter> <Opcode : 'read' 'write' 'readreq' 'writereq' 'writeresp'>
ST_30 : Operation 178 [43/68] (7.04ns)   --->   "%gmem_addr_1_resp = writeresp i1 @_ssdm_op_WriteResp.m_axi.i256P1A, i256 %gmem_addr_1" [C:/Users/steve/thesis-monte-carlo/SABR/test.c:14]   --->   Operation 178 'writeresp' 'gmem_addr_1_resp' <Predicate = (icmp_ln13)> <Delay = 7.04> <CoreInst = "m_axi">   --->   Core 111 'm_axi' <Latency = 3> <II = 1> <Delay = 1.00> <Adapter> <Opcode : 'read' 'write' 'readreq' 'writereq' 'writeresp'>

State 31 <SV = 30> <Delay = 7.04>
ST_31 : Operation 179 [41/68] (7.04ns)   --->   "%gmem_addr_resp = writeresp i1 @_ssdm_op_WriteResp.m_axi.i256P1A, i256 %gmem_addr" [C:/Users/steve/thesis-monte-carlo/SABR/test.c:13]   --->   Operation 179 'writeresp' 'gmem_addr_resp' <Predicate = (icmp_ln13)> <Delay = 7.04> <CoreInst = "m_axi">   --->   Core 111 'm_axi' <Latency = 3> <II = 1> <Delay = 1.00> <Adapter> <Opcode : 'read' 'write' 'readreq' 'writereq' 'writeresp'>
ST_31 : Operation 180 [42/68] (7.04ns)   --->   "%gmem_addr_1_resp = writeresp i1 @_ssdm_op_WriteResp.m_axi.i256P1A, i256 %gmem_addr_1" [C:/Users/steve/thesis-monte-carlo/SABR/test.c:14]   --->   Operation 180 'writeresp' 'gmem_addr_1_resp' <Predicate = (icmp_ln13)> <Delay = 7.04> <CoreInst = "m_axi">   --->   Core 111 'm_axi' <Latency = 3> <II = 1> <Delay = 1.00> <Adapter> <Opcode : 'read' 'write' 'readreq' 'writereq' 'writeresp'>

State 32 <SV = 31> <Delay = 7.04>
ST_32 : Operation 181 [40/68] (7.04ns)   --->   "%gmem_addr_resp = writeresp i1 @_ssdm_op_WriteResp.m_axi.i256P1A, i256 %gmem_addr" [C:/Users/steve/thesis-monte-carlo/SABR/test.c:13]   --->   Operation 181 'writeresp' 'gmem_addr_resp' <Predicate = (icmp_ln13)> <Delay = 7.04> <CoreInst = "m_axi">   --->   Core 111 'm_axi' <Latency = 3> <II = 1> <Delay = 1.00> <Adapter> <Opcode : 'read' 'write' 'readreq' 'writereq' 'writeresp'>
ST_32 : Operation 182 [41/68] (7.04ns)   --->   "%gmem_addr_1_resp = writeresp i1 @_ssdm_op_WriteResp.m_axi.i256P1A, i256 %gmem_addr_1" [C:/Users/steve/thesis-monte-carlo/SABR/test.c:14]   --->   Operation 182 'writeresp' 'gmem_addr_1_resp' <Predicate = (icmp_ln13)> <Delay = 7.04> <CoreInst = "m_axi">   --->   Core 111 'm_axi' <Latency = 3> <II = 1> <Delay = 1.00> <Adapter> <Opcode : 'read' 'write' 'readreq' 'writereq' 'writeresp'>

State 33 <SV = 32> <Delay = 7.04>
ST_33 : Operation 183 [39/68] (7.04ns)   --->   "%gmem_addr_resp = writeresp i1 @_ssdm_op_WriteResp.m_axi.i256P1A, i256 %gmem_addr" [C:/Users/steve/thesis-monte-carlo/SABR/test.c:13]   --->   Operation 183 'writeresp' 'gmem_addr_resp' <Predicate = (icmp_ln13)> <Delay = 7.04> <CoreInst = "m_axi">   --->   Core 111 'm_axi' <Latency = 3> <II = 1> <Delay = 1.00> <Adapter> <Opcode : 'read' 'write' 'readreq' 'writereq' 'writeresp'>
ST_33 : Operation 184 [40/68] (7.04ns)   --->   "%gmem_addr_1_resp = writeresp i1 @_ssdm_op_WriteResp.m_axi.i256P1A, i256 %gmem_addr_1" [C:/Users/steve/thesis-monte-carlo/SABR/test.c:14]   --->   Operation 184 'writeresp' 'gmem_addr_1_resp' <Predicate = (icmp_ln13)> <Delay = 7.04> <CoreInst = "m_axi">   --->   Core 111 'm_axi' <Latency = 3> <II = 1> <Delay = 1.00> <Adapter> <Opcode : 'read' 'write' 'readreq' 'writereq' 'writeresp'>

State 34 <SV = 33> <Delay = 7.04>
ST_34 : Operation 185 [38/68] (7.04ns)   --->   "%gmem_addr_resp = writeresp i1 @_ssdm_op_WriteResp.m_axi.i256P1A, i256 %gmem_addr" [C:/Users/steve/thesis-monte-carlo/SABR/test.c:13]   --->   Operation 185 'writeresp' 'gmem_addr_resp' <Predicate = (icmp_ln13)> <Delay = 7.04> <CoreInst = "m_axi">   --->   Core 111 'm_axi' <Latency = 3> <II = 1> <Delay = 1.00> <Adapter> <Opcode : 'read' 'write' 'readreq' 'writereq' 'writeresp'>
ST_34 : Operation 186 [39/68] (7.04ns)   --->   "%gmem_addr_1_resp = writeresp i1 @_ssdm_op_WriteResp.m_axi.i256P1A, i256 %gmem_addr_1" [C:/Users/steve/thesis-monte-carlo/SABR/test.c:14]   --->   Operation 186 'writeresp' 'gmem_addr_1_resp' <Predicate = (icmp_ln13)> <Delay = 7.04> <CoreInst = "m_axi">   --->   Core 111 'm_axi' <Latency = 3> <II = 1> <Delay = 1.00> <Adapter> <Opcode : 'read' 'write' 'readreq' 'writereq' 'writeresp'>

State 35 <SV = 34> <Delay = 7.04>
ST_35 : Operation 187 [37/68] (7.04ns)   --->   "%gmem_addr_resp = writeresp i1 @_ssdm_op_WriteResp.m_axi.i256P1A, i256 %gmem_addr" [C:/Users/steve/thesis-monte-carlo/SABR/test.c:13]   --->   Operation 187 'writeresp' 'gmem_addr_resp' <Predicate = (icmp_ln13)> <Delay = 7.04> <CoreInst = "m_axi">   --->   Core 111 'm_axi' <Latency = 3> <II = 1> <Delay = 1.00> <Adapter> <Opcode : 'read' 'write' 'readreq' 'writereq' 'writeresp'>
ST_35 : Operation 188 [38/68] (7.04ns)   --->   "%gmem_addr_1_resp = writeresp i1 @_ssdm_op_WriteResp.m_axi.i256P1A, i256 %gmem_addr_1" [C:/Users/steve/thesis-monte-carlo/SABR/test.c:14]   --->   Operation 188 'writeresp' 'gmem_addr_1_resp' <Predicate = (icmp_ln13)> <Delay = 7.04> <CoreInst = "m_axi">   --->   Core 111 'm_axi' <Latency = 3> <II = 1> <Delay = 1.00> <Adapter> <Opcode : 'read' 'write' 'readreq' 'writereq' 'writeresp'>

State 36 <SV = 35> <Delay = 7.04>
ST_36 : Operation 189 [36/68] (7.04ns)   --->   "%gmem_addr_resp = writeresp i1 @_ssdm_op_WriteResp.m_axi.i256P1A, i256 %gmem_addr" [C:/Users/steve/thesis-monte-carlo/SABR/test.c:13]   --->   Operation 189 'writeresp' 'gmem_addr_resp' <Predicate = (icmp_ln13)> <Delay = 7.04> <CoreInst = "m_axi">   --->   Core 111 'm_axi' <Latency = 3> <II = 1> <Delay = 1.00> <Adapter> <Opcode : 'read' 'write' 'readreq' 'writereq' 'writeresp'>
ST_36 : Operation 190 [37/68] (7.04ns)   --->   "%gmem_addr_1_resp = writeresp i1 @_ssdm_op_WriteResp.m_axi.i256P1A, i256 %gmem_addr_1" [C:/Users/steve/thesis-monte-carlo/SABR/test.c:14]   --->   Operation 190 'writeresp' 'gmem_addr_1_resp' <Predicate = (icmp_ln13)> <Delay = 7.04> <CoreInst = "m_axi">   --->   Core 111 'm_axi' <Latency = 3> <II = 1> <Delay = 1.00> <Adapter> <Opcode : 'read' 'write' 'readreq' 'writereq' 'writeresp'>

State 37 <SV = 36> <Delay = 7.04>
ST_37 : Operation 191 [35/68] (7.04ns)   --->   "%gmem_addr_resp = writeresp i1 @_ssdm_op_WriteResp.m_axi.i256P1A, i256 %gmem_addr" [C:/Users/steve/thesis-monte-carlo/SABR/test.c:13]   --->   Operation 191 'writeresp' 'gmem_addr_resp' <Predicate = (icmp_ln13)> <Delay = 7.04> <CoreInst = "m_axi">   --->   Core 111 'm_axi' <Latency = 3> <II = 1> <Delay = 1.00> <Adapter> <Opcode : 'read' 'write' 'readreq' 'writereq' 'writeresp'>
ST_37 : Operation 192 [36/68] (7.04ns)   --->   "%gmem_addr_1_resp = writeresp i1 @_ssdm_op_WriteResp.m_axi.i256P1A, i256 %gmem_addr_1" [C:/Users/steve/thesis-monte-carlo/SABR/test.c:14]   --->   Operation 192 'writeresp' 'gmem_addr_1_resp' <Predicate = (icmp_ln13)> <Delay = 7.04> <CoreInst = "m_axi">   --->   Core 111 'm_axi' <Latency = 3> <II = 1> <Delay = 1.00> <Adapter> <Opcode : 'read' 'write' 'readreq' 'writereq' 'writeresp'>

State 38 <SV = 37> <Delay = 7.04>
ST_38 : Operation 193 [34/68] (7.04ns)   --->   "%gmem_addr_resp = writeresp i1 @_ssdm_op_WriteResp.m_axi.i256P1A, i256 %gmem_addr" [C:/Users/steve/thesis-monte-carlo/SABR/test.c:13]   --->   Operation 193 'writeresp' 'gmem_addr_resp' <Predicate = (icmp_ln13)> <Delay = 7.04> <CoreInst = "m_axi">   --->   Core 111 'm_axi' <Latency = 3> <II = 1> <Delay = 1.00> <Adapter> <Opcode : 'read' 'write' 'readreq' 'writereq' 'writeresp'>
ST_38 : Operation 194 [35/68] (7.04ns)   --->   "%gmem_addr_1_resp = writeresp i1 @_ssdm_op_WriteResp.m_axi.i256P1A, i256 %gmem_addr_1" [C:/Users/steve/thesis-monte-carlo/SABR/test.c:14]   --->   Operation 194 'writeresp' 'gmem_addr_1_resp' <Predicate = (icmp_ln13)> <Delay = 7.04> <CoreInst = "m_axi">   --->   Core 111 'm_axi' <Latency = 3> <II = 1> <Delay = 1.00> <Adapter> <Opcode : 'read' 'write' 'readreq' 'writereq' 'writeresp'>

State 39 <SV = 38> <Delay = 7.04>
ST_39 : Operation 195 [33/68] (7.04ns)   --->   "%gmem_addr_resp = writeresp i1 @_ssdm_op_WriteResp.m_axi.i256P1A, i256 %gmem_addr" [C:/Users/steve/thesis-monte-carlo/SABR/test.c:13]   --->   Operation 195 'writeresp' 'gmem_addr_resp' <Predicate = (icmp_ln13)> <Delay = 7.04> <CoreInst = "m_axi">   --->   Core 111 'm_axi' <Latency = 3> <II = 1> <Delay = 1.00> <Adapter> <Opcode : 'read' 'write' 'readreq' 'writereq' 'writeresp'>
ST_39 : Operation 196 [34/68] (7.04ns)   --->   "%gmem_addr_1_resp = writeresp i1 @_ssdm_op_WriteResp.m_axi.i256P1A, i256 %gmem_addr_1" [C:/Users/steve/thesis-monte-carlo/SABR/test.c:14]   --->   Operation 196 'writeresp' 'gmem_addr_1_resp' <Predicate = (icmp_ln13)> <Delay = 7.04> <CoreInst = "m_axi">   --->   Core 111 'm_axi' <Latency = 3> <II = 1> <Delay = 1.00> <Adapter> <Opcode : 'read' 'write' 'readreq' 'writereq' 'writeresp'>

State 40 <SV = 39> <Delay = 7.04>
ST_40 : Operation 197 [32/68] (7.04ns)   --->   "%gmem_addr_resp = writeresp i1 @_ssdm_op_WriteResp.m_axi.i256P1A, i256 %gmem_addr" [C:/Users/steve/thesis-monte-carlo/SABR/test.c:13]   --->   Operation 197 'writeresp' 'gmem_addr_resp' <Predicate = (icmp_ln13)> <Delay = 7.04> <CoreInst = "m_axi">   --->   Core 111 'm_axi' <Latency = 3> <II = 1> <Delay = 1.00> <Adapter> <Opcode : 'read' 'write' 'readreq' 'writereq' 'writeresp'>
ST_40 : Operation 198 [33/68] (7.04ns)   --->   "%gmem_addr_1_resp = writeresp i1 @_ssdm_op_WriteResp.m_axi.i256P1A, i256 %gmem_addr_1" [C:/Users/steve/thesis-monte-carlo/SABR/test.c:14]   --->   Operation 198 'writeresp' 'gmem_addr_1_resp' <Predicate = (icmp_ln13)> <Delay = 7.04> <CoreInst = "m_axi">   --->   Core 111 'm_axi' <Latency = 3> <II = 1> <Delay = 1.00> <Adapter> <Opcode : 'read' 'write' 'readreq' 'writereq' 'writeresp'>

State 41 <SV = 40> <Delay = 7.04>
ST_41 : Operation 199 [31/68] (7.04ns)   --->   "%gmem_addr_resp = writeresp i1 @_ssdm_op_WriteResp.m_axi.i256P1A, i256 %gmem_addr" [C:/Users/steve/thesis-monte-carlo/SABR/test.c:13]   --->   Operation 199 'writeresp' 'gmem_addr_resp' <Predicate = (icmp_ln13)> <Delay = 7.04> <CoreInst = "m_axi">   --->   Core 111 'm_axi' <Latency = 3> <II = 1> <Delay = 1.00> <Adapter> <Opcode : 'read' 'write' 'readreq' 'writereq' 'writeresp'>
ST_41 : Operation 200 [32/68] (7.04ns)   --->   "%gmem_addr_1_resp = writeresp i1 @_ssdm_op_WriteResp.m_axi.i256P1A, i256 %gmem_addr_1" [C:/Users/steve/thesis-monte-carlo/SABR/test.c:14]   --->   Operation 200 'writeresp' 'gmem_addr_1_resp' <Predicate = (icmp_ln13)> <Delay = 7.04> <CoreInst = "m_axi">   --->   Core 111 'm_axi' <Latency = 3> <II = 1> <Delay = 1.00> <Adapter> <Opcode : 'read' 'write' 'readreq' 'writereq' 'writeresp'>

State 42 <SV = 41> <Delay = 7.04>
ST_42 : Operation 201 [30/68] (7.04ns)   --->   "%gmem_addr_resp = writeresp i1 @_ssdm_op_WriteResp.m_axi.i256P1A, i256 %gmem_addr" [C:/Users/steve/thesis-monte-carlo/SABR/test.c:13]   --->   Operation 201 'writeresp' 'gmem_addr_resp' <Predicate = (icmp_ln13)> <Delay = 7.04> <CoreInst = "m_axi">   --->   Core 111 'm_axi' <Latency = 3> <II = 1> <Delay = 1.00> <Adapter> <Opcode : 'read' 'write' 'readreq' 'writereq' 'writeresp'>
ST_42 : Operation 202 [31/68] (7.04ns)   --->   "%gmem_addr_1_resp = writeresp i1 @_ssdm_op_WriteResp.m_axi.i256P1A, i256 %gmem_addr_1" [C:/Users/steve/thesis-monte-carlo/SABR/test.c:14]   --->   Operation 202 'writeresp' 'gmem_addr_1_resp' <Predicate = (icmp_ln13)> <Delay = 7.04> <CoreInst = "m_axi">   --->   Core 111 'm_axi' <Latency = 3> <II = 1> <Delay = 1.00> <Adapter> <Opcode : 'read' 'write' 'readreq' 'writereq' 'writeresp'>

State 43 <SV = 42> <Delay = 7.04>
ST_43 : Operation 203 [29/68] (7.04ns)   --->   "%gmem_addr_resp = writeresp i1 @_ssdm_op_WriteResp.m_axi.i256P1A, i256 %gmem_addr" [C:/Users/steve/thesis-monte-carlo/SABR/test.c:13]   --->   Operation 203 'writeresp' 'gmem_addr_resp' <Predicate = (icmp_ln13)> <Delay = 7.04> <CoreInst = "m_axi">   --->   Core 111 'm_axi' <Latency = 3> <II = 1> <Delay = 1.00> <Adapter> <Opcode : 'read' 'write' 'readreq' 'writereq' 'writeresp'>
ST_43 : Operation 204 [30/68] (7.04ns)   --->   "%gmem_addr_1_resp = writeresp i1 @_ssdm_op_WriteResp.m_axi.i256P1A, i256 %gmem_addr_1" [C:/Users/steve/thesis-monte-carlo/SABR/test.c:14]   --->   Operation 204 'writeresp' 'gmem_addr_1_resp' <Predicate = (icmp_ln13)> <Delay = 7.04> <CoreInst = "m_axi">   --->   Core 111 'm_axi' <Latency = 3> <II = 1> <Delay = 1.00> <Adapter> <Opcode : 'read' 'write' 'readreq' 'writereq' 'writeresp'>

State 44 <SV = 43> <Delay = 7.04>
ST_44 : Operation 205 [28/68] (7.04ns)   --->   "%gmem_addr_resp = writeresp i1 @_ssdm_op_WriteResp.m_axi.i256P1A, i256 %gmem_addr" [C:/Users/steve/thesis-monte-carlo/SABR/test.c:13]   --->   Operation 205 'writeresp' 'gmem_addr_resp' <Predicate = (icmp_ln13)> <Delay = 7.04> <CoreInst = "m_axi">   --->   Core 111 'm_axi' <Latency = 3> <II = 1> <Delay = 1.00> <Adapter> <Opcode : 'read' 'write' 'readreq' 'writereq' 'writeresp'>
ST_44 : Operation 206 [29/68] (7.04ns)   --->   "%gmem_addr_1_resp = writeresp i1 @_ssdm_op_WriteResp.m_axi.i256P1A, i256 %gmem_addr_1" [C:/Users/steve/thesis-monte-carlo/SABR/test.c:14]   --->   Operation 206 'writeresp' 'gmem_addr_1_resp' <Predicate = (icmp_ln13)> <Delay = 7.04> <CoreInst = "m_axi">   --->   Core 111 'm_axi' <Latency = 3> <II = 1> <Delay = 1.00> <Adapter> <Opcode : 'read' 'write' 'readreq' 'writereq' 'writeresp'>

State 45 <SV = 44> <Delay = 7.04>
ST_45 : Operation 207 [27/68] (7.04ns)   --->   "%gmem_addr_resp = writeresp i1 @_ssdm_op_WriteResp.m_axi.i256P1A, i256 %gmem_addr" [C:/Users/steve/thesis-monte-carlo/SABR/test.c:13]   --->   Operation 207 'writeresp' 'gmem_addr_resp' <Predicate = (icmp_ln13)> <Delay = 7.04> <CoreInst = "m_axi">   --->   Core 111 'm_axi' <Latency = 3> <II = 1> <Delay = 1.00> <Adapter> <Opcode : 'read' 'write' 'readreq' 'writereq' 'writeresp'>
ST_45 : Operation 208 [28/68] (7.04ns)   --->   "%gmem_addr_1_resp = writeresp i1 @_ssdm_op_WriteResp.m_axi.i256P1A, i256 %gmem_addr_1" [C:/Users/steve/thesis-monte-carlo/SABR/test.c:14]   --->   Operation 208 'writeresp' 'gmem_addr_1_resp' <Predicate = (icmp_ln13)> <Delay = 7.04> <CoreInst = "m_axi">   --->   Core 111 'm_axi' <Latency = 3> <II = 1> <Delay = 1.00> <Adapter> <Opcode : 'read' 'write' 'readreq' 'writereq' 'writeresp'>

State 46 <SV = 45> <Delay = 7.04>
ST_46 : Operation 209 [26/68] (7.04ns)   --->   "%gmem_addr_resp = writeresp i1 @_ssdm_op_WriteResp.m_axi.i256P1A, i256 %gmem_addr" [C:/Users/steve/thesis-monte-carlo/SABR/test.c:13]   --->   Operation 209 'writeresp' 'gmem_addr_resp' <Predicate = (icmp_ln13)> <Delay = 7.04> <CoreInst = "m_axi">   --->   Core 111 'm_axi' <Latency = 3> <II = 1> <Delay = 1.00> <Adapter> <Opcode : 'read' 'write' 'readreq' 'writereq' 'writeresp'>
ST_46 : Operation 210 [27/68] (7.04ns)   --->   "%gmem_addr_1_resp = writeresp i1 @_ssdm_op_WriteResp.m_axi.i256P1A, i256 %gmem_addr_1" [C:/Users/steve/thesis-monte-carlo/SABR/test.c:14]   --->   Operation 210 'writeresp' 'gmem_addr_1_resp' <Predicate = (icmp_ln13)> <Delay = 7.04> <CoreInst = "m_axi">   --->   Core 111 'm_axi' <Latency = 3> <II = 1> <Delay = 1.00> <Adapter> <Opcode : 'read' 'write' 'readreq' 'writereq' 'writeresp'>

State 47 <SV = 46> <Delay = 7.04>
ST_47 : Operation 211 [25/68] (7.04ns)   --->   "%gmem_addr_resp = writeresp i1 @_ssdm_op_WriteResp.m_axi.i256P1A, i256 %gmem_addr" [C:/Users/steve/thesis-monte-carlo/SABR/test.c:13]   --->   Operation 211 'writeresp' 'gmem_addr_resp' <Predicate = (icmp_ln13)> <Delay = 7.04> <CoreInst = "m_axi">   --->   Core 111 'm_axi' <Latency = 3> <II = 1> <Delay = 1.00> <Adapter> <Opcode : 'read' 'write' 'readreq' 'writereq' 'writeresp'>
ST_47 : Operation 212 [26/68] (7.04ns)   --->   "%gmem_addr_1_resp = writeresp i1 @_ssdm_op_WriteResp.m_axi.i256P1A, i256 %gmem_addr_1" [C:/Users/steve/thesis-monte-carlo/SABR/test.c:14]   --->   Operation 212 'writeresp' 'gmem_addr_1_resp' <Predicate = (icmp_ln13)> <Delay = 7.04> <CoreInst = "m_axi">   --->   Core 111 'm_axi' <Latency = 3> <II = 1> <Delay = 1.00> <Adapter> <Opcode : 'read' 'write' 'readreq' 'writereq' 'writeresp'>

State 48 <SV = 47> <Delay = 7.04>
ST_48 : Operation 213 [24/68] (7.04ns)   --->   "%gmem_addr_resp = writeresp i1 @_ssdm_op_WriteResp.m_axi.i256P1A, i256 %gmem_addr" [C:/Users/steve/thesis-monte-carlo/SABR/test.c:13]   --->   Operation 213 'writeresp' 'gmem_addr_resp' <Predicate = (icmp_ln13)> <Delay = 7.04> <CoreInst = "m_axi">   --->   Core 111 'm_axi' <Latency = 3> <II = 1> <Delay = 1.00> <Adapter> <Opcode : 'read' 'write' 'readreq' 'writereq' 'writeresp'>
ST_48 : Operation 214 [25/68] (7.04ns)   --->   "%gmem_addr_1_resp = writeresp i1 @_ssdm_op_WriteResp.m_axi.i256P1A, i256 %gmem_addr_1" [C:/Users/steve/thesis-monte-carlo/SABR/test.c:14]   --->   Operation 214 'writeresp' 'gmem_addr_1_resp' <Predicate = (icmp_ln13)> <Delay = 7.04> <CoreInst = "m_axi">   --->   Core 111 'm_axi' <Latency = 3> <II = 1> <Delay = 1.00> <Adapter> <Opcode : 'read' 'write' 'readreq' 'writereq' 'writeresp'>

State 49 <SV = 48> <Delay = 7.04>
ST_49 : Operation 215 [23/68] (7.04ns)   --->   "%gmem_addr_resp = writeresp i1 @_ssdm_op_WriteResp.m_axi.i256P1A, i256 %gmem_addr" [C:/Users/steve/thesis-monte-carlo/SABR/test.c:13]   --->   Operation 215 'writeresp' 'gmem_addr_resp' <Predicate = (icmp_ln13)> <Delay = 7.04> <CoreInst = "m_axi">   --->   Core 111 'm_axi' <Latency = 3> <II = 1> <Delay = 1.00> <Adapter> <Opcode : 'read' 'write' 'readreq' 'writereq' 'writeresp'>
ST_49 : Operation 216 [24/68] (7.04ns)   --->   "%gmem_addr_1_resp = writeresp i1 @_ssdm_op_WriteResp.m_axi.i256P1A, i256 %gmem_addr_1" [C:/Users/steve/thesis-monte-carlo/SABR/test.c:14]   --->   Operation 216 'writeresp' 'gmem_addr_1_resp' <Predicate = (icmp_ln13)> <Delay = 7.04> <CoreInst = "m_axi">   --->   Core 111 'm_axi' <Latency = 3> <II = 1> <Delay = 1.00> <Adapter> <Opcode : 'read' 'write' 'readreq' 'writereq' 'writeresp'>

State 50 <SV = 49> <Delay = 7.04>
ST_50 : Operation 217 [22/68] (7.04ns)   --->   "%gmem_addr_resp = writeresp i1 @_ssdm_op_WriteResp.m_axi.i256P1A, i256 %gmem_addr" [C:/Users/steve/thesis-monte-carlo/SABR/test.c:13]   --->   Operation 217 'writeresp' 'gmem_addr_resp' <Predicate = (icmp_ln13)> <Delay = 7.04> <CoreInst = "m_axi">   --->   Core 111 'm_axi' <Latency = 3> <II = 1> <Delay = 1.00> <Adapter> <Opcode : 'read' 'write' 'readreq' 'writereq' 'writeresp'>
ST_50 : Operation 218 [23/68] (7.04ns)   --->   "%gmem_addr_1_resp = writeresp i1 @_ssdm_op_WriteResp.m_axi.i256P1A, i256 %gmem_addr_1" [C:/Users/steve/thesis-monte-carlo/SABR/test.c:14]   --->   Operation 218 'writeresp' 'gmem_addr_1_resp' <Predicate = (icmp_ln13)> <Delay = 7.04> <CoreInst = "m_axi">   --->   Core 111 'm_axi' <Latency = 3> <II = 1> <Delay = 1.00> <Adapter> <Opcode : 'read' 'write' 'readreq' 'writereq' 'writeresp'>

State 51 <SV = 50> <Delay = 7.04>
ST_51 : Operation 219 [21/68] (7.04ns)   --->   "%gmem_addr_resp = writeresp i1 @_ssdm_op_WriteResp.m_axi.i256P1A, i256 %gmem_addr" [C:/Users/steve/thesis-monte-carlo/SABR/test.c:13]   --->   Operation 219 'writeresp' 'gmem_addr_resp' <Predicate = (icmp_ln13)> <Delay = 7.04> <CoreInst = "m_axi">   --->   Core 111 'm_axi' <Latency = 3> <II = 1> <Delay = 1.00> <Adapter> <Opcode : 'read' 'write' 'readreq' 'writereq' 'writeresp'>
ST_51 : Operation 220 [22/68] (7.04ns)   --->   "%gmem_addr_1_resp = writeresp i1 @_ssdm_op_WriteResp.m_axi.i256P1A, i256 %gmem_addr_1" [C:/Users/steve/thesis-monte-carlo/SABR/test.c:14]   --->   Operation 220 'writeresp' 'gmem_addr_1_resp' <Predicate = (icmp_ln13)> <Delay = 7.04> <CoreInst = "m_axi">   --->   Core 111 'm_axi' <Latency = 3> <II = 1> <Delay = 1.00> <Adapter> <Opcode : 'read' 'write' 'readreq' 'writereq' 'writeresp'>

State 52 <SV = 51> <Delay = 7.04>
ST_52 : Operation 221 [20/68] (7.04ns)   --->   "%gmem_addr_resp = writeresp i1 @_ssdm_op_WriteResp.m_axi.i256P1A, i256 %gmem_addr" [C:/Users/steve/thesis-monte-carlo/SABR/test.c:13]   --->   Operation 221 'writeresp' 'gmem_addr_resp' <Predicate = (icmp_ln13)> <Delay = 7.04> <CoreInst = "m_axi">   --->   Core 111 'm_axi' <Latency = 3> <II = 1> <Delay = 1.00> <Adapter> <Opcode : 'read' 'write' 'readreq' 'writereq' 'writeresp'>
ST_52 : Operation 222 [21/68] (7.04ns)   --->   "%gmem_addr_1_resp = writeresp i1 @_ssdm_op_WriteResp.m_axi.i256P1A, i256 %gmem_addr_1" [C:/Users/steve/thesis-monte-carlo/SABR/test.c:14]   --->   Operation 222 'writeresp' 'gmem_addr_1_resp' <Predicate = (icmp_ln13)> <Delay = 7.04> <CoreInst = "m_axi">   --->   Core 111 'm_axi' <Latency = 3> <II = 1> <Delay = 1.00> <Adapter> <Opcode : 'read' 'write' 'readreq' 'writereq' 'writeresp'>

State 53 <SV = 52> <Delay = 7.04>
ST_53 : Operation 223 [19/68] (7.04ns)   --->   "%gmem_addr_resp = writeresp i1 @_ssdm_op_WriteResp.m_axi.i256P1A, i256 %gmem_addr" [C:/Users/steve/thesis-monte-carlo/SABR/test.c:13]   --->   Operation 223 'writeresp' 'gmem_addr_resp' <Predicate = (icmp_ln13)> <Delay = 7.04> <CoreInst = "m_axi">   --->   Core 111 'm_axi' <Latency = 3> <II = 1> <Delay = 1.00> <Adapter> <Opcode : 'read' 'write' 'readreq' 'writereq' 'writeresp'>
ST_53 : Operation 224 [20/68] (7.04ns)   --->   "%gmem_addr_1_resp = writeresp i1 @_ssdm_op_WriteResp.m_axi.i256P1A, i256 %gmem_addr_1" [C:/Users/steve/thesis-monte-carlo/SABR/test.c:14]   --->   Operation 224 'writeresp' 'gmem_addr_1_resp' <Predicate = (icmp_ln13)> <Delay = 7.04> <CoreInst = "m_axi">   --->   Core 111 'm_axi' <Latency = 3> <II = 1> <Delay = 1.00> <Adapter> <Opcode : 'read' 'write' 'readreq' 'writereq' 'writeresp'>

State 54 <SV = 53> <Delay = 7.04>
ST_54 : Operation 225 [18/68] (7.04ns)   --->   "%gmem_addr_resp = writeresp i1 @_ssdm_op_WriteResp.m_axi.i256P1A, i256 %gmem_addr" [C:/Users/steve/thesis-monte-carlo/SABR/test.c:13]   --->   Operation 225 'writeresp' 'gmem_addr_resp' <Predicate = (icmp_ln13)> <Delay = 7.04> <CoreInst = "m_axi">   --->   Core 111 'm_axi' <Latency = 3> <II = 1> <Delay = 1.00> <Adapter> <Opcode : 'read' 'write' 'readreq' 'writereq' 'writeresp'>
ST_54 : Operation 226 [19/68] (7.04ns)   --->   "%gmem_addr_1_resp = writeresp i1 @_ssdm_op_WriteResp.m_axi.i256P1A, i256 %gmem_addr_1" [C:/Users/steve/thesis-monte-carlo/SABR/test.c:14]   --->   Operation 226 'writeresp' 'gmem_addr_1_resp' <Predicate = (icmp_ln13)> <Delay = 7.04> <CoreInst = "m_axi">   --->   Core 111 'm_axi' <Latency = 3> <II = 1> <Delay = 1.00> <Adapter> <Opcode : 'read' 'write' 'readreq' 'writereq' 'writeresp'>

State 55 <SV = 54> <Delay = 7.04>
ST_55 : Operation 227 [17/68] (7.04ns)   --->   "%gmem_addr_resp = writeresp i1 @_ssdm_op_WriteResp.m_axi.i256P1A, i256 %gmem_addr" [C:/Users/steve/thesis-monte-carlo/SABR/test.c:13]   --->   Operation 227 'writeresp' 'gmem_addr_resp' <Predicate = (icmp_ln13)> <Delay = 7.04> <CoreInst = "m_axi">   --->   Core 111 'm_axi' <Latency = 3> <II = 1> <Delay = 1.00> <Adapter> <Opcode : 'read' 'write' 'readreq' 'writereq' 'writeresp'>
ST_55 : Operation 228 [18/68] (7.04ns)   --->   "%gmem_addr_1_resp = writeresp i1 @_ssdm_op_WriteResp.m_axi.i256P1A, i256 %gmem_addr_1" [C:/Users/steve/thesis-monte-carlo/SABR/test.c:14]   --->   Operation 228 'writeresp' 'gmem_addr_1_resp' <Predicate = (icmp_ln13)> <Delay = 7.04> <CoreInst = "m_axi">   --->   Core 111 'm_axi' <Latency = 3> <II = 1> <Delay = 1.00> <Adapter> <Opcode : 'read' 'write' 'readreq' 'writereq' 'writeresp'>

State 56 <SV = 55> <Delay = 7.04>
ST_56 : Operation 229 [16/68] (7.04ns)   --->   "%gmem_addr_resp = writeresp i1 @_ssdm_op_WriteResp.m_axi.i256P1A, i256 %gmem_addr" [C:/Users/steve/thesis-monte-carlo/SABR/test.c:13]   --->   Operation 229 'writeresp' 'gmem_addr_resp' <Predicate = (icmp_ln13)> <Delay = 7.04> <CoreInst = "m_axi">   --->   Core 111 'm_axi' <Latency = 3> <II = 1> <Delay = 1.00> <Adapter> <Opcode : 'read' 'write' 'readreq' 'writereq' 'writeresp'>
ST_56 : Operation 230 [17/68] (7.04ns)   --->   "%gmem_addr_1_resp = writeresp i1 @_ssdm_op_WriteResp.m_axi.i256P1A, i256 %gmem_addr_1" [C:/Users/steve/thesis-monte-carlo/SABR/test.c:14]   --->   Operation 230 'writeresp' 'gmem_addr_1_resp' <Predicate = (icmp_ln13)> <Delay = 7.04> <CoreInst = "m_axi">   --->   Core 111 'm_axi' <Latency = 3> <II = 1> <Delay = 1.00> <Adapter> <Opcode : 'read' 'write' 'readreq' 'writereq' 'writeresp'>

State 57 <SV = 56> <Delay = 7.04>
ST_57 : Operation 231 [15/68] (7.04ns)   --->   "%gmem_addr_resp = writeresp i1 @_ssdm_op_WriteResp.m_axi.i256P1A, i256 %gmem_addr" [C:/Users/steve/thesis-monte-carlo/SABR/test.c:13]   --->   Operation 231 'writeresp' 'gmem_addr_resp' <Predicate = (icmp_ln13)> <Delay = 7.04> <CoreInst = "m_axi">   --->   Core 111 'm_axi' <Latency = 3> <II = 1> <Delay = 1.00> <Adapter> <Opcode : 'read' 'write' 'readreq' 'writereq' 'writeresp'>
ST_57 : Operation 232 [16/68] (7.04ns)   --->   "%gmem_addr_1_resp = writeresp i1 @_ssdm_op_WriteResp.m_axi.i256P1A, i256 %gmem_addr_1" [C:/Users/steve/thesis-monte-carlo/SABR/test.c:14]   --->   Operation 232 'writeresp' 'gmem_addr_1_resp' <Predicate = (icmp_ln13)> <Delay = 7.04> <CoreInst = "m_axi">   --->   Core 111 'm_axi' <Latency = 3> <II = 1> <Delay = 1.00> <Adapter> <Opcode : 'read' 'write' 'readreq' 'writereq' 'writeresp'>

State 58 <SV = 57> <Delay = 7.04>
ST_58 : Operation 233 [14/68] (7.04ns)   --->   "%gmem_addr_resp = writeresp i1 @_ssdm_op_WriteResp.m_axi.i256P1A, i256 %gmem_addr" [C:/Users/steve/thesis-monte-carlo/SABR/test.c:13]   --->   Operation 233 'writeresp' 'gmem_addr_resp' <Predicate = (icmp_ln13)> <Delay = 7.04> <CoreInst = "m_axi">   --->   Core 111 'm_axi' <Latency = 3> <II = 1> <Delay = 1.00> <Adapter> <Opcode : 'read' 'write' 'readreq' 'writereq' 'writeresp'>
ST_58 : Operation 234 [15/68] (7.04ns)   --->   "%gmem_addr_1_resp = writeresp i1 @_ssdm_op_WriteResp.m_axi.i256P1A, i256 %gmem_addr_1" [C:/Users/steve/thesis-monte-carlo/SABR/test.c:14]   --->   Operation 234 'writeresp' 'gmem_addr_1_resp' <Predicate = (icmp_ln13)> <Delay = 7.04> <CoreInst = "m_axi">   --->   Core 111 'm_axi' <Latency = 3> <II = 1> <Delay = 1.00> <Adapter> <Opcode : 'read' 'write' 'readreq' 'writereq' 'writeresp'>

State 59 <SV = 58> <Delay = 7.04>
ST_59 : Operation 235 [13/68] (7.04ns)   --->   "%gmem_addr_resp = writeresp i1 @_ssdm_op_WriteResp.m_axi.i256P1A, i256 %gmem_addr" [C:/Users/steve/thesis-monte-carlo/SABR/test.c:13]   --->   Operation 235 'writeresp' 'gmem_addr_resp' <Predicate = (icmp_ln13)> <Delay = 7.04> <CoreInst = "m_axi">   --->   Core 111 'm_axi' <Latency = 3> <II = 1> <Delay = 1.00> <Adapter> <Opcode : 'read' 'write' 'readreq' 'writereq' 'writeresp'>
ST_59 : Operation 236 [14/68] (7.04ns)   --->   "%gmem_addr_1_resp = writeresp i1 @_ssdm_op_WriteResp.m_axi.i256P1A, i256 %gmem_addr_1" [C:/Users/steve/thesis-monte-carlo/SABR/test.c:14]   --->   Operation 236 'writeresp' 'gmem_addr_1_resp' <Predicate = (icmp_ln13)> <Delay = 7.04> <CoreInst = "m_axi">   --->   Core 111 'm_axi' <Latency = 3> <II = 1> <Delay = 1.00> <Adapter> <Opcode : 'read' 'write' 'readreq' 'writereq' 'writeresp'>

State 60 <SV = 59> <Delay = 7.04>
ST_60 : Operation 237 [12/68] (7.04ns)   --->   "%gmem_addr_resp = writeresp i1 @_ssdm_op_WriteResp.m_axi.i256P1A, i256 %gmem_addr" [C:/Users/steve/thesis-monte-carlo/SABR/test.c:13]   --->   Operation 237 'writeresp' 'gmem_addr_resp' <Predicate = (icmp_ln13)> <Delay = 7.04> <CoreInst = "m_axi">   --->   Core 111 'm_axi' <Latency = 3> <II = 1> <Delay = 1.00> <Adapter> <Opcode : 'read' 'write' 'readreq' 'writereq' 'writeresp'>
ST_60 : Operation 238 [13/68] (7.04ns)   --->   "%gmem_addr_1_resp = writeresp i1 @_ssdm_op_WriteResp.m_axi.i256P1A, i256 %gmem_addr_1" [C:/Users/steve/thesis-monte-carlo/SABR/test.c:14]   --->   Operation 238 'writeresp' 'gmem_addr_1_resp' <Predicate = (icmp_ln13)> <Delay = 7.04> <CoreInst = "m_axi">   --->   Core 111 'm_axi' <Latency = 3> <II = 1> <Delay = 1.00> <Adapter> <Opcode : 'read' 'write' 'readreq' 'writereq' 'writeresp'>

State 61 <SV = 60> <Delay = 7.04>
ST_61 : Operation 239 [11/68] (7.04ns)   --->   "%gmem_addr_resp = writeresp i1 @_ssdm_op_WriteResp.m_axi.i256P1A, i256 %gmem_addr" [C:/Users/steve/thesis-monte-carlo/SABR/test.c:13]   --->   Operation 239 'writeresp' 'gmem_addr_resp' <Predicate = (icmp_ln13)> <Delay = 7.04> <CoreInst = "m_axi">   --->   Core 111 'm_axi' <Latency = 3> <II = 1> <Delay = 1.00> <Adapter> <Opcode : 'read' 'write' 'readreq' 'writereq' 'writeresp'>
ST_61 : Operation 240 [12/68] (7.04ns)   --->   "%gmem_addr_1_resp = writeresp i1 @_ssdm_op_WriteResp.m_axi.i256P1A, i256 %gmem_addr_1" [C:/Users/steve/thesis-monte-carlo/SABR/test.c:14]   --->   Operation 240 'writeresp' 'gmem_addr_1_resp' <Predicate = (icmp_ln13)> <Delay = 7.04> <CoreInst = "m_axi">   --->   Core 111 'm_axi' <Latency = 3> <II = 1> <Delay = 1.00> <Adapter> <Opcode : 'read' 'write' 'readreq' 'writereq' 'writeresp'>

State 62 <SV = 61> <Delay = 7.04>
ST_62 : Operation 241 [10/68] (7.04ns)   --->   "%gmem_addr_resp = writeresp i1 @_ssdm_op_WriteResp.m_axi.i256P1A, i256 %gmem_addr" [C:/Users/steve/thesis-monte-carlo/SABR/test.c:13]   --->   Operation 241 'writeresp' 'gmem_addr_resp' <Predicate = (icmp_ln13)> <Delay = 7.04> <CoreInst = "m_axi">   --->   Core 111 'm_axi' <Latency = 3> <II = 1> <Delay = 1.00> <Adapter> <Opcode : 'read' 'write' 'readreq' 'writereq' 'writeresp'>
ST_62 : Operation 242 [11/68] (7.04ns)   --->   "%gmem_addr_1_resp = writeresp i1 @_ssdm_op_WriteResp.m_axi.i256P1A, i256 %gmem_addr_1" [C:/Users/steve/thesis-monte-carlo/SABR/test.c:14]   --->   Operation 242 'writeresp' 'gmem_addr_1_resp' <Predicate = (icmp_ln13)> <Delay = 7.04> <CoreInst = "m_axi">   --->   Core 111 'm_axi' <Latency = 3> <II = 1> <Delay = 1.00> <Adapter> <Opcode : 'read' 'write' 'readreq' 'writereq' 'writeresp'>

State 63 <SV = 62> <Delay = 7.04>
ST_63 : Operation 243 [9/68] (7.04ns)   --->   "%gmem_addr_resp = writeresp i1 @_ssdm_op_WriteResp.m_axi.i256P1A, i256 %gmem_addr" [C:/Users/steve/thesis-monte-carlo/SABR/test.c:13]   --->   Operation 243 'writeresp' 'gmem_addr_resp' <Predicate = (icmp_ln13)> <Delay = 7.04> <CoreInst = "m_axi">   --->   Core 111 'm_axi' <Latency = 3> <II = 1> <Delay = 1.00> <Adapter> <Opcode : 'read' 'write' 'readreq' 'writereq' 'writeresp'>
ST_63 : Operation 244 [10/68] (7.04ns)   --->   "%gmem_addr_1_resp = writeresp i1 @_ssdm_op_WriteResp.m_axi.i256P1A, i256 %gmem_addr_1" [C:/Users/steve/thesis-monte-carlo/SABR/test.c:14]   --->   Operation 244 'writeresp' 'gmem_addr_1_resp' <Predicate = (icmp_ln13)> <Delay = 7.04> <CoreInst = "m_axi">   --->   Core 111 'm_axi' <Latency = 3> <II = 1> <Delay = 1.00> <Adapter> <Opcode : 'read' 'write' 'readreq' 'writereq' 'writeresp'>

State 64 <SV = 63> <Delay = 7.04>
ST_64 : Operation 245 [8/68] (7.04ns)   --->   "%gmem_addr_resp = writeresp i1 @_ssdm_op_WriteResp.m_axi.i256P1A, i256 %gmem_addr" [C:/Users/steve/thesis-monte-carlo/SABR/test.c:13]   --->   Operation 245 'writeresp' 'gmem_addr_resp' <Predicate = (icmp_ln13)> <Delay = 7.04> <CoreInst = "m_axi">   --->   Core 111 'm_axi' <Latency = 3> <II = 1> <Delay = 1.00> <Adapter> <Opcode : 'read' 'write' 'readreq' 'writereq' 'writeresp'>
ST_64 : Operation 246 [9/68] (7.04ns)   --->   "%gmem_addr_1_resp = writeresp i1 @_ssdm_op_WriteResp.m_axi.i256P1A, i256 %gmem_addr_1" [C:/Users/steve/thesis-monte-carlo/SABR/test.c:14]   --->   Operation 246 'writeresp' 'gmem_addr_1_resp' <Predicate = (icmp_ln13)> <Delay = 7.04> <CoreInst = "m_axi">   --->   Core 111 'm_axi' <Latency = 3> <II = 1> <Delay = 1.00> <Adapter> <Opcode : 'read' 'write' 'readreq' 'writereq' 'writeresp'>

State 65 <SV = 64> <Delay = 7.04>
ST_65 : Operation 247 [7/68] (7.04ns)   --->   "%gmem_addr_resp = writeresp i1 @_ssdm_op_WriteResp.m_axi.i256P1A, i256 %gmem_addr" [C:/Users/steve/thesis-monte-carlo/SABR/test.c:13]   --->   Operation 247 'writeresp' 'gmem_addr_resp' <Predicate = (icmp_ln13)> <Delay = 7.04> <CoreInst = "m_axi">   --->   Core 111 'm_axi' <Latency = 3> <II = 1> <Delay = 1.00> <Adapter> <Opcode : 'read' 'write' 'readreq' 'writereq' 'writeresp'>
ST_65 : Operation 248 [8/68] (7.04ns)   --->   "%gmem_addr_1_resp = writeresp i1 @_ssdm_op_WriteResp.m_axi.i256P1A, i256 %gmem_addr_1" [C:/Users/steve/thesis-monte-carlo/SABR/test.c:14]   --->   Operation 248 'writeresp' 'gmem_addr_1_resp' <Predicate = (icmp_ln13)> <Delay = 7.04> <CoreInst = "m_axi">   --->   Core 111 'm_axi' <Latency = 3> <II = 1> <Delay = 1.00> <Adapter> <Opcode : 'read' 'write' 'readreq' 'writereq' 'writeresp'>

State 66 <SV = 65> <Delay = 7.04>
ST_66 : Operation 249 [6/68] (7.04ns)   --->   "%gmem_addr_resp = writeresp i1 @_ssdm_op_WriteResp.m_axi.i256P1A, i256 %gmem_addr" [C:/Users/steve/thesis-monte-carlo/SABR/test.c:13]   --->   Operation 249 'writeresp' 'gmem_addr_resp' <Predicate = (icmp_ln13)> <Delay = 7.04> <CoreInst = "m_axi">   --->   Core 111 'm_axi' <Latency = 3> <II = 1> <Delay = 1.00> <Adapter> <Opcode : 'read' 'write' 'readreq' 'writereq' 'writeresp'>
ST_66 : Operation 250 [7/68] (7.04ns)   --->   "%gmem_addr_1_resp = writeresp i1 @_ssdm_op_WriteResp.m_axi.i256P1A, i256 %gmem_addr_1" [C:/Users/steve/thesis-monte-carlo/SABR/test.c:14]   --->   Operation 250 'writeresp' 'gmem_addr_1_resp' <Predicate = (icmp_ln13)> <Delay = 7.04> <CoreInst = "m_axi">   --->   Core 111 'm_axi' <Latency = 3> <II = 1> <Delay = 1.00> <Adapter> <Opcode : 'read' 'write' 'readreq' 'writereq' 'writeresp'>

State 67 <SV = 66> <Delay = 7.04>
ST_67 : Operation 251 [5/68] (7.04ns)   --->   "%gmem_addr_resp = writeresp i1 @_ssdm_op_WriteResp.m_axi.i256P1A, i256 %gmem_addr" [C:/Users/steve/thesis-monte-carlo/SABR/test.c:13]   --->   Operation 251 'writeresp' 'gmem_addr_resp' <Predicate = (icmp_ln13)> <Delay = 7.04> <CoreInst = "m_axi">   --->   Core 111 'm_axi' <Latency = 3> <II = 1> <Delay = 1.00> <Adapter> <Opcode : 'read' 'write' 'readreq' 'writereq' 'writeresp'>
ST_67 : Operation 252 [6/68] (7.04ns)   --->   "%gmem_addr_1_resp = writeresp i1 @_ssdm_op_WriteResp.m_axi.i256P1A, i256 %gmem_addr_1" [C:/Users/steve/thesis-monte-carlo/SABR/test.c:14]   --->   Operation 252 'writeresp' 'gmem_addr_1_resp' <Predicate = (icmp_ln13)> <Delay = 7.04> <CoreInst = "m_axi">   --->   Core 111 'm_axi' <Latency = 3> <II = 1> <Delay = 1.00> <Adapter> <Opcode : 'read' 'write' 'readreq' 'writereq' 'writeresp'>

State 68 <SV = 67> <Delay = 7.04>
ST_68 : Operation 253 [4/68] (7.04ns)   --->   "%gmem_addr_resp = writeresp i1 @_ssdm_op_WriteResp.m_axi.i256P1A, i256 %gmem_addr" [C:/Users/steve/thesis-monte-carlo/SABR/test.c:13]   --->   Operation 253 'writeresp' 'gmem_addr_resp' <Predicate = (icmp_ln13)> <Delay = 7.04> <CoreInst = "m_axi">   --->   Core 111 'm_axi' <Latency = 3> <II = 1> <Delay = 1.00> <Adapter> <Opcode : 'read' 'write' 'readreq' 'writereq' 'writeresp'>
ST_68 : Operation 254 [5/68] (7.04ns)   --->   "%gmem_addr_1_resp = writeresp i1 @_ssdm_op_WriteResp.m_axi.i256P1A, i256 %gmem_addr_1" [C:/Users/steve/thesis-monte-carlo/SABR/test.c:14]   --->   Operation 254 'writeresp' 'gmem_addr_1_resp' <Predicate = (icmp_ln13)> <Delay = 7.04> <CoreInst = "m_axi">   --->   Core 111 'm_axi' <Latency = 3> <II = 1> <Delay = 1.00> <Adapter> <Opcode : 'read' 'write' 'readreq' 'writereq' 'writeresp'>

State 69 <SV = 68> <Delay = 7.04>
ST_69 : Operation 255 [3/68] (7.04ns)   --->   "%gmem_addr_resp = writeresp i1 @_ssdm_op_WriteResp.m_axi.i256P1A, i256 %gmem_addr" [C:/Users/steve/thesis-monte-carlo/SABR/test.c:13]   --->   Operation 255 'writeresp' 'gmem_addr_resp' <Predicate = (icmp_ln13)> <Delay = 7.04> <CoreInst = "m_axi">   --->   Core 111 'm_axi' <Latency = 3> <II = 1> <Delay = 1.00> <Adapter> <Opcode : 'read' 'write' 'readreq' 'writereq' 'writeresp'>
ST_69 : Operation 256 [4/68] (7.04ns)   --->   "%gmem_addr_1_resp = writeresp i1 @_ssdm_op_WriteResp.m_axi.i256P1A, i256 %gmem_addr_1" [C:/Users/steve/thesis-monte-carlo/SABR/test.c:14]   --->   Operation 256 'writeresp' 'gmem_addr_1_resp' <Predicate = (icmp_ln13)> <Delay = 7.04> <CoreInst = "m_axi">   --->   Core 111 'm_axi' <Latency = 3> <II = 1> <Delay = 1.00> <Adapter> <Opcode : 'read' 'write' 'readreq' 'writereq' 'writeresp'>

State 70 <SV = 69> <Delay = 7.04>
ST_70 : Operation 257 [2/68] (7.04ns)   --->   "%gmem_addr_resp = writeresp i1 @_ssdm_op_WriteResp.m_axi.i256P1A, i256 %gmem_addr" [C:/Users/steve/thesis-monte-carlo/SABR/test.c:13]   --->   Operation 257 'writeresp' 'gmem_addr_resp' <Predicate = (icmp_ln13)> <Delay = 7.04> <CoreInst = "m_axi">   --->   Core 111 'm_axi' <Latency = 3> <II = 1> <Delay = 1.00> <Adapter> <Opcode : 'read' 'write' 'readreq' 'writereq' 'writeresp'>
ST_70 : Operation 258 [3/68] (7.04ns)   --->   "%gmem_addr_1_resp = writeresp i1 @_ssdm_op_WriteResp.m_axi.i256P1A, i256 %gmem_addr_1" [C:/Users/steve/thesis-monte-carlo/SABR/test.c:14]   --->   Operation 258 'writeresp' 'gmem_addr_1_resp' <Predicate = (icmp_ln13)> <Delay = 7.04> <CoreInst = "m_axi">   --->   Core 111 'm_axi' <Latency = 3> <II = 1> <Delay = 1.00> <Adapter> <Opcode : 'read' 'write' 'readreq' 'writereq' 'writeresp'>
ST_70 : Operation 263 [1/1] (1.29ns)   --->   "%ret_ln0 = ret"   --->   Operation 263 'ret' 'ret_ln0' <Predicate = (icmp_ln12)> <Delay = 1.29>

State 71 <SV = 70> <Delay = 7.04>
ST_71 : Operation 259 [1/68] (7.04ns)   --->   "%gmem_addr_resp = writeresp i1 @_ssdm_op_WriteResp.m_axi.i256P1A, i256 %gmem_addr" [C:/Users/steve/thesis-monte-carlo/SABR/test.c:13]   --->   Operation 259 'writeresp' 'gmem_addr_resp' <Predicate = (icmp_ln13)> <Delay = 7.04> <CoreInst = "m_axi">   --->   Core 111 'm_axi' <Latency = 3> <II = 1> <Delay = 1.00> <Adapter> <Opcode : 'read' 'write' 'readreq' 'writereq' 'writeresp'>
ST_71 : Operation 260 [2/68] (7.04ns)   --->   "%gmem_addr_1_resp = writeresp i1 @_ssdm_op_WriteResp.m_axi.i256P1A, i256 %gmem_addr_1" [C:/Users/steve/thesis-monte-carlo/SABR/test.c:14]   --->   Operation 260 'writeresp' 'gmem_addr_1_resp' <Predicate = (icmp_ln13)> <Delay = 7.04> <CoreInst = "m_axi">   --->   Core 111 'm_axi' <Latency = 3> <II = 1> <Delay = 1.00> <Adapter> <Opcode : 'read' 'write' 'readreq' 'writereq' 'writeresp'>

State 72 <SV = 71> <Delay = 7.04>
ST_72 : Operation 261 [1/68] (7.04ns)   --->   "%gmem_addr_1_resp = writeresp i1 @_ssdm_op_WriteResp.m_axi.i256P1A, i256 %gmem_addr_1" [C:/Users/steve/thesis-monte-carlo/SABR/test.c:14]   --->   Operation 261 'writeresp' 'gmem_addr_1_resp' <Predicate = (icmp_ln13)> <Delay = 7.04> <CoreInst = "m_axi">   --->   Core 111 'm_axi' <Latency = 3> <II = 1> <Delay = 1.00> <Adapter> <Opcode : 'read' 'write' 'readreq' 'writereq' 'writeresp'>
ST_72 : Operation 262 [1/1] (0.00ns)   --->   "%br_ln14 = br void %for.inc.split._crit_edge" [C:/Users/steve/thesis-monte-carlo/SABR/test.c:14]   --->   Operation 262 'br' 'br_ln14' <Predicate = (icmp_ln13)> <Delay = 0.00>


============================================================
+ Verbose Summary: Timing violations
============================================================
Target clock period: 8.000ns, clock uncertainty: 0.960ns.

 <State 1>: 4.207ns
The critical path consists of the following:
	'store' operation 0 bit ('store_ln12', C:/Users/steve/thesis-monte-carlo/SABR/test.c:12) of constant 0 on local variable 'm', C:/Users/steve/thesis-monte-carlo/SABR/test.c:12 [16]  (1.294 ns)
	'load' operation 7 bit ('m', C:/Users/steve/thesis-monte-carlo/SABR/test.c:12) on local variable 'm', C:/Users/steve/thesis-monte-carlo/SABR/test.c:12 [21]  (0.000 ns)
	'add' operation 7 bit ('add_ln12', C:/Users/steve/thesis-monte-carlo/SABR/test.c:12) [24]  (1.619 ns)
	'store' operation 0 bit ('store_ln12', C:/Users/steve/thesis-monte-carlo/SABR/test.c:12) of variable 'add_ln12', C:/Users/steve/thesis-monte-carlo/SABR/test.c:12 on local variable 'm', C:/Users/steve/thesis-monte-carlo/SABR/test.c:12 [60]  (1.294 ns)

 <State 2>: 7.040ns
The critical path consists of the following:
	'getelementptr' operation 256 bit ('gmem_addr', C:/Users/steve/thesis-monte-carlo/SABR/test.c:13) [43]  (0.000 ns)
	bus request operation ('gmem_addr_req', C:/Users/steve/thesis-monte-carlo/SABR/test.c:13) on port 'gmem' (C:/Users/steve/thesis-monte-carlo/SABR/test.c:13) [44]  (7.040 ns)

 <State 3>: 7.040ns
The critical path consists of the following:
	'load' operation 192 bit ('phi_ln13_load', C:/Users/steve/thesis-monte-carlo/SABR/test.c:13) on local variable 'phi_ln13' [28]  (0.000 ns)
	bus write operation ('write_ln13', C:/Users/steve/thesis-monte-carlo/SABR/test.c:13) on port 'gmem' (C:/Users/steve/thesis-monte-carlo/SABR/test.c:13) [45]  (7.040 ns)

 <State 4>: 7.040ns
The critical path consists of the following:
	bus response operation ('gmem_addr_resp', C:/Users/steve/thesis-monte-carlo/SABR/test.c:13) on port 'gmem' (C:/Users/steve/thesis-monte-carlo/SABR/test.c:13) [46]  (7.040 ns)

 <State 5>: 7.040ns
The critical path consists of the following:
	bus response operation ('gmem_addr_resp', C:/Users/steve/thesis-monte-carlo/SABR/test.c:13) on port 'gmem' (C:/Users/steve/thesis-monte-carlo/SABR/test.c:13) [46]  (7.040 ns)

 <State 6>: 7.040ns
The critical path consists of the following:
	bus response operation ('gmem_addr_resp', C:/Users/steve/thesis-monte-carlo/SABR/test.c:13) on port 'gmem' (C:/Users/steve/thesis-monte-carlo/SABR/test.c:13) [46]  (7.040 ns)

 <State 7>: 7.040ns
The critical path consists of the following:
	bus response operation ('gmem_addr_resp', C:/Users/steve/thesis-monte-carlo/SABR/test.c:13) on port 'gmem' (C:/Users/steve/thesis-monte-carlo/SABR/test.c:13) [46]  (7.040 ns)

 <State 8>: 7.040ns
The critical path consists of the following:
	bus response operation ('gmem_addr_resp', C:/Users/steve/thesis-monte-carlo/SABR/test.c:13) on port 'gmem' (C:/Users/steve/thesis-monte-carlo/SABR/test.c:13) [46]  (7.040 ns)

 <State 9>: 7.040ns
The critical path consists of the following:
	bus response operation ('gmem_addr_resp', C:/Users/steve/thesis-monte-carlo/SABR/test.c:13) on port 'gmem' (C:/Users/steve/thesis-monte-carlo/SABR/test.c:13) [46]  (7.040 ns)

 <State 10>: 7.040ns
The critical path consists of the following:
	bus response operation ('gmem_addr_resp', C:/Users/steve/thesis-monte-carlo/SABR/test.c:13) on port 'gmem' (C:/Users/steve/thesis-monte-carlo/SABR/test.c:13) [46]  (7.040 ns)

 <State 11>: 7.040ns
The critical path consists of the following:
	bus response operation ('gmem_addr_resp', C:/Users/steve/thesis-monte-carlo/SABR/test.c:13) on port 'gmem' (C:/Users/steve/thesis-monte-carlo/SABR/test.c:13) [46]  (7.040 ns)

 <State 12>: 7.040ns
The critical path consists of the following:
	bus response operation ('gmem_addr_resp', C:/Users/steve/thesis-monte-carlo/SABR/test.c:13) on port 'gmem' (C:/Users/steve/thesis-monte-carlo/SABR/test.c:13) [46]  (7.040 ns)

 <State 13>: 7.040ns
The critical path consists of the following:
	bus response operation ('gmem_addr_resp', C:/Users/steve/thesis-monte-carlo/SABR/test.c:13) on port 'gmem' (C:/Users/steve/thesis-monte-carlo/SABR/test.c:13) [46]  (7.040 ns)

 <State 14>: 7.040ns
The critical path consists of the following:
	bus response operation ('gmem_addr_resp', C:/Users/steve/thesis-monte-carlo/SABR/test.c:13) on port 'gmem' (C:/Users/steve/thesis-monte-carlo/SABR/test.c:13) [46]  (7.040 ns)

 <State 15>: 7.040ns
The critical path consists of the following:
	bus response operation ('gmem_addr_resp', C:/Users/steve/thesis-monte-carlo/SABR/test.c:13) on port 'gmem' (C:/Users/steve/thesis-monte-carlo/SABR/test.c:13) [46]  (7.040 ns)

 <State 16>: 7.040ns
The critical path consists of the following:
	bus response operation ('gmem_addr_resp', C:/Users/steve/thesis-monte-carlo/SABR/test.c:13) on port 'gmem' (C:/Users/steve/thesis-monte-carlo/SABR/test.c:13) [46]  (7.040 ns)

 <State 17>: 7.040ns
The critical path consists of the following:
	bus response operation ('gmem_addr_resp', C:/Users/steve/thesis-monte-carlo/SABR/test.c:13) on port 'gmem' (C:/Users/steve/thesis-monte-carlo/SABR/test.c:13) [46]  (7.040 ns)

 <State 18>: 7.040ns
The critical path consists of the following:
	bus response operation ('gmem_addr_resp', C:/Users/steve/thesis-monte-carlo/SABR/test.c:13) on port 'gmem' (C:/Users/steve/thesis-monte-carlo/SABR/test.c:13) [46]  (7.040 ns)

 <State 19>: 7.040ns
The critical path consists of the following:
	bus response operation ('gmem_addr_resp', C:/Users/steve/thesis-monte-carlo/SABR/test.c:13) on port 'gmem' (C:/Users/steve/thesis-monte-carlo/SABR/test.c:13) [46]  (7.040 ns)

 <State 20>: 7.040ns
The critical path consists of the following:
	bus response operation ('gmem_addr_resp', C:/Users/steve/thesis-monte-carlo/SABR/test.c:13) on port 'gmem' (C:/Users/steve/thesis-monte-carlo/SABR/test.c:13) [46]  (7.040 ns)

 <State 21>: 7.040ns
The critical path consists of the following:
	bus response operation ('gmem_addr_resp', C:/Users/steve/thesis-monte-carlo/SABR/test.c:13) on port 'gmem' (C:/Users/steve/thesis-monte-carlo/SABR/test.c:13) [46]  (7.040 ns)

 <State 22>: 7.040ns
The critical path consists of the following:
	bus response operation ('gmem_addr_resp', C:/Users/steve/thesis-monte-carlo/SABR/test.c:13) on port 'gmem' (C:/Users/steve/thesis-monte-carlo/SABR/test.c:13) [46]  (7.040 ns)

 <State 23>: 7.040ns
The critical path consists of the following:
	bus response operation ('gmem_addr_resp', C:/Users/steve/thesis-monte-carlo/SABR/test.c:13) on port 'gmem' (C:/Users/steve/thesis-monte-carlo/SABR/test.c:13) [46]  (7.040 ns)

 <State 24>: 7.040ns
The critical path consists of the following:
	bus response operation ('gmem_addr_resp', C:/Users/steve/thesis-monte-carlo/SABR/test.c:13) on port 'gmem' (C:/Users/steve/thesis-monte-carlo/SABR/test.c:13) [46]  (7.040 ns)

 <State 25>: 7.040ns
The critical path consists of the following:
	bus response operation ('gmem_addr_resp', C:/Users/steve/thesis-monte-carlo/SABR/test.c:13) on port 'gmem' (C:/Users/steve/thesis-monte-carlo/SABR/test.c:13) [46]  (7.040 ns)

 <State 26>: 7.040ns
The critical path consists of the following:
	bus response operation ('gmem_addr_resp', C:/Users/steve/thesis-monte-carlo/SABR/test.c:13) on port 'gmem' (C:/Users/steve/thesis-monte-carlo/SABR/test.c:13) [46]  (7.040 ns)

 <State 27>: 7.040ns
The critical path consists of the following:
	bus response operation ('gmem_addr_resp', C:/Users/steve/thesis-monte-carlo/SABR/test.c:13) on port 'gmem' (C:/Users/steve/thesis-monte-carlo/SABR/test.c:13) [46]  (7.040 ns)

 <State 28>: 7.040ns
The critical path consists of the following:
	bus response operation ('gmem_addr_resp', C:/Users/steve/thesis-monte-carlo/SABR/test.c:13) on port 'gmem' (C:/Users/steve/thesis-monte-carlo/SABR/test.c:13) [46]  (7.040 ns)

 <State 29>: 7.040ns
The critical path consists of the following:
	bus response operation ('gmem_addr_resp', C:/Users/steve/thesis-monte-carlo/SABR/test.c:13) on port 'gmem' (C:/Users/steve/thesis-monte-carlo/SABR/test.c:13) [46]  (7.040 ns)

 <State 30>: 7.040ns
The critical path consists of the following:
	bus response operation ('gmem_addr_resp', C:/Users/steve/thesis-monte-carlo/SABR/test.c:13) on port 'gmem' (C:/Users/steve/thesis-monte-carlo/SABR/test.c:13) [46]  (7.040 ns)

 <State 31>: 7.040ns
The critical path consists of the following:
	bus response operation ('gmem_addr_resp', C:/Users/steve/thesis-monte-carlo/SABR/test.c:13) on port 'gmem' (C:/Users/steve/thesis-monte-carlo/SABR/test.c:13) [46]  (7.040 ns)

 <State 32>: 7.040ns
The critical path consists of the following:
	bus response operation ('gmem_addr_resp', C:/Users/steve/thesis-monte-carlo/SABR/test.c:13) on port 'gmem' (C:/Users/steve/thesis-monte-carlo/SABR/test.c:13) [46]  (7.040 ns)

 <State 33>: 7.040ns
The critical path consists of the following:
	bus response operation ('gmem_addr_resp', C:/Users/steve/thesis-monte-carlo/SABR/test.c:13) on port 'gmem' (C:/Users/steve/thesis-monte-carlo/SABR/test.c:13) [46]  (7.040 ns)

 <State 34>: 7.040ns
The critical path consists of the following:
	bus response operation ('gmem_addr_resp', C:/Users/steve/thesis-monte-carlo/SABR/test.c:13) on port 'gmem' (C:/Users/steve/thesis-monte-carlo/SABR/test.c:13) [46]  (7.040 ns)

 <State 35>: 7.040ns
The critical path consists of the following:
	bus response operation ('gmem_addr_resp', C:/Users/steve/thesis-monte-carlo/SABR/test.c:13) on port 'gmem' (C:/Users/steve/thesis-monte-carlo/SABR/test.c:13) [46]  (7.040 ns)

 <State 36>: 7.040ns
The critical path consists of the following:
	bus response operation ('gmem_addr_resp', C:/Users/steve/thesis-monte-carlo/SABR/test.c:13) on port 'gmem' (C:/Users/steve/thesis-monte-carlo/SABR/test.c:13) [46]  (7.040 ns)

 <State 37>: 7.040ns
The critical path consists of the following:
	bus response operation ('gmem_addr_resp', C:/Users/steve/thesis-monte-carlo/SABR/test.c:13) on port 'gmem' (C:/Users/steve/thesis-monte-carlo/SABR/test.c:13) [46]  (7.040 ns)

 <State 38>: 7.040ns
The critical path consists of the following:
	bus response operation ('gmem_addr_resp', C:/Users/steve/thesis-monte-carlo/SABR/test.c:13) on port 'gmem' (C:/Users/steve/thesis-monte-carlo/SABR/test.c:13) [46]  (7.040 ns)

 <State 39>: 7.040ns
The critical path consists of the following:
	bus response operation ('gmem_addr_resp', C:/Users/steve/thesis-monte-carlo/SABR/test.c:13) on port 'gmem' (C:/Users/steve/thesis-monte-carlo/SABR/test.c:13) [46]  (7.040 ns)

 <State 40>: 7.040ns
The critical path consists of the following:
	bus response operation ('gmem_addr_resp', C:/Users/steve/thesis-monte-carlo/SABR/test.c:13) on port 'gmem' (C:/Users/steve/thesis-monte-carlo/SABR/test.c:13) [46]  (7.040 ns)

 <State 41>: 7.040ns
The critical path consists of the following:
	bus response operation ('gmem_addr_resp', C:/Users/steve/thesis-monte-carlo/SABR/test.c:13) on port 'gmem' (C:/Users/steve/thesis-monte-carlo/SABR/test.c:13) [46]  (7.040 ns)

 <State 42>: 7.040ns
The critical path consists of the following:
	bus response operation ('gmem_addr_resp', C:/Users/steve/thesis-monte-carlo/SABR/test.c:13) on port 'gmem' (C:/Users/steve/thesis-monte-carlo/SABR/test.c:13) [46]  (7.040 ns)

 <State 43>: 7.040ns
The critical path consists of the following:
	bus response operation ('gmem_addr_resp', C:/Users/steve/thesis-monte-carlo/SABR/test.c:13) on port 'gmem' (C:/Users/steve/thesis-monte-carlo/SABR/test.c:13) [46]  (7.040 ns)

 <State 44>: 7.040ns
The critical path consists of the following:
	bus response operation ('gmem_addr_resp', C:/Users/steve/thesis-monte-carlo/SABR/test.c:13) on port 'gmem' (C:/Users/steve/thesis-monte-carlo/SABR/test.c:13) [46]  (7.040 ns)

 <State 45>: 7.040ns
The critical path consists of the following:
	bus response operation ('gmem_addr_resp', C:/Users/steve/thesis-monte-carlo/SABR/test.c:13) on port 'gmem' (C:/Users/steve/thesis-monte-carlo/SABR/test.c:13) [46]  (7.040 ns)

 <State 46>: 7.040ns
The critical path consists of the following:
	bus response operation ('gmem_addr_resp', C:/Users/steve/thesis-monte-carlo/SABR/test.c:13) on port 'gmem' (C:/Users/steve/thesis-monte-carlo/SABR/test.c:13) [46]  (7.040 ns)

 <State 47>: 7.040ns
The critical path consists of the following:
	bus response operation ('gmem_addr_resp', C:/Users/steve/thesis-monte-carlo/SABR/test.c:13) on port 'gmem' (C:/Users/steve/thesis-monte-carlo/SABR/test.c:13) [46]  (7.040 ns)

 <State 48>: 7.040ns
The critical path consists of the following:
	bus response operation ('gmem_addr_resp', C:/Users/steve/thesis-monte-carlo/SABR/test.c:13) on port 'gmem' (C:/Users/steve/thesis-monte-carlo/SABR/test.c:13) [46]  (7.040 ns)

 <State 49>: 7.040ns
The critical path consists of the following:
	bus response operation ('gmem_addr_resp', C:/Users/steve/thesis-monte-carlo/SABR/test.c:13) on port 'gmem' (C:/Users/steve/thesis-monte-carlo/SABR/test.c:13) [46]  (7.040 ns)

 <State 50>: 7.040ns
The critical path consists of the following:
	bus response operation ('gmem_addr_resp', C:/Users/steve/thesis-monte-carlo/SABR/test.c:13) on port 'gmem' (C:/Users/steve/thesis-monte-carlo/SABR/test.c:13) [46]  (7.040 ns)

 <State 51>: 7.040ns
The critical path consists of the following:
	bus response operation ('gmem_addr_resp', C:/Users/steve/thesis-monte-carlo/SABR/test.c:13) on port 'gmem' (C:/Users/steve/thesis-monte-carlo/SABR/test.c:13) [46]  (7.040 ns)

 <State 52>: 7.040ns
The critical path consists of the following:
	bus response operation ('gmem_addr_resp', C:/Users/steve/thesis-monte-carlo/SABR/test.c:13) on port 'gmem' (C:/Users/steve/thesis-monte-carlo/SABR/test.c:13) [46]  (7.040 ns)

 <State 53>: 7.040ns
The critical path consists of the following:
	bus response operation ('gmem_addr_resp', C:/Users/steve/thesis-monte-carlo/SABR/test.c:13) on port 'gmem' (C:/Users/steve/thesis-monte-carlo/SABR/test.c:13) [46]  (7.040 ns)

 <State 54>: 7.040ns
The critical path consists of the following:
	bus response operation ('gmem_addr_resp', C:/Users/steve/thesis-monte-carlo/SABR/test.c:13) on port 'gmem' (C:/Users/steve/thesis-monte-carlo/SABR/test.c:13) [46]  (7.040 ns)

 <State 55>: 7.040ns
The critical path consists of the following:
	bus response operation ('gmem_addr_resp', C:/Users/steve/thesis-monte-carlo/SABR/test.c:13) on port 'gmem' (C:/Users/steve/thesis-monte-carlo/SABR/test.c:13) [46]  (7.040 ns)

 <State 56>: 7.040ns
The critical path consists of the following:
	bus response operation ('gmem_addr_resp', C:/Users/steve/thesis-monte-carlo/SABR/test.c:13) on port 'gmem' (C:/Users/steve/thesis-monte-carlo/SABR/test.c:13) [46]  (7.040 ns)

 <State 57>: 7.040ns
The critical path consists of the following:
	bus response operation ('gmem_addr_resp', C:/Users/steve/thesis-monte-carlo/SABR/test.c:13) on port 'gmem' (C:/Users/steve/thesis-monte-carlo/SABR/test.c:13) [46]  (7.040 ns)

 <State 58>: 7.040ns
The critical path consists of the following:
	bus response operation ('gmem_addr_resp', C:/Users/steve/thesis-monte-carlo/SABR/test.c:13) on port 'gmem' (C:/Users/steve/thesis-monte-carlo/SABR/test.c:13) [46]  (7.040 ns)

 <State 59>: 7.040ns
The critical path consists of the following:
	bus response operation ('gmem_addr_resp', C:/Users/steve/thesis-monte-carlo/SABR/test.c:13) on port 'gmem' (C:/Users/steve/thesis-monte-carlo/SABR/test.c:13) [46]  (7.040 ns)

 <State 60>: 7.040ns
The critical path consists of the following:
	bus response operation ('gmem_addr_resp', C:/Users/steve/thesis-monte-carlo/SABR/test.c:13) on port 'gmem' (C:/Users/steve/thesis-monte-carlo/SABR/test.c:13) [46]  (7.040 ns)

 <State 61>: 7.040ns
The critical path consists of the following:
	bus response operation ('gmem_addr_resp', C:/Users/steve/thesis-monte-carlo/SABR/test.c:13) on port 'gmem' (C:/Users/steve/thesis-monte-carlo/SABR/test.c:13) [46]  (7.040 ns)

 <State 62>: 7.040ns
The critical path consists of the following:
	bus response operation ('gmem_addr_resp', C:/Users/steve/thesis-monte-carlo/SABR/test.c:13) on port 'gmem' (C:/Users/steve/thesis-monte-carlo/SABR/test.c:13) [46]  (7.040 ns)

 <State 63>: 7.040ns
The critical path consists of the following:
	bus response operation ('gmem_addr_resp', C:/Users/steve/thesis-monte-carlo/SABR/test.c:13) on port 'gmem' (C:/Users/steve/thesis-monte-carlo/SABR/test.c:13) [46]  (7.040 ns)

 <State 64>: 7.040ns
The critical path consists of the following:
	bus response operation ('gmem_addr_resp', C:/Users/steve/thesis-monte-carlo/SABR/test.c:13) on port 'gmem' (C:/Users/steve/thesis-monte-carlo/SABR/test.c:13) [46]  (7.040 ns)

 <State 65>: 7.040ns
The critical path consists of the following:
	bus response operation ('gmem_addr_resp', C:/Users/steve/thesis-monte-carlo/SABR/test.c:13) on port 'gmem' (C:/Users/steve/thesis-monte-carlo/SABR/test.c:13) [46]  (7.040 ns)

 <State 66>: 7.040ns
The critical path consists of the following:
	bus response operation ('gmem_addr_resp', C:/Users/steve/thesis-monte-carlo/SABR/test.c:13) on port 'gmem' (C:/Users/steve/thesis-monte-carlo/SABR/test.c:13) [46]  (7.040 ns)

 <State 67>: 7.040ns
The critical path consists of the following:
	bus response operation ('gmem_addr_resp', C:/Users/steve/thesis-monte-carlo/SABR/test.c:13) on port 'gmem' (C:/Users/steve/thesis-monte-carlo/SABR/test.c:13) [46]  (7.040 ns)

 <State 68>: 7.040ns
The critical path consists of the following:
	bus response operation ('gmem_addr_resp', C:/Users/steve/thesis-monte-carlo/SABR/test.c:13) on port 'gmem' (C:/Users/steve/thesis-monte-carlo/SABR/test.c:13) [46]  (7.040 ns)

 <State 69>: 7.040ns
The critical path consists of the following:
	bus response operation ('gmem_addr_resp', C:/Users/steve/thesis-monte-carlo/SABR/test.c:13) on port 'gmem' (C:/Users/steve/thesis-monte-carlo/SABR/test.c:13) [46]  (7.040 ns)

 <State 70>: 7.040ns
The critical path consists of the following:
	bus response operation ('gmem_addr_resp', C:/Users/steve/thesis-monte-carlo/SABR/test.c:13) on port 'gmem' (C:/Users/steve/thesis-monte-carlo/SABR/test.c:13) [46]  (7.040 ns)

 <State 71>: 7.040ns
The critical path consists of the following:
	bus response operation ('gmem_addr_resp', C:/Users/steve/thesis-monte-carlo/SABR/test.c:13) on port 'gmem' (C:/Users/steve/thesis-monte-carlo/SABR/test.c:13) [46]  (7.040 ns)

 <State 72>: 7.040ns
The critical path consists of the following:
	bus response operation ('gmem_addr_1_resp', C:/Users/steve/thesis-monte-carlo/SABR/test.c:14) on port 'gmem' (C:/Users/steve/thesis-monte-carlo/SABR/test.c:14) [52]  (7.040 ns)


============================================================
+ Verbose Summary: Binding
============================================================
N/A
* FSMD analyzer results:
  - Output states:
 - Input state : 
  - Chain level:
	State 1
	State 2
	State 3
	State 4
	State 5
	State 6
	State 7
	State 8
	State 9
	State 10
	State 11
	State 12
	State 13
	State 14
	State 15
	State 16
	State 17
	State 18
	State 19
	State 20
	State 21
	State 22
	State 23
	State 24
	State 25
	State 26
	State 27
	State 28
	State 29
	State 30
	State 31
	State 32
	State 33
	State 34
	State 35
	State 36
	State 37
	State 38
	State 39
	State 40
	State 41
	State 42
	State 43
	State 44
	State 45
	State 46
	State 47
	State 48
	State 49
	State 50
	State 51
	State 52
	State 53
	State 54
	State 55
	State 56
	State 57
	State 58
	State 59
	State 60
	State 61
	State 62
	State 63
	State 64
	State 65
	State 66
	State 67
	State 68
	State 69
	State 70
	State 71
	State 72


============================================================
+ Verbose Summary: Datapath Resource usage 
============================================================
N/A
