01/13/25 02:26:01: Running xcd server. This server was built by gradle.
01/13/25 02:26:01: Server was asked to start on port: '61833'
01/13/25 02:26:01: Server is using token UUID: 'a372e1af-d17f-11ef-9777-f8fe5e40e17d'
01/13/25 02:26:01: SESSION_MGR: creating session with session uuid: '6d04a3e9-ade5-4ab9-8d63-1f78fcd2ec76' and name 'default'
01/13/25 02:26:01: Attempting to start server on port '61833'
01/13/25 02:26:01: Running Dispatch Server
01/13/25 02:26:01: Version 2.2.0
01/13/25 02:26:02: Dispatch Server: Accepted socket connection from client
01/13/25 02:26:02: Starting Socket connection
01/13/25 02:26:02: EXCHANGE_TOKEN received, server token: a372e1af-d17f-11ef-9777-f8fe5e40e17d, passed token: a372e1af-d17f-11ef-9777-f8fe5e40e17d
01/13/25 02:26:02: SESSION_MGR: creating session with session uuid: '81b12d05-708c-491f-a9f6-899569aec741' and name 'Code Analyzer'
01/13/25 02:26:02: KERNEL_SVC: creating session with uuid: '81b12d05-708c-491f-a9f6-899569aec741' and name 'Code Analyzer'
01/13/25 02:26:02: GUIDANCE_SMGR: creating guidance session with uuid: '81b12d05-708c-491f-a9f6-899569aec741' and name 'Code Analyzer'
01/13/25 02:26:07: SESSION_MGR: closing session for UUID '81b12d05-708c-491f-a9f6-899569aec741' with name ''
01/13/25 02:26:07: KERNEL_SVC: closing session for UUID '81b12d05-708c-491f-a9f6-899569aec741' with name ''
01/13/25 02:26:07: GUIDANCE_SMGR: closing session for UUID '81b12d05-708c-491f-a9f6-899569aec741' with name ''
01/13/25 02:26:07: STOP_SERVER received, server token: a372e1af-d17f-11ef-9777-f8fe5e40e17d, passed token: a372e1af-d17f-11ef-9777-f8fe5e40e17d
01/13/25 02:26:07: Socket received request to stop server.
01/13/25 02:26:07: Dispatch Server: do_await_stop
01/13/25 02:26:07: SERVER: destructor for server bound to port 61833
01/13/25 02:26:07: Server exiting with status 0.
01/13/25 02:26:07: Closing log file.
