#-----------------------------------------------------------
# Vivado v2024.2 (64-bit)
# SW Build 5239630 on Fri Nov 08 22:35:27 MST 2024
# IP Build 5239520 on Sun Nov 10 16:12:51 MST 2024
# SharedData Build 5239561 on Fri Nov 08 14:39:27 MST 2024
# Start of session at: Thu Jan  9 03:55:13 2025
# Process ID         : 22192
# Current directory  : C:/Users/steve/thesis-monte-carlo/GBM/gbm/GBM/hls/impl/ip
# Command line       : vivado.exe -notrace -mode batch -source run_ippack.tcl
# Log file           : C:/Users/steve/thesis-monte-carlo/GBM/gbm/GBM/hls/impl/ip/vivado.log
# Journal file       : C:/Users/steve/thesis-monte-carlo/GBM/gbm/GBM/hls/impl/ip\vivado.jou
# Running On         : Steven
# Platform           : Windows Server 2016 or Windows 10
# Operating System   : 26100
# Processor Detail   : Intel(R) Core(TM) Ultra 7 155H
# CPU Frequency      : 2995 MHz
# CPU Physical cores : 16
# CPU Logical cores  : 22
# Host memory        : 33775 MB
# Swap memory        : 5368 MB
# Total Virtual      : 39144 MB
# Available Virtual  : 15147 MB
#-----------------------------------------------------------
source run_ippack.tcl -notrace
INFO: calling package_hls_ip ip_types=vitis sysgen json_file=C:/Users/steve/thesis-monte-carlo/GBM/gbm/GBM/hls/hls_data.json outdir=C:/Users/steve/thesis-monte-carlo/GBM/gbm/GBM/hls/impl/ip srcdir=C:/Users/steve/thesis-monte-carlo/GBM/gbm/GBM/hls sort_interfaces_ports=false
INFO: Copied 1 ipmisc file(s) to C:/Users/steve/thesis-monte-carlo/GBM/gbm/GBM/hls/impl/ip/misc
INFO: Copied 12 verilog file(s) to C:/Users/steve/thesis-monte-carlo/GBM/gbm/GBM/hls/impl/ip/hdl/verilog
INFO: Copied 12 vhdl file(s) to C:/Users/steve/thesis-monte-carlo/GBM/gbm/GBM/hls/impl/ip/hdl/vhdl
INFO: Copied 10 swdriver file(s) to C:/Users/steve/thesis-monte-carlo/GBM/gbm/GBM/hls/impl/ip/drivers
Generating 6 subcores in C:/Users/steve/thesis-monte-carlo/GBM/gbm/GBM/hls/impl/ip/hdl/ip.tmp:
impl/misc/GBM_dadd_64ns_64ns_64_6_full_dsp_1_ip.tcl
impl/misc/GBM_dadddsub_64ns_64ns_64_6_full_dsp_1_ip.tcl
impl/misc/GBM_ddiv_64ns_64ns_64_31_no_dsp_1_ip.tcl
impl/misc/GBM_dexp_64ns_64ns_64_18_full_dsp_1_ip.tcl
impl/misc/GBM_dmul_64ns_64ns_64_6_max_dsp_1_ip.tcl
impl/misc/GBM_dsqrt_64ns_64ns_64_57_no_dsp_1_ip.tcl
create_project: Time (s): cpu = 00:00:08 ; elapsed = 00:00:09 . Memory (MB): peak = 618.977 ; gain = 191.504
INFO: Using COE_DIR=C:/Users/steve/thesis-monte-carlo/GBM/gbm/GBM/hls/impl/ip/hdl/verilog
INFO: Generating GBM_dadd_64ns_64ns_64_6_full_dsp_1_ip via file impl/misc/GBM_dadd_64ns_64ns_64_6_full_dsp_1_ip.tcl
INFO: [IP_Flow 19-234] Refreshing IP repositories
INFO: [IP_Flow 19-1704] No user IP repositories specified
INFO: [IP_Flow 19-2313] Loaded Vivado IP repository 'C:/Xilinx/Vivado/2024.2/data/ip'.
WARNING: [IP_Flow 19-4832] The IP name 'GBM_dadd_64ns_64ns_64_6_full_dsp_1_ip' you have specified is long. The Windows operating system has path length limitations. It is recommended you use shorter names to reduce the likelihood of issues.
INFO: [IP_Flow 19-1686] Generating 'Synthesis' target for IP 'GBM_dadd_64ns_64ns_64_6_full_dsp_1_ip'...
INFO: [IP_Flow 19-1686] Generating 'Simulation' target for IP 'GBM_dadd_64ns_64ns_64_6_full_dsp_1_ip'...
INFO: Done generating GBM_dadd_64ns_64ns_64_6_full_dsp_1_ip via file impl/misc/GBM_dadd_64ns_64ns_64_6_full_dsp_1_ip.tcl
INFO: Generating GBM_dadddsub_64ns_64ns_64_6_full_dsp_1_ip via file impl/misc/GBM_dadddsub_64ns_64ns_64_6_full_dsp_1_ip.tcl
WARNING: [IP_Flow 19-4832] The IP name 'GBM_dadddsub_64ns_64ns_64_6_full_dsp_1_ip' you have specified is long. The Windows operating system has path length limitations. It is recommended you use shorter names to reduce the likelihood of issues.
INFO: [IP_Flow 19-1686] Generating 'Synthesis' target for IP 'GBM_dadddsub_64ns_64ns_64_6_full_dsp_1_ip'...
INFO: [IP_Flow 19-1686] Generating 'Simulation' target for IP 'GBM_dadddsub_64ns_64ns_64_6_full_dsp_1_ip'...
INFO: Done generating GBM_dadddsub_64ns_64ns_64_6_full_dsp_1_ip via file impl/misc/GBM_dadddsub_64ns_64ns_64_6_full_dsp_1_ip.tcl
INFO: Generating GBM_ddiv_64ns_64ns_64_31_no_dsp_1_ip via file impl/misc/GBM_ddiv_64ns_64ns_64_31_no_dsp_1_ip.tcl
WARNING: [IP_Flow 19-4832] The IP name 'GBM_ddiv_64ns_64ns_64_31_no_dsp_1_ip' you have specified is long. The Windows operating system has path length limitations. It is recommended you use shorter names to reduce the likelihood of issues.
INFO: [IP_Flow 19-1686] Generating 'Synthesis' target for IP 'GBM_ddiv_64ns_64ns_64_31_no_dsp_1_ip'...
INFO: [IP_Flow 19-1686] Generating 'Simulation' target for IP 'GBM_ddiv_64ns_64ns_64_31_no_dsp_1_ip'...
INFO: Done generating GBM_ddiv_64ns_64ns_64_31_no_dsp_1_ip via file impl/misc/GBM_ddiv_64ns_64ns_64_31_no_dsp_1_ip.tcl
INFO: Generating GBM_dexp_64ns_64ns_64_18_full_dsp_1_ip via file impl/misc/GBM_dexp_64ns_64ns_64_18_full_dsp_1_ip.tcl
WARNING: [IP_Flow 19-4832] The IP name 'GBM_dexp_64ns_64ns_64_18_full_dsp_1_ip' you have specified is long. The Windows operating system has path length limitations. It is recommended you use shorter names to reduce the likelihood of issues.
INFO: [IP_Flow 19-1686] Generating 'Synthesis' target for IP 'GBM_dexp_64ns_64ns_64_18_full_dsp_1_ip'...
INFO: [IP_Flow 19-1686] Generating 'Simulation' target for IP 'GBM_dexp_64ns_64ns_64_18_full_dsp_1_ip'...
INFO: Done generating GBM_dexp_64ns_64ns_64_18_full_dsp_1_ip via file impl/misc/GBM_dexp_64ns_64ns_64_18_full_dsp_1_ip.tcl
INFO: Generating GBM_dmul_64ns_64ns_64_6_max_dsp_1_ip via file impl/misc/GBM_dmul_64ns_64ns_64_6_max_dsp_1_ip.tcl
WARNING: [IP_Flow 19-4832] The IP name 'GBM_dmul_64ns_64ns_64_6_max_dsp_1_ip' you have specified is long. The Windows operating system has path length limitations. It is recommended you use shorter names to reduce the likelihood of issues.
INFO: [IP_Flow 19-1686] Generating 'Synthesis' target for IP 'GBM_dmul_64ns_64ns_64_6_max_dsp_1_ip'...
INFO: [IP_Flow 19-1686] Generating 'Simulation' target for IP 'GBM_dmul_64ns_64ns_64_6_max_dsp_1_ip'...
INFO: Done generating GBM_dmul_64ns_64ns_64_6_max_dsp_1_ip via file impl/misc/GBM_dmul_64ns_64ns_64_6_max_dsp_1_ip.tcl
INFO: Generating GBM_dsqrt_64ns_64ns_64_57_no_dsp_1_ip via file impl/misc/GBM_dsqrt_64ns_64ns_64_57_no_dsp_1_ip.tcl
WARNING: [IP_Flow 19-4832] The IP name 'GBM_dsqrt_64ns_64ns_64_57_no_dsp_1_ip' you have specified is long. The Windows operating system has path length limitations. It is recommended you use shorter names to reduce the likelihood of issues.
INFO: [IP_Flow 19-1686] Generating 'Synthesis' target for IP 'GBM_dsqrt_64ns_64ns_64_57_no_dsp_1_ip'...
INFO: [IP_Flow 19-1686] Generating 'Simulation' target for IP 'GBM_dsqrt_64ns_64ns_64_57_no_dsp_1_ip'...
INFO: Done generating GBM_dsqrt_64ns_64ns_64_57_no_dsp_1_ip via file impl/misc/GBM_dsqrt_64ns_64ns_64_57_no_dsp_1_ip.tcl
INFO: Import ports from HDL: C:/Users/steve/thesis-monte-carlo/GBM/gbm/GBM/hls/impl/ip/hdl/vhdl/GBM.vhd (GBM)
INFO: Add axi4lite interface s_axi_control
INFO: Add clock interface ap_clk
INFO: Add reset interface ap_rst_n
INFO: Add interrupt interface interrupt
INFO: [IP_Flow 19-234] Refreshing IP repositories
INFO: [IP_Flow 19-1704] No user IP repositories specified
INFO: [IP_Flow 19-2313] Loaded Vivado IP repository 'C:/Xilinx/Vivado/2024.2/data/ip'.
INFO: Add axi4full interface m_axi_gmem
INFO: Calling post_process_vitis to specialize IP
INFO: Calling post_process_sysgen to specialize IP
Generating sysgen info xml from json file
INFO: Created IP C:/Users/steve/thesis-monte-carlo/GBM/gbm/GBM/hls/impl/ip/component.xml
Generating XO file: output.xo in directory C:/Users/steve/thesis-monte-carlo/GBM/gbm/GBM/hls/../../..
Running: package_xo -xo_path C:/Users/steve/thesis-monte-carlo/GBM/gbm/GBM/hls/../../../output.xo -kernel_xml C:/Users/steve/thesis-monte-carlo/GBM/gbm/GBM/hls/kernel.xml -kernel_name GBM -ip_directory C:/Users/steve/thesis-monte-carlo/GBM/gbm/GBM/hls/impl/ip -kernel_files C:/Users/steve/thesis-monte-carlo/GBM/gbm/GBM/hls/../../../../test.c -hls_directory C:/Users/steve/thesis-monte-carlo/GBM/gbm/GBM/hls/impl/misc/hls_files -kernel_json C:/Users/steve/thesis-monte-carlo/GBM/gbm/GBM/hls/hls_data.json
INFO: Created IP archive C:/Users/steve/thesis-monte-carlo/GBM/gbm/GBM/hls/impl/ip/xilinx_com_hls_GBM_1_0.zip
INFO: [Common 17-206] Exiting Vivado at Thu Jan  9 03:55:51 2025...
