01/09/25 03:45:54: Running xcd server. This server was built by gradle.
01/09/25 03:45:54: Server was asked to start on port: '60485'
01/09/25 03:45:54: Server is using token UUID: '21ef8a27-ce66-11ef-b5de-f8fe5e40e17d'
01/09/25 03:45:54: SESSION_MGR: creating session with session uuid: '6d04a3e9-ade5-4ab9-8d63-1f78fcd2ec76' and name 'default'
01/09/25 03:45:54: Attempting to start server on port '60485'
01/09/25 03:45:54: Running Dispatch Server
01/09/25 03:45:54: Version 2.2.0
01/09/25 03:45:54: Dispatch Server: Accepted socket connection from client
01/09/25 03:45:54: Starting Socket connection
01/09/25 03:45:54: EXCHANGE_TOKEN received, server token: 21ef8a27-ce66-11ef-b5de-f8fe5e40e17d, passed token: 21ef8a27-ce66-11ef-b5de-f8fe5e40e17d
01/09/25 03:45:54: SESSION_MGR: creating session with session uuid: 'dca5fad6-1541-4b2e-965c-1fb6b08e0e7a' and name 'Code Analyzer'
01/09/25 03:45:54: KERNEL_SVC: creating session with uuid: 'dca5fad6-1541-4b2e-965c-1fb6b08e0e7a' and name 'Code Analyzer'
01/09/25 03:45:54: GUIDANCE_SMGR: creating guidance session with uuid: 'dca5fad6-1541-4b2e-965c-1fb6b08e0e7a' and name 'Code Analyzer'
01/09/25 03:46:01: SESSION_MGR: closing session for UUID 'dca5fad6-1541-4b2e-965c-1fb6b08e0e7a' with name ''
01/09/25 03:46:01: KERNEL_SVC: closing session for UUID 'dca5fad6-1541-4b2e-965c-1fb6b08e0e7a' with name ''
01/09/25 03:46:01: GUIDANCE_SMGR: closing session for UUID 'dca5fad6-1541-4b2e-965c-1fb6b08e0e7a' with name ''
01/09/25 03:46:01: STOP_SERVER received, server token: 21ef8a27-ce66-11ef-b5de-f8fe5e40e17d, passed token: 21ef8a27-ce66-11ef-b5de-f8fe5e40e17d
01/09/25 03:46:01: Socket received request to stop server.
01/09/25 03:46:01: Dispatch Server: do_await_stop
01/09/25 03:46:01: SERVER: destructor for server bound to port 60485
01/09/25 03:46:01: Server exiting with status 0.
01/09/25 03:46:01: Closing log file.
