

================================================================
== Vitis HLS Report for 'GBM_Pipeline_VITIS_LOOP_28_310'
================================================================
* Date:           Sun Jan 12 21:05:29 2025

* Version:        2024.2 (Build 5238294 on Nov  8 2024)
* Project:        GBM
* Solution:       hls (Vitis Kernel Flow Target)
* Product family: kintexuplus
* Target device:  xcku5p-ffva676-3-e


================================================================
== Performance Estimates
================================================================
+ Timing: 
    * Summary: 
    +--------+---------+----------+------------+
    |  Clock |  Target | Estimated| Uncertainty|
    +--------+---------+----------+------------+
    |ap_clk  |  8.00 ns|  7.040 ns|     0.96 ns|
    +--------+---------+----------+------------+

+ Latency: 
    * Summary: 
    +---------+---------+----------+----------+-----+-----+------------------------------------------------+
    |  Latency (cycles) |  Latency (absolute) |  Interval |                    Pipeline                    |
    |   min   |   max   |    min   |    max   | min | max |                      Type                      |
    +---------+---------+----------+----------+-----+-----+------------------------------------------------+
    |      227|      227|  1.816 us|  1.816 us|  200|  200|  loop auto-rewind stp (delay=0 clock cycles(s))|
    +---------+---------+----------+----------+-----+-----+------------------------------------------------+

    + Detail: 
        * Instance: 
        N/A

        * Loop: 
        +-------------------+---------+---------+----------+-----------+-----------+------+----------+
        |                   |  Latency (cycles) | Iteration|  Initiation Interval  | Trip |          |
        |     Loop Name     |   min   |   max   |  Latency |  achieved |   target  | Count| Pipelined|
        +-------------------+---------+---------+----------+-----------+-----------+------+----------+
        |- VITIS_LOOP_28_3  |      225|      225|        34|          4|          1|    49|       yes|
        +-------------------+---------+---------+----------+-----------+-----------+------+----------+

============================================================
+ Verbose Summary: Synthesis Manager
============================================================
InlineROM: 1
ExposeGlobal: 0
============================================================
+ Verbose Summary: CDFG Model
============================================================
IsTopModel: 0
ResetActiveHigh: 1
IsCombinational: 0
IsDatapathOnly: 0
HasWiredReturn: 1
HasMFsm: 2
HasVarLatency: 1
IsPipeline: 0
IsRtlPipelined: 0
IsInstanceOverlapped: 0
IsDontTouch: 0
HasImplIP: 0
IsGatedGlobalClock: 0

+ Individual pipeline summary: 
  * Pipeline-0: initiation interval (II) = 4, depth = 34


============================================================
+ Verbose Summary: Schedule
============================================================
* Number of FSM states : 34
* Pipeline : 1
  Pipeline-0 : II = 4, D = 34, States = { 1 2 3 4 5 6 7 8 9 10 11 12 13 14 15 16 17 18 19 20 21 22 23 24 25 26 27 28 29 30 31 32 33 34 }
* Dataflow Pipeline: 0

* FSM state transitions: 
1 --> 2 
2 --> 3 
3 --> 4 
4 --> 5 
5 --> 6 
6 --> 7 
7 --> 8 
8 --> 9 
9 --> 10 
10 --> 11 
11 --> 12 
12 --> 13 
13 --> 14 
14 --> 15 
15 --> 16 
16 --> 17 
17 --> 18 
18 --> 19 
19 --> 20 
20 --> 21 
21 --> 22 
22 --> 23 
23 --> 24 
24 --> 25 
25 --> 26 
26 --> 27 
27 --> 28 
28 --> 29 
29 --> 30 
30 --> 31 
31 --> 32 
32 --> 33 
33 --> 34 
34 --> 

* FSM state operations: 

State 1 <SV = 0> <Delay = 1.51>
ST_1 : Operation 37 [1/1] (0.00ns)   --->   "%mul204_10 = alloca i32 1"   --->   Operation 37 'alloca' 'mul204_10' <Predicate = true> <Delay = 0.00>
ST_1 : Operation 38 [1/1] (0.00ns)   --->   "%j_10 = alloca i32 1" [C:/Users/steve/thesis-monte-carlo/GBM/test_optimized.c:28]   --->   Operation 38 'alloca' 'j_10' <Predicate = true> <Delay = 0.00>
ST_1 : Operation 39 [1/1] (0.00ns)   --->   "%drift_read = read i64 @_ssdm_op_Read.ap_auto.double, i64 %drift"   --->   Operation 39 'read' 'drift_read' <Predicate = true> <Delay = 0.00>
ST_1 : Operation 40 [1/1] (0.00ns)   --->   "%sqrt_deltat_read = read i64 @_ssdm_op_Read.ap_auto.double, i64 %sqrt_deltat"   --->   Operation 40 'read' 'sqrt_deltat_read' <Predicate = true> <Delay = 0.00>
ST_1 : Operation 41 [1/1] (0.00ns)   --->   "%sigma_read = read i64 @_ssdm_op_Read.ap_auto.double, i64 %sigma"   --->   Operation 41 'read' 'sigma_read' <Predicate = true> <Delay = 0.00>
ST_1 : Operation 42 [1/1] (0.00ns)   --->   "%sext_ln28_10_read = read i61 @_ssdm_op_Read.ap_auto.i61, i61 %sext_ln28_10"   --->   Operation 42 'read' 'sext_ln28_10_read' <Predicate = true> <Delay = 0.00>
ST_1 : Operation 43 [1/1] (0.00ns)   --->   "%S0_read = read i64 @_ssdm_op_Read.ap_auto.double, i64 %S0"   --->   Operation 43 'read' 'S0_read' <Predicate = true> <Delay = 0.00>
ST_1 : Operation 44 [1/1] (0.00ns)   --->   "%sext_ln28_10_cast = sext i61 %sext_ln28_10_read"   --->   Operation 44 'sext' 'sext_ln28_10_cast' <Predicate = true> <Delay = 0.00>
ST_1 : Operation 45 [1/1] (0.00ns)   --->   "%specinterface_ln0 = specinterface void @_ssdm_op_SpecInterface, i64 %gmem_10, void @empty_235, i32 0, i32 0, void @empty_312, i32 64, i32 0, void @empty_10, void @empty_0, void @empty_312, i32 16, i32 16, i32 16, i32 16, void @empty_312, void @empty_312, i32 4294967295, i32 0, i32 0"   --->   Operation 45 'specinterface' 'specinterface_ln0' <Predicate = true> <Delay = 0.00>
ST_1 : Operation 46 [1/1] (0.40ns)   --->   "%store_ln28 = store i6 0, i6 %j_10" [C:/Users/steve/thesis-monte-carlo/GBM/test_optimized.c:28]   --->   Operation 46 'store' 'store_ln28' <Predicate = true> <Delay = 0.40>
ST_1 : Operation 47 [1/1] (0.40ns)   --->   "%store_ln0 = store i64 %S0_read, i64 %mul204_10"   --->   Operation 47 'store' 'store_ln0' <Predicate = true> <Delay = 0.40>
ST_1 : Operation 48 [1/1] (0.00ns)   --->   "%br_ln0 = br void %for.inc21.10"   --->   Operation 48 'br' 'br_ln0' <Predicate = true> <Delay = 0.00>
ST_1 : Operation 49 [1/1] (0.00ns)   --->   "%j = load i6 %j_10" [C:/Users/steve/thesis-monte-carlo/GBM/test_optimized.c:28]   --->   Operation 49 'load' 'j' <Predicate = true> <Delay = 0.00>
ST_1 : Operation 50 [1/1] (0.00ns)   --->   "%specbitsmap_ln0 = specbitsmap void @_ssdm_op_SpecBitsMap, i64 %gmem_10"   --->   Operation 50 'specbitsmap' 'specbitsmap_ln0' <Predicate = true> <Delay = 0.00>
ST_1 : Operation 51 [1/1] (0.71ns)   --->   "%icmp_ln28 = icmp_eq  i6 %j, i6 49" [C:/Users/steve/thesis-monte-carlo/GBM/test_optimized.c:28]   --->   Operation 51 'icmp' 'icmp_ln28' <Predicate = true> <Delay = 0.71> <CoreInst = "Cmp">   --->   Core 9 'Cmp' <Latency = 0> <II = 1> <Delay = 0.71> <FuncUnit> <Opcode : 'seteq' 'setne' 'setle' 'setge' 'setlt' 'setgt'> <InPorts = 2> <OutPorts = 1>
ST_1 : Operation 52 [1/1] (0.71ns)   --->   "%add_ln28 = add i6 %j, i6 1" [C:/Users/steve/thesis-monte-carlo/GBM/test_optimized.c:28]   --->   Operation 52 'add' 'add_ln28' <Predicate = true> <Delay = 0.71> <CoreInst = "Adder">   --->   Core 1 'Adder' <Latency = 0> <II = 1> <Delay = 0.71> <FuncUnit> <Opcode : 'add' 'sub'> <InPorts = 2> <OutPorts = 1>
ST_1 : Operation 53 [1/1] (0.00ns)   --->   "%br_ln28 = br i1 %icmp_ln28, void %for.inc21.10.split, void %for.inc24.10.exitStub" [C:/Users/steve/thesis-monte-carlo/GBM/test_optimized.c:28]   --->   Operation 53 'br' 'br_ln28' <Predicate = true> <Delay = 0.00>
ST_1 : Operation 54 [1/1] (0.40ns)   --->   "%store_ln28 = store i6 %add_ln28, i6 %j_10" [C:/Users/steve/thesis-monte-carlo/GBM/test_optimized.c:28]   --->   Operation 54 'store' 'store_ln28' <Predicate = (!icmp_ln28)> <Delay = 0.40>

State 2 <SV = 1> <Delay = 7.04>
ST_2 : Operation 55 [1/1] (0.00ns)   --->   "%gmem_10_addr = getelementptr i64 %gmem_10, i64 %sext_ln28_10_cast" [C:/Users/steve/thesis-monte-carlo/GBM/test_optimized.c:28]   --->   Operation 55 'getelementptr' 'gmem_10_addr' <Predicate = (!icmp_ln28)> <Delay = 0.00>
ST_2 : Operation 56 [1/1] (7.04ns)   --->   "%gmem_10_addr_read = read i64 @_ssdm_op_Read.m_axi.p1i64, i64 %gmem_10_addr" [C:/Users/steve/thesis-monte-carlo/GBM/test_optimized.c:29]   --->   Operation 56 'read' 'gmem_10_addr_read' <Predicate = (!icmp_ln28)> <Delay = 7.04> <CoreInst = "m_axi">   --->   Core 119 'm_axi' <Latency = 3> <II = 1> <Delay = 1.00> <Adapter> <Opcode : 'read' 'write' 'readreq' 'writereq' 'writeresp'>

State 3 <SV = 2> <Delay = 6.25>
ST_3 : Operation 57 [1/1] (0.00ns)   --->   "%random_val = bitcast i64 %gmem_10_addr_read" [C:/Users/steve/thesis-monte-carlo/GBM/test_optimized.c:29]   --->   Operation 57 'bitcast' 'random_val' <Predicate = (!icmp_ln28)> <Delay = 0.00>
ST_3 : Operation 58 [5/5] (6.25ns)   --->   "%mul15_s = dmul i64 %random_val, i64 %sigma_read" [C:/Users/steve/thesis-monte-carlo/GBM/test_optimized.c:30]   --->   Operation 58 'dmul' 'mul15_s' <Predicate = (!icmp_ln28)> <Delay = 6.25> <CoreInst = "DMul_maxdsp">   --->   Core 49 'DMul_maxdsp' <Latency = 4> <II = 1> <Delay = 6.25> <FuncUnit> <Opcode : 'dmul'> <InPorts = 2> <OutPorts = 1>

State 4 <SV = 3> <Delay = 6.25>
ST_4 : Operation 59 [4/5] (6.25ns)   --->   "%mul15_s = dmul i64 %random_val, i64 %sigma_read" [C:/Users/steve/thesis-monte-carlo/GBM/test_optimized.c:30]   --->   Operation 59 'dmul' 'mul15_s' <Predicate = (!icmp_ln28)> <Delay = 6.25> <CoreInst = "DMul_maxdsp">   --->   Core 49 'DMul_maxdsp' <Latency = 4> <II = 1> <Delay = 6.25> <FuncUnit> <Opcode : 'dmul'> <InPorts = 2> <OutPorts = 1>

State 5 <SV = 4> <Delay = 6.25>
ST_5 : Operation 60 [3/5] (6.25ns)   --->   "%mul15_s = dmul i64 %random_val, i64 %sigma_read" [C:/Users/steve/thesis-monte-carlo/GBM/test_optimized.c:30]   --->   Operation 60 'dmul' 'mul15_s' <Predicate = true> <Delay = 6.25> <CoreInst = "DMul_maxdsp">   --->   Core 49 'DMul_maxdsp' <Latency = 4> <II = 1> <Delay = 6.25> <FuncUnit> <Opcode : 'dmul'> <InPorts = 2> <OutPorts = 1>

State 6 <SV = 5> <Delay = 6.25>
ST_6 : Operation 61 [2/5] (6.25ns)   --->   "%mul15_s = dmul i64 %random_val, i64 %sigma_read" [C:/Users/steve/thesis-monte-carlo/GBM/test_optimized.c:30]   --->   Operation 61 'dmul' 'mul15_s' <Predicate = true> <Delay = 6.25> <CoreInst = "DMul_maxdsp">   --->   Core 49 'DMul_maxdsp' <Latency = 4> <II = 1> <Delay = 6.25> <FuncUnit> <Opcode : 'dmul'> <InPorts = 2> <OutPorts = 1>

State 7 <SV = 6> <Delay = 6.25>
ST_7 : Operation 62 [1/5] (6.25ns)   --->   "%mul15_s = dmul i64 %random_val, i64 %sigma_read" [C:/Users/steve/thesis-monte-carlo/GBM/test_optimized.c:30]   --->   Operation 62 'dmul' 'mul15_s' <Predicate = true> <Delay = 6.25> <CoreInst = "DMul_maxdsp">   --->   Core 49 'DMul_maxdsp' <Latency = 4> <II = 1> <Delay = 6.25> <FuncUnit> <Opcode : 'dmul'> <InPorts = 2> <OutPorts = 1>

State 8 <SV = 7> <Delay = 6.25>
ST_8 : Operation 63 [5/5] (6.25ns)   --->   "%mul16_s = dmul i64 %mul15_s, i64 %sqrt_deltat_read" [C:/Users/steve/thesis-monte-carlo/GBM/test_optimized.c:30]   --->   Operation 63 'dmul' 'mul16_s' <Predicate = true> <Delay = 6.25> <CoreInst = "DMul_maxdsp">   --->   Core 49 'DMul_maxdsp' <Latency = 4> <II = 1> <Delay = 6.25> <FuncUnit> <Opcode : 'dmul'> <InPorts = 2> <OutPorts = 1>

State 9 <SV = 8> <Delay = 6.25>
ST_9 : Operation 64 [4/5] (6.25ns)   --->   "%mul16_s = dmul i64 %mul15_s, i64 %sqrt_deltat_read" [C:/Users/steve/thesis-monte-carlo/GBM/test_optimized.c:30]   --->   Operation 64 'dmul' 'mul16_s' <Predicate = true> <Delay = 6.25> <CoreInst = "DMul_maxdsp">   --->   Core 49 'DMul_maxdsp' <Latency = 4> <II = 1> <Delay = 6.25> <FuncUnit> <Opcode : 'dmul'> <InPorts = 2> <OutPorts = 1>

State 10 <SV = 9> <Delay = 6.25>
ST_10 : Operation 65 [3/5] (6.25ns)   --->   "%mul16_s = dmul i64 %mul15_s, i64 %sqrt_deltat_read" [C:/Users/steve/thesis-monte-carlo/GBM/test_optimized.c:30]   --->   Operation 65 'dmul' 'mul16_s' <Predicate = true> <Delay = 6.25> <CoreInst = "DMul_maxdsp">   --->   Core 49 'DMul_maxdsp' <Latency = 4> <II = 1> <Delay = 6.25> <FuncUnit> <Opcode : 'dmul'> <InPorts = 2> <OutPorts = 1>

State 11 <SV = 10> <Delay = 6.25>
ST_11 : Operation 66 [2/5] (6.25ns)   --->   "%mul16_s = dmul i64 %mul15_s, i64 %sqrt_deltat_read" [C:/Users/steve/thesis-monte-carlo/GBM/test_optimized.c:30]   --->   Operation 66 'dmul' 'mul16_s' <Predicate = true> <Delay = 6.25> <CoreInst = "DMul_maxdsp">   --->   Core 49 'DMul_maxdsp' <Latency = 4> <II = 1> <Delay = 6.25> <FuncUnit> <Opcode : 'dmul'> <InPorts = 2> <OutPorts = 1>

State 12 <SV = 11> <Delay = 6.25>
ST_12 : Operation 67 [1/5] (6.25ns)   --->   "%mul16_s = dmul i64 %mul15_s, i64 %sqrt_deltat_read" [C:/Users/steve/thesis-monte-carlo/GBM/test_optimized.c:30]   --->   Operation 67 'dmul' 'mul16_s' <Predicate = true> <Delay = 6.25> <CoreInst = "DMul_maxdsp">   --->   Core 49 'DMul_maxdsp' <Latency = 4> <II = 1> <Delay = 6.25> <FuncUnit> <Opcode : 'dmul'> <InPorts = 2> <OutPorts = 1>

State 13 <SV = 12> <Delay = 5.46>
ST_13 : Operation 68 [5/5] (5.46ns)   --->   "%exponent = dadd i64 %drift_read, i64 %mul16_s" [C:/Users/steve/thesis-monte-carlo/GBM/test_optimized.c:30]   --->   Operation 68 'dadd' 'exponent' <Predicate = true> <Delay = 5.46> <CoreInst = "DAddSub_fulldsp">   --->   Core 37 'DAddSub_fulldsp' <Latency = 4> <II = 1> <Delay = 5.46> <FuncUnit> <Opcode : 'dadd' 'dsub'> <InPorts = 2> <OutPorts = 1>

State 14 <SV = 13> <Delay = 5.46>
ST_14 : Operation 69 [4/5] (5.46ns)   --->   "%exponent = dadd i64 %drift_read, i64 %mul16_s" [C:/Users/steve/thesis-monte-carlo/GBM/test_optimized.c:30]   --->   Operation 69 'dadd' 'exponent' <Predicate = true> <Delay = 5.46> <CoreInst = "DAddSub_fulldsp">   --->   Core 37 'DAddSub_fulldsp' <Latency = 4> <II = 1> <Delay = 5.46> <FuncUnit> <Opcode : 'dadd' 'dsub'> <InPorts = 2> <OutPorts = 1>

State 15 <SV = 14> <Delay = 5.46>
ST_15 : Operation 70 [3/5] (5.46ns)   --->   "%exponent = dadd i64 %drift_read, i64 %mul16_s" [C:/Users/steve/thesis-monte-carlo/GBM/test_optimized.c:30]   --->   Operation 70 'dadd' 'exponent' <Predicate = true> <Delay = 5.46> <CoreInst = "DAddSub_fulldsp">   --->   Core 37 'DAddSub_fulldsp' <Latency = 4> <II = 1> <Delay = 5.46> <FuncUnit> <Opcode : 'dadd' 'dsub'> <InPorts = 2> <OutPorts = 1>

State 16 <SV = 15> <Delay = 5.46>
ST_16 : Operation 71 [2/5] (5.46ns)   --->   "%exponent = dadd i64 %drift_read, i64 %mul16_s" [C:/Users/steve/thesis-monte-carlo/GBM/test_optimized.c:30]   --->   Operation 71 'dadd' 'exponent' <Predicate = true> <Delay = 5.46> <CoreInst = "DAddSub_fulldsp">   --->   Core 37 'DAddSub_fulldsp' <Latency = 4> <II = 1> <Delay = 5.46> <FuncUnit> <Opcode : 'dadd' 'dsub'> <InPorts = 2> <OutPorts = 1>

State 17 <SV = 16> <Delay = 5.46>
ST_17 : Operation 72 [1/5] (5.46ns)   --->   "%exponent = dadd i64 %drift_read, i64 %mul16_s" [C:/Users/steve/thesis-monte-carlo/GBM/test_optimized.c:30]   --->   Operation 72 'dadd' 'exponent' <Predicate = true> <Delay = 5.46> <CoreInst = "DAddSub_fulldsp">   --->   Core 37 'DAddSub_fulldsp' <Latency = 4> <II = 1> <Delay = 5.46> <FuncUnit> <Opcode : 'dadd' 'dsub'> <InPorts = 2> <OutPorts = 1>

State 18 <SV = 17> <Delay = 6.42>
ST_18 : Operation 73 [12/12] (6.42ns)   --->   "%tmp_s = dexp i64 @llvm.exp.f64, i64 %exponent" [C:/Users/steve/thesis-monte-carlo/GBM/test_optimized.c:31]   --->   Operation 73 'dexp' 'tmp_s' <Predicate = true> <Delay = 6.42> <CoreInst = "DExp_fulldsp">   --->   Core 42 'DExp_fulldsp' <Latency = 11> <II = 1> <Delay = 6.42> <FuncUnit> <Opcode : 'dexp'> <InPorts = 1> <OutPorts = 1>

State 19 <SV = 18> <Delay = 6.42>
ST_19 : Operation 74 [11/12] (6.42ns)   --->   "%tmp_s = dexp i64 @llvm.exp.f64, i64 %exponent" [C:/Users/steve/thesis-monte-carlo/GBM/test_optimized.c:31]   --->   Operation 74 'dexp' 'tmp_s' <Predicate = true> <Delay = 6.42> <CoreInst = "DExp_fulldsp">   --->   Core 42 'DExp_fulldsp' <Latency = 11> <II = 1> <Delay = 6.42> <FuncUnit> <Opcode : 'dexp'> <InPorts = 1> <OutPorts = 1>

State 20 <SV = 19> <Delay = 6.42>
ST_20 : Operation 75 [10/12] (6.42ns)   --->   "%tmp_s = dexp i64 @llvm.exp.f64, i64 %exponent" [C:/Users/steve/thesis-monte-carlo/GBM/test_optimized.c:31]   --->   Operation 75 'dexp' 'tmp_s' <Predicate = true> <Delay = 6.42> <CoreInst = "DExp_fulldsp">   --->   Core 42 'DExp_fulldsp' <Latency = 11> <II = 1> <Delay = 6.42> <FuncUnit> <Opcode : 'dexp'> <InPorts = 1> <OutPorts = 1>

State 21 <SV = 20> <Delay = 6.42>
ST_21 : Operation 76 [9/12] (6.42ns)   --->   "%tmp_s = dexp i64 @llvm.exp.f64, i64 %exponent" [C:/Users/steve/thesis-monte-carlo/GBM/test_optimized.c:31]   --->   Operation 76 'dexp' 'tmp_s' <Predicate = true> <Delay = 6.42> <CoreInst = "DExp_fulldsp">   --->   Core 42 'DExp_fulldsp' <Latency = 11> <II = 1> <Delay = 6.42> <FuncUnit> <Opcode : 'dexp'> <InPorts = 1> <OutPorts = 1>

State 22 <SV = 21> <Delay = 6.42>
ST_22 : Operation 77 [8/12] (6.42ns)   --->   "%tmp_s = dexp i64 @llvm.exp.f64, i64 %exponent" [C:/Users/steve/thesis-monte-carlo/GBM/test_optimized.c:31]   --->   Operation 77 'dexp' 'tmp_s' <Predicate = true> <Delay = 6.42> <CoreInst = "DExp_fulldsp">   --->   Core 42 'DExp_fulldsp' <Latency = 11> <II = 1> <Delay = 6.42> <FuncUnit> <Opcode : 'dexp'> <InPorts = 1> <OutPorts = 1>

State 23 <SV = 22> <Delay = 6.42>
ST_23 : Operation 78 [7/12] (6.42ns)   --->   "%tmp_s = dexp i64 @llvm.exp.f64, i64 %exponent" [C:/Users/steve/thesis-monte-carlo/GBM/test_optimized.c:31]   --->   Operation 78 'dexp' 'tmp_s' <Predicate = true> <Delay = 6.42> <CoreInst = "DExp_fulldsp">   --->   Core 42 'DExp_fulldsp' <Latency = 11> <II = 1> <Delay = 6.42> <FuncUnit> <Opcode : 'dexp'> <InPorts = 1> <OutPorts = 1>

State 24 <SV = 23> <Delay = 6.42>
ST_24 : Operation 79 [6/12] (6.42ns)   --->   "%tmp_s = dexp i64 @llvm.exp.f64, i64 %exponent" [C:/Users/steve/thesis-monte-carlo/GBM/test_optimized.c:31]   --->   Operation 79 'dexp' 'tmp_s' <Predicate = true> <Delay = 6.42> <CoreInst = "DExp_fulldsp">   --->   Core 42 'DExp_fulldsp' <Latency = 11> <II = 1> <Delay = 6.42> <FuncUnit> <Opcode : 'dexp'> <InPorts = 1> <OutPorts = 1>

State 25 <SV = 24> <Delay = 6.42>
ST_25 : Operation 80 [5/12] (6.42ns)   --->   "%tmp_s = dexp i64 @llvm.exp.f64, i64 %exponent" [C:/Users/steve/thesis-monte-carlo/GBM/test_optimized.c:31]   --->   Operation 80 'dexp' 'tmp_s' <Predicate = true> <Delay = 6.42> <CoreInst = "DExp_fulldsp">   --->   Core 42 'DExp_fulldsp' <Latency = 11> <II = 1> <Delay = 6.42> <FuncUnit> <Opcode : 'dexp'> <InPorts = 1> <OutPorts = 1>

State 26 <SV = 25> <Delay = 6.42>
ST_26 : Operation 81 [4/12] (6.42ns)   --->   "%tmp_s = dexp i64 @llvm.exp.f64, i64 %exponent" [C:/Users/steve/thesis-monte-carlo/GBM/test_optimized.c:31]   --->   Operation 81 'dexp' 'tmp_s' <Predicate = true> <Delay = 6.42> <CoreInst = "DExp_fulldsp">   --->   Core 42 'DExp_fulldsp' <Latency = 11> <II = 1> <Delay = 6.42> <FuncUnit> <Opcode : 'dexp'> <InPorts = 1> <OutPorts = 1>

State 27 <SV = 26> <Delay = 6.42>
ST_27 : Operation 82 [3/12] (6.42ns)   --->   "%tmp_s = dexp i64 @llvm.exp.f64, i64 %exponent" [C:/Users/steve/thesis-monte-carlo/GBM/test_optimized.c:31]   --->   Operation 82 'dexp' 'tmp_s' <Predicate = true> <Delay = 6.42> <CoreInst = "DExp_fulldsp">   --->   Core 42 'DExp_fulldsp' <Latency = 11> <II = 1> <Delay = 6.42> <FuncUnit> <Opcode : 'dexp'> <InPorts = 1> <OutPorts = 1>

State 28 <SV = 27> <Delay = 6.42>
ST_28 : Operation 83 [2/12] (6.42ns)   --->   "%tmp_s = dexp i64 @llvm.exp.f64, i64 %exponent" [C:/Users/steve/thesis-monte-carlo/GBM/test_optimized.c:31]   --->   Operation 83 'dexp' 'tmp_s' <Predicate = true> <Delay = 6.42> <CoreInst = "DExp_fulldsp">   --->   Core 42 'DExp_fulldsp' <Latency = 11> <II = 1> <Delay = 6.42> <FuncUnit> <Opcode : 'dexp'> <InPorts = 1> <OutPorts = 1>

State 29 <SV = 28> <Delay = 6.42>
ST_29 : Operation 84 [1/12] (6.42ns)   --->   "%tmp_s = dexp i64 @llvm.exp.f64, i64 %exponent" [C:/Users/steve/thesis-monte-carlo/GBM/test_optimized.c:31]   --->   Operation 84 'dexp' 'tmp_s' <Predicate = true> <Delay = 6.42> <CoreInst = "DExp_fulldsp">   --->   Core 42 'DExp_fulldsp' <Latency = 11> <II = 1> <Delay = 6.42> <FuncUnit> <Opcode : 'dexp'> <InPorts = 1> <OutPorts = 1>

State 30 <SV = 29> <Delay = 6.25>
ST_30 : Operation 85 [1/1] (0.00ns)   --->   "%mul204_10_load = load i64 %mul204_10" [C:/Users/steve/thesis-monte-carlo/GBM/test_optimized.c:31]   --->   Operation 85 'load' 'mul204_10_load' <Predicate = true> <Delay = 0.00>
ST_30 : Operation 86 [5/5] (6.25ns)   --->   "%mul20_s = dmul i64 %mul204_10_load, i64 %tmp_s" [C:/Users/steve/thesis-monte-carlo/GBM/test_optimized.c:31]   --->   Operation 86 'dmul' 'mul20_s' <Predicate = true> <Delay = 6.25> <CoreInst = "DMul_maxdsp">   --->   Core 49 'DMul_maxdsp' <Latency = 4> <II = 1> <Delay = 6.25> <FuncUnit> <Opcode : 'dmul'> <InPorts = 2> <OutPorts = 1>
ST_30 : Operation 96 [1/1] (0.00ns)   --->   "%mul204_10_load_1 = load i64 %mul204_10"   --->   Operation 96 'load' 'mul204_10_load_1' <Predicate = (icmp_ln28)> <Delay = 0.00>
ST_30 : Operation 97 [1/1] (0.00ns)   --->   "%write_ln0 = write void @_ssdm_op_Write.ap_auto.doubleP0A, i64 %mul204_10_out, i64 %mul204_10_load_1"   --->   Operation 97 'write' 'write_ln0' <Predicate = (icmp_ln28)> <Delay = 0.00>
ST_30 : Operation 98 [1/1] (0.40ns)   --->   "%ret_ln0 = ret"   --->   Operation 98 'ret' 'ret_ln0' <Predicate = (icmp_ln28)> <Delay = 0.40>

State 31 <SV = 30> <Delay = 6.25>
ST_31 : Operation 87 [4/5] (6.25ns)   --->   "%mul20_s = dmul i64 %mul204_10_load, i64 %tmp_s" [C:/Users/steve/thesis-monte-carlo/GBM/test_optimized.c:31]   --->   Operation 87 'dmul' 'mul20_s' <Predicate = true> <Delay = 6.25> <CoreInst = "DMul_maxdsp">   --->   Core 49 'DMul_maxdsp' <Latency = 4> <II = 1> <Delay = 6.25> <FuncUnit> <Opcode : 'dmul'> <InPorts = 2> <OutPorts = 1>

State 32 <SV = 31> <Delay = 6.25>
ST_32 : Operation 88 [3/5] (6.25ns)   --->   "%mul20_s = dmul i64 %mul204_10_load, i64 %tmp_s" [C:/Users/steve/thesis-monte-carlo/GBM/test_optimized.c:31]   --->   Operation 88 'dmul' 'mul20_s' <Predicate = true> <Delay = 6.25> <CoreInst = "DMul_maxdsp">   --->   Core 49 'DMul_maxdsp' <Latency = 4> <II = 1> <Delay = 6.25> <FuncUnit> <Opcode : 'dmul'> <InPorts = 2> <OutPorts = 1>

State 33 <SV = 32> <Delay = 6.25>
ST_33 : Operation 89 [2/5] (6.25ns)   --->   "%mul20_s = dmul i64 %mul204_10_load, i64 %tmp_s" [C:/Users/steve/thesis-monte-carlo/GBM/test_optimized.c:31]   --->   Operation 89 'dmul' 'mul20_s' <Predicate = true> <Delay = 6.25> <CoreInst = "DMul_maxdsp">   --->   Core 49 'DMul_maxdsp' <Latency = 4> <II = 1> <Delay = 6.25> <FuncUnit> <Opcode : 'dmul'> <InPorts = 2> <OutPorts = 1>

State 34 <SV = 33> <Delay = 6.65>
ST_34 : Operation 90 [1/1] (0.00ns)   --->   "%specpipeline_ln28 = specpipeline void @_ssdm_op_SpecPipeline, i32 4294967295, i32 0, i32 0, i32 0, void @empty_312" [C:/Users/steve/thesis-monte-carlo/GBM/test_optimized.c:28]   --->   Operation 90 'specpipeline' 'specpipeline_ln28' <Predicate = true> <Delay = 0.00>
ST_34 : Operation 91 [1/1] (0.00ns)   --->   "%speclooptripcount_ln28 = speclooptripcount void @_ssdm_op_SpecLoopTripCount, i64 49, i64 49, i64 49" [C:/Users/steve/thesis-monte-carlo/GBM/test_optimized.c:28]   --->   Operation 91 'speclooptripcount' 'speclooptripcount_ln28' <Predicate = true> <Delay = 0.00>
ST_34 : Operation 92 [1/1] (0.00ns)   --->   "%specloopname_ln28 = specloopname void @_ssdm_op_SpecLoopName, void @empty_311" [C:/Users/steve/thesis-monte-carlo/GBM/test_optimized.c:28]   --->   Operation 92 'specloopname' 'specloopname_ln28' <Predicate = true> <Delay = 0.00>
ST_34 : Operation 93 [1/5] (6.25ns)   --->   "%mul20_s = dmul i64 %mul204_10_load, i64 %tmp_s" [C:/Users/steve/thesis-monte-carlo/GBM/test_optimized.c:31]   --->   Operation 93 'dmul' 'mul20_s' <Predicate = true> <Delay = 6.25> <CoreInst = "DMul_maxdsp">   --->   Core 49 'DMul_maxdsp' <Latency = 4> <II = 1> <Delay = 6.25> <FuncUnit> <Opcode : 'dmul'> <InPorts = 2> <OutPorts = 1>
ST_34 : Operation 94 [1/1] (0.40ns)   --->   "%store_ln31 = store i64 %mul20_s, i64 %mul204_10" [C:/Users/steve/thesis-monte-carlo/GBM/test_optimized.c:31]   --->   Operation 94 'store' 'store_ln31' <Predicate = true> <Delay = 0.40>
ST_34 : Operation 95 [1/1] (0.00ns)   --->   "%br_ln28 = br void %for.inc21.10" [C:/Users/steve/thesis-monte-carlo/GBM/test_optimized.c:28]   --->   Operation 95 'br' 'br_ln28' <Predicate = true> <Delay = 0.00>


============================================================
+ Verbose Summary: Timing violations
============================================================
Target clock period: 8.000ns, clock uncertainty: 0.960ns.

 <State 1>: 1.517ns
The critical path consists of the following:
	'store' operation 0 bit ('store_ln28', C:/Users/steve/thesis-monte-carlo/GBM/test_optimized.c:28) of constant 0 on local variable 'j', C:/Users/steve/thesis-monte-carlo/GBM/test_optimized.c:28 [17]  (0.402 ns)
	'load' operation 6 bit ('j', C:/Users/steve/thesis-monte-carlo/GBM/test_optimized.c:28) on local variable 'j', C:/Users/steve/thesis-monte-carlo/GBM/test_optimized.c:28 [21]  (0.000 ns)
	'icmp' operation 1 bit ('icmp_ln28', C:/Users/steve/thesis-monte-carlo/GBM/test_optimized.c:28) [23]  (0.712 ns)
	'store' operation 0 bit ('store_ln28', C:/Users/steve/thesis-monte-carlo/GBM/test_optimized.c:28) of variable 'add_ln28', C:/Users/steve/thesis-monte-carlo/GBM/test_optimized.c:28 on local variable 'j', C:/Users/steve/thesis-monte-carlo/GBM/test_optimized.c:28 [39]  (0.402 ns)

 <State 2>: 7.040ns
The critical path consists of the following:
	'getelementptr' operation 64 bit ('gmem_10_addr', C:/Users/steve/thesis-monte-carlo/GBM/test_optimized.c:28) [28]  (0.000 ns)
	bus read operation ('gmem_10_addr_read', C:/Users/steve/thesis-monte-carlo/GBM/test_optimized.c:29) on port 'gmem_10' (C:/Users/steve/thesis-monte-carlo/GBM/test_optimized.c:29) [32]  (7.040 ns)

 <State 3>: 6.251ns
The critical path consists of the following:
	'dmul' operation 64 bit ('mul15_s', C:/Users/steve/thesis-monte-carlo/GBM/test_optimized.c:30) [34]  (6.251 ns)

 <State 4>: 6.251ns
The critical path consists of the following:
	'dmul' operation 64 bit ('mul15_s', C:/Users/steve/thesis-monte-carlo/GBM/test_optimized.c:30) [34]  (6.251 ns)

 <State 5>: 6.251ns
The critical path consists of the following:
	'dmul' operation 64 bit ('mul15_s', C:/Users/steve/thesis-monte-carlo/GBM/test_optimized.c:30) [34]  (6.251 ns)

 <State 6>: 6.251ns
The critical path consists of the following:
	'dmul' operation 64 bit ('mul15_s', C:/Users/steve/thesis-monte-carlo/GBM/test_optimized.c:30) [34]  (6.251 ns)

 <State 7>: 6.251ns
The critical path consists of the following:
	'dmul' operation 64 bit ('mul15_s', C:/Users/steve/thesis-monte-carlo/GBM/test_optimized.c:30) [34]  (6.251 ns)

 <State 8>: 6.251ns
The critical path consists of the following:
	'dmul' operation 64 bit ('mul16_s', C:/Users/steve/thesis-monte-carlo/GBM/test_optimized.c:30) [35]  (6.251 ns)

 <State 9>: 6.251ns
The critical path consists of the following:
	'dmul' operation 64 bit ('mul16_s', C:/Users/steve/thesis-monte-carlo/GBM/test_optimized.c:30) [35]  (6.251 ns)

 <State 10>: 6.251ns
The critical path consists of the following:
	'dmul' operation 64 bit ('mul16_s', C:/Users/steve/thesis-monte-carlo/GBM/test_optimized.c:30) [35]  (6.251 ns)

 <State 11>: 6.251ns
The critical path consists of the following:
	'dmul' operation 64 bit ('mul16_s', C:/Users/steve/thesis-monte-carlo/GBM/test_optimized.c:30) [35]  (6.251 ns)

 <State 12>: 6.251ns
The critical path consists of the following:
	'dmul' operation 64 bit ('mul16_s', C:/Users/steve/thesis-monte-carlo/GBM/test_optimized.c:30) [35]  (6.251 ns)

 <State 13>: 5.460ns
The critical path consists of the following:
	'dadd' operation 64 bit ('exponent', C:/Users/steve/thesis-monte-carlo/GBM/test_optimized.c:30) [36]  (5.460 ns)

 <State 14>: 5.460ns
The critical path consists of the following:
	'dadd' operation 64 bit ('exponent', C:/Users/steve/thesis-monte-carlo/GBM/test_optimized.c:30) [36]  (5.460 ns)

 <State 15>: 5.460ns
The critical path consists of the following:
	'dadd' operation 64 bit ('exponent', C:/Users/steve/thesis-monte-carlo/GBM/test_optimized.c:30) [36]  (5.460 ns)

 <State 16>: 5.460ns
The critical path consists of the following:
	'dadd' operation 64 bit ('exponent', C:/Users/steve/thesis-monte-carlo/GBM/test_optimized.c:30) [36]  (5.460 ns)

 <State 17>: 5.460ns
The critical path consists of the following:
	'dadd' operation 64 bit ('exponent', C:/Users/steve/thesis-monte-carlo/GBM/test_optimized.c:30) [36]  (5.460 ns)

 <State 18>: 6.425ns
The critical path consists of the following:
	'dexp' operation 64 bit ('tmp_s', C:/Users/steve/thesis-monte-carlo/GBM/test_optimized.c:31) [37]  (6.425 ns)

 <State 19>: 6.425ns
The critical path consists of the following:
	'dexp' operation 64 bit ('tmp_s', C:/Users/steve/thesis-monte-carlo/GBM/test_optimized.c:31) [37]  (6.425 ns)

 <State 20>: 6.425ns
The critical path consists of the following:
	'dexp' operation 64 bit ('tmp_s', C:/Users/steve/thesis-monte-carlo/GBM/test_optimized.c:31) [37]  (6.425 ns)

 <State 21>: 6.425ns
The critical path consists of the following:
	'dexp' operation 64 bit ('tmp_s', C:/Users/steve/thesis-monte-carlo/GBM/test_optimized.c:31) [37]  (6.425 ns)

 <State 22>: 6.425ns
The critical path consists of the following:
	'dexp' operation 64 bit ('tmp_s', C:/Users/steve/thesis-monte-carlo/GBM/test_optimized.c:31) [37]  (6.425 ns)

 <State 23>: 6.425ns
The critical path consists of the following:
	'dexp' operation 64 bit ('tmp_s', C:/Users/steve/thesis-monte-carlo/GBM/test_optimized.c:31) [37]  (6.425 ns)

 <State 24>: 6.425ns
The critical path consists of the following:
	'dexp' operation 64 bit ('tmp_s', C:/Users/steve/thesis-monte-carlo/GBM/test_optimized.c:31) [37]  (6.425 ns)

 <State 25>: 6.425ns
The critical path consists of the following:
	'dexp' operation 64 bit ('tmp_s', C:/Users/steve/thesis-monte-carlo/GBM/test_optimized.c:31) [37]  (6.425 ns)

 <State 26>: 6.425ns
The critical path consists of the following:
	'dexp' operation 64 bit ('tmp_s', C:/Users/steve/thesis-monte-carlo/GBM/test_optimized.c:31) [37]  (6.425 ns)

 <State 27>: 6.425ns
The critical path consists of the following:
	'dexp' operation 64 bit ('tmp_s', C:/Users/steve/thesis-monte-carlo/GBM/test_optimized.c:31) [37]  (6.425 ns)

 <State 28>: 6.425ns
The critical path consists of the following:
	'dexp' operation 64 bit ('tmp_s', C:/Users/steve/thesis-monte-carlo/GBM/test_optimized.c:31) [37]  (6.425 ns)

 <State 29>: 6.425ns
The critical path consists of the following:
	'dexp' operation 64 bit ('tmp_s', C:/Users/steve/thesis-monte-carlo/GBM/test_optimized.c:31) [37]  (6.425 ns)

 <State 30>: 6.251ns
The critical path consists of the following:
	'load' operation 64 bit ('mul204_10_load', C:/Users/steve/thesis-monte-carlo/GBM/test_optimized.c:31) on local variable 'mul204_10' [27]  (0.000 ns)
	'dmul' operation 64 bit ('mul20_s', C:/Users/steve/thesis-monte-carlo/GBM/test_optimized.c:31) [38]  (6.251 ns)

 <State 31>: 6.251ns
The critical path consists of the following:
	'dmul' operation 64 bit ('mul20_s', C:/Users/steve/thesis-monte-carlo/GBM/test_optimized.c:31) [38]  (6.251 ns)

 <State 32>: 6.251ns
The critical path consists of the following:
	'dmul' operation 64 bit ('mul20_s', C:/Users/steve/thesis-monte-carlo/GBM/test_optimized.c:31) [38]  (6.251 ns)

 <State 33>: 6.251ns
The critical path consists of the following:
	'dmul' operation 64 bit ('mul20_s', C:/Users/steve/thesis-monte-carlo/GBM/test_optimized.c:31) [38]  (6.251 ns)

 <State 34>: 6.653ns
The critical path consists of the following:
	'dmul' operation 64 bit ('mul20_s', C:/Users/steve/thesis-monte-carlo/GBM/test_optimized.c:31) [38]  (6.251 ns)
	'store' operation 0 bit ('store_ln31', C:/Users/steve/thesis-monte-carlo/GBM/test_optimized.c:31) of variable 'mul20_s', C:/Users/steve/thesis-monte-carlo/GBM/test_optimized.c:31 on local variable 'mul204_10' [40]  (0.402 ns)


============================================================
+ Verbose Summary: Binding
============================================================
N/A
* FSMD analyzer results:
  - Output states:
 - Input state : 
  - Chain level:
	State 1
	State 2
	State 3
	State 4
	State 5
	State 6
	State 7
	State 8
	State 9
	State 10
	State 11
	State 12
	State 13
	State 14
	State 15
	State 16
	State 17
	State 18
	State 19
	State 20
	State 21
	State 22
	State 23
	State 24
	State 25
	State 26
	State 27
	State 28
	State 29
	State 30
	State 31
	State 32
	State 33
	State 34


============================================================
+ Verbose Summary: Datapath Resource usage 
============================================================
N/A
