parallelismSelector::VERBO: Summary of inputs: 
parallelismSelector::VERBO: Output directory: "C:\Users\steve\thesis-monte-carlo\SABR\sabr\sabr\SABR\hls\csim\code_analyzer\output"
parallelismSelector::VERBO: spec:0:0: info: Will use basepath at location C:\Users\steve\thesis-monte-carlo\SABR\sabr\sabr
parallelismSelector::VERBO: FPGA clock frequency is set to 125 MHz
parallelismSelector::VERBO: Will use user-driven complete partitioning settings
parallelismSelector::VERBO: Arrays with less than or equal to 4 elements that appear in the codegen directives will be completely partitioned
parallelismSelector::VERBO: spec:0:0: info: Will use IR Module file at location C:\Users\steve\thesis-monte-carlo\SABR\sabr\sabr\SABR\hls\csim\code_analyzer\.internal\instrument\app_0\annotated.bc
parallelismSelector::VERBO: FPGA frequency: 125000000 Hz
parallelismSelector::VERBO: Using FPGA frequency for HLS estimations: 200000000 Hz
parallelismSelector::VERBO: [Model Builder] Extracting logic model object from: C:\Xilinx\Vitis\2024.2\vcxx\data\platform\logic\spartan7.logic
parallelismSelector::VERBO: Device characteristics: Area -- (LUTs: 8000, FFs: 16000, DSPs: 20, BRAMs: 20, URAMs: 0)
parallelismSelector::VERBO: Maximum area for the hardware functions: AreaConstraint -- (LUTs: 8000, FFs: 16000, DSPs: 20, BRAMs: 20, URAMs: 0)
parallelismSelector::VERBO: Code Analyzer Id: 0
parallelismSelector::VERBO: Dataflow Hardware Function: SABR
parallelismSelector::VERBO: Adding outline as primary transformation
parallelismSelector::VERBO: RecipeFile: "C:\Users\steve\thesis-monte-carlo\SABR\sabr\sabr\SABR\hls\csim\code_analyzer\.internal\dataflow\0\recipe.json"
parallelismSelector::VERBO: Applying transformation: (region_outline)
parallelismSelector::VERBO: Applying transformation: (outline)
parallelismSelector::VERBO: Alias Equivalence: (Var <- { Pointees })
                              27 <- {27}
                              28 <- {28}
                              29 <- {29}
                              30 <- {30}
                              31 <- {31}
                              32 <- {32}
                              33 <- {33}
                              34 <- {34}
                              35 <- {35}
                              36 <- {36}
                              38 <- {39}
                              40 <- {27}
                              42 <- {28}
                              44 <- {39}
                              45 <- {36}
                              47 <- {27}
                              49 <- {28}
                            
parallelismSelector::VERBO: No optimization objective set
parallelismSelector::VERBO: Variable Infos:
parallelismSelector::VERBO:     'S' C:/Users/steve/thesis-monte-carlo/SABR\test.c:10:0 VariableId 27
                                  ElementBitsize=64
                                  IsHlsStream=no
                                  FunctionId= 211
                                  IsArray=yes
                                  IsValidArray=yes
                                  IsArgument=yes
                                  Elements=[ 100 ]
                                  HasInsertionLoc=yes
                                  IsFromSystemFunction=no
parallelismSelector::VERBO:     'V' C:/Users/steve/thesis-monte-carlo/SABR\test.c:10:0 VariableId 28
                                  ElementBitsize=64
                                  IsHlsStream=no
                                  FunctionId= 211
                                  IsArray=yes
                                  IsValidArray=yes
                                  IsArgument=yes
                                  Elements=[ 100 ]
                                  HasInsertionLoc=yes
                                  IsFromSystemFunction=no
parallelismSelector::VERBO:     'S0' C:/Users/steve/thesis-monte-carlo/SABR\test.c:10:0 VariableId 29
                                  ElementBitsize=64
                                  IsHlsStream=no
                                  FunctionId= 211
                                  IsArray=no
                                  IsValidArray=no
                                  IsArgument=yes
                                  Elements=[ ]
                                  HasInsertionLoc=yes
                                  IsFromSystemFunction=no
parallelismSelector::VERBO:     'r' C:/Users/steve/thesis-monte-carlo/SABR\test.c:10:0 VariableId 30
                                  ElementBitsize=64
                                  IsHlsStream=no
                                  FunctionId= 211
                                  IsArray=no
                                  IsValidArray=no
                                  IsArgument=yes
                                  Elements=[ ]
                                  HasInsertionLoc=yes
                                  IsFromSystemFunction=no
parallelismSelector::VERBO:     'sigma_init' C:/Users/steve/thesis-monte-carlo/SABR\test.c:10:0 VariableId 31
                                  ElementBitsize=64
                                  IsHlsStream=no
                                  FunctionId= 211
                                  IsArray=no
                                  IsValidArray=no
                                  IsArgument=yes
                                  Elements=[ ]
                                  HasInsertionLoc=yes
                                  IsFromSystemFunction=no
parallelismSelector::VERBO:     'alpha' C:/Users/steve/thesis-monte-carlo/SABR\test.c:10:0 VariableId 32
                                  ElementBitsize=64
                                  IsHlsStream=no
                                  FunctionId= 211
                                  IsArray=no
                                  IsValidArray=no
                                  IsArgument=yes
                                  Elements=[ ]
                                  HasInsertionLoc=yes
                                  IsFromSystemFunction=no
parallelismSelector::VERBO:     'beta' C:/Users/steve/thesis-monte-carlo/SABR\test.c:10:0 VariableId 33
                                  ElementBitsize=64
                                  IsHlsStream=no
                                  FunctionId= 211
                                  IsArray=no
                                  IsValidArray=no
                                  IsArgument=yes
                                  Elements=[ ]
                                  HasInsertionLoc=yes
                                  IsFromSystemFunction=no
parallelismSelector::VERBO:     'rho' C:/Users/steve/thesis-monte-carlo/SABR\test.c:10:0 VariableId 34
                                  ElementBitsize=64
                                  IsHlsStream=no
                                  FunctionId= 211
                                  IsArray=no
                                  IsValidArray=no
                                  IsArgument=yes
                                  Elements=[ ]
                                  HasInsertionLoc=yes
                                  IsFromSystemFunction=no
parallelismSelector::VERBO:     'T' C:/Users/steve/thesis-monte-carlo/SABR\test.c:10:0 VariableId 35
                                  ElementBitsize=64
                                  IsHlsStream=no
                                  FunctionId= 211
                                  IsArray=no
                                  IsValidArray=no
                                  IsArgument=yes
                                  Elements=[ ]
                                  HasInsertionLoc=yes
                                  IsFromSystemFunction=no
parallelismSelector::VERBO:     'random_increments' C:/Users/steve/thesis-monte-carlo/SABR\test.c:10:0 VariableId 36
                                  ElementBitsize=64
                                  IsHlsStream=no
                                  FunctionId= 211
                                  IsArray=yes
                                  IsValidArray=yes
                                  IsArgument=yes
                                  Elements=[ 9800 ]
                                  HasInsertionLoc=yes
                                  IsFromSystemFunction=no
parallelismSelector::VERBO:     'T' C:/Users/steve/thesis-monte-carlo/SABR\test.c:10:0 VariableId 37
                                  ElementBitsize=64
                                  IsHlsStream=no
                                  FunctionId= 212
                                  IsArray=no
                                  IsValidArray=no
                                  IsArgument=yes
                                  Elements=[ ]
                                  HasInsertionLoc=yes
                                  IsFromSystemFunction=no
parallelismSelector::VERBO:     'deltat' C:/Users/steve/thesis-monte-carlo/SABR\test.c:11:0 VariableId 38
                                  ElementBitsize=64
                                  IsHlsStream=no
                                  FunctionId= 212
                                  IsArray=no
                                  IsValidArray=no
                                  IsArgument=yes
                                  Elements=[-- ]
                                  HasInsertionLoc=yes
                                  IsFromSystemFunction=no
parallelismSelector::VERBO:     'deltat' C:/Users/steve/thesis-monte-carlo/SABR\test.c:11:0 VariableId 39
                                  ElementBitsize=64
                                  IsHlsStream=no
                                  FunctionId= 211
                                  IsArray=no
                                  IsValidArray=no
                                  IsArgument=no
                                  Elements=[ ]
                                  HasInsertionLoc=no
                                  IsFromSystemFunction=no
parallelismSelector::VERBO:     'S' C:/Users/steve/thesis-monte-carlo/SABR\test.c:10:0 VariableId 40
                                  ElementBitsize=64
                                  IsHlsStream=no
                                  FunctionId= 213
                                  IsArray=yes
                                  IsValidArray=yes
                                  IsArgument=yes
                                  Elements=[ 100 ]
                                  HasInsertionLoc=yes
                                  IsFromSystemFunction=no
parallelismSelector::VERBO:     'S0' C:/Users/steve/thesis-monte-carlo/SABR\test.c:10:0 VariableId 41
                                  ElementBitsize=64
                                  IsHlsStream=no
                                  FunctionId= 213
                                  IsArray=no
                                  IsValidArray=no
                                  IsArgument=yes
                                  Elements=[ ]
                                  HasInsertionLoc=yes
                                  IsFromSystemFunction=no
parallelismSelector::VERBO:     'V' C:/Users/steve/thesis-monte-carlo/SABR\test.c:10:0 VariableId 42
                                  ElementBitsize=64
                                  IsHlsStream=no
                                  FunctionId= 213
                                  IsArray=yes
                                  IsValidArray=yes
                                  IsArgument=yes
                                  Elements=[ 100 ]
                                  HasInsertionLoc=yes
                                  IsFromSystemFunction=no
parallelismSelector::VERBO:     'sigma_init' C:/Users/steve/thesis-monte-carlo/SABR\test.c:10:0 VariableId 43
                                  ElementBitsize=64
                                  IsHlsStream=no
                                  FunctionId= 213
                                  IsArray=no
                                  IsValidArray=no
                                  IsArgument=yes
                                  Elements=[ ]
                                  HasInsertionLoc=yes
                                  IsFromSystemFunction=no
parallelismSelector::VERBO:     'random_increments' C:/Users/steve/thesis-monte-carlo/SABR\test.c:10:0 VariableId 45
                                  ElementBitsize=64
                                  IsHlsStream=no
                                  FunctionId= 214
                                  IsArray=yes
                                  IsValidArray=yes
                                  IsArgument=yes
                                  Elements=[ 9800 ]
                                  HasInsertionLoc=yes
                                  IsFromSystemFunction=no
parallelismSelector::VERBO:     'rho' C:/Users/steve/thesis-monte-carlo/SABR\test.c:10:0 VariableId 46
                                  ElementBitsize=64
                                  IsHlsStream=no
                                  FunctionId= 214
                                  IsArray=no
                                  IsValidArray=no
                                  IsArgument=yes
                                  Elements=[ ]
                                  HasInsertionLoc=yes
                                  IsFromSystemFunction=no
parallelismSelector::VERBO:     'S' C:/Users/steve/thesis-monte-carlo/SABR\test.c:10:0 VariableId 47
                                  ElementBitsize=64
                                  IsHlsStream=no
                                  FunctionId= 214
                                  IsArray=yes
                                  IsValidArray=yes
                                  IsArgument=yes
                                  Elements=[ 100 ]
                                  HasInsertionLoc=yes
                                  IsFromSystemFunction=no
parallelismSelector::VERBO:     'r' C:/Users/steve/thesis-monte-carlo/SABR\test.c:10:0 VariableId 48
                                  ElementBitsize=64
                                  IsHlsStream=no
                                  FunctionId= 214
                                  IsArray=no
                                  IsValidArray=no
                                  IsArgument=yes
                                  Elements=[ ]
                                  HasInsertionLoc=yes
                                  IsFromSystemFunction=no
parallelismSelector::VERBO:     'V' C:/Users/steve/thesis-monte-carlo/SABR\test.c:10:0 VariableId 49
                                  ElementBitsize=64
                                  IsHlsStream=no
                                  FunctionId= 214
                                  IsArray=yes
                                  IsValidArray=yes
                                  IsArgument=yes
                                  Elements=[ 100 ]
                                  HasInsertionLoc=yes
                                  IsFromSystemFunction=no
parallelismSelector::VERBO:     'beta' C:/Users/steve/thesis-monte-carlo/SABR\test.c:10:0 VariableId 50
                                  ElementBitsize=64
                                  IsHlsStream=no
                                  FunctionId= 214
                                  IsArray=no
                                  IsValidArray=no
                                  IsArgument=yes
                                  Elements=[ ]
                                  HasInsertionLoc=yes
                                  IsFromSystemFunction=no
parallelismSelector::VERBO:     'alpha' C:/Users/steve/thesis-monte-carlo/SABR\test.c:10:0 VariableId 51
                                  ElementBitsize=64
                                  IsHlsStream=no
                                  FunctionId= 214
                                  IsArray=no
                                  IsValidArray=no
                                  IsArgument=yes
                                  Elements=[ ]
                                  HasInsertionLoc=yes
                                  IsFromSystemFunction=no
parallelismSelector::VERBO: Equivalence table
                             Object with value: 27 is mapped to the object with value: 27
                             Object with value: 28 is mapped to the object with value: 28
                             Object with value: 36 is mapped to the object with value: 36
                             Object with value: 38 is mapped to the object with value: 39
                             Object with value: 40 is mapped to the object with value: 27
                             Object with value: 42 is mapped to the object with value: 28
                             Object with value: 45 is mapped to the object with value: 36
                             Object with value: 47 is mapped to the object with value: 27
                             Object with value: 49 is mapped to the object with value: 28
                            
parallelismSelector::VERBO: Nesting structure:
                            +- Loop with id 5, Trip Count: (Static=100, Dynamic [x1]), Loc=C:/Users/steve/thesis-monte-carlo/SABR\test.c:12:5, Vars=27,28,
                            +- Loop with id 3, Trip Count: (Static=100, Dynamic [x1]), [PerfectNest], Loc=C:/Users/steve/thesis-monte-carlo/SABR\test.c:17:5, Vars=27,28,
                               +- Loop with id 4, Trip Count: (Static=49, Dynamic [x100]), [RAW], Loc=C:/Users/steve/thesis-monte-carlo/SABR\test.c:19:9, Vars=36,
                            
parallelismSelector::VERBO: Nesting structure after dynamic trip count update:
                            +- Loop with id 5, Trip Count: (Static=100, Dynamic [x1]), Loc=C:/Users/steve/thesis-monte-carlo/SABR\test.c:12:5, Vars=27,28,
                            +- Loop with id 3, Trip Count: (Static=100, Dynamic [x1]), [PerfectNest], Loc=C:/Users/steve/thesis-monte-carlo/SABR\test.c:17:5, Vars=27,28,
                               +- Loop with id 4, Trip Count: (Static=49, Dynamic [x100]), [RAW], Loc=C:/Users/steve/thesis-monte-carlo/SABR\test.c:19:9, Vars=36,
                            
parallelismSelector::VERBO: Function 'SABR' not inlined as per top-levels
parallelismSelector::VERBO: Function 'Outline_T3_F211_R2_Atomic' not inlined as per dataflow task
parallelismSelector::VERBO: Function 'Outline_T4_F211_R3_Loop' not inlined as per dataflow task
parallelismSelector::VERBO: Function 'Outline_T5_F211_R15_Loop' not inlined as per dataflow task
parallelismSelector::VERBO: Nesting structure after static trip count upper bound calculation for symbolically bounded loops:
                            +- Loop with id 5, Trip Count: (Static=100, Dynamic [x1]), Loc=C:/Users/steve/thesis-monte-carlo/SABR\test.c:12:5, Vars=27,28,
                            +- Loop with id 3, Trip Count: (Static=100, Dynamic [x1]), [PerfectNest], Loc=C:/Users/steve/thesis-monte-carlo/SABR\test.c:17:5, Vars=27,28,
                               +- Loop with id 4, Trip Count: (Static=49, Dynamic [x100]), [RAW], Loc=C:/Users/steve/thesis-monte-carlo/SABR\test.c:19:9, Vars=36,
                            
parallelismSelector::VERBO: Max iterations for loop 5 are 100
parallelismSelector::VERBO:  - loop 5 is "C:/Users/steve/thesis-monte-carlo/SABR\test.c":12:5
parallelismSelector::VERBO: Max iterations for loop 3 are 100
parallelismSelector::VERBO:  - loop 3 is "C:/Users/steve/thesis-monte-carlo/SABR\test.c":17:5
parallelismSelector::VERBO: Max iterations for loop 4 are 49
parallelismSelector::VERBO:  - loop 4 is "C:/Users/steve/thesis-monte-carlo/SABR\test.c":19:9
parallelismSelector::VERBO: Partitioning variable 'S' C:/Users/steve/thesis-monte-carlo/SABR\test.c:10:0 VariableId 27
parallelismSelector::VERBO: Partitioning variable 'V' C:/Users/steve/thesis-monte-carlo/SABR\test.c:10:0 VariableId 28
parallelismSelector::VERBO: Partitioning variable 'random_increments' C:/Users/steve/thesis-monte-carlo/SABR\test.c:10:0 VariableId 36
parallelismSelector::VERBO: Initial branch:
                            FunctionPipelineTopLevel: Maybe
                            Reshape {dim 0: cyclic 1, 2, 4, 5, 10, 20, 25, 50 complete} (VariableName S) (VariableId 27)
                            Reshape {dim 0: cyclic 1, 2, 4, 5, 10, 20, 25, 50 complete} (VariableName V) (VariableId 28)
                            Reshape {dim 0: cyclic 1, 2, 4, 5, 7, 8, 10, 14, 20, 25, 28, 35, 40, 49, 50, 56, 70, 98, 100} (VariableName random_increments) (VariableId 36)
                            +- pipeline, unroll with factors 1, 2, 4, 5, 10, 20, 25, 50, 100, unroll/pipeline with factors 2, 4, 5, 10, 20, 25, 50 (LoopId 5)
                            +- pipeline, unroll with factors 1, 2, 4, 5, 10, 20, 25, 50, 100, unroll/pipeline with factors 2, 4, 5, 10, 20, 25, 50 (LoopId 3)
                               +- pipeline, unroll with factors 1, 49 (LoopId 4)
                            
parallelismSelector::VERBO: Initial branch after first round of constraints:
                            FunctionPipelineTopLevel: Maybe
                            Reshape {dim 0: cyclic 1, 2, 4, 5, 10, 20, 25, 50 complete} (VariableName S) (VariableId 27)
                            Reshape {dim 0: cyclic 1, 2, 4, 5, 10, 20, 25, 50 complete} (VariableName V) (VariableId 28)
                            Reshape {dim 0: cyclic 1, 2, 4, 5, 7, 8, 10, 14, 20, 25, 28, 35, 40, 49, 50, 56, 70, 98, 100} (VariableName random_increments) (VariableId 36)
                            +- pipeline, unroll with factors 1, 2, 4, 5, 10, 20, 25, 50, 100, unroll/pipeline with factors 2, 4, 5, 10, 20, 25, 50 (LoopId 5)
                            +- pipeline, unroll with factors 1, 2, 4, 5, 10, 20, 25, 50, 100, unroll/pipeline with factors 2, 4, 5, 10, 20, 25, 50 (LoopId 3)
                               +- pipeline, unroll with factors 1, 49 (LoopId 4)
                            
parallelismSelector::VERBO: Nesting structure after user pragma constraints:
                            +- Loop with id 5, Trip Count: (Static=100, Dynamic [x1]), Loc=C:/Users/steve/thesis-monte-carlo/SABR\test.c:12:5, Vars=27,28,
                            +- Loop with id 3, Trip Count: (Static=100, Dynamic [x1]), [PerfectNest], Loc=C:/Users/steve/thesis-monte-carlo/SABR\test.c:17:5, Vars=27,28,
                               +- Loop with id 4, Trip Count: (Static=49, Dynamic [x100]), [RAW], Loc=C:/Users/steve/thesis-monte-carlo/SABR\test.c:19:9, Vars=36,
                            
parallelismSelector::VERBO: Initial branch after applying user pragma constraints:
                            FunctionPipelineTopLevel: Maybe
                            Reshape {dim 0: cyclic 1, 2, 4, 5, 10, 20, 25, 50 complete} (VariableName S) (VariableId 27)
                            Reshape {dim 0: cyclic 1, 2, 4, 5, 10, 20, 25, 50 complete} (VariableName V) (VariableId 28)
                            Reshape {dim 0: cyclic 1, 2, 4, 5, 7, 8, 10, 14, 20, 25, 28, 35, 40, 49, 50, 56, 70, 98, 100} (VariableName random_increments) (VariableId 36)
                            +- pipeline, unroll with factors 1, 2, 4, 5, 10, 20, 25, 50, 100, unroll/pipeline with factors 2, 4, 5, 10, 20, 25, 50 (LoopId 5)
                            +- pipeline, unroll with factors 1, 2, 4, 5, 10, 20, 25, 50, 100, unroll/pipeline with factors 2, 4, 5, 10, 20, 25, 50 (LoopId 3)
                               +- pipeline, unroll with factors 1, 49 (LoopId 4)
                            
parallelismSelector::VERBO: Initial branch after applying Xilinx constraints:
                            FunctionPipelineTopLevel: Maybe
                            Reshape {dim 0: cyclic 1, 2, 4, 5, 10, 20, 25, 50 complete} (VariableName S) (VariableId 27)
                            Reshape {dim 0: cyclic 1, 2, 4, 5, 10, 20, 25, 50 complete} (VariableName V) (VariableId 28)
                            Reshape {dim 0: cyclic 1, 2, 4, 5, 7, 8, 10, 14, 20, 25, 28, 35, 40, 49, 50, 56, 70, 98, 100} (VariableName random_increments) (VariableId 36)
                            +- pipeline, unroll with factors 1, 2, 4, 5, 10, 20, 25, 50, 100, unroll/pipeline with factors 2, 4, 5, 10, 20, 25, 50 (LoopId 5)
                            +- pipeline, unroll with factors 1, 2, 4, 5, 10, 20, 25, 50, 100, unroll/pipeline with factors 2, 4, 5, 10, 20, 25, 50 (LoopId 3)
                               +- pipeline, unroll with factors 1, 49 (LoopId 4)
                            
parallelismSelector::VERBO: DataflowConstrainer: Constraining Func/Loop with Id 211
parallelismSelector::VERBO: DataflowConstrainer: Has no VariableSettingSpace: VarId=35
parallelismSelector::VERBO: DataflowConstrainer: Has no VariableSettingSpace: VarId=29
parallelismSelector::VERBO: DataflowConstrainer: Has no VariableSettingSpace: VarId=31
parallelismSelector::VERBO: DataflowConstrainer: Has no VariableSettingSpace: VarId=30
parallelismSelector::VERBO: DataflowConstrainer: Has no VariableSettingSpace: VarId=32
parallelismSelector::VERBO: DataflowConstrainer: Has no VariableSettingSpace: VarId=33
parallelismSelector::VERBO: DataflowConstrainer: Has no VariableSettingSpace: VarId=34
parallelismSelector::VERBO: DataflowConstrainer: Has no VariableSettingSpace: VarId=39
parallelismSelector::VERBO: DataflowConstrainer: Constrained: VarId=27
parallelismSelector::VERBO: DataflowConstrainer: Constrained: VarId=28
parallelismSelector::VERBO: DataflowConstrainer: Constrained: VarId=36
parallelismSelector::VERBO: Initial branch after applying dataflow constraints:
                            FunctionPipelineTopLevel: No
                            Reshape {dim 0: cyclic 1} (VariableName S) (VariableId 27)
                            Reshape {dim 0: cyclic 1} (VariableName V) (VariableId 28)
                            Reshape {dim 0: cyclic 1} (VariableName random_increments) (VariableId 36)
                            +- pipeline, unroll with factors 1, 2, 4, 5, 10, 20, 25, 50, 100, unroll/pipeline with factors 2, 4, 5, 10, 20, 25, 50 (LoopId 5)
                            +- pipeline, unroll with factors 1, 2, 4, 5, 10, 20, 25, 50, 100, unroll/pipeline with factors 2, 4, 5, 10, 20, 25, 50 (LoopId 3)
                               +- pipeline, unroll with factors 1, 49 (LoopId 4)
                            
parallelismSelector::VERBO: Removing unroll factor 100 from loop 3 because it violates the recursive unroll limit of 4096
parallelismSelector::VERBO: Removing unroll factor 2 from loop 5 because we only want to keep the pipeline/unroll setting as unroll possibility
parallelismSelector::VERBO: Removing unroll factor 4 from loop 5 because we only want to keep the pipeline/unroll setting as unroll possibility
parallelismSelector::VERBO: Removing unroll factor 5 from loop 5 because we only want to keep the pipeline/unroll setting as unroll possibility
parallelismSelector::VERBO: Removing unroll factor 10 from loop 5 because we only want to keep the pipeline/unroll setting as unroll possibility
parallelismSelector::VERBO: Removing unroll factor 20 from loop 5 because we only want to keep the pipeline/unroll setting as unroll possibility
parallelismSelector::VERBO: Removing unroll factor 25 from loop 5 because we only want to keep the pipeline/unroll setting as unroll possibility
parallelismSelector::VERBO: Removing unroll factor 50 from loop 5 because we only want to keep the pipeline/unroll setting as unroll possibility
parallelismSelector::VERBO: Removing unroll factor 2 from loop 3 because we only want to keep the pipeline/unroll setting as unroll possibility
parallelismSelector::VERBO: Removing unroll factor 4 from loop 3 because we only want to keep the pipeline/unroll setting as unroll possibility
parallelismSelector::VERBO: Removing unroll factor 5 from loop 3 because we only want to keep the pipeline/unroll setting as unroll possibility
parallelismSelector::VERBO: Removing unroll factor 10 from loop 3 because we only want to keep the pipeline/unroll setting as unroll possibility
parallelismSelector::VERBO: Removing unroll factor 20 from loop 3 because we only want to keep the pipeline/unroll setting as unroll possibility
parallelismSelector::VERBO: Removing unroll factor 25 from loop 3 because we only want to keep the pipeline/unroll setting as unroll possibility
parallelismSelector::VERBO: Removing unroll factor 50 from loop 3 because we only want to keep the pipeline/unroll setting as unroll possibility
parallelismSelector::VERBO: Removing reshape options from the design space because optimizing reshape is disabled
                            
parallelismSelector::VERBO: Initial branch after applying heuristic constraints:
                            FunctionPipelineTopLevel: No
                            Reshape {dim 0: cyclic 1} (VariableName S) (VariableId 27)
                            Reshape {dim 0: cyclic 1} (VariableName V) (VariableId 28)
                            Reshape {dim 0: cyclic 1} (VariableName random_increments) (VariableId 36)
                            +- pipeline, unroll with factors 1, 100, unroll/pipeline with factors 2, 4, 5, 10, 20, 25, 50 (LoopId 5)
                            +- pipeline, unroll with factors 1, unroll/pipeline with factors 2, 4, 5, 10, 20, 25, 50 (LoopId 3)
                               +- pipeline, unroll with factors 1, 49 (LoopId 4)
                            
parallelismSelector::VERBO: Initial branch after applying second round of Xilinx constraints:
                            FunctionPipelineTopLevel: No
                            Reshape {dim 0: cyclic 1} (VariableName S) (VariableId 27)
                            Reshape {dim 0: cyclic 1} (VariableName V) (VariableId 28)
                            Reshape {dim 0: cyclic 1} (VariableName random_increments) (VariableId 36)
                            +- pipeline, unroll with factors 1, 100, unroll/pipeline with factors 2, 4, 5, 10, 20, 25, 50 (LoopId 5)
                            +- pipeline, unroll with factors 1, unroll/pipeline with factors 2, 4, 5, 10, 20, 25, 50 (LoopId 3)
                               +- pipeline, unroll with factors 1, 49 (LoopId 4)
                            
parallelismSelector::VERBO: Initial branch after performance pragma constraints:
                            FunctionPipelineTopLevel: No
                            Reshape {dim 0: cyclic 1} (VariableName S) (VariableId 27)
                            Reshape {dim 0: cyclic 1} (VariableName V) (VariableId 28)
                            Reshape {dim 0: cyclic 1} (VariableName random_increments) (VariableId 36)
                            +- unroll with factors 1 (LoopId 5)
                            +- unroll with factors 1 (LoopId 3)
                               +- unroll with factors 1 (LoopId 4)
                            
parallelismSelector::VERBO: Initial branch after PerfEst evaluation constraints:
                            FunctionPipelineTopLevel: No
                            Reshape {dim 0: cyclic 1} (VariableName S) (VariableId 27)
                            Reshape {dim 0: cyclic 1} (VariableName V) (VariableId 28)
                            Reshape {dim 0: cyclic 1} (VariableName random_increments) (VariableId 36)
                            +- unroll with factors 1 (LoopId 5)
                            +- unroll with factors 1 (LoopId 3)
                               +- unroll with factors 1 (LoopId 4)
                            
parallelismSelector::VERBO: Initial constrained branch:
                            FunctionPipelineTopLevel: No
                            Reshape {dim 0: cyclic 1} (VariableName S) (VariableId 27)
                            Reshape {dim 0: cyclic 1} (VariableName V) (VariableId 28)
                            Reshape {dim 0: cyclic 1} (VariableName random_increments) (VariableId 36)
                            +- unroll with factors 1 (LoopId 5)
                            +- unroll with factors 1 (LoopId 3)
                               +- unroll with factors 1 (LoopId 4)
                            
parallelismSelector::VERBO: HPE - Calculating latency and area for design space...
                            Setting Space: FunctionPipelineTopLevel: No
                            Reshape {dim 0: cyclic 1} (VariableId 27)
                            Reshape {dim 0: cyclic 1} (VariableId 28)
                            Reshape {dim 0: cyclic 1} (VariableId 36)
                            +- unroll with factors 1 (LoopId 5)
                            +- unroll with factors 1 (LoopId 3)
                               +- unroll with factors 1 (LoopId 4)
                            
parallelismSelector::VERBO: Calculating latency for top level hw function: SABR
parallelismSelector::VERBO: [LatencyEstimationVisitor] CallSite: CS(0 F=212) (38->39)
parallelismSelector::VERBO: [LatencyEstimationVisitor] Equivalence table
                             Object with value: 38 is mapped to the object with value: 39
                            
parallelismSelector::VERBO: Analyzing Function "Outline_T3_F211_R2_Atomic" (FunctionId 212):
parallelismSelector::VERBO:     MARegionScheduler::finalize():
parallelismSelector::VERBO:        - Function: Outline_T3_F211_R2_Atomic
parallelismSelector::VERBO:          - EndCycles: newFuncRoot -> {1: 58}
parallelismSelector::VERBO:        - MaxEndCycle: {1: 58}
parallelismSelector::VERBO:        - Critical path: newFuncRoot
parallelismSelector::VERBO: 
parallelismSelector::VERBO: [LatencyEstimationVisitor] CallSite: CS(1 F=213) (40->27)(42->28)
parallelismSelector::VERBO: [LatencyEstimationVisitor] Equivalence table
                             Object with value: 40 is mapped to the object with value: 27
                             Object with value: 42 is mapped to the object with value: 28
                            
parallelismSelector::VERBO: Analyzing Loop "for.body" (LoopId 5):
parallelismSelector::VERBO:     MARegionScheduler::finalize():
parallelismSelector::VERBO:        - LoopId: 5
parallelismSelector::VERBO:          - EndCycles: for.body -> {1: 1}
parallelismSelector::VERBO:        - MaxEndCycle: {1: 1}
parallelismSelector::VERBO:        - Critical path: for.body
parallelismSelector::VERBO:     hasRAW: 0
parallelismSelector::VERBO:        - IIMem: {1: 0.5}, OwnedIIMem: {1: 0.5}, NestedIIMem: {1: 0}
parallelismSelector::VERBO: 
parallelismSelector::VERBO: Analyzing Function "Outline_T4_F211_R3_Loop" (FunctionId 213):
parallelismSelector::VERBO:         LoopId: 5, TC: 100, IL: {1: 1}, IIMem: {1: 0.5}, IIDep 0
parallelismSelector::VERBO:         	unroll 1 Cycles: 100
parallelismSelector::VERBO:         Overall latency for nested loop (LoopId 5): 100
parallelismSelector::VERBO:     MARegionScheduler::finalize():
parallelismSelector::VERBO:        - Function: Outline_T4_F211_R3_Loop
parallelismSelector::VERBO:          - EndCycles: for.body -> {1: 101}
parallelismSelector::VERBO:          - EndCycles: newFuncRoot -> {1: 1}
parallelismSelector::VERBO:          - EndCycles: for.end -> {1: 101}
parallelismSelector::VERBO:        - MaxEndCycle: {1: 101}
parallelismSelector::VERBO:        - Critical path: for.body, newFuncRoot, for.end
parallelismSelector::VERBO: 
parallelismSelector::VERBO: [LatencyEstimationVisitor] CallSite: CS(2 F=214) (45->36)(47->27)(49->28)
parallelismSelector::VERBO: [LatencyEstimationVisitor] Equivalence table
                             Object with value: 45 is mapped to the object with value: 36
                             Object with value: 47 is mapped to the object with value: 27
                             Object with value: 49 is mapped to the object with value: 28
                            
parallelismSelector::VERBO: Analyzing Loop "for.body9" (LoopId 4):
parallelismSelector::VERBO:     MARegionScheduler::finalize():
parallelismSelector::VERBO:        - LoopId: 4
parallelismSelector::VERBO:          - EndCycles: for.body9 -> {1: 121}
parallelismSelector::VERBO:        - MaxEndCycle: {1: 121}
parallelismSelector::VERBO:        - Critical path: for.body9
parallelismSelector::VERBO:     hasRAW: 1
parallelismSelector::VERBO:     Recurrence: Circuit=4:0 -> 4:28 -> 4:0
parallelismSelector::VERBO:       distance=9
parallelismSelector::VERBO:     Recurrence: Circuit=4:1 -> 4:20 -> 4:21 -> 4:22 -> 4:23 -> 4:24 -> 4:1
parallelismSelector::VERBO:       distance=115
parallelismSelector::VERBO:        - IIMem: {1: 1}, OwnedIIMem: {1: 1}, NestedIIMem: {1: 0}
parallelismSelector::VERBO: 
parallelismSelector::VERBO: Analyzing Loop "for.body6" (LoopId 3):
parallelismSelector::VERBO:         LoopId: 4, TC: 49, IL: {1: 121}, IIMem: {1: 1}, IIDep 115
parallelismSelector::VERBO:         	unroll 1 Cycles: 5929
parallelismSelector::VERBO:         Overall latency for nested loop (LoopId 4): 5929
parallelismSelector::VERBO:     MARegionScheduler::finalize():
parallelismSelector::VERBO:        - LoopId: 3
parallelismSelector::VERBO:          - EndCycles: for.body6 -> {1: 5}
parallelismSelector::VERBO:          - EndCycles: for.end51 -> {1: 5933}
parallelismSelector::VERBO:          - EndCycles: for.body9 -> {1: 5933}
parallelismSelector::VERBO:        - MaxEndCycle: {1: 5933}
parallelismSelector::VERBO:        - Critical path: for.body6, for.end51, for.body9
parallelismSelector::VERBO:     hasRAW: 0
parallelismSelector::VERBO:        - IIMem: {1: 0.5}, OwnedIIMem: {1: 0.5}, NestedIIMem: {1: 0}
parallelismSelector::VERBO: 
parallelismSelector::VERBO: Analyzing Function "Outline_T5_F211_R15_Loop" (FunctionId 214):
parallelismSelector::VERBO:         LoopId: 3, TC: 100, IL: {1: 5933}, IIMem: {1: 0.5}, IIDep 0
parallelismSelector::VERBO:         	unroll 1 Cycles: 593300
parallelismSelector::VERBO:         Overall latency for nested loop (LoopId 3): 593300
parallelismSelector::VERBO:     MARegionScheduler::finalize():
parallelismSelector::VERBO:        - Function: Outline_T5_F211_R15_Loop
parallelismSelector::VERBO:          - EndCycles: newFuncRoot -> {1: 81}
parallelismSelector::VERBO:          - EndCycles: for.end51 -> {1: 593381}
parallelismSelector::VERBO:          - EndCycles: for.end54 -> {1: 593381}
parallelismSelector::VERBO:        - MaxEndCycle: {1: 593381}
parallelismSelector::VERBO:        - Critical path: newFuncRoot, for.body6, for.end51, for.end54
parallelismSelector::VERBO: 
parallelismSelector::VERBO: Analyzing Function "SABR" (FunctionId 211):
parallelismSelector::VERBO:     MARegionScheduler::finalize():
parallelismSelector::VERBO:        - Function: SABR
parallelismSelector::VERBO:          - EndCycles: for.end54_iso9 -> {1: 593544}
parallelismSelector::VERBO:          - EndCycles: codeRepl -> {1: 60}
parallelismSelector::VERBO:          - EndCycles: entry -> {1: 1}
parallelismSelector::VERBO:          - EndCycles: codeRepl1 -> {1: 162}
parallelismSelector::VERBO:          - EndCycles: codeRepl2 -> {1: 593544}
parallelismSelector::VERBO:        - MaxEndCycle: {1: 593544}
parallelismSelector::VERBO:        - Critical path: for.end54_iso9, codeRepl, entry, codeRepl1, codeRepl2
parallelismSelector::VERBO: 
parallelismSelector::VERBO: Filling in latencies and intervals per loop...
parallelismSelector::VERBO:     Initiation Interval:
parallelismSelector::VERBO:     LoopId: 5, TC: 100, IL: {1: 1}, IIMem: {1: 0.5}, IIDep 0
parallelismSelector::VERBO:     	unroll 1 Cycles: 1
parallelismSelector::VERBO:     Latency:
parallelismSelector::VERBO:     LoopId: 5, TC: 100, IL: {1: 1}, IIMem: {1: 0.5}, IIDep 0
parallelismSelector::VERBO:     	unroll 1 Cycles: 100
parallelismSelector::VERBO:     Mem Interval:
parallelismSelector::VERBO:     Interval:
parallelismSelector::VERBO:     Initiation Interval:
parallelismSelector::VERBO:     LoopId: 4, TC: 49, IL: {1: 121}, IIMem: {1: 1}, IIDep 115
parallelismSelector::VERBO:     	unroll 1 Cycles: 121
parallelismSelector::VERBO:     Latency:
parallelismSelector::VERBO:     LoopId: 4, TC: 49, IL: {1: 121}, IIMem: {1: 1}, IIDep 115
parallelismSelector::VERBO:     	unroll 1 Cycles: 5929
parallelismSelector::VERBO:     Mem Interval:
parallelismSelector::VERBO:     Interval:
parallelismSelector::VERBO:     Initiation Interval:
parallelismSelector::VERBO:     LoopId: 3, TC: 100, IL: {1: 5933}, IIMem: {1: 0.5}, IIDep 0
parallelismSelector::VERBO:     	unroll 1 Cycles: 5933
parallelismSelector::VERBO:     Latency:
parallelismSelector::VERBO:     LoopId: 3, TC: 100, IL: {1: 5933}, IIMem: {1: 0.5}, IIDep 0
parallelismSelector::VERBO:     	unroll 1 Cycles: 593300
parallelismSelector::VERBO:     Mem Interval:
parallelismSelector::VERBO:     Interval:
parallelismSelector::VERBO: [AreaEstimationVisitor] Func: SABR : 211
parallelismSelector::VERBO: [AreaEstimationVisitor] CallSite: CS(0 F=212) (38->39)
parallelismSelector::VERBO:   New Equivalence table
                             Object with value: 38 is mapped to the object with value: 39
                            
parallelismSelector::VERBO: [AreaEstimationVisitor] Func: Outline_T3_F211_R2_Atomic : 212
parallelismSelector::VERBO: [Finalize] Self shareable area: LUTs: 257 FFs: 59 DSPs: 0 BRAMs: 0
parallelismSelector::VERBO: [AreaEstimationVisitor] Total shareable area: LUTs: 257 FFs: 59 DSPs: 0 BRAMs: 0 Total unshareable area: LUTs: 0 FFs: 0 DSPs: 0 BRAMs: 0
parallelismSelector::VERBO: [AreaEstimationVisitor] Self shareable area: LUTs: 257 FFs: 59 DSPs: 0 BRAMs: 0 Self unshareable area: LUTs: 0 FFs: 0 DSPs: 0 BRAMs: 0
parallelismSelector::VERBO: [AreaEstimationVisitor] CallSite: CS(1 F=213) (40->27)(42->28)
parallelismSelector::VERBO:   New Equivalence table
                             Object with value: 40 is mapped to the object with value: 27
                             Object with value: 42 is mapped to the object with value: 28
                            
parallelismSelector::VERBO: [AreaEstimationVisitor] Func: Outline_T4_F211_R3_Loop : 213
parallelismSelector::VERBO: [AreaEstimationVisitor] Loop: 5
parallelismSelector::VERBO: [Finalize] Self shareable area: LUTs: 0 FFs: 0 DSPs: 0 BRAMs: 0
parallelismSelector::VERBO: [Finalize] ParallelOperationNumPerLoop: {5: 1}
parallelismSelector::VERBO: [Finalize] Contribution of this loop to shareable area: LUTs: 0 FFs: 0 DSPs: 0 BRAMs: 0
parallelismSelector::VERBO: [AreaEstimationVisitor] Total shareable area: LUTs: 0 FFs: 0 DSPs: 0 BRAMs: 0 Total unshareable area: LUTs: 68 FFs: 0 DSPs: 0 BRAMs: 0
parallelismSelector::VERBO: [AreaEstimationVisitor] Self shareable area: LUTs: 0 FFs: 0 DSPs: 0 BRAMs: 0 Self unshareable area: LUTs: 12 FFs: 0 DSPs: 0 BRAMs: 0
parallelismSelector::VERBO: [Finalize] Self shareable area: LUTs: 0 FFs: 0 DSPs: 0 BRAMs: 0
parallelismSelector::VERBO: [AreaEstimationVisitor] Total shareable area: LUTs: 0 FFs: 0 DSPs: 0 BRAMs: 0 Total unshareable area: LUTs: 68 FFs: 0 DSPs: 0 BRAMs: 0
parallelismSelector::VERBO: [AreaEstimationVisitor] Self shareable area: LUTs: 0 FFs: 0 DSPs: 0 BRAMs: 0 Self unshareable area: LUTs: 0 FFs: 0 DSPs: 0 BRAMs: 0
parallelismSelector::VERBO: [AreaEstimationVisitor] CallSite: CS(2 F=214) (45->36)(47->27)(49->28)
parallelismSelector::VERBO:   New Equivalence table
                             Object with value: 45 is mapped to the object with value: 36
                             Object with value: 47 is mapped to the object with value: 27
                             Object with value: 49 is mapped to the object with value: 28
                            
parallelismSelector::VERBO: [AreaEstimationVisitor] Func: Outline_T5_F211_R15_Loop : 214
parallelismSelector::VERBO: [AreaEstimationVisitor] Loop: 3
parallelismSelector::VERBO: [AreaEstimationVisitor] Loop: 4
parallelismSelector::VERBO: [Finalize] Self shareable area: LUTs: 17936 FFs: 24739 DSPs: 116 BRAMs: 30
parallelismSelector::VERBO: [Finalize] ParallelOperationNumPerLoop: {4: 1}
parallelismSelector::VERBO: [Finalize] Contribution of this loop to shareable area: LUTs: 17936 FFs: 24739 DSPs: 116 BRAMs: 30
parallelismSelector::VERBO: [AreaEstimationVisitor] Total shareable area: LUTs: 17936 FFs: 24739 DSPs: 116 BRAMs: 30 Total unshareable area: LUTs: 100 FFs: 0 DSPs: 0 BRAMs: 0
parallelismSelector::VERBO: [AreaEstimationVisitor] Self shareable area: LUTs: 17936 FFs: 24739 DSPs: 116 BRAMs: 30 Self unshareable area: LUTs: 44 FFs: 0 DSPs: 0 BRAMs: 0
parallelismSelector::VERBO: [visitNestedHeader] Adding nested shareable area from loop(id) 4 LUTs: 17936 FFs: 24739 DSPs: 116 BRAMs: 30
parallelismSelector::VERBO: [Finalize] Self shareable area: LUTs: 0 FFs: 0 DSPs: 0 BRAMs: 0
parallelismSelector::VERBO: [Finalize] ParallelOperationNumPerLoop: {3: 1}
parallelismSelector::VERBO: [Finalize] Contribution of this loop to shareable area: LUTs: 0 FFs: 0 DSPs: 0 BRAMs: 0
parallelismSelector::VERBO: [AreaEstimationVisitor] Total shareable area: LUTs: 17936 FFs: 24739 DSPs: 116 BRAMs: 30 Total unshareable area: LUTs: 250 FFs: 220 DSPs: 3 BRAMs: 0
parallelismSelector::VERBO: [AreaEstimationVisitor] Self shareable area: LUTs: 0 FFs: 0 DSPs: 0 BRAMs: 0 Self unshareable area: LUTs: 38 FFs: 220 DSPs: 3 BRAMs: 0
parallelismSelector::VERBO: [Finalize] Self shareable area: LUTs: 4807 FFs: 3638 DSPs: 39 BRAMs: 0
parallelismSelector::VERBO: [AreaEstimationVisitor] Total shareable area: LUTs: 22743 FFs: 28377 DSPs: 155 BRAMs: 30 Total unshareable area: LUTs: 250 FFs: 220 DSPs: 3 BRAMs: 0
parallelismSelector::VERBO: [AreaEstimationVisitor] Self shareable area: LUTs: 4807 FFs: 3638 DSPs: 39 BRAMs: 0 Self unshareable area: LUTs: 0 FFs: 0 DSPs: 0 BRAMs: 0
parallelismSelector::VERBO: [Finalize] Self shareable area: LUTs: 0 FFs: 0 DSPs: 0 BRAMs: 0
parallelismSelector::VERBO: [AreaEstimationVisitor] Total shareable area: LUTs: 0 FFs: 0 DSPs: 0 BRAMs: 0 Total unshareable area: LUTs: 0 FFs: 0 DSPs: 0 BRAMs: 0
parallelismSelector::VERBO: [AreaEstimationVisitor] Self shareable area: LUTs: 0 FFs: 0 DSPs: 0 BRAMs: 0 Self unshareable area: LUTs: 0 FFs: 0 DSPs: 0 BRAMs: 0
parallelismSelector::VERBO: Branch does not fit (min area: Area -- (LUTs: 23318, FFs: 28656, DSPs: 158, BRAMs: 30, URAMs: 0))
parallelismSelector::VERBO: Initial constrained branch with estimates:
                            FunctionPipelineTopLevel: No
                            Reshape {dim 0: cyclic 1} (VariableId 27)
                               +- Penalty on LoopId 3: {1: lat/intv 0} (unroll: latency/interval)
                               +- Penalty on LoopId 5: {1: lat/intv 0} (unroll: latency/interval)
                            Reshape {dim 0: cyclic 1} (VariableId 28)
                               +- Penalty on LoopId 3: {1: lat/intv 0} (unroll: latency/interval)
                               +- Penalty on LoopId 5: {1: lat/intv 0} (unroll: latency/interval)
                            Reshape {dim 0: cyclic 1} (VariableId 36)
                               +- Penalty on LoopId 3: {1: lat/intv 0} (unroll: latency/interval)
                               +- Penalty on LoopId 4: {1: lat/intv 0} (unroll: latency/interval)
                            +- unroll with factors 1 (LoopId 5), min-max latency/interval: {unroll 1: lat/intv 100}
                               +- Access to VariableId 27: {1: lat/intv 0} (unroll: latency/interval)
                               +- Access to VariableId 28: {1: lat/intv 0} (unroll: latency/interval)
                            +- unroll with factors 1 (LoopId 3), min-max latency/interval: {unroll 1: lat/intv 593300}
                               +- Access to VariableId 27: {1: lat/intv 0} (unroll: latency/interval)
                               +- Access to VariableId 28: {1: lat/intv 0} (unroll: latency/interval)
                               +- Access to VariableId 36: {1: lat/intv 0} (unroll: latency/interval)
                               +- unroll with factors 1 (LoopId 4), min-max latency/interval: {unroll 1: lat/intv 5929}
                                  +- Access to VariableId 36: {1: lat/intv 0} (unroll: latency/interval)
                            Id: 0 contains valid solution: --, min-max latency/interval:  lat 593544 intv 593545, min-max area:  LUTs: 23318 FFs: 28656 DSPs: 158 BRAMs: 30
parallelismSelector::VERBO: Initial FPGA area occupied (min): Area -- (LUTs: 23318, FFs: 28656, DSPs: 158, BRAMs: 30, URAMs: 0)
parallelismSelector::VERBO: Initial FPGA area occupied (max): Area -- (LUTs: 23318, FFs: 28656, DSPs: 158, BRAMs: 30, URAMs: 0)
parallelismSelector::VERBO: HPE - Calculating latency and area for design space...
                            Setting Space: FunctionPipelineTopLevel: No
                            Reshape {dim 0: cyclic 1} (VariableId 27)
                            Reshape {dim 0: cyclic 1} (VariableId 28)
                            Reshape {dim 0: cyclic 1} (VariableId 36)
                            +- unroll with factors 1 (LoopId 5)
                            +- unroll with factors 1 (LoopId 3)
                               +- unroll with factors 1 (LoopId 4)
                            
parallelismSelector::VERBO: Calculating latency for top level hw function: SABR
parallelismSelector::VERBO: [LatencyEstimationVisitor] CallSite: CS(0 F=212) (38->39)
parallelismSelector::VERBO: [LatencyEstimationVisitor] Equivalence table
                             Object with value: 38 is mapped to the object with value: 39
                            
parallelismSelector::VERBO: Analyzing Function "Outline_T3_F211_R2_Atomic" (FunctionId 212):
parallelismSelector::VERBO:     MARegionScheduler::finalize():
parallelismSelector::VERBO:        - Function: Outline_T3_F211_R2_Atomic
parallelismSelector::VERBO:          - EndCycles: newFuncRoot -> {1: 58}
parallelismSelector::VERBO:        - MaxEndCycle: {1: 58}
parallelismSelector::VERBO:        - Critical path: newFuncRoot
parallelismSelector::VERBO: 
parallelismSelector::VERBO: [LatencyEstimationVisitor] CallSite: CS(1 F=213) (40->27)(42->28)
parallelismSelector::VERBO: [LatencyEstimationVisitor] Equivalence table
                             Object with value: 40 is mapped to the object with value: 27
                             Object with value: 42 is mapped to the object with value: 28
                            
parallelismSelector::VERBO: Analyzing Loop "for.body" (LoopId 5):
parallelismSelector::VERBO:     MARegionScheduler::finalize():
parallelismSelector::VERBO:        - LoopId: 5
parallelismSelector::VERBO:          - EndCycles: for.body -> {1: 1}
parallelismSelector::VERBO:        - MaxEndCycle: {1: 1}
parallelismSelector::VERBO:        - Critical path: for.body
parallelismSelector::VERBO:     hasRAW: 0
parallelismSelector::VERBO:        - IIMem: {1: 0.5}, OwnedIIMem: {1: 0.5}, NestedIIMem: {1: 0}
parallelismSelector::VERBO: 
parallelismSelector::VERBO: Analyzing Function "Outline_T4_F211_R3_Loop" (FunctionId 213):
parallelismSelector::VERBO:         LoopId: 5, TC: 100, IL: {1: 1}, IIMem: {1: 0.5}, IIDep 0
parallelismSelector::VERBO:         	unroll 1 Cycles: 100
parallelismSelector::VERBO:         Overall latency for nested loop (LoopId 5): 100
parallelismSelector::VERBO:     MARegionScheduler::finalize():
parallelismSelector::VERBO:        - Function: Outline_T4_F211_R3_Loop
parallelismSelector::VERBO:          - EndCycles: for.body -> {1: 101}
parallelismSelector::VERBO:          - EndCycles: newFuncRoot -> {1: 1}
parallelismSelector::VERBO:          - EndCycles: for.end -> {1: 101}
parallelismSelector::VERBO:        - MaxEndCycle: {1: 101}
parallelismSelector::VERBO:        - Critical path: for.body, newFuncRoot, for.end
parallelismSelector::VERBO: 
parallelismSelector::VERBO: [LatencyEstimationVisitor] CallSite: CS(2 F=214) (45->36)(47->27)(49->28)
parallelismSelector::VERBO: [LatencyEstimationVisitor] Equivalence table
                             Object with value: 45 is mapped to the object with value: 36
                             Object with value: 47 is mapped to the object with value: 27
                             Object with value: 49 is mapped to the object with value: 28
                            
parallelismSelector::VERBO: Analyzing Loop "for.body9" (LoopId 4):
parallelismSelector::VERBO:     MARegionScheduler::finalize():
parallelismSelector::VERBO:        - LoopId: 4
parallelismSelector::VERBO:          - EndCycles: for.body9 -> {1: 121}
parallelismSelector::VERBO:        - MaxEndCycle: {1: 121}
parallelismSelector::VERBO:        - Critical path: for.body9
parallelismSelector::VERBO:     hasRAW: 1
parallelismSelector::VERBO:     Recurrence: Circuit=4:0 -> 4:28 -> 4:0
parallelismSelector::VERBO:       distance=9
parallelismSelector::VERBO:     Recurrence: Circuit=4:1 -> 4:20 -> 4:21 -> 4:22 -> 4:23 -> 4:24 -> 4:1
parallelismSelector::VERBO:       distance=115
parallelismSelector::VERBO:        - IIMem: {1: 1}, OwnedIIMem: {1: 1}, NestedIIMem: {1: 0}
parallelismSelector::VERBO: 
parallelismSelector::VERBO: Analyzing Loop "for.body6" (LoopId 3):
parallelismSelector::VERBO:         LoopId: 4, TC: 49, IL: {1: 121}, IIMem: {1: 1}, IIDep 115
parallelismSelector::VERBO:         	unroll 1 Cycles: 5929
parallelismSelector::VERBO:         Overall latency for nested loop (LoopId 4): 5929
parallelismSelector::VERBO:     MARegionScheduler::finalize():
parallelismSelector::VERBO:        - LoopId: 3
parallelismSelector::VERBO:          - EndCycles: for.body6 -> {1: 5}
parallelismSelector::VERBO:          - EndCycles: for.end51 -> {1: 5933}
parallelismSelector::VERBO:          - EndCycles: for.body9 -> {1: 5933}
parallelismSelector::VERBO:        - MaxEndCycle: {1: 5933}
parallelismSelector::VERBO:        - Critical path: for.body6, for.end51, for.body9
parallelismSelector::VERBO:     hasRAW: 0
parallelismSelector::VERBO:        - IIMem: {1: 0.5}, OwnedIIMem: {1: 0.5}, NestedIIMem: {1: 0}
parallelismSelector::VERBO: 
parallelismSelector::VERBO: Analyzing Function "Outline_T5_F211_R15_Loop" (FunctionId 214):
parallelismSelector::VERBO:         LoopId: 3, TC: 100, IL: {1: 5933}, IIMem: {1: 0.5}, IIDep 0
parallelismSelector::VERBO:         	unroll 1 Cycles: 593300
parallelismSelector::VERBO:         Overall latency for nested loop (LoopId 3): 593300
parallelismSelector::VERBO:     MARegionScheduler::finalize():
parallelismSelector::VERBO:        - Function: Outline_T5_F211_R15_Loop
parallelismSelector::VERBO:          - EndCycles: newFuncRoot -> {1: 81}
parallelismSelector::VERBO:          - EndCycles: for.end51 -> {1: 593381}
parallelismSelector::VERBO:          - EndCycles: for.end54 -> {1: 593381}
parallelismSelector::VERBO:        - MaxEndCycle: {1: 593381}
parallelismSelector::VERBO:        - Critical path: newFuncRoot, for.body6, for.end51, for.end54
parallelismSelector::VERBO: 
parallelismSelector::VERBO: Analyzing Function "SABR" (FunctionId 211):
parallelismSelector::VERBO:     MARegionScheduler::finalize():
parallelismSelector::VERBO:        - Function: SABR
parallelismSelector::VERBO:          - EndCycles: for.end54_iso9 -> {1: 593544}
parallelismSelector::VERBO:          - EndCycles: codeRepl -> {1: 60}
parallelismSelector::VERBO:          - EndCycles: entry -> {1: 1}
parallelismSelector::VERBO:          - EndCycles: codeRepl1 -> {1: 162}
parallelismSelector::VERBO:          - EndCycles: codeRepl2 -> {1: 593544}
parallelismSelector::VERBO:        - MaxEndCycle: {1: 593544}
parallelismSelector::VERBO:        - Critical path: for.end54_iso9, codeRepl, entry, codeRepl1, codeRepl2
parallelismSelector::VERBO: 
parallelismSelector::VERBO: Filling in latencies and intervals per loop...
parallelismSelector::VERBO:     Initiation Interval:
parallelismSelector::VERBO:     LoopId: 5, TC: 100, IL: {1: 1}, IIMem: {1: 0.5}, IIDep 0
parallelismSelector::VERBO:     	unroll 1 Cycles: 1
parallelismSelector::VERBO:     Latency:
parallelismSelector::VERBO:     LoopId: 5, TC: 100, IL: {1: 1}, IIMem: {1: 0.5}, IIDep 0
parallelismSelector::VERBO:     	unroll 1 Cycles: 100
parallelismSelector::VERBO:     Mem Interval:
parallelismSelector::VERBO:     Interval:
parallelismSelector::VERBO:     Initiation Interval:
parallelismSelector::VERBO:     LoopId: 4, TC: 49, IL: {1: 121}, IIMem: {1: 1}, IIDep 115
parallelismSelector::VERBO:     	unroll 1 Cycles: 121
parallelismSelector::VERBO:     Latency:
parallelismSelector::VERBO:     LoopId: 4, TC: 49, IL: {1: 121}, IIMem: {1: 1}, IIDep 115
parallelismSelector::VERBO:     	unroll 1 Cycles: 5929
parallelismSelector::VERBO:     Mem Interval:
parallelismSelector::VERBO:     Interval:
parallelismSelector::VERBO:     Initiation Interval:
parallelismSelector::VERBO:     LoopId: 3, TC: 100, IL: {1: 5933}, IIMem: {1: 0.5}, IIDep 0
parallelismSelector::VERBO:     	unroll 1 Cycles: 5933
parallelismSelector::VERBO:     Latency:
parallelismSelector::VERBO:     LoopId: 3, TC: 100, IL: {1: 5933}, IIMem: {1: 0.5}, IIDep 0
parallelismSelector::VERBO:     	unroll 1 Cycles: 593300
parallelismSelector::VERBO:     Mem Interval:
parallelismSelector::VERBO:     Interval:
parallelismSelector::VERBO: [AreaEstimationVisitor] Func: SABR : 211
parallelismSelector::VERBO: [AreaEstimationVisitor] CallSite: CS(0 F=212) (38->39)
parallelismSelector::VERBO:   New Equivalence table
                             Object with value: 38 is mapped to the object with value: 39
                            
parallelismSelector::VERBO: [AreaEstimationVisitor] Func: Outline_T3_F211_R2_Atomic : 212
parallelismSelector::VERBO: [Finalize] Self shareable area: LUTs: 257 FFs: 59 DSPs: 0 BRAMs: 0
parallelismSelector::VERBO: [AreaEstimationVisitor] Total shareable area: LUTs: 257 FFs: 59 DSPs: 0 BRAMs: 0 Total unshareable area: LUTs: 0 FFs: 0 DSPs: 0 BRAMs: 0
parallelismSelector::VERBO: [AreaEstimationVisitor] Self shareable area: LUTs: 257 FFs: 59 DSPs: 0 BRAMs: 0 Self unshareable area: LUTs: 0 FFs: 0 DSPs: 0 BRAMs: 0
parallelismSelector::VERBO: [AreaEstimationVisitor] CallSite: CS(1 F=213) (40->27)(42->28)
parallelismSelector::VERBO:   New Equivalence table
                             Object with value: 40 is mapped to the object with value: 27
                             Object with value: 42 is mapped to the object with value: 28
                            
parallelismSelector::VERBO: [AreaEstimationVisitor] Func: Outline_T4_F211_R3_Loop : 213
parallelismSelector::VERBO: [AreaEstimationVisitor] Loop: 5
parallelismSelector::VERBO: [Finalize] Self shareable area: LUTs: 0 FFs: 0 DSPs: 0 BRAMs: 0
parallelismSelector::VERBO: [Finalize] ParallelOperationNumPerLoop: {5: 1}
parallelismSelector::VERBO: [Finalize] Contribution of this loop to shareable area: LUTs: 0 FFs: 0 DSPs: 0 BRAMs: 0
parallelismSelector::VERBO: [AreaEstimationVisitor] Total shareable area: LUTs: 0 FFs: 0 DSPs: 0 BRAMs: 0 Total unshareable area: LUTs: 68 FFs: 0 DSPs: 0 BRAMs: 0
parallelismSelector::VERBO: [AreaEstimationVisitor] Self shareable area: LUTs: 0 FFs: 0 DSPs: 0 BRAMs: 0 Self unshareable area: LUTs: 12 FFs: 0 DSPs: 0 BRAMs: 0
parallelismSelector::VERBO: [Finalize] Self shareable area: LUTs: 0 FFs: 0 DSPs: 0 BRAMs: 0
parallelismSelector::VERBO: [AreaEstimationVisitor] Total shareable area: LUTs: 0 FFs: 0 DSPs: 0 BRAMs: 0 Total unshareable area: LUTs: 68 FFs: 0 DSPs: 0 BRAMs: 0
parallelismSelector::VERBO: [AreaEstimationVisitor] Self shareable area: LUTs: 0 FFs: 0 DSPs: 0 BRAMs: 0 Self unshareable area: LUTs: 0 FFs: 0 DSPs: 0 BRAMs: 0
parallelismSelector::VERBO: [AreaEstimationVisitor] CallSite: CS(2 F=214) (45->36)(47->27)(49->28)
parallelismSelector::VERBO:   New Equivalence table
                             Object with value: 45 is mapped to the object with value: 36
                             Object with value: 47 is mapped to the object with value: 27
                             Object with value: 49 is mapped to the object with value: 28
                            
parallelismSelector::VERBO: [AreaEstimationVisitor] Func: Outline_T5_F211_R15_Loop : 214
parallelismSelector::VERBO: [AreaEstimationVisitor] Loop: 3
parallelismSelector::VERBO: [AreaEstimationVisitor] Loop: 4
parallelismSelector::VERBO: [Finalize] Self shareable area: LUTs: 17936 FFs: 24739 DSPs: 116 BRAMs: 30
parallelismSelector::VERBO: [Finalize] ParallelOperationNumPerLoop: {4: 1}
parallelismSelector::VERBO: [Finalize] Contribution of this loop to shareable area: LUTs: 17936 FFs: 24739 DSPs: 116 BRAMs: 30
parallelismSelector::VERBO: [AreaEstimationVisitor] Total shareable area: LUTs: 17936 FFs: 24739 DSPs: 116 BRAMs: 30 Total unshareable area: LUTs: 100 FFs: 0 DSPs: 0 BRAMs: 0
parallelismSelector::VERBO: [AreaEstimationVisitor] Self shareable area: LUTs: 17936 FFs: 24739 DSPs: 116 BRAMs: 30 Self unshareable area: LUTs: 44 FFs: 0 DSPs: 0 BRAMs: 0
parallelismSelector::VERBO: [visitNestedHeader] Adding nested shareable area from loop(id) 4 LUTs: 17936 FFs: 24739 DSPs: 116 BRAMs: 30
parallelismSelector::VERBO: [Finalize] Self shareable area: LUTs: 0 FFs: 0 DSPs: 0 BRAMs: 0
parallelismSelector::VERBO: [Finalize] ParallelOperationNumPerLoop: {3: 1}
parallelismSelector::VERBO: [Finalize] Contribution of this loop to shareable area: LUTs: 0 FFs: 0 DSPs: 0 BRAMs: 0
parallelismSelector::VERBO: [AreaEstimationVisitor] Total shareable area: LUTs: 17936 FFs: 24739 DSPs: 116 BRAMs: 30 Total unshareable area: LUTs: 250 FFs: 220 DSPs: 3 BRAMs: 0
parallelismSelector::VERBO: [AreaEstimationVisitor] Self shareable area: LUTs: 0 FFs: 0 DSPs: 0 BRAMs: 0 Self unshareable area: LUTs: 38 FFs: 220 DSPs: 3 BRAMs: 0
parallelismSelector::VERBO: [Finalize] Self shareable area: LUTs: 4807 FFs: 3638 DSPs: 39 BRAMs: 0
parallelismSelector::VERBO: [AreaEstimationVisitor] Total shareable area: LUTs: 22743 FFs: 28377 DSPs: 155 BRAMs: 30 Total unshareable area: LUTs: 250 FFs: 220 DSPs: 3 BRAMs: 0
parallelismSelector::VERBO: [AreaEstimationVisitor] Self shareable area: LUTs: 4807 FFs: 3638 DSPs: 39 BRAMs: 0 Self unshareable area: LUTs: 0 FFs: 0 DSPs: 0 BRAMs: 0
parallelismSelector::VERBO: [Finalize] Self shareable area: LUTs: 0 FFs: 0 DSPs: 0 BRAMs: 0
parallelismSelector::VERBO: [AreaEstimationVisitor] Total shareable area: LUTs: 0 FFs: 0 DSPs: 0 BRAMs: 0 Total unshareable area: LUTs: 0 FFs: 0 DSPs: 0 BRAMs: 0
parallelismSelector::VERBO: [AreaEstimationVisitor] Self shareable area: LUTs: 0 FFs: 0 DSPs: 0 BRAMs: 0 Self unshareable area: LUTs: 0 FFs: 0 DSPs: 0 BRAMs: 0
parallelismSelector::VERBO: Estimated metrics for the application:
parallelismSelector::VERBO: Loop with Id 3:
parallelismSelector::VERBO:     Trip count: 100 - 100
parallelismSelector::VERBO:     II: 5933 - 5933
parallelismSelector::VERBO:     IsPipelinedRegion: false
parallelismSelector::VERBO:     
parallelismSelector::VERBO: Loop with Id 4:
parallelismSelector::VERBO:     Circuit: { i522 mul48 }, Cycles: 9
parallelismSelector::VERBO:     Circuit: { add381 mul31 i40 mul36 mul37 add38 }, Cycles: 115
parallelismSelector::VERBO:     Trip count: 49 - 49
parallelismSelector::VERBO:     II: 121 - 121
parallelismSelector::VERBO:     IsPipelinedRegion: false
parallelismSelector::VERBO:     
parallelismSelector::VERBO: Loop with Id 5:
parallelismSelector::VERBO:     Trip count: 100 - 100
parallelismSelector::VERBO:     II: 1 - 1
parallelismSelector::VERBO:     IsPipelinedRegion: false
parallelismSelector::VERBO:     
parallelismSelector::VERBO: Function with Id 211:
parallelismSelector::VERBO:     Interval: 593545 - 593545
                                Latency: 593544 - 593544
parallelismSelector::VERBO: Function with Id 212:
parallelismSelector::VERBO:     Interval: 59 - 59
                                Latency: 58 - 58
parallelismSelector::VERBO: Function with Id 213:
parallelismSelector::VERBO:     Interval: 102 - 102
                                Latency: 101 - 101
parallelismSelector::VERBO: Function with Id 214:
parallelismSelector::VERBO:     Interval: 593382 - 593382
                                Latency: 593381 - 593381
