#-----------------------------------------------------------
# xsim v2024.2 (64-bit)
# SW Build 5239630 on Fri Nov 08 22:35:27 MST 2024
# IP Build 5239520 on Sun Nov 10 16:12:51 MST 2024
# SharedData Build 5239561 on Fri Nov 08 14:39:27 MST 2024
# Start of session at: Mon Jan 13 03:37:41 2025
# Process ID         : 1264
# Current directory  : C:/Users/steve/thesis-monte-carlo/SABR/FPGA/sabr/SABR/hls/sim/verilog
# Command line       : xsim.exe -mode tcl -source {xsim.dir/SABR/xsim_script.tcl}
# Log file           : C:/Users/steve/thesis-monte-carlo/SABR/FPGA/sabr/SABR/hls/sim/verilog/xsim.log
# Journal file       : C:/Users/steve/thesis-monte-carlo/SABR/FPGA/sabr/SABR/hls/sim/verilog\xsim.jou
# Running On         : Steven
# Platform           : Windows Server 2016 or Windows 10
# Operating System   : 26100
# Processor Detail   : Intel(R) Core(TM) Ultra 7 155H
# CPU Frequency      : 2995 MHz
# CPU Physical cores : 16
# CPU Logical cores  : 22
# Host memory        : 33775 MB
# Swap memory        : 59568 MB
# Total Virtual      : 93343 MB
# Available Virtual  : 67947 MB
#-----------------------------------------------------------
source xsim.dir/SABR/xsim_script.tcl
# xsim {SABR} -autoloadwcfg -tclbatch {SABR.tcl}
Time resolution is 1 ps
source SABR.tcl
## run all
Warning: DRC warning : CARRYCASCIN can only be used in the current DSP48E1 instance if the previous DSP48E1  is performing a two input ADD or SUBTRACT operation, or the current DSP48E1 is configured in the MAC extend opmode(6:0) equals 1001000. 
Time: 0 ps  Iteration: 2  Process: /apatb_SABR_top/AESL_inst_SABR/dexp_64ns_64ns_64_12_full_dsp_1_U1660/SABR_dexp_64ns_64ns_64_12_full_dsp_1_ip_u/inst/i_synth/exp_op/i_sp_or_dp/OP/i_ccm_ln2/\g_tables(1)\/i_addsub/dsp/two/dsp48e1_add_hi/i_no_versal_es1_workaround/DSP/prcs_carryinsel_drc  File: C:/Xilinx/Vivado/2024.2/data/vhdl/src/unisims/primitive/DSP48E1.vhd
Warning: DRC warning : DSP48E1 CARRYINSEL is set to 010 with OPMODEREG set to 0. This causes unknown values after reset occurs. It is suggested to use OPMODEREG = 1 when cascading large adders.
Time: 0 ps  Iteration: 2  Process: /apatb_SABR_top/AESL_inst_SABR/dexp_64ns_64ns_64_12_full_dsp_1_U1660/SABR_dexp_64ns_64ns_64_12_full_dsp_1_ip_u/inst/i_synth/exp_op/i_sp_or_dp/OP/i_ccm_ln2/\g_tables(1)\/i_addsub/dsp/two/dsp48e1_add_hi/i_no_versal_es1_workaround/DSP/prcs_carryinsel_drc  File: C:/Xilinx/Vivado/2024.2/data/vhdl/src/unisims/primitive/DSP48E1.vhd
Warning: DRC warning : CARRYCASCIN can only be used in the current DSP48E1 instance if the previous DSP48E1  is performing a two input ADD or SUBTRACT operation, or the current DSP48E1 is configured in the MAC extend opmode(6:0) equals 1001000. 
Time: 0 ps  Iteration: 2  Process: /apatb_SABR_top/AESL_inst_SABR/dexp_64ns_64ns_64_12_full_dsp_1_U1660/SABR_dexp_64ns_64ns_64_12_full_dsp_1_ip_u/inst/i_synth/exp_op/i_sp_or_dp/OP/i_ccm_ln2/\g_tables(0)\/i_addsub/dsp/two/dsp48e1_add_hi/i_no_versal_es1_workaround/DSP/prcs_carryinsel_drc  File: C:/Xilinx/Vivado/2024.2/data/vhdl/src/unisims/primitive/DSP48E1.vhd
Warning: DRC warning : DSP48E1 CARRYINSEL is set to 010 with OPMODEREG set to 0. This causes unknown values after reset occurs. It is suggested to use OPMODEREG = 1 when cascading large adders.
Time: 0 ps  Iteration: 2  Process: /apatb_SABR_top/AESL_inst_SABR/dexp_64ns_64ns_64_12_full_dsp_1_U1660/SABR_dexp_64ns_64ns_64_12_full_dsp_1_ip_u/inst/i_synth/exp_op/i_sp_or_dp/OP/i_ccm_ln2/\g_tables(0)\/i_addsub/dsp/two/dsp48e1_add_hi/i_no_versal_es1_workaround/DSP/prcs_carryinsel_drc  File: C:/Xilinx/Vivado/2024.2/data/vhdl/src/unisims/primitive/DSP48E1.vhd
////////////////////////////////////////////////////////////////////////////////////
// Inter-Transaction Progress: Completed Transaction / Total Transaction
// Intra-Transaction Progress: Measured Latency / Latency Estimation * 100%
//
// RTL Simulation : "Inter-Transaction Progress" ["Intra-Transaction Progress"] @ "Simulation Time"
////////////////////////////////////////////////////////////////////////////////////
// RTL Simulation : 0 / 1 [0.00%] @ "140000"
// RTL Simulation : 1 / 1 [100.00%] @ "1370084000"
////////////////////////////////////////////////////////////////////////////////////
$finish called at time : 1370132 ns : File "C:/Users/steve/thesis-monte-carlo/SABR/FPGA/sabr/SABR/hls/sim/verilog/SABR.autotb.v" Line 17003
run: Time (s): cpu = 00:00:00 ; elapsed = 00:09:52 . Memory (MB): peak = 304.164 ; gain = 0.000
## quit
INFO: xsimkernel Simulation Memory Usage: 145020 KB (Peak: 145020 KB), Simulation CPU Usage: 582327 ms
INFO: [Common 17-206] Exiting xsim at Mon Jan 13 03:47:40 2025...
