parallelismSelector::VERBO: Summary of inputs: 
parallelismSelector::VERBO: Output directory: "C:\Users\steve\thesis-monte-carlo\GBM\gbm\GBM\hls\csim\code_analyzer\output"
parallelismSelector::VERBO: spec:0:0: info: Will use basepath at location C:\Users\steve\thesis-monte-carlo\GBM\gbm
parallelismSelector::VERBO: FPGA clock frequency is set to 125 MHz
parallelismSelector::VERBO: Will use user-driven complete partitioning settings
parallelismSelector::VERBO: Arrays with less than or equal to 4 elements that appear in the codegen directives will be completely partitioned
parallelismSelector::VERBO: spec:0:0: info: Will use IR Module file at location C:\Users\steve\thesis-monte-carlo\GBM\gbm\GBM\hls\csim\code_analyzer\.internal\instrument\app_0\annotated.bc
parallelismSelector::VERBO: FPGA frequency: 125000000 Hz
parallelismSelector::VERBO: Using FPGA frequency for HLS estimations: 200000000 Hz
parallelismSelector::VERBO: [Model Builder] Extracting logic model object from: C:\Xilinx\Vitis\2024.2\vcxx\data\platform\logic\spartan7.logic
parallelismSelector::VERBO: Device characteristics: Area -- (LUTs: 8000, FFs: 16000, DSPs: 20, BRAMs: 20, URAMs: 0)
parallelismSelector::VERBO: Maximum area for the hardware functions: AreaConstraint -- (LUTs: 8000, FFs: 16000, DSPs: 20, BRAMs: 20, URAMs: 0)
parallelismSelector::VERBO: Code Analyzer Id: 0
parallelismSelector::VERBO: Dataflow Hardware Function: GBM
parallelismSelector::VERBO: Adding outline as primary transformation
parallelismSelector::VERBO: RecipeFile: "C:\Users\steve\thesis-monte-carlo\GBM\gbm\GBM\hls\csim\code_analyzer\.internal\dataflow\0\recipe.json"
parallelismSelector::VERBO: Applying transformation: (region_outline)
parallelismSelector::VERBO: Applying transformation: (outline)
parallelismSelector::VERBO: Alias Equivalence: (Var <- { Pointees })
                              23 <- {23}
                              24 <- {24}
                              25 <- {25}
                              26 <- {26}
                              27 <- {27}
                              28 <- {28}
                              30 <- {31}
                              32 <- {23}
                              34 <- {31}
                              37 <- {28}
                              38 <- {23}
                            
parallelismSelector::VERBO: No optimization objective set
parallelismSelector::VERBO: Variable Infos:
parallelismSelector::VERBO:     'S' C:/Users/steve/thesis-monte-carlo\test.c:8:0 VariableId 23
                                  ElementBitsize=64
                                  IsHlsStream=no
                                  FunctionId= 211
                                  IsArray=yes
                                  IsValidArray=yes
                                  IsArgument=yes
                                  Elements=[ 100 ]
                                  HasInsertionLoc=yes
                                  IsFromSystemFunction=no
parallelismSelector::VERBO:     'S0' C:/Users/steve/thesis-monte-carlo\test.c:8:0 VariableId 24
                                  ElementBitsize=64
                                  IsHlsStream=no
                                  FunctionId= 211
                                  IsArray=no
                                  IsValidArray=no
                                  IsArgument=yes
                                  Elements=[ ]
                                  HasInsertionLoc=yes
                                  IsFromSystemFunction=no
parallelismSelector::VERBO:     'r' C:/Users/steve/thesis-monte-carlo\test.c:8:0 VariableId 25
                                  ElementBitsize=64
                                  IsHlsStream=no
                                  FunctionId= 211
                                  IsArray=no
                                  IsValidArray=no
                                  IsArgument=yes
                                  Elements=[ ]
                                  HasInsertionLoc=yes
                                  IsFromSystemFunction=no
parallelismSelector::VERBO:     'sigma' C:/Users/steve/thesis-monte-carlo\test.c:8:0 VariableId 26
                                  ElementBitsize=64
                                  IsHlsStream=no
                                  FunctionId= 211
                                  IsArray=no
                                  IsValidArray=no
                                  IsArgument=yes
                                  Elements=[ ]
                                  HasInsertionLoc=yes
                                  IsFromSystemFunction=no
parallelismSelector::VERBO:     'T' C:/Users/steve/thesis-monte-carlo\test.c:8:0 VariableId 27
                                  ElementBitsize=64
                                  IsHlsStream=no
                                  FunctionId= 211
                                  IsArray=no
                                  IsValidArray=no
                                  IsArgument=yes
                                  Elements=[ ]
                                  HasInsertionLoc=yes
                                  IsFromSystemFunction=no
parallelismSelector::VERBO:     'random_increments' C:/Users/steve/thesis-monte-carlo\test.c:8:0 VariableId 28
                                  ElementBitsize=64
                                  IsHlsStream=no
                                  FunctionId= 211
                                  IsArray=yes
                                  IsValidArray=yes
                                  IsArgument=yes
                                  Elements=[ 4900 ]
                                  HasInsertionLoc=yes
                                  IsFromSystemFunction=no
parallelismSelector::VERBO:     'T' C:/Users/steve/thesis-monte-carlo\test.c:8:0 VariableId 29
                                  ElementBitsize=64
                                  IsHlsStream=no
                                  FunctionId= 212
                                  IsArray=no
                                  IsValidArray=no
                                  IsArgument=yes
                                  Elements=[ ]
                                  HasInsertionLoc=yes
                                  IsFromSystemFunction=no
parallelismSelector::VERBO:     'deltat' C:/Users/steve/thesis-monte-carlo\test.c:9:0 VariableId 30
                                  ElementBitsize=64
                                  IsHlsStream=no
                                  FunctionId= 212
                                  IsArray=no
                                  IsValidArray=no
                                  IsArgument=yes
                                  Elements=[-- ]
                                  HasInsertionLoc=yes
                                  IsFromSystemFunction=no
parallelismSelector::VERBO:     'deltat' C:/Users/steve/thesis-monte-carlo\test.c:9:0 VariableId 31
                                  ElementBitsize=64
                                  IsHlsStream=no
                                  FunctionId= 211
                                  IsArray=no
                                  IsValidArray=no
                                  IsArgument=no
                                  Elements=[ ]
                                  HasInsertionLoc=no
                                  IsFromSystemFunction=no
parallelismSelector::VERBO:     'S' C:/Users/steve/thesis-monte-carlo\test.c:8:0 VariableId 32
                                  ElementBitsize=64
                                  IsHlsStream=no
                                  FunctionId= 213
                                  IsArray=yes
                                  IsValidArray=yes
                                  IsArgument=yes
                                  Elements=[ 100 ]
                                  HasInsertionLoc=yes
                                  IsFromSystemFunction=no
parallelismSelector::VERBO:     'S0' C:/Users/steve/thesis-monte-carlo\test.c:8:0 VariableId 33
                                  ElementBitsize=64
                                  IsHlsStream=no
                                  FunctionId= 213
                                  IsArray=no
                                  IsValidArray=no
                                  IsArgument=yes
                                  Elements=[ ]
                                  HasInsertionLoc=yes
                                  IsFromSystemFunction=no
parallelismSelector::VERBO:     'sigma' C:/Users/steve/thesis-monte-carlo\test.c:8:0 VariableId 35
                                  ElementBitsize=64
                                  IsHlsStream=no
                                  FunctionId= 214
                                  IsArray=no
                                  IsValidArray=no
                                  IsArgument=yes
                                  Elements=[ ]
                                  HasInsertionLoc=yes
                                  IsFromSystemFunction=no
parallelismSelector::VERBO:     'r' C:/Users/steve/thesis-monte-carlo\test.c:8:0 VariableId 36
                                  ElementBitsize=64
                                  IsHlsStream=no
                                  FunctionId= 214
                                  IsArray=no
                                  IsValidArray=no
                                  IsArgument=yes
                                  Elements=[ ]
                                  HasInsertionLoc=yes
                                  IsFromSystemFunction=no
parallelismSelector::VERBO:     'random_increments' C:/Users/steve/thesis-monte-carlo\test.c:8:0 VariableId 37
                                  ElementBitsize=64
                                  IsHlsStream=no
                                  FunctionId= 214
                                  IsArray=yes
                                  IsValidArray=yes
                                  IsArgument=yes
                                  Elements=[ 4900 ]
                                  HasInsertionLoc=yes
                                  IsFromSystemFunction=no
parallelismSelector::VERBO:     'S' C:/Users/steve/thesis-monte-carlo\test.c:8:0 VariableId 38
                                  ElementBitsize=64
                                  IsHlsStream=no
                                  FunctionId= 214
                                  IsArray=yes
                                  IsValidArray=yes
                                  IsArgument=yes
                                  Elements=[ 100 ]
                                  HasInsertionLoc=yes
                                  IsFromSystemFunction=no
parallelismSelector::VERBO: Equivalence table
                             Object with value: 23 is mapped to the object with value: 23
                             Object with value: 28 is mapped to the object with value: 28
                             Object with value: 30 is mapped to the object with value: 31
                             Object with value: 32 is mapped to the object with value: 23
                             Object with value: 37 is mapped to the object with value: 28
                             Object with value: 38 is mapped to the object with value: 23
                            
parallelismSelector::VERBO: Nesting structure:
                            +- Loop with id 5, Trip Count: (Static=100, Dynamic [x1]), Loc=C:/Users/steve/thesis-monte-carlo\test.c:11:5, Vars=23,
                            +- Loop with id 3, Trip Count: (Static=100, Dynamic [x1]), [PerfectNest], Loc=C:/Users/steve/thesis-monte-carlo\test.c:15:5, Vars=23,
                               +- Loop with id 4, Trip Count: (Static=49, Dynamic [x100]), [RAW], Loc=C:/Users/steve/thesis-monte-carlo\test.c:17:9, Vars=28,
                            
parallelismSelector::VERBO: Nesting structure after dynamic trip count update:
                            +- Loop with id 5, Trip Count: (Static=100, Dynamic [x1]), Loc=C:/Users/steve/thesis-monte-carlo\test.c:11:5, Vars=23,
                            +- Loop with id 3, Trip Count: (Static=100, Dynamic [x1]), [PerfectNest], Loc=C:/Users/steve/thesis-monte-carlo\test.c:15:5, Vars=23,
                               +- Loop with id 4, Trip Count: (Static=49, Dynamic [x100]), [RAW], Loc=C:/Users/steve/thesis-monte-carlo\test.c:17:9, Vars=28,
                            
parallelismSelector::VERBO: Function 'GBM' not inlined as per top-levels
parallelismSelector::VERBO: Function 'Outline_T3_F211_R2_Atomic' not inlined as per dataflow task
parallelismSelector::VERBO: Function 'Outline_T4_F211_R3_Loop' not inlined as per dataflow task
parallelismSelector::VERBO: Function 'Outline_T5_F211_R15_Loop' not inlined as per dataflow task
parallelismSelector::VERBO: Nesting structure after static trip count upper bound calculation for symbolically bounded loops:
                            +- Loop with id 5, Trip Count: (Static=100, Dynamic [x1]), Loc=C:/Users/steve/thesis-monte-carlo\test.c:11:5, Vars=23,
                            +- Loop with id 3, Trip Count: (Static=100, Dynamic [x1]), [PerfectNest], Loc=C:/Users/steve/thesis-monte-carlo\test.c:15:5, Vars=23,
                               +- Loop with id 4, Trip Count: (Static=49, Dynamic [x100]), [RAW], Loc=C:/Users/steve/thesis-monte-carlo\test.c:17:9, Vars=28,
                            
parallelismSelector::VERBO: Max iterations for loop 5 are 100
parallelismSelector::VERBO:  - loop 5 is "C:/Users/steve/thesis-monte-carlo\test.c":11:5
parallelismSelector::VERBO: Max iterations for loop 3 are 100
parallelismSelector::VERBO:  - loop 3 is "C:/Users/steve/thesis-monte-carlo\test.c":15:5
parallelismSelector::VERBO: Max iterations for loop 4 are 49
parallelismSelector::VERBO:  - loop 4 is "C:/Users/steve/thesis-monte-carlo\test.c":17:9
parallelismSelector::VERBO: Partitioning variable 'S' C:/Users/steve/thesis-monte-carlo\test.c:8:0 VariableId 23
parallelismSelector::VERBO: Partitioning variable 'random_increments' C:/Users/steve/thesis-monte-carlo\test.c:8:0 VariableId 28
parallelismSelector::VERBO: Initial branch:
                            FunctionPipelineTopLevel: Maybe
                            Reshape {dim 0: cyclic 1, 2, 4, 5, 10, 20, 25, 50 complete} (VariableName S) (VariableId 23)
                            Reshape {dim 0: cyclic 1, 2, 4, 5, 7, 10, 14, 20, 25, 28, 35, 49, 50, 70, 98, 100} (VariableName random_increments) (VariableId 28)
                            +- pipeline, unroll with factors 1, 2, 4, 5, 10, 20, 25, 50, 100, unroll/pipeline with factors 2, 4, 5, 10, 20, 25, 50 (LoopId 5)
                            +- pipeline, unroll with factors 1, 2, 4, 5, 10, 20, 25, 50, 100, unroll/pipeline with factors 2, 4, 5, 10, 20, 25, 50 (LoopId 3)
                               +- pipeline, unroll with factors 1, 49 (LoopId 4)
                            
parallelismSelector::VERBO: Initial branch after first round of constraints:
                            FunctionPipelineTopLevel: Maybe
                            Reshape {dim 0: cyclic 1, 2, 4, 5, 10, 20, 25, 50 complete} (VariableName S) (VariableId 23)
                            Reshape {dim 0: cyclic 1, 2, 4, 5, 7, 10, 14, 20, 25, 28, 35, 49, 50, 70, 98, 100} (VariableName random_increments) (VariableId 28)
                            +- pipeline, unroll with factors 1, 2, 4, 5, 10, 20, 25, 50, 100, unroll/pipeline with factors 2, 4, 5, 10, 20, 25, 50 (LoopId 5)
                            +- pipeline, unroll with factors 1, 2, 4, 5, 10, 20, 25, 50, 100, unroll/pipeline with factors 2, 4, 5, 10, 20, 25, 50 (LoopId 3)
                               +- pipeline, unroll with factors 1, 49 (LoopId 4)
                            
parallelismSelector::VERBO: Nesting structure after user pragma constraints:
                            +- Loop with id 5, Trip Count: (Static=100, Dynamic [x1]), Loc=C:/Users/steve/thesis-monte-carlo\test.c:11:5, Vars=23,
                            +- Loop with id 3, Trip Count: (Static=100, Dynamic [x1]), [PerfectNest], Loc=C:/Users/steve/thesis-monte-carlo\test.c:15:5, Vars=23,
                               +- Loop with id 4, Trip Count: (Static=49, Dynamic [x100]), [RAW], Loc=C:/Users/steve/thesis-monte-carlo\test.c:17:9, Vars=28,
                            
parallelismSelector::VERBO: Initial branch after applying user pragma constraints:
                            FunctionPipelineTopLevel: Maybe
                            Reshape {dim 0: cyclic 1, 2, 4, 5, 10, 20, 25, 50 complete} (VariableName S) (VariableId 23)
                            Reshape {dim 0: cyclic 1, 2, 4, 5, 7, 10, 14, 20, 25, 28, 35, 49, 50, 70, 98, 100} (VariableName random_increments) (VariableId 28)
                            +- pipeline, unroll with factors 1, 2, 4, 5, 10, 20, 25, 50, 100, unroll/pipeline with factors 2, 4, 5, 10, 20, 25, 50 (LoopId 5)
                            +- pipeline, unroll with factors 1, 2, 4, 5, 10, 20, 25, 50, 100, unroll/pipeline with factors 2, 4, 5, 10, 20, 25, 50 (LoopId 3)
                               +- pipeline, unroll with factors 1, 49 (LoopId 4)
                            
parallelismSelector::VERBO: Initial branch after applying Xilinx constraints:
                            FunctionPipelineTopLevel: Maybe
                            Reshape {dim 0: cyclic 1, 2, 4, 5, 10, 20, 25, 50 complete} (VariableName S) (VariableId 23)
                            Reshape {dim 0: cyclic 1, 2, 4, 5, 7, 10, 14, 20, 25, 28, 35, 49, 50, 70, 98, 100} (VariableName random_increments) (VariableId 28)
                            +- pipeline, unroll with factors 1, 2, 4, 5, 10, 20, 25, 50, 100, unroll/pipeline with factors 2, 4, 5, 10, 20, 25, 50 (LoopId 5)
                            +- pipeline, unroll with factors 1, 2, 4, 5, 10, 20, 25, 50, 100, unroll/pipeline with factors 2, 4, 5, 10, 20, 25, 50 (LoopId 3)
                               +- pipeline, unroll with factors 1, 49 (LoopId 4)
                            
parallelismSelector::VERBO: DataflowConstrainer: Constraining Func/Loop with Id 211
parallelismSelector::VERBO: DataflowConstrainer: Has no VariableSettingSpace: VarId=27
parallelismSelector::VERBO: DataflowConstrainer: Has no VariableSettingSpace: VarId=24
parallelismSelector::VERBO: DataflowConstrainer: Has no VariableSettingSpace: VarId=25
parallelismSelector::VERBO: DataflowConstrainer: Has no VariableSettingSpace: VarId=26
parallelismSelector::VERBO: DataflowConstrainer: Has no VariableSettingSpace: VarId=31
parallelismSelector::VERBO: DataflowConstrainer: Constrained: VarId=23
parallelismSelector::VERBO: DataflowConstrainer: Constrained: VarId=28
parallelismSelector::VERBO: Initial branch after applying dataflow constraints:
                            FunctionPipelineTopLevel: No
                            Reshape {dim 0: cyclic 1} (VariableName S) (VariableId 23)
                            Reshape {dim 0: cyclic 1} (VariableName random_increments) (VariableId 28)
                            +- pipeline, unroll with factors 1, 2, 4, 5, 10, 20, 25, 50, 100, unroll/pipeline with factors 2, 4, 5, 10, 20, 25, 50 (LoopId 5)
                            +- pipeline, unroll with factors 1, 2, 4, 5, 10, 20, 25, 50, 100, unroll/pipeline with factors 2, 4, 5, 10, 20, 25, 50 (LoopId 3)
                               +- pipeline, unroll with factors 1, 49 (LoopId 4)
                            
parallelismSelector::VERBO: Removing unroll factor 100 from loop 3 because it violates the recursive unroll limit of 4096
parallelismSelector::VERBO: Removing unroll factor 2 from loop 5 because we only want to keep the pipeline/unroll setting as unroll possibility
parallelismSelector::VERBO: Removing unroll factor 4 from loop 5 because we only want to keep the pipeline/unroll setting as unroll possibility
parallelismSelector::VERBO: Removing unroll factor 5 from loop 5 because we only want to keep the pipeline/unroll setting as unroll possibility
parallelismSelector::VERBO: Removing unroll factor 10 from loop 5 because we only want to keep the pipeline/unroll setting as unroll possibility
parallelismSelector::VERBO: Removing unroll factor 20 from loop 5 because we only want to keep the pipeline/unroll setting as unroll possibility
parallelismSelector::VERBO: Removing unroll factor 25 from loop 5 because we only want to keep the pipeline/unroll setting as unroll possibility
parallelismSelector::VERBO: Removing unroll factor 50 from loop 5 because we only want to keep the pipeline/unroll setting as unroll possibility
parallelismSelector::VERBO: Removing unroll factor 2 from loop 3 because we only want to keep the pipeline/unroll setting as unroll possibility
parallelismSelector::VERBO: Removing unroll factor 4 from loop 3 because we only want to keep the pipeline/unroll setting as unroll possibility
parallelismSelector::VERBO: Removing unroll factor 5 from loop 3 because we only want to keep the pipeline/unroll setting as unroll possibility
parallelismSelector::VERBO: Removing unroll factor 10 from loop 3 because we only want to keep the pipeline/unroll setting as unroll possibility
parallelismSelector::VERBO: Removing unroll factor 20 from loop 3 because we only want to keep the pipeline/unroll setting as unroll possibility
parallelismSelector::VERBO: Removing unroll factor 25 from loop 3 because we only want to keep the pipeline/unroll setting as unroll possibility
parallelismSelector::VERBO: Removing unroll factor 50 from loop 3 because we only want to keep the pipeline/unroll setting as unroll possibility
parallelismSelector::VERBO: Removing reshape options from the design space because optimizing reshape is disabled
                            
parallelismSelector::VERBO: Initial branch after applying heuristic constraints:
                            FunctionPipelineTopLevel: No
                            Reshape {dim 0: cyclic 1} (VariableName S) (VariableId 23)
                            Reshape {dim 0: cyclic 1} (VariableName random_increments) (VariableId 28)
                            +- pipeline, unroll with factors 1, 100, unroll/pipeline with factors 2, 4, 5, 10, 20, 25, 50 (LoopId 5)
                            +- pipeline, unroll with factors 1, unroll/pipeline with factors 2, 4, 5, 10, 20, 25, 50 (LoopId 3)
                               +- pipeline, unroll with factors 1, 49 (LoopId 4)
                            
parallelismSelector::VERBO: Initial branch after applying second round of Xilinx constraints:
                            FunctionPipelineTopLevel: No
                            Reshape {dim 0: cyclic 1} (VariableName S) (VariableId 23)
                            Reshape {dim 0: cyclic 1} (VariableName random_increments) (VariableId 28)
                            +- pipeline, unroll with factors 1, 100, unroll/pipeline with factors 2, 4, 5, 10, 20, 25, 50 (LoopId 5)
                            +- pipeline, unroll with factors 1, unroll/pipeline with factors 2, 4, 5, 10, 20, 25, 50 (LoopId 3)
                               +- pipeline, unroll with factors 1, 49 (LoopId 4)
                            
parallelismSelector::VERBO: Initial branch after performance pragma constraints:
                            FunctionPipelineTopLevel: No
                            Reshape {dim 0: cyclic 1} (VariableName S) (VariableId 23)
                            Reshape {dim 0: cyclic 1} (VariableName random_increments) (VariableId 28)
                            +- unroll with factors 1 (LoopId 5)
                            +- unroll with factors 1 (LoopId 3)
                               +- unroll with factors 1 (LoopId 4)
                            
parallelismSelector::VERBO: Initial branch after PerfEst evaluation constraints:
                            FunctionPipelineTopLevel: No
                            Reshape {dim 0: cyclic 1} (VariableName S) (VariableId 23)
                            Reshape {dim 0: cyclic 1} (VariableName random_increments) (VariableId 28)
                            +- unroll with factors 1 (LoopId 5)
                            +- unroll with factors 1 (LoopId 3)
                               +- unroll with factors 1 (LoopId 4)
                            
parallelismSelector::VERBO: Initial constrained branch:
                            FunctionPipelineTopLevel: No
                            Reshape {dim 0: cyclic 1} (VariableName S) (VariableId 23)
                            Reshape {dim 0: cyclic 1} (VariableName random_increments) (VariableId 28)
                            +- unroll with factors 1 (LoopId 5)
                            +- unroll with factors 1 (LoopId 3)
                               +- unroll with factors 1 (LoopId 4)
                            
parallelismSelector::VERBO: HPE - Calculating latency and area for design space...
                            Setting Space: FunctionPipelineTopLevel: No
                            Reshape {dim 0: cyclic 1} (VariableId 23)
                            Reshape {dim 0: cyclic 1} (VariableId 28)
                            +- unroll with factors 1 (LoopId 5)
                            +- unroll with factors 1 (LoopId 3)
                               +- unroll with factors 1 (LoopId 4)
                            
parallelismSelector::VERBO: Calculating latency for top level hw function: GBM
parallelismSelector::VERBO: [LatencyEstimationVisitor] CallSite: CS(0 F=212) (30->31)
parallelismSelector::VERBO: [LatencyEstimationVisitor] Equivalence table
                             Object with value: 30 is mapped to the object with value: 31
                            
parallelismSelector::VERBO: Analyzing Function "Outline_T3_F211_R2_Atomic" (FunctionId 212):
parallelismSelector::VERBO:     MARegionScheduler::finalize():
parallelismSelector::VERBO:        - Function: Outline_T3_F211_R2_Atomic
parallelismSelector::VERBO:          - EndCycles: newFuncRoot -> {1: 58}
parallelismSelector::VERBO:        - MaxEndCycle: {1: 58}
parallelismSelector::VERBO:        - Critical path: newFuncRoot
parallelismSelector::VERBO: 
parallelismSelector::VERBO: [LatencyEstimationVisitor] CallSite: CS(1 F=213) (32->23)
parallelismSelector::VERBO: [LatencyEstimationVisitor] Equivalence table
                             Object with value: 32 is mapped to the object with value: 23
                            
parallelismSelector::VERBO: Analyzing Loop "for.body" (LoopId 5):
parallelismSelector::VERBO:     MARegionScheduler::finalize():
parallelismSelector::VERBO:        - LoopId: 5
parallelismSelector::VERBO:          - EndCycles: for.body -> {1: 1}
parallelismSelector::VERBO:        - MaxEndCycle: {1: 1}
parallelismSelector::VERBO:        - Critical path: for.body
parallelismSelector::VERBO:     hasRAW: 0
parallelismSelector::VERBO:        - IIMem: {1: 0.5}, OwnedIIMem: {1: 0.5}, NestedIIMem: {1: 0}
parallelismSelector::VERBO: 
parallelismSelector::VERBO: Analyzing Function "Outline_T4_F211_R3_Loop" (FunctionId 213):
parallelismSelector::VERBO:         LoopId: 5, TC: 100, IL: {1: 1}, IIMem: {1: 0.5}, IIDep 0
parallelismSelector::VERBO:         	unroll 1 Cycles: 100
parallelismSelector::VERBO:         Overall latency for nested loop (LoopId 5): 100
parallelismSelector::VERBO:     MARegionScheduler::finalize():
parallelismSelector::VERBO:        - Function: Outline_T4_F211_R3_Loop
parallelismSelector::VERBO:          - EndCycles: newFuncRoot -> {1: 1}
parallelismSelector::VERBO:          - EndCycles: for.body -> {1: 101}
parallelismSelector::VERBO:          - EndCycles: for.end -> {1: 101}
parallelismSelector::VERBO:        - MaxEndCycle: {1: 101}
parallelismSelector::VERBO:        - Critical path: newFuncRoot, for.body, for.end
parallelismSelector::VERBO: 
parallelismSelector::VERBO: [LatencyEstimationVisitor] CallSite: CS(2 F=214) (37->28)(38->23)
parallelismSelector::VERBO: [LatencyEstimationVisitor] Equivalence table
                             Object with value: 37 is mapped to the object with value: 28
                             Object with value: 38 is mapped to the object with value: 23
                            
parallelismSelector::VERBO: Analyzing Loop "for.body7" (LoopId 4):
parallelismSelector::VERBO:     MARegionScheduler::finalize():
parallelismSelector::VERBO:        - LoopId: 4
parallelismSelector::VERBO:          - EndCycles: for.body7 -> {1: 99}
parallelismSelector::VERBO:        - MaxEndCycle: {1: 99}
parallelismSelector::VERBO:        - Critical path: for.body7
parallelismSelector::VERBO:     hasRAW: 1
parallelismSelector::VERBO:     Recurrence: Circuit=4:0 -> 4:11 -> 4:0
parallelismSelector::VERBO:       distance=9
parallelismSelector::VERBO:        - IIMem: {1: 0.5}, OwnedIIMem: {1: 0.5}, NestedIIMem: {1: 0}
parallelismSelector::VERBO: 
parallelismSelector::VERBO: Analyzing Loop "for.body4" (LoopId 3):
parallelismSelector::VERBO:         LoopId: 4, TC: 49, IL: {1: 99}, IIMem: {1: 0.5}, IIDep 9
parallelismSelector::VERBO:         	unroll 1 Cycles: 4851
parallelismSelector::VERBO:         Overall latency for nested loop (LoopId 4): 4851
parallelismSelector::VERBO:     MARegionScheduler::finalize():
parallelismSelector::VERBO:        - LoopId: 3
parallelismSelector::VERBO:          - EndCycles: for.body7 -> {1: 4855}
parallelismSelector::VERBO:          - EndCycles: for.end21 -> {1: 4855}
parallelismSelector::VERBO:          - EndCycles: for.body4 -> {1: 5}
parallelismSelector::VERBO:        - MaxEndCycle: {1: 4855}
parallelismSelector::VERBO:        - Critical path: for.body7, for.end21, for.body4
parallelismSelector::VERBO:     hasRAW: 0
parallelismSelector::VERBO:        - IIMem: {1: 0.5}, OwnedIIMem: {1: 0.5}, NestedIIMem: {1: 0}
parallelismSelector::VERBO: 
parallelismSelector::VERBO: Analyzing Function "Outline_T5_F211_R15_Loop" (FunctionId 214):
parallelismSelector::VERBO:         LoopId: 3, TC: 100, IL: {1: 4855}, IIMem: {1: 0.5}, IIDep 0
parallelismSelector::VERBO:         	unroll 1 Cycles: 485500
parallelismSelector::VERBO:         Overall latency for nested loop (LoopId 3): 485500
parallelismSelector::VERBO:     MARegionScheduler::finalize():
parallelismSelector::VERBO:        - Function: Outline_T5_F211_R15_Loop
parallelismSelector::VERBO:          - EndCycles: for.end24 -> {1: 485559}
parallelismSelector::VERBO:          - EndCycles: for.end21 -> {1: 485559}
parallelismSelector::VERBO:          - EndCycles: newFuncRoot -> {1: 59}
parallelismSelector::VERBO:        - MaxEndCycle: {1: 485559}
parallelismSelector::VERBO:        - Critical path: for.end24, for.end21, for.body4, newFuncRoot
parallelismSelector::VERBO: 
parallelismSelector::VERBO: Analyzing Function "GBM" (FunctionId 211):
parallelismSelector::VERBO:     MARegionScheduler::finalize():
parallelismSelector::VERBO:        - Function: GBM
parallelismSelector::VERBO:          - EndCycles: codeRepl1 -> {1: 162}
parallelismSelector::VERBO:          - EndCycles: entry -> {1: 1}
parallelismSelector::VERBO:          - EndCycles: codeRepl -> {1: 60}
parallelismSelector::VERBO:          - EndCycles: codeRepl2 -> {1: 485722}
parallelismSelector::VERBO:          - EndCycles: for.end24_iso9 -> {1: 485722}
parallelismSelector::VERBO:        - MaxEndCycle: {1: 485722}
parallelismSelector::VERBO:        - Critical path: codeRepl1, entry, codeRepl, codeRepl2, for.end24_iso9
parallelismSelector::VERBO: 
parallelismSelector::VERBO: Filling in latencies and intervals per loop...
parallelismSelector::VERBO:     Initiation Interval:
parallelismSelector::VERBO:     LoopId: 5, TC: 100, IL: {1: 1}, IIMem: {1: 0.5}, IIDep 0
parallelismSelector::VERBO:     	unroll 1 Cycles: 1
parallelismSelector::VERBO:     Latency:
parallelismSelector::VERBO:     LoopId: 5, TC: 100, IL: {1: 1}, IIMem: {1: 0.5}, IIDep 0
parallelismSelector::VERBO:     	unroll 1 Cycles: 100
parallelismSelector::VERBO:     Mem Interval:
parallelismSelector::VERBO:     Interval:
parallelismSelector::VERBO:     Initiation Interval:
parallelismSelector::VERBO:     LoopId: 4, TC: 49, IL: {1: 99}, IIMem: {1: 0.5}, IIDep 9
parallelismSelector::VERBO:     	unroll 1 Cycles: 99
parallelismSelector::VERBO:     Latency:
parallelismSelector::VERBO:     LoopId: 4, TC: 49, IL: {1: 99}, IIMem: {1: 0.5}, IIDep 9
parallelismSelector::VERBO:     	unroll 1 Cycles: 4851
parallelismSelector::VERBO:     Mem Interval:
parallelismSelector::VERBO:     Interval:
parallelismSelector::VERBO:     Initiation Interval:
parallelismSelector::VERBO:     LoopId: 3, TC: 100, IL: {1: 4855}, IIMem: {1: 0.5}, IIDep 0
parallelismSelector::VERBO:     	unroll 1 Cycles: 4855
parallelismSelector::VERBO:     Latency:
parallelismSelector::VERBO:     LoopId: 3, TC: 100, IL: {1: 4855}, IIMem: {1: 0.5}, IIDep 0
parallelismSelector::VERBO:     	unroll 1 Cycles: 485500
parallelismSelector::VERBO:     Mem Interval:
parallelismSelector::VERBO:     Interval:
parallelismSelector::VERBO: [AreaEstimationVisitor] Func: GBM : 211
parallelismSelector::VERBO: [AreaEstimationVisitor] CallSite: CS(0 F=212) (30->31)
parallelismSelector::VERBO:   New Equivalence table
                             Object with value: 30 is mapped to the object with value: 31
                            
parallelismSelector::VERBO: [AreaEstimationVisitor] Func: Outline_T3_F211_R2_Atomic : 212
parallelismSelector::VERBO: [Finalize] Self shareable area: LUTs: 257 FFs: 59 DSPs: 0 BRAMs: 0
parallelismSelector::VERBO: [AreaEstimationVisitor] Total shareable area: LUTs: 257 FFs: 59 DSPs: 0 BRAMs: 0 Total unshareable area: LUTs: 0 FFs: 0 DSPs: 0 BRAMs: 0
parallelismSelector::VERBO: [AreaEstimationVisitor] Self shareable area: LUTs: 257 FFs: 59 DSPs: 0 BRAMs: 0 Self unshareable area: LUTs: 0 FFs: 0 DSPs: 0 BRAMs: 0
parallelismSelector::VERBO: [AreaEstimationVisitor] CallSite: CS(1 F=213) (32->23)
parallelismSelector::VERBO:   New Equivalence table
                             Object with value: 32 is mapped to the object with value: 23
                            
parallelismSelector::VERBO: [AreaEstimationVisitor] Func: Outline_T4_F211_R3_Loop : 213
parallelismSelector::VERBO: [AreaEstimationVisitor] Loop: 5
parallelismSelector::VERBO: [Finalize] Self shareable area: LUTs: 0 FFs: 0 DSPs: 0 BRAMs: 0
parallelismSelector::VERBO: [Finalize] ParallelOperationNumPerLoop: {5: 1}
parallelismSelector::VERBO: [Finalize] Contribution of this loop to shareable area: LUTs: 0 FFs: 0 DSPs: 0 BRAMs: 0
parallelismSelector::VERBO: [AreaEstimationVisitor] Total shareable area: LUTs: 0 FFs: 0 DSPs: 0 BRAMs: 0 Total unshareable area: LUTs: 40 FFs: 0 DSPs: 0 BRAMs: 0
parallelismSelector::VERBO: [AreaEstimationVisitor] Self shareable area: LUTs: 0 FFs: 0 DSPs: 0 BRAMs: 0 Self unshareable area: LUTs: 12 FFs: 0 DSPs: 0 BRAMs: 0
parallelismSelector::VERBO: [Finalize] Self shareable area: LUTs: 0 FFs: 0 DSPs: 0 BRAMs: 0
parallelismSelector::VERBO: [AreaEstimationVisitor] Total shareable area: LUTs: 0 FFs: 0 DSPs: 0 BRAMs: 0 Total unshareable area: LUTs: 40 FFs: 0 DSPs: 0 BRAMs: 0
parallelismSelector::VERBO: [AreaEstimationVisitor] Self shareable area: LUTs: 0 FFs: 0 DSPs: 0 BRAMs: 0 Self unshareable area: LUTs: 0 FFs: 0 DSPs: 0 BRAMs: 0
parallelismSelector::VERBO: [AreaEstimationVisitor] CallSite: CS(2 F=214) (37->28)(38->23)
parallelismSelector::VERBO:   New Equivalence table
                             Object with value: 37 is mapped to the object with value: 28
                             Object with value: 38 is mapped to the object with value: 23
                            
parallelismSelector::VERBO: [AreaEstimationVisitor] Func: Outline_T5_F211_R15_Loop : 214
parallelismSelector::VERBO: [AreaEstimationVisitor] Loop: 3
parallelismSelector::VERBO: [AreaEstimationVisitor] Loop: 4
parallelismSelector::VERBO: [Finalize] Self shareable area: LUTs: 5857 FFs: 4374 DSPs: 40 BRAMs: 0
parallelismSelector::VERBO: [Finalize] ParallelOperationNumPerLoop: {4: 1}
parallelismSelector::VERBO: [Finalize] Contribution of this loop to shareable area: LUTs: 5857 FFs: 4374 DSPs: 40 BRAMs: 0
parallelismSelector::VERBO: [AreaEstimationVisitor] Total shareable area: LUTs: 5857 FFs: 4374 DSPs: 40 BRAMs: 0 Total unshareable area: LUTs: 72 FFs: 0 DSPs: 0 BRAMs: 0
parallelismSelector::VERBO: [AreaEstimationVisitor] Self shareable area: LUTs: 5857 FFs: 4374 DSPs: 40 BRAMs: 0 Self unshareable area: LUTs: 44 FFs: 0 DSPs: 0 BRAMs: 0
parallelismSelector::VERBO: [visitNestedHeader] Adding nested shareable area from loop(id) 4 LUTs: 5857 FFs: 4374 DSPs: 40 BRAMs: 0
parallelismSelector::VERBO: [Finalize] Self shareable area: LUTs: 0 FFs: 0 DSPs: 0 BRAMs: 0
parallelismSelector::VERBO: [Finalize] ParallelOperationNumPerLoop: {3: 1}
parallelismSelector::VERBO: [Finalize] Contribution of this loop to shareable area: LUTs: 0 FFs: 0 DSPs: 0 BRAMs: 0
parallelismSelector::VERBO: [AreaEstimationVisitor] Total shareable area: LUTs: 5857 FFs: 4374 DSPs: 40 BRAMs: 0 Total unshareable area: LUTs: 166 FFs: 220 DSPs: 3 BRAMs: 0
parallelismSelector::VERBO: [AreaEstimationVisitor] Self shareable area: LUTs: 0 FFs: 0 DSPs: 0 BRAMs: 0 Self unshareable area: LUTs: 38 FFs: 220 DSPs: 3 BRAMs: 0
parallelismSelector::VERBO: [Finalize] Self shareable area: LUTs: 2075 FFs: 1586 DSPs: 14 BRAMs: 0
parallelismSelector::VERBO: [AreaEstimationVisitor] Total shareable area: LUTs: 7932 FFs: 5960 DSPs: 54 BRAMs: 0 Total unshareable area: LUTs: 166 FFs: 220 DSPs: 3 BRAMs: 0
parallelismSelector::VERBO: [AreaEstimationVisitor] Self shareable area: LUTs: 2075 FFs: 1586 DSPs: 14 BRAMs: 0 Self unshareable area: LUTs: 0 FFs: 0 DSPs: 0 BRAMs: 0
parallelismSelector::VERBO: [Finalize] Self shareable area: LUTs: 0 FFs: 0 DSPs: 0 BRAMs: 0
parallelismSelector::VERBO: [AreaEstimationVisitor] Total shareable area: LUTs: 0 FFs: 0 DSPs: 0 BRAMs: 0 Total unshareable area: LUTs: 0 FFs: 0 DSPs: 0 BRAMs: 0
parallelismSelector::VERBO: [AreaEstimationVisitor] Self shareable area: LUTs: 0 FFs: 0 DSPs: 0 BRAMs: 0 Self unshareable area: LUTs: 0 FFs: 0 DSPs: 0 BRAMs: 0
parallelismSelector::VERBO: Branch does not fit (min area: Area -- (LUTs: 8395, FFs: 6239, DSPs: 57, BRAMs: 0, URAMs: 0))
parallelismSelector::VERBO: Initial constrained branch with estimates:
                            FunctionPipelineTopLevel: No
                            Reshape {dim 0: cyclic 1} (VariableId 23)
                               +- Penalty on LoopId 3: {1: lat/intv 0} (unroll: latency/interval)
                               +- Penalty on LoopId 5: {1: lat/intv 0} (unroll: latency/interval)
                            Reshape {dim 0: cyclic 1} (VariableId 28)
                               +- Penalty on LoopId 3: {1: lat/intv 0} (unroll: latency/interval)
                               +- Penalty on LoopId 4: {1: lat/intv 0} (unroll: latency/interval)
                            +- unroll with factors 1 (LoopId 5), min-max latency/interval: {unroll 1: lat/intv 100}
                               +- Access to VariableId 23: {1: lat/intv 0} (unroll: latency/interval)
                            +- unroll with factors 1 (LoopId 3), min-max latency/interval: {unroll 1: lat/intv 485500}
                               +- Access to VariableId 23: {1: lat/intv 0} (unroll: latency/interval)
                               +- Access to VariableId 28: {1: lat/intv 0} (unroll: latency/interval)
                               +- unroll with factors 1 (LoopId 4), min-max latency/interval: {unroll 1: lat/intv 4851}
                                  +- Access to VariableId 28: {1: lat/intv 0} (unroll: latency/interval)
                            Id: 0 contains valid solution: --, min-max latency/interval:  lat 485722 intv 485723, min-max area:  LUTs: 8395 FFs: 6239 DSPs: 57 BRAMs: 0
parallelismSelector::VERBO: Initial FPGA area occupied (min): Area -- (LUTs: 8395, FFs: 6239, DSPs: 57, BRAMs: 0, URAMs: 0)
parallelismSelector::VERBO: Initial FPGA area occupied (max): Area -- (LUTs: 8395, FFs: 6239, DSPs: 57, BRAMs: 0, URAMs: 0)
parallelismSelector::VERBO: HPE - Calculating latency and area for design space...
                            Setting Space: FunctionPipelineTopLevel: No
                            Reshape {dim 0: cyclic 1} (VariableId 23)
                            Reshape {dim 0: cyclic 1} (VariableId 28)
                            +- unroll with factors 1 (LoopId 5)
                            +- unroll with factors 1 (LoopId 3)
                               +- unroll with factors 1 (LoopId 4)
                            
parallelismSelector::VERBO: Calculating latency for top level hw function: GBM
parallelismSelector::VERBO: [LatencyEstimationVisitor] CallSite: CS(0 F=212) (30->31)
parallelismSelector::VERBO: [LatencyEstimationVisitor] Equivalence table
                             Object with value: 30 is mapped to the object with value: 31
                            
parallelismSelector::VERBO: Analyzing Function "Outline_T3_F211_R2_Atomic" (FunctionId 212):
parallelismSelector::VERBO:     MARegionScheduler::finalize():
parallelismSelector::VERBO:        - Function: Outline_T3_F211_R2_Atomic
parallelismSelector::VERBO:          - EndCycles: newFuncRoot -> {1: 58}
parallelismSelector::VERBO:        - MaxEndCycle: {1: 58}
parallelismSelector::VERBO:        - Critical path: newFuncRoot
parallelismSelector::VERBO: 
parallelismSelector::VERBO: [LatencyEstimationVisitor] CallSite: CS(1 F=213) (32->23)
parallelismSelector::VERBO: [LatencyEstimationVisitor] Equivalence table
                             Object with value: 32 is mapped to the object with value: 23
                            
parallelismSelector::VERBO: Analyzing Loop "for.body" (LoopId 5):
parallelismSelector::VERBO:     MARegionScheduler::finalize():
parallelismSelector::VERBO:        - LoopId: 5
parallelismSelector::VERBO:          - EndCycles: for.body -> {1: 1}
parallelismSelector::VERBO:        - MaxEndCycle: {1: 1}
parallelismSelector::VERBO:        - Critical path: for.body
parallelismSelector::VERBO:     hasRAW: 0
parallelismSelector::VERBO:        - IIMem: {1: 0.5}, OwnedIIMem: {1: 0.5}, NestedIIMem: {1: 0}
parallelismSelector::VERBO: 
parallelismSelector::VERBO: Analyzing Function "Outline_T4_F211_R3_Loop" (FunctionId 213):
parallelismSelector::VERBO:         LoopId: 5, TC: 100, IL: {1: 1}, IIMem: {1: 0.5}, IIDep 0
parallelismSelector::VERBO:         	unroll 1 Cycles: 100
parallelismSelector::VERBO:         Overall latency for nested loop (LoopId 5): 100
parallelismSelector::VERBO:     MARegionScheduler::finalize():
parallelismSelector::VERBO:        - Function: Outline_T4_F211_R3_Loop
parallelismSelector::VERBO:          - EndCycles: newFuncRoot -> {1: 1}
parallelismSelector::VERBO:          - EndCycles: for.body -> {1: 101}
parallelismSelector::VERBO:          - EndCycles: for.end -> {1: 101}
parallelismSelector::VERBO:        - MaxEndCycle: {1: 101}
parallelismSelector::VERBO:        - Critical path: newFuncRoot, for.body, for.end
parallelismSelector::VERBO: 
parallelismSelector::VERBO: [LatencyEstimationVisitor] CallSite: CS(2 F=214) (37->28)(38->23)
parallelismSelector::VERBO: [LatencyEstimationVisitor] Equivalence table
                             Object with value: 37 is mapped to the object with value: 28
                             Object with value: 38 is mapped to the object with value: 23
                            
parallelismSelector::VERBO: Analyzing Loop "for.body7" (LoopId 4):
parallelismSelector::VERBO:     MARegionScheduler::finalize():
parallelismSelector::VERBO:        - LoopId: 4
parallelismSelector::VERBO:          - EndCycles: for.body7 -> {1: 99}
parallelismSelector::VERBO:        - MaxEndCycle: {1: 99}
parallelismSelector::VERBO:        - Critical path: for.body7
parallelismSelector::VERBO:     hasRAW: 1
parallelismSelector::VERBO:     Recurrence: Circuit=4:0 -> 4:11 -> 4:0
parallelismSelector::VERBO:       distance=9
parallelismSelector::VERBO:        - IIMem: {1: 0.5}, OwnedIIMem: {1: 0.5}, NestedIIMem: {1: 0}
parallelismSelector::VERBO: 
parallelismSelector::VERBO: Analyzing Loop "for.body4" (LoopId 3):
parallelismSelector::VERBO:         LoopId: 4, TC: 49, IL: {1: 99}, IIMem: {1: 0.5}, IIDep 9
parallelismSelector::VERBO:         	unroll 1 Cycles: 4851
parallelismSelector::VERBO:         Overall latency for nested loop (LoopId 4): 4851
parallelismSelector::VERBO:     MARegionScheduler::finalize():
parallelismSelector::VERBO:        - LoopId: 3
parallelismSelector::VERBO:          - EndCycles: for.body7 -> {1: 4855}
parallelismSelector::VERBO:          - EndCycles: for.end21 -> {1: 4855}
parallelismSelector::VERBO:          - EndCycles: for.body4 -> {1: 5}
parallelismSelector::VERBO:        - MaxEndCycle: {1: 4855}
parallelismSelector::VERBO:        - Critical path: for.body7, for.end21, for.body4
parallelismSelector::VERBO:     hasRAW: 0
parallelismSelector::VERBO:        - IIMem: {1: 0.5}, OwnedIIMem: {1: 0.5}, NestedIIMem: {1: 0}
parallelismSelector::VERBO: 
parallelismSelector::VERBO: Analyzing Function "Outline_T5_F211_R15_Loop" (FunctionId 214):
parallelismSelector::VERBO:         LoopId: 3, TC: 100, IL: {1: 4855}, IIMem: {1: 0.5}, IIDep 0
parallelismSelector::VERBO:         	unroll 1 Cycles: 485500
parallelismSelector::VERBO:         Overall latency for nested loop (LoopId 3): 485500
parallelismSelector::VERBO:     MARegionScheduler::finalize():
parallelismSelector::VERBO:        - Function: Outline_T5_F211_R15_Loop
parallelismSelector::VERBO:          - EndCycles: for.end24 -> {1: 485559}
parallelismSelector::VERBO:          - EndCycles: for.end21 -> {1: 485559}
parallelismSelector::VERBO:          - EndCycles: newFuncRoot -> {1: 59}
parallelismSelector::VERBO:        - MaxEndCycle: {1: 485559}
parallelismSelector::VERBO:        - Critical path: for.end24, for.end21, for.body4, newFuncRoot
parallelismSelector::VERBO: 
parallelismSelector::VERBO: Analyzing Function "GBM" (FunctionId 211):
parallelismSelector::VERBO:     MARegionScheduler::finalize():
parallelismSelector::VERBO:        - Function: GBM
parallelismSelector::VERBO:          - EndCycles: codeRepl1 -> {1: 162}
parallelismSelector::VERBO:          - EndCycles: entry -> {1: 1}
parallelismSelector::VERBO:          - EndCycles: codeRepl -> {1: 60}
parallelismSelector::VERBO:          - EndCycles: codeRepl2 -> {1: 485722}
parallelismSelector::VERBO:          - EndCycles: for.end24_iso9 -> {1: 485722}
parallelismSelector::VERBO:        - MaxEndCycle: {1: 485722}
parallelismSelector::VERBO:        - Critical path: codeRepl1, entry, codeRepl, codeRepl2, for.end24_iso9
parallelismSelector::VERBO: 
parallelismSelector::VERBO: Filling in latencies and intervals per loop...
parallelismSelector::VERBO:     Initiation Interval:
parallelismSelector::VERBO:     LoopId: 5, TC: 100, IL: {1: 1}, IIMem: {1: 0.5}, IIDep 0
parallelismSelector::VERBO:     	unroll 1 Cycles: 1
parallelismSelector::VERBO:     Latency:
parallelismSelector::VERBO:     LoopId: 5, TC: 100, IL: {1: 1}, IIMem: {1: 0.5}, IIDep 0
parallelismSelector::VERBO:     	unroll 1 Cycles: 100
parallelismSelector::VERBO:     Mem Interval:
parallelismSelector::VERBO:     Interval:
parallelismSelector::VERBO:     Initiation Interval:
parallelismSelector::VERBO:     LoopId: 4, TC: 49, IL: {1: 99}, IIMem: {1: 0.5}, IIDep 9
parallelismSelector::VERBO:     	unroll 1 Cycles: 99
parallelismSelector::VERBO:     Latency:
parallelismSelector::VERBO:     LoopId: 4, TC: 49, IL: {1: 99}, IIMem: {1: 0.5}, IIDep 9
parallelismSelector::VERBO:     	unroll 1 Cycles: 4851
parallelismSelector::VERBO:     Mem Interval:
parallelismSelector::VERBO:     Interval:
parallelismSelector::VERBO:     Initiation Interval:
parallelismSelector::VERBO:     LoopId: 3, TC: 100, IL: {1: 4855}, IIMem: {1: 0.5}, IIDep 0
parallelismSelector::VERBO:     	unroll 1 Cycles: 4855
parallelismSelector::VERBO:     Latency:
parallelismSelector::VERBO:     LoopId: 3, TC: 100, IL: {1: 4855}, IIMem: {1: 0.5}, IIDep 0
parallelismSelector::VERBO:     	unroll 1 Cycles: 485500
parallelismSelector::VERBO:     Mem Interval:
parallelismSelector::VERBO:     Interval:
parallelismSelector::VERBO: [AreaEstimationVisitor] Func: GBM : 211
parallelismSelector::VERBO: [AreaEstimationVisitor] CallSite: CS(0 F=212) (30->31)
parallelismSelector::VERBO:   New Equivalence table
                             Object with value: 30 is mapped to the object with value: 31
                            
parallelismSelector::VERBO: [AreaEstimationVisitor] Func: Outline_T3_F211_R2_Atomic : 212
parallelismSelector::VERBO: [Finalize] Self shareable area: LUTs: 257 FFs: 59 DSPs: 0 BRAMs: 0
parallelismSelector::VERBO: [AreaEstimationVisitor] Total shareable area: LUTs: 257 FFs: 59 DSPs: 0 BRAMs: 0 Total unshareable area: LUTs: 0 FFs: 0 DSPs: 0 BRAMs: 0
parallelismSelector::VERBO: [AreaEstimationVisitor] Self shareable area: LUTs: 257 FFs: 59 DSPs: 0 BRAMs: 0 Self unshareable area: LUTs: 0 FFs: 0 DSPs: 0 BRAMs: 0
parallelismSelector::VERBO: [AreaEstimationVisitor] CallSite: CS(1 F=213) (32->23)
parallelismSelector::VERBO:   New Equivalence table
                             Object with value: 32 is mapped to the object with value: 23
                            
parallelismSelector::VERBO: [AreaEstimationVisitor] Func: Outline_T4_F211_R3_Loop : 213
parallelismSelector::VERBO: [AreaEstimationVisitor] Loop: 5
parallelismSelector::VERBO: [Finalize] Self shareable area: LUTs: 0 FFs: 0 DSPs: 0 BRAMs: 0
parallelismSelector::VERBO: [Finalize] ParallelOperationNumPerLoop: {5: 1}
parallelismSelector::VERBO: [Finalize] Contribution of this loop to shareable area: LUTs: 0 FFs: 0 DSPs: 0 BRAMs: 0
parallelismSelector::VERBO: [AreaEstimationVisitor] Total shareable area: LUTs: 0 FFs: 0 DSPs: 0 BRAMs: 0 Total unshareable area: LUTs: 40 FFs: 0 DSPs: 0 BRAMs: 0
parallelismSelector::VERBO: [AreaEstimationVisitor] Self shareable area: LUTs: 0 FFs: 0 DSPs: 0 BRAMs: 0 Self unshareable area: LUTs: 12 FFs: 0 DSPs: 0 BRAMs: 0
parallelismSelector::VERBO: [Finalize] Self shareable area: LUTs: 0 FFs: 0 DSPs: 0 BRAMs: 0
parallelismSelector::VERBO: [AreaEstimationVisitor] Total shareable area: LUTs: 0 FFs: 0 DSPs: 0 BRAMs: 0 Total unshareable area: LUTs: 40 FFs: 0 DSPs: 0 BRAMs: 0
parallelismSelector::VERBO: [AreaEstimationVisitor] Self shareable area: LUTs: 0 FFs: 0 DSPs: 0 BRAMs: 0 Self unshareable area: LUTs: 0 FFs: 0 DSPs: 0 BRAMs: 0
parallelismSelector::VERBO: [AreaEstimationVisitor] CallSite: CS(2 F=214) (37->28)(38->23)
parallelismSelector::VERBO:   New Equivalence table
                             Object with value: 37 is mapped to the object with value: 28
                             Object with value: 38 is mapped to the object with value: 23
                            
parallelismSelector::VERBO: [AreaEstimationVisitor] Func: Outline_T5_F211_R15_Loop : 214
parallelismSelector::VERBO: [AreaEstimationVisitor] Loop: 3
parallelismSelector::VERBO: [AreaEstimationVisitor] Loop: 4
parallelismSelector::VERBO: [Finalize] Self shareable area: LUTs: 5857 FFs: 4374 DSPs: 40 BRAMs: 0
parallelismSelector::VERBO: [Finalize] ParallelOperationNumPerLoop: {4: 1}
parallelismSelector::VERBO: [Finalize] Contribution of this loop to shareable area: LUTs: 5857 FFs: 4374 DSPs: 40 BRAMs: 0
parallelismSelector::VERBO: [AreaEstimationVisitor] Total shareable area: LUTs: 5857 FFs: 4374 DSPs: 40 BRAMs: 0 Total unshareable area: LUTs: 72 FFs: 0 DSPs: 0 BRAMs: 0
parallelismSelector::VERBO: [AreaEstimationVisitor] Self shareable area: LUTs: 5857 FFs: 4374 DSPs: 40 BRAMs: 0 Self unshareable area: LUTs: 44 FFs: 0 DSPs: 0 BRAMs: 0
parallelismSelector::VERBO: [visitNestedHeader] Adding nested shareable area from loop(id) 4 LUTs: 5857 FFs: 4374 DSPs: 40 BRAMs: 0
parallelismSelector::VERBO: [Finalize] Self shareable area: LUTs: 0 FFs: 0 DSPs: 0 BRAMs: 0
parallelismSelector::VERBO: [Finalize] ParallelOperationNumPerLoop: {3: 1}
parallelismSelector::VERBO: [Finalize] Contribution of this loop to shareable area: LUTs: 0 FFs: 0 DSPs: 0 BRAMs: 0
parallelismSelector::VERBO: [AreaEstimationVisitor] Total shareable area: LUTs: 5857 FFs: 4374 DSPs: 40 BRAMs: 0 Total unshareable area: LUTs: 166 FFs: 220 DSPs: 3 BRAMs: 0
parallelismSelector::VERBO: [AreaEstimationVisitor] Self shareable area: LUTs: 0 FFs: 0 DSPs: 0 BRAMs: 0 Self unshareable area: LUTs: 38 FFs: 220 DSPs: 3 BRAMs: 0
parallelismSelector::VERBO: [Finalize] Self shareable area: LUTs: 2075 FFs: 1586 DSPs: 14 BRAMs: 0
parallelismSelector::VERBO: [AreaEstimationVisitor] Total shareable area: LUTs: 7932 FFs: 5960 DSPs: 54 BRAMs: 0 Total unshareable area: LUTs: 166 FFs: 220 DSPs: 3 BRAMs: 0
parallelismSelector::VERBO: [AreaEstimationVisitor] Self shareable area: LUTs: 2075 FFs: 1586 DSPs: 14 BRAMs: 0 Self unshareable area: LUTs: 0 FFs: 0 DSPs: 0 BRAMs: 0
parallelismSelector::VERBO: [Finalize] Self shareable area: LUTs: 0 FFs: 0 DSPs: 0 BRAMs: 0
parallelismSelector::VERBO: [AreaEstimationVisitor] Total shareable area: LUTs: 0 FFs: 0 DSPs: 0 BRAMs: 0 Total unshareable area: LUTs: 0 FFs: 0 DSPs: 0 BRAMs: 0
parallelismSelector::VERBO: [AreaEstimationVisitor] Self shareable area: LUTs: 0 FFs: 0 DSPs: 0 BRAMs: 0 Self unshareable area: LUTs: 0 FFs: 0 DSPs: 0 BRAMs: 0
parallelismSelector::VERBO: Estimated metrics for the application:
parallelismSelector::VERBO: Loop with Id 3:
parallelismSelector::VERBO:     Trip count: 100 - 100
parallelismSelector::VERBO:     II: 4855 - 4855
parallelismSelector::VERBO:     IsPipelinedRegion: false
parallelismSelector::VERBO:     
parallelismSelector::VERBO: Loop with Id 4:
parallelismSelector::VERBO:     Circuit: { mul181 mul18 }, Cycles: 9
parallelismSelector::VERBO:     Trip count: 49 - 49
parallelismSelector::VERBO:     II: 99 - 99
parallelismSelector::VERBO:     IsPipelinedRegion: false
parallelismSelector::VERBO:     
parallelismSelector::VERBO: Loop with Id 5:
parallelismSelector::VERBO:     Trip count: 100 - 100
parallelismSelector::VERBO:     II: 1 - 1
parallelismSelector::VERBO:     IsPipelinedRegion: false
parallelismSelector::VERBO:     
parallelismSelector::VERBO: Function with Id 211:
parallelismSelector::VERBO:     Interval: 485723 - 485723
                                Latency: 485722 - 485722
parallelismSelector::VERBO: Function with Id 212:
parallelismSelector::VERBO:     Interval: 59 - 59
                                Latency: 58 - 58
parallelismSelector::VERBO: Function with Id 213:
parallelismSelector::VERBO:     Interval: 102 - 102
                                Latency: 101 - 101
parallelismSelector::VERBO: Function with Id 214:
parallelismSelector::VERBO:     Interval: 485560 - 485560
                                Latency: 485559 - 485559
