

================================================================
== Vitis HLS Report for 'GBM_Pipeline_VITIS_LOOP_28_346'
================================================================
* Date:           Sun Jan 12 21:09:11 2025

* Version:        2024.2 (Build 5238294 on Nov  8 2024)
* Project:        GBM
* Solution:       hls (Vitis Kernel Flow Target)
* Product family: kintexuplus
* Target device:  xcku5p-ffva676-3-e


================================================================
== Performance Estimates
================================================================
+ Timing: 
    * Summary: 
    +--------+---------+----------+------------+
    |  Clock |  Target | Estimated| Uncertainty|
    +--------+---------+----------+------------+
    |ap_clk  |  8.00 ns|  7.040 ns|     0.96 ns|
    +--------+---------+----------+------------+

+ Latency: 
    * Summary: 
    +---------+---------+----------+----------+-----+-----+------------------------------------------------+
    |  Latency (cycles) |  Latency (absolute) |  Interval |                    Pipeline                    |
    |   min   |   max   |    min   |    max   | min | max |                      Type                      |
    +---------+---------+----------+----------+-----+-----+------------------------------------------------+
    |      227|      227|  1.816 us|  1.816 us|  200|  200|  loop auto-rewind stp (delay=0 clock cycles(s))|
    +---------+---------+----------+----------+-----+-----+------------------------------------------------+

    + Detail: 
        * Instance: 
        N/A

        * Loop: 
        +-------------------+---------+---------+----------+-----------+-----------+------+----------+
        |                   |  Latency (cycles) | Iteration|  Initiation Interval  | Trip |          |
        |     Loop Name     |   min   |   max   |  Latency |  achieved |   target  | Count| Pipelined|
        +-------------------+---------+---------+----------+-----------+-----------+------+----------+
        |- VITIS_LOOP_28_3  |      225|      225|        34|          4|          1|    49|       yes|
        +-------------------+---------+---------+----------+-----------+-----------+------+----------+



================================================================
== Utilization Estimates
================================================================
* Summary: 
+-----------------+---------+------+--------+--------+-----+
|       Name      | BRAM_18K|  DSP |   FF   |   LUT  | URAM|
+-----------------+---------+------+--------+--------+-----+
|DSP              |        -|     -|       -|       -|    -|
|Expression       |        -|     -|       0|      32|    -|
|FIFO             |        -|     -|       -|       -|    -|
|Instance         |        -|    40|    1699|    3548|    -|
|Memory           |        -|     -|       -|       -|    -|
|Multiplexer      |        -|     -|       0|     210|    -|
|Register         |        -|     -|     477|      32|    -|
+-----------------+---------+------+--------+--------+-----+
|Total            |        0|    40|    2176|    3822|    0|
+-----------------+---------+------+--------+--------+-----+
|Available        |      960|  1824|  433920|  216960|   64|
+-----------------+---------+------+--------+--------+-----+
|Utilization (%)  |        0|     2|      ~0|       1|    0|
+-----------------+---------+------+--------+--------+-----+

+ Detail: 
    * Instance: 
    +--------------------------------------+---------------------------------+---------+----+-----+------+-----+
    |               Instance               |              Module             | BRAM_18K| DSP|  FF |  LUT | URAM|
    +--------------------------------------+---------------------------------+---------+----+-----+------+-----+
    |dadd_64ns_64ns_64_5_full_dsp_1_U464   |dadd_64ns_64ns_64_5_full_dsp_1   |        0|   3|  445|   767|    0|
    |dexp_64ns_64ns_64_12_full_dsp_1_U466  |dexp_64ns_64ns_64_12_full_dsp_1  |        0|  26|  955|  2567|    0|
    |dmul_64ns_64ns_64_5_max_dsp_1_U465    |dmul_64ns_64ns_64_5_max_dsp_1    |        0|  11|  299|   214|    0|
    +--------------------------------------+---------------------------------+---------+----+-----+------+-----+
    |Total                                 |                                 |        0|  40| 1699|  3548|    0|
    +--------------------------------------+---------------------------------+---------+----+-----+------+-----+

    * DSP: 
    N/A

    * Memory: 
    N/A

    * FIFO: 
    N/A

    * Expression: 
    +---------------------------------------+----------+----+---+----+------------+------------+
    |             Variable Name             | Operation| DSP| FF| LUT| Bitwidth P0| Bitwidth P1|
    +---------------------------------------+----------+----+---+----+------------+------------+
    |add_ln28_fu_148_p2                     |         +|   0|  0|  13|           6|           1|
    |ap_block_pp0_stage1_11001              |       and|   0|  0|   2|           1|           1|
    |ap_block_state2_pp0_stage1_iter0_grp1  |       and|   0|  0|   2|           1|           1|
    |icmp_ln28_fu_142_p2                    |      icmp|   0|  0|  13|           6|           5|
    |ap_enable_pp0                          |       xor|   0|  0|   2|           1|           2|
    +---------------------------------------+----------+----+---+----+------------+------------+
    |Total                                  |          |   0|  0|  32|          15|          10|
    +---------------------------------------+----------+----+---+----+------------+------------+

    * Multiplexer: 
    +----------------------------------+----+-----------+-----+-----------+
    |               Name               | LUT| Input Size| Bits| Total Bits|
    +----------------------------------+----+-----------+-----+-----------+
    |ap_NS_fsm                         |  26|          5|    1|          5|
    |ap_done_int                       |   9|          2|    1|          2|
    |ap_enable_reg_pp0_iter0           |   9|          2|    1|          2|
    |ap_enable_reg_pp0_iter1           |   9|          2|    1|          2|
    |ap_enable_reg_pp0_iter8           |   9|          2|    1|          2|
    |ap_loop_exit_ready_pp0_iter1_reg  |   9|          2|    1|          2|
    |ap_loop_exit_ready_pp0_iter2_reg  |   9|          2|    1|          2|
    |ap_loop_exit_ready_pp0_iter3_reg  |   9|          2|    1|          2|
    |ap_loop_exit_ready_pp0_iter4_reg  |   9|          2|    1|          2|
    |ap_loop_exit_ready_pp0_iter5_reg  |   9|          2|    1|          2|
    |ap_loop_exit_ready_pp0_iter6_reg  |   9|          2|    1|          2|
    |ap_loop_exit_ready_pp0_iter7_reg  |   9|          2|    1|          2|
    |ap_sig_allocacmp_j                |   9|          2|    6|         12|
    |ap_sig_allocacmp_mul204_46_load   |   9|          2|   64|        128|
    |gmem_46_blk_n_R                   |   9|          2|    1|          2|
    |grp_fu_116_p0                     |  20|          4|   64|        256|
    |grp_fu_116_p1                     |  20|          4|   64|        256|
    |j_46_fu_66                        |   9|          2|    6|         12|
    |mul204_46_fu_62                   |   9|          2|   64|        128|
    +----------------------------------+----+-----------+-----+-----------+
    |Total                             | 210|         45|  281|        821|
    +----------------------------------+----+-----------+-----+-----------+

    * Register: 
    +-------------------------------------------+----+----+-----+-----------+
    |                    Name                   | FF | LUT| Bits| Const Bits|
    +-------------------------------------------+----+----+-----+-----------+
    |ap_CS_fsm                                  |   4|   0|    4|          0|
    |ap_block_pp0_stage1_subdone_grp0_done_reg  |   1|   0|    1|          0|
    |ap_done_reg                                |   1|   0|    1|          0|
    |ap_enable_reg_pp0_iter0_reg                |   1|   0|    1|          0|
    |ap_enable_reg_pp0_iter1                    |   1|   0|    1|          0|
    |ap_enable_reg_pp0_iter2                    |   1|   0|    1|          0|
    |ap_enable_reg_pp0_iter3                    |   1|   0|    1|          0|
    |ap_enable_reg_pp0_iter4                    |   1|   0|    1|          0|
    |ap_enable_reg_pp0_iter5                    |   1|   0|    1|          0|
    |ap_enable_reg_pp0_iter6                    |   1|   0|    1|          0|
    |ap_enable_reg_pp0_iter7                    |   1|   0|    1|          0|
    |ap_enable_reg_pp0_iter8                    |   1|   0|    1|          0|
    |ap_loop_exit_ready_pp0_iter1_reg           |   1|   0|    1|          0|
    |ap_loop_exit_ready_pp0_iter2_reg           |   1|   0|    1|          0|
    |ap_loop_exit_ready_pp0_iter3_reg           |   1|   0|    1|          0|
    |ap_loop_exit_ready_pp0_iter4_reg           |   1|   0|    1|          0|
    |ap_loop_exit_ready_pp0_iter5_reg           |   1|   0|    1|          0|
    |ap_loop_exit_ready_pp0_iter6_reg           |   1|   0|    1|          0|
    |ap_loop_exit_ready_pp0_iter7_reg           |   1|   0|    1|          0|
    |exponent_reg_241                           |  64|   0|   64|          0|
    |gmem_46_addr_read_reg_221                  |  64|   0|   64|          0|
    |icmp_ln28_reg_217                          |   1|   0|    1|          0|
    |j_46_fu_66                                 |   6|   0|    6|          0|
    |mul15_s_reg_231                            |  64|   0|   64|          0|
    |mul16_s_reg_236                            |  64|   0|   64|          0|
    |mul204_46_fu_62                            |  64|   0|   64|          0|
    |tmp_s_reg_246                              |  64|   0|   64|          0|
    |icmp_ln28_reg_217                          |  64|  32|    1|          0|
    +-------------------------------------------+----+----+-----+-----------+
    |Total                                      | 477|  32|  414|          0|
    +-------------------------------------------+----+----+-----+-----------+



================================================================
== Interface
================================================================
* Summary: 
+--------------------------+-----+-----+------------+--------------------------------+--------------+
|         RTL Ports        | Dir | Bits|  Protocol  |          Source Object         |    C Type    |
+--------------------------+-----+-----+------------+--------------------------------+--------------+
|ap_clk                    |   in|    1|  ap_ctrl_hs|  GBM_Pipeline_VITIS_LOOP_28_346|  return value|
|ap_rst                    |   in|    1|  ap_ctrl_hs|  GBM_Pipeline_VITIS_LOOP_28_346|  return value|
|ap_start                  |   in|    1|  ap_ctrl_hs|  GBM_Pipeline_VITIS_LOOP_28_346|  return value|
|ap_done                   |  out|    1|  ap_ctrl_hs|  GBM_Pipeline_VITIS_LOOP_28_346|  return value|
|ap_idle                   |  out|    1|  ap_ctrl_hs|  GBM_Pipeline_VITIS_LOOP_28_346|  return value|
|ap_ready                  |  out|    1|  ap_ctrl_hs|  GBM_Pipeline_VITIS_LOOP_28_346|  return value|
|S0                        |   in|   64|     ap_none|                              S0|        scalar|
|m_axi_gmem_46_0_AWVALID   |  out|    1|       m_axi|                         gmem_46|       pointer|
|m_axi_gmem_46_0_AWREADY   |   in|    1|       m_axi|                         gmem_46|       pointer|
|m_axi_gmem_46_0_AWADDR    |  out|   64|       m_axi|                         gmem_46|       pointer|
|m_axi_gmem_46_0_AWID      |  out|    1|       m_axi|                         gmem_46|       pointer|
|m_axi_gmem_46_0_AWLEN     |  out|   32|       m_axi|                         gmem_46|       pointer|
|m_axi_gmem_46_0_AWSIZE    |  out|    3|       m_axi|                         gmem_46|       pointer|
|m_axi_gmem_46_0_AWBURST   |  out|    2|       m_axi|                         gmem_46|       pointer|
|m_axi_gmem_46_0_AWLOCK    |  out|    2|       m_axi|                         gmem_46|       pointer|
|m_axi_gmem_46_0_AWCACHE   |  out|    4|       m_axi|                         gmem_46|       pointer|
|m_axi_gmem_46_0_AWPROT    |  out|    3|       m_axi|                         gmem_46|       pointer|
|m_axi_gmem_46_0_AWQOS     |  out|    4|       m_axi|                         gmem_46|       pointer|
|m_axi_gmem_46_0_AWREGION  |  out|    4|       m_axi|                         gmem_46|       pointer|
|m_axi_gmem_46_0_AWUSER    |  out|    1|       m_axi|                         gmem_46|       pointer|
|m_axi_gmem_46_0_WVALID    |  out|    1|       m_axi|                         gmem_46|       pointer|
|m_axi_gmem_46_0_WREADY    |   in|    1|       m_axi|                         gmem_46|       pointer|
|m_axi_gmem_46_0_WDATA     |  out|   64|       m_axi|                         gmem_46|       pointer|
|m_axi_gmem_46_0_WSTRB     |  out|    8|       m_axi|                         gmem_46|       pointer|
|m_axi_gmem_46_0_WLAST     |  out|    1|       m_axi|                         gmem_46|       pointer|
|m_axi_gmem_46_0_WID       |  out|    1|       m_axi|                         gmem_46|       pointer|
|m_axi_gmem_46_0_WUSER     |  out|    1|       m_axi|                         gmem_46|       pointer|
|m_axi_gmem_46_0_ARVALID   |  out|    1|       m_axi|                         gmem_46|       pointer|
|m_axi_gmem_46_0_ARREADY   |   in|    1|       m_axi|                         gmem_46|       pointer|
|m_axi_gmem_46_0_ARADDR    |  out|   64|       m_axi|                         gmem_46|       pointer|
|m_axi_gmem_46_0_ARID      |  out|    1|       m_axi|                         gmem_46|       pointer|
|m_axi_gmem_46_0_ARLEN     |  out|   32|       m_axi|                         gmem_46|       pointer|
|m_axi_gmem_46_0_ARSIZE    |  out|    3|       m_axi|                         gmem_46|       pointer|
|m_axi_gmem_46_0_ARBURST   |  out|    2|       m_axi|                         gmem_46|       pointer|
|m_axi_gmem_46_0_ARLOCK    |  out|    2|       m_axi|                         gmem_46|       pointer|
|m_axi_gmem_46_0_ARCACHE   |  out|    4|       m_axi|                         gmem_46|       pointer|
|m_axi_gmem_46_0_ARPROT    |  out|    3|       m_axi|                         gmem_46|       pointer|
|m_axi_gmem_46_0_ARQOS     |  out|    4|       m_axi|                         gmem_46|       pointer|
|m_axi_gmem_46_0_ARREGION  |  out|    4|       m_axi|                         gmem_46|       pointer|
|m_axi_gmem_46_0_ARUSER    |  out|    1|       m_axi|                         gmem_46|       pointer|
|m_axi_gmem_46_0_RVALID    |   in|    1|       m_axi|                         gmem_46|       pointer|
|m_axi_gmem_46_0_RREADY    |  out|    1|       m_axi|                         gmem_46|       pointer|
|m_axi_gmem_46_0_RDATA     |   in|   64|       m_axi|                         gmem_46|       pointer|
|m_axi_gmem_46_0_RLAST     |   in|    1|       m_axi|                         gmem_46|       pointer|
|m_axi_gmem_46_0_RID       |   in|    1|       m_axi|                         gmem_46|       pointer|
|m_axi_gmem_46_0_RFIFONUM  |   in|    9|       m_axi|                         gmem_46|       pointer|
|m_axi_gmem_46_0_RUSER     |   in|    1|       m_axi|                         gmem_46|       pointer|
|m_axi_gmem_46_0_RRESP     |   in|    2|       m_axi|                         gmem_46|       pointer|
|m_axi_gmem_46_0_BVALID    |   in|    1|       m_axi|                         gmem_46|       pointer|
|m_axi_gmem_46_0_BREADY    |  out|    1|       m_axi|                         gmem_46|       pointer|
|m_axi_gmem_46_0_BRESP     |   in|    2|       m_axi|                         gmem_46|       pointer|
|m_axi_gmem_46_0_BID       |   in|    1|       m_axi|                         gmem_46|       pointer|
|m_axi_gmem_46_0_BUSER     |   in|    1|       m_axi|                         gmem_46|       pointer|
|sext_ln28_46              |   in|   61|     ap_none|                    sext_ln28_46|        scalar|
|sigma                     |   in|   64|     ap_none|                           sigma|        scalar|
|sqrt_deltat               |   in|   64|     ap_none|                     sqrt_deltat|        scalar|
|drift                     |   in|   64|     ap_none|                           drift|        scalar|
|mul204_46_out             |  out|   64|      ap_vld|                   mul204_46_out|       pointer|
|mul204_46_out_ap_vld      |  out|    1|      ap_vld|                   mul204_46_out|       pointer|
+--------------------------+-----+-----+------------+--------------------------------+--------------+

