01/12/25 21:04:07: Running xcd server. This server was built by gradle.
01/12/25 21:04:07: Server was asked to start on port: '59832'
01/12/25 21:04:07: Server is using token UUID: 'ab7f5ed0-d152-11ef-868d-f8fe5e40e17d'
01/12/25 21:04:07: SESSION_MGR: creating session with session uuid: '6d04a3e9-ade5-4ab9-8d63-1f78fcd2ec76' and name 'default'
01/12/25 21:04:07: Attempting to start server on port '59832'
01/12/25 21:04:07: Running Dispatch Server
01/12/25 21:04:07: Version 2.2.0
01/12/25 21:04:08: Dispatch Server: Accepted socket connection from client
01/12/25 21:04:08: Starting Socket connection
01/12/25 21:04:08: EXCHANGE_TOKEN received, server token: ab7f5ed0-d152-11ef-868d-f8fe5e40e17d, passed token: ab7f5ed0-d152-11ef-868d-f8fe5e40e17d
01/12/25 21:04:08: SESSION_MGR: creating session with session uuid: '54b0b2e1-d471-4883-9f3b-c2424cc54cc1' and name 'Code Analyzer'
01/12/25 21:04:08: KERNEL_SVC: creating session with uuid: '54b0b2e1-d471-4883-9f3b-c2424cc54cc1' and name 'Code Analyzer'
01/12/25 21:04:08: GUIDANCE_SMGR: creating guidance session with uuid: '54b0b2e1-d471-4883-9f3b-c2424cc54cc1' and name 'Code Analyzer'
01/12/25 21:04:13: SESSION_MGR: closing session for UUID '54b0b2e1-d471-4883-9f3b-c2424cc54cc1' with name ''
01/12/25 21:04:13: KERNEL_SVC: closing session for UUID '54b0b2e1-d471-4883-9f3b-c2424cc54cc1' with name ''
01/12/25 21:04:13: GUIDANCE_SMGR: closing session for UUID '54b0b2e1-d471-4883-9f3b-c2424cc54cc1' with name ''
01/12/25 21:04:13: STOP_SERVER received, server token: ab7f5ed0-d152-11ef-868d-f8fe5e40e17d, passed token: ab7f5ed0-d152-11ef-868d-f8fe5e40e17d
01/12/25 21:04:13: Socket received request to stop server.
01/12/25 21:04:13: Dispatch Server: do_await_stop
01/12/25 21:04:13: SERVER: destructor for server bound to port 59832
01/12/25 21:04:13: Server exiting with status 0.
01/12/25 21:04:13: Closing log file.
