

================================================================
== Vitis HLS Report for 'GBM_Pipeline_VITIS_LOOP_11_1'
================================================================
* Date:           Thu Jan  9 03:49:09 2025

* Version:        2024.2 (Build 5238294 on Nov  8 2024)
* Project:        GBM
* Solution:       hls (Vitis Kernel Flow Target)
* Product family: spartan7
* Target device:  xc7s15-cpga196-2


================================================================
== Performance Estimates
================================================================
+ Timing: 
    * Summary: 
    +--------+---------+----------+------------+
    |  Clock |  Target | Estimated| Uncertainty|
    +--------+---------+----------+------------+
    |ap_clk  |  8.00 ns|  7.040 ns|     0.96 ns|
    +--------+---------+----------+------------+

+ Latency: 
    * Summary: 
    +---------+---------+----------+----------+-----+-----+------------------------------------------------+
    |  Latency (cycles) |  Latency (absolute) |  Interval |                    Pipeline                    |
    |   min   |   max   |    min   |    max   | min | max |                      Type                      |
    +---------+---------+----------+----------+-----+-----+------------------------------------------------+
    |      102|      102|  0.816 us|  0.816 us|  101|  101|  loop auto-rewind stp (delay=0 clock cycles(s))|
    +---------+---------+----------+----------+-----+-----+------------------------------------------------+

    + Detail: 
        * Instance: 
        N/A

        * Loop: 
        +-------------------+---------+---------+----------+-----------+-----------+------+----------+
        |                   |  Latency (cycles) | Iteration|  Initiation Interval  | Trip |          |
        |     Loop Name     |   min   |   max   |  Latency |  achieved |   target  | Count| Pipelined|
        +-------------------+---------+---------+----------+-----------+-----------+------+----------+
        |- VITIS_LOOP_11_1  |      100|      100|         2|          1|          1|   100|       yes|
        +-------------------+---------+---------+----------+-----------+-----------+------+----------+



================================================================
== Utilization Estimates
================================================================
* Summary: 
+-----------------+---------+----+-------+------+-----+
|       Name      | BRAM_18K| DSP|   FF  |  LUT | URAM|
+-----------------+---------+----+-------+------+-----+
|DSP              |        -|   -|      -|     -|    -|
|Expression       |        -|   -|      0|   236|    -|
|FIFO             |        -|   -|      -|     -|    -|
|Instance         |        -|   -|      -|     -|    -|
|Memory           |        -|   -|      -|     -|    -|
|Multiplexer      |        -|   -|      0|    54|    -|
|Register         |        -|   -|    203|     -|    -|
+-----------------+---------+----+-------+------+-----+
|Total            |        0|   0|    203|   290|    0|
+-----------------+---------+----+-------+------+-----+
|Available        |       20|  20|  16000|  8000|    0|
+-----------------+---------+----+-------+------+-----+
|Utilization (%)  |        0|   0|      1|     3|    0|
+-----------------+---------+----+-------+------+-----+

+ Detail: 
    * Instance: 
    N/A

    * DSP: 
    N/A

    * Memory: 
    N/A

    * FIFO: 
    N/A

    * Expression: 
    +---------------------------+----------+----+---+-----+------------+------------+
    |       Variable Name       | Operation| DSP| FF| LUT | Bitwidth P0| Bitwidth P1|
    +---------------------------+----------+----+---+-----+------------+------------+
    |add_ln11_fu_113_p2         |         +|   0|  0|   14|           7|           1|
    |ap_block_pp0_stage0_11001  |       and|   0|  0|    2|           1|           1|
    |ap_block_state2_io_grp1    |       and|   0|  0|    2|           1|           1|
    |icmp_ln11_fu_107_p2        |      icmp|   0|  0|   14|           7|           6|
    |icmp_ln12_fu_123_p2        |      icmp|   0|  0|   10|           2|           2|
    |select_ln12_fu_171_p3      |    select|   0|  0|  192|           1|           1|
    |ap_enable_pp0              |       xor|   0|  0|    2|           1|           2|
    +---------------------------+----------+----+---+-----+------------+------------+
    |Total                      |          |   0|  0|  236|          20|          14|
    +---------------------------+----------+----+---+-----+------------+------------+

    * Multiplexer: 
    +-------------------------+----+-----------+-----+-----------+
    |           Name          | LUT| Input Size| Bits| Total Bits|
    +-------------------------+----+-----------+-----+-----------+
    |ap_done_int              |   9|          2|    1|          2|
    |ap_enable_reg_pp0_iter1  |   9|          2|    1|          2|
    |ap_sig_allocacmp_m_2     |   9|          2|    7|         14|
    |gmem_blk_n_W             |   9|          2|    1|          2|
    |m_fu_66                  |   9|          2|    7|         14|
    |phi_ln12_fu_62           |   9|          2|  192|        384|
    +-------------------------+----+-----------+-----+-----------+
    |Total                    |  54|         12|  209|        418|
    +-------------------------+----+-----------+-----+-----------+

    * Register: 
    +-------------------------+-----+----+-----+-----------+
    |           Name          |  FF | LUT| Bits| Const Bits|
    +-------------------------+-----+----+-----+-----------+
    |ap_CS_fsm                |    1|   0|    1|          0|
    |ap_done_reg              |    1|   0|    1|          0|
    |ap_enable_reg_pp0_iter1  |    1|   0|    1|          0|
    |icmp_ln12_reg_212        |    1|   0|    1|          0|
    |m_fu_66                  |    7|   0|    7|          0|
    |phi_ln12_fu_62           |  192|   0|  192|          0|
    +-------------------------+-----+----+-----+-----------+
    |Total                    |  203|   0|  203|          0|
    +-------------------------+-----+----+-----+-----------+



================================================================
== Interface
================================================================
* Summary: 
+-----------------------+-----+-----+------------+------------------------------+--------------+
|       RTL Ports       | Dir | Bits|  Protocol  |         Source Object        |    C Type    |
+-----------------------+-----+-----+------------+------------------------------+--------------+
|ap_clk                 |   in|    1|  ap_ctrl_hs|  GBM_Pipeline_VITIS_LOOP_11_1|  return value|
|ap_rst                 |   in|    1|  ap_ctrl_hs|  GBM_Pipeline_VITIS_LOOP_11_1|  return value|
|ap_start               |   in|    1|  ap_ctrl_hs|  GBM_Pipeline_VITIS_LOOP_11_1|  return value|
|ap_done                |  out|    1|  ap_ctrl_hs|  GBM_Pipeline_VITIS_LOOP_11_1|  return value|
|ap_idle                |  out|    1|  ap_ctrl_hs|  GBM_Pipeline_VITIS_LOOP_11_1|  return value|
|ap_ready               |  out|    1|  ap_ctrl_hs|  GBM_Pipeline_VITIS_LOOP_11_1|  return value|
|m_axi_gmem_0_AWVALID   |  out|    1|       m_axi|                          gmem|       pointer|
|m_axi_gmem_0_AWREADY   |   in|    1|       m_axi|                          gmem|       pointer|
|m_axi_gmem_0_AWADDR    |  out|   64|       m_axi|                          gmem|       pointer|
|m_axi_gmem_0_AWID      |  out|    1|       m_axi|                          gmem|       pointer|
|m_axi_gmem_0_AWLEN     |  out|   32|       m_axi|                          gmem|       pointer|
|m_axi_gmem_0_AWSIZE    |  out|    3|       m_axi|                          gmem|       pointer|
|m_axi_gmem_0_AWBURST   |  out|    2|       m_axi|                          gmem|       pointer|
|m_axi_gmem_0_AWLOCK    |  out|    2|       m_axi|                          gmem|       pointer|
|m_axi_gmem_0_AWCACHE   |  out|    4|       m_axi|                          gmem|       pointer|
|m_axi_gmem_0_AWPROT    |  out|    3|       m_axi|                          gmem|       pointer|
|m_axi_gmem_0_AWQOS     |  out|    4|       m_axi|                          gmem|       pointer|
|m_axi_gmem_0_AWREGION  |  out|    4|       m_axi|                          gmem|       pointer|
|m_axi_gmem_0_AWUSER    |  out|    1|       m_axi|                          gmem|       pointer|
|m_axi_gmem_0_WVALID    |  out|    1|       m_axi|                          gmem|       pointer|
|m_axi_gmem_0_WREADY    |   in|    1|       m_axi|                          gmem|       pointer|
|m_axi_gmem_0_WDATA     |  out|  256|       m_axi|                          gmem|       pointer|
|m_axi_gmem_0_WSTRB     |  out|   32|       m_axi|                          gmem|       pointer|
|m_axi_gmem_0_WLAST     |  out|    1|       m_axi|                          gmem|       pointer|
|m_axi_gmem_0_WID       |  out|    1|       m_axi|                          gmem|       pointer|
|m_axi_gmem_0_WUSER     |  out|    1|       m_axi|                          gmem|       pointer|
|m_axi_gmem_0_ARVALID   |  out|    1|       m_axi|                          gmem|       pointer|
|m_axi_gmem_0_ARREADY   |   in|    1|       m_axi|                          gmem|       pointer|
|m_axi_gmem_0_ARADDR    |  out|   64|       m_axi|                          gmem|       pointer|
|m_axi_gmem_0_ARID      |  out|    1|       m_axi|                          gmem|       pointer|
|m_axi_gmem_0_ARLEN     |  out|   32|       m_axi|                          gmem|       pointer|
|m_axi_gmem_0_ARSIZE    |  out|    3|       m_axi|                          gmem|       pointer|
|m_axi_gmem_0_ARBURST   |  out|    2|       m_axi|                          gmem|       pointer|
|m_axi_gmem_0_ARLOCK    |  out|    2|       m_axi|                          gmem|       pointer|
|m_axi_gmem_0_ARCACHE   |  out|    4|       m_axi|                          gmem|       pointer|
|m_axi_gmem_0_ARPROT    |  out|    3|       m_axi|                          gmem|       pointer|
|m_axi_gmem_0_ARQOS     |  out|    4|       m_axi|                          gmem|       pointer|
|m_axi_gmem_0_ARREGION  |  out|    4|       m_axi|                          gmem|       pointer|
|m_axi_gmem_0_ARUSER    |  out|    1|       m_axi|                          gmem|       pointer|
|m_axi_gmem_0_RVALID    |   in|    1|       m_axi|                          gmem|       pointer|
|m_axi_gmem_0_RREADY    |  out|    1|       m_axi|                          gmem|       pointer|
|m_axi_gmem_0_RDATA     |   in|  256|       m_axi|                          gmem|       pointer|
|m_axi_gmem_0_RLAST     |   in|    1|       m_axi|                          gmem|       pointer|
|m_axi_gmem_0_RID       |   in|    1|       m_axi|                          gmem|       pointer|
|m_axi_gmem_0_RFIFONUM  |   in|    9|       m_axi|                          gmem|       pointer|
|m_axi_gmem_0_RUSER     |   in|    1|       m_axi|                          gmem|       pointer|
|m_axi_gmem_0_RRESP     |   in|    2|       m_axi|                          gmem|       pointer|
|m_axi_gmem_0_BVALID    |   in|    1|       m_axi|                          gmem|       pointer|
|m_axi_gmem_0_BREADY    |  out|    1|       m_axi|                          gmem|       pointer|
|m_axi_gmem_0_BRESP     |   in|    2|       m_axi|                          gmem|       pointer|
|m_axi_gmem_0_BID       |   in|    1|       m_axi|                          gmem|       pointer|
|m_axi_gmem_0_BUSER     |   in|    1|       m_axi|                          gmem|       pointer|
|empty                  |   in|   64|     ap_none|                         empty|        scalar|
|sext_ln11              |   in|   59|     ap_none|                     sext_ln11|        scalar|
+-----------------------+-----+-----+------------+------------------------------+--------------+

